{"numTotalTestSuites":2,"numPassedTestSuites":2,"numFailedTestSuites":0,"numPendingTestSuites":0,"numTotalTests":1,"numPassedTests":1,"numFailedTests":0,"numPendingTests":0,"numTodoTests":0,"startTime":1763952261161,"success":true,"testResults":[{"assertionResults":[{"ancestorTitles":["","TaskManagement"],"fullName":" TaskManagement 触发加载并记录日志","status":"passed","title":"触发加载并记录日志","duration":41,"failureMessages":[]}],"startTime":1763952262042,"endTime":1763952262083,"status":"passed","message":"","name":"/Users/mac/nis_mock/data_comunity/data_comunity/src/pages/risk/model-offline-analysis/taskManagement/__tests__/taskManagement.spec.ts"}]}