{"numTotalTestSuites":2,"numPassedTestSuites":0,"numFailedTestSuites":2,"numPendingTestSuites":0,"numTotalTests":1,"numPassedTests":0,"numFailedTests":1,"numPendingTests":0,"numTodoTests":0,"snapshot":{"added":0,"failure":false,"filesAdded":0,"filesRemoved":0,"filesRemovedList":[],"filesUnmatched":0,"filesUpdated":0,"matched":0,"total":0,"unchecked":0,"uncheckedKeysByFile":[],"unmatched":0,"updated":0,"didUpdate":false},"startTime":1763273673000,"success":false,"testResults":[{"assertionResults":[{"ancestorTitles":["DOM端口对齐集成测试"],"fullName":"DOM端口对齐集成测试 分流节点三行时，out端口应与每行几何中点对齐（≤2px）","status":"failed","title":"分流节点三行时，out端口应与每行几何中点对齐（≤2px）","duration":33.45208300000013,"failureMessages":["TypeError: Cannot read properties of null (reading 'getBoundingClientRect')\n    at getCircleCenterY (/Users/mac/nis_mock/data_comunity/data_comunity/src/pages/marketing/tasks/horizontal/__tests__/domPortAlignment.integration.test.ts:63:20)\n    at Array.map (<anonymous>)\n    at /Users/mac/nis_mock/data_comunity/data_comunity/src/pages/marketing/tasks/horizontal/__tests__/domPortAlignment.integration.test.ts:68:27\n    at file:///Users/mac/nis_mock/data_comunity/data_comunity/node_modules/@vitest/runner/dist/chunk-hooks.js:752:20"],"meta":{}}],"startTime":1763273674145,"endTime":1763273674178.4521,"status":"failed","message":"","name":"/Users/mac/nis_mock/data_comunity/data_comunity/src/pages/marketing/tasks/horizontal/__tests__/domPortAlignment.integration.test.ts"}]}