{"numTotalTestSuites":1032,"numPassedTestSuites":1000,"numFailedTestSuites":32,"numPendingTestSuites":0,"numTotalTests":2115,"numPassedTests":1615,"numFailedTests":500,"numPendingTests":0,"numTodoTests":0,"startTime":1761205459144,"success":false,"testResults":[{"assertionResults":[{"ancestorTitles":["","workflowNodeTypes 图标导入测试"],"fullName":" workflowNodeTypes 图标导入测试 应该成功导入所有Arco Design Vue图标","status":"passed","title":"应该成功导入所有Arco Design Vue图标","duration":2,"failureMessages":[]},{"ancestorTitles":["","workflowNodeTypes 图标导入测试"],"fullName":" workflowNodeTypes 图标导入测试 NODE_TYPE_ICON_MAP 应该包含所有节点类型的有效图标","status":"passed","title":"NODE_TYPE_ICON_MAP 应该包含所有节点类型的有效图标","duration":1,"failureMessages":[]},{"ancestorTitles":["","workflowNodeTypes 图标导入测试"],"fullName":" workflowNodeTypes 图标导入测试 PROCESSING_TYPE_LIST 应该包含正确的图标名称","status":"passed","title":"PROCESSING_TYPE_LIST 应该包含正确的图标名称","duration":0,"failureMessages":[]},{"ancestorTitles":["","workflowNodeTypes 图标导入测试"],"fullName":" workflowNodeTypes 图标导入测试 getNodeTypeIcon 函数应该返回有效的图标组件","status":"passed","title":"getNodeTypeIcon 函数应该返回有效的图标组件","duration":1,"failureMessages":[]},{"ancestorTitles":["","workflowNodeTypes 图标导入测试"],"fullName":" workflowNodeTypes 图标导入测试 所有工具函数应该正常工作","status":"passed","title":"所有工具函数应该正常工作","duration":0,"failureMessages":[]},{"ancestorTitles":["","workflowNodeTypes 图标导入测试"],"fullName":" workflowNodeTypes 图标导入测试 不应该包含任何不存在的图标引用","status":"passed","title":"不应该包含任何不存在的图标引用","duration":1,"failureMessages":[]}],"startTime":1761205511935,"endTime":1761205511940,"status":"passed","message":"","name":"/Users/mac/nis_mock/data_comunity/data_comunity/src/utils/__tests__/workflowNodeTypes.test.js"},{"assertionResults":[{"ancestorTitles":["","PreviewLineSystem 方法存在性检查","核心方法存在性检查"],"fullName":" PreviewLineSystem 方法存在性检查 核心方法存在性检查 应该包含 checkNodeSnapToPreviewLines 方法","status":"passed","title":"应该包含 checkNodeSnapToPreviewLines 方法","duration":5,"failureMessages":[]},{"ancestorTitles":["","PreviewLineSystem 方法存在性检查","核心方法存在性检查"],"fullName":" PreviewLineSystem 方法存在性检查 核心方法存在性检查 应该包含基础预览线操作方法","status":"passed","title":"应该包含基础预览线操作方法","duration":2,"failureMessages":[]},{"ancestorTitles":["","PreviewLineSystem 方法存在性检查","核心方法存在性检查"],"fullName":" PreviewLineSystem 方法存在性检查 核心方法存在性检查 应该包含批量操作方法","status":"passed","title":"应该包含批量操作方法","duration":2,"failureMessages":[]},{"ancestorTitles":["","PreviewLineSystem 方法存在性检查","核心方法存在性检查"],"fullName":" PreviewLineSystem 方法存在性检查 核心方法存在性检查 应该包含位置同步方法","status":"passed","title":"应该包含位置同步方法","duration":1,"failureMessages":[]},{"ancestorTitles":["","PreviewLineSystem 方法存在性检查","核心方法存在性检查"],"fullName":" PreviewLineSystem 方法存在性检查 核心方法存在性检查 应该包含重叠优化方法","status":"passed","title":"应该包含重叠优化方法","duration":1,"failureMessages":[]},{"ancestorTitles":["","PreviewLineSystem 方法存在性检查","核心方法存在性检查"],"fullName":" PreviewLineSystem 方法存在性检查 核心方法存在性检查 应该包含配置管理方法","status":"passed","title":"应该包含配置管理方法","duration":2,"failureMessages":[]},{"ancestorTitles":["","PreviewLineSystem 方法存在性检查","核心方法存在性检查"],"fullName":" PreviewLineSystem 方法存在性检查 核心方法存在性检查 应该包含状态管理方法","status":"passed","title":"应该包含状态管理方法","duration":1,"failureMessages":[]},{"ancestorTitles":["","PreviewLineSystem 方法存在性检查","核心方法存在性检查"],"fullName":" PreviewLineSystem 方法存在性检查 核心方法存在性检查 应该包含事件管理方法","status":"passed","title":"应该包含事件管理方法","duration":9,"failureMessages":[]},{"ancestorTitles":["","PreviewLineSystem 方法存在性检查","checkNodeSnapToPreviewLines 方法测试"],"fullName":" PreviewLineSystem 方法存在性检查 checkNodeSnapToPreviewLines 方法测试 应该正确处理无效参数","status":"passed","title":"应该正确处理无效参数","duration":11,"failureMessages":[]},{"ancestorTitles":["","PreviewLineSystem 方法存在性检查","checkNodeSnapToPreviewLines 方法测试"],"fullName":" PreviewLineSystem 方法存在性检查 checkNodeSnapToPreviewLines 方法测试 应该正确处理吸附功能禁用的情况","status":"passed","title":"应该正确处理吸附功能禁用的情况","duration":1,"failureMessages":[]},{"ancestorTitles":["","PreviewLineSystem 方法存在性检查","checkNodeSnapToPreviewLines 方法测试"],"fullName":" PreviewLineSystem 方法存在性检查 checkNodeSnapToPreviewLines 方法测试 应该正确处理无预览线的情况","status":"passed","title":"应该正确处理无预览线的情况","duration":12,"failureMessages":[]},{"ancestorTitles":["","PreviewLineSystem 方法存在性检查","checkNodeSnapToPreviewLines 方法测试"],"fullName":" PreviewLineSystem 方法存在性检查 checkNodeSnapToPreviewLines 方法测试 应该接受正确的参数格式","status":"passed","title":"应该接受正确的参数格式","duration":1,"failureMessages":[]},{"ancestorTitles":["","PreviewLineSystem 方法存在性检查","初始化状态检查"],"fullName":" PreviewLineSystem 方法存在性检查 初始化状态检查 应该正确初始化","status":"passed","title":"应该正确初始化","duration":0,"failureMessages":[]},{"ancestorTitles":["","PreviewLineSystem 方法存在性检查","初始化状态检查"],"fullName":" PreviewLineSystem 方法存在性检查 初始化状态检查 应该有正确的模块状态","status":"passed","title":"应该有正确的模块状态","duration":0,"failureMessages":[]},{"ancestorTitles":["","PreviewLineSystem 方法存在性检查","错误处理"],"fullName":" PreviewLineSystem 方法存在性检查 错误处理 应该包含错误处理方法","status":"passed","title":"应该包含错误处理方法","duration":0,"failureMessages":[]},{"ancestorTitles":["","PreviewLineSystem 方法存在性检查","错误处理"],"fullName":" PreviewLineSystem 方法存在性检查 错误处理 应该能够注册错误处理器","status":"passed","title":"应该能够注册错误处理器","duration":1,"failureMessages":[]},{"ancestorTitles":["","PreviewLineSystem 方法存在性检查","性能优化"],"fullName":" PreviewLineSystem 方法存在性检查 性能优化 应该包含性能相关方法","status":"passed","title":"应该包含性能相关方法","duration":0,"failureMessages":[]},{"ancestorTitles":["","PreviewLineSystem 方法存在性检查","插件系统"],"fullName":" PreviewLineSystem 方法存在性检查 插件系统 应该包含插件管理方法","status":"passed","title":"应该包含插件管理方法","duration":0,"failureMessages":[]},{"ancestorTitles":["","PreviewLineSystem 方法存在性检查","清理和销毁"],"fullName":" PreviewLineSystem 方法存在性检查 清理和销毁 应该包含销毁方法","status":"passed","title":"应该包含销毁方法","duration":1,"failureMessages":[]},{"ancestorTitles":["","PreviewLineSystem 方法存在性检查","清理和销毁"],"fullName":" PreviewLineSystem 方法存在性检查 清理和销毁 销毁方法应该能正常执行","status":"passed","title":"销毁方法应该能正常执行","duration":14,"failureMessages":[]}],"startTime":1761205508071,"endTime":1761205508141,"status":"passed","message":"","name":"/Users/mac/nis_mock/data_comunity/data_comunity/src/utils/preview-line/__tests__/PreviewLineSystem.test.js"},{"assertionResults":[{"ancestorTitles":["","画布初始化基础测试","位置数据验证修复验证"],"fullName":" 画布初始化基础测试 位置数据验证修复验证 应该验证节点位置数据结构一致性","status":"passed","title":"应该验证节点位置数据结构一致性","duration":1,"failureMessages":[]},{"ancestorTitles":["","画布初始化基础测试","位置数据验证修复验证"],"fullName":" 画布初始化基础测试 位置数据验证修复验证 应该处理无效的位置数据","status":"passed","title":"应该处理无效的位置数据","duration":0,"failureMessages":[]},{"ancestorTitles":["","画布初始化基础测试","历史记录配置验证"],"fullName":" 画布初始化基础测试 历史记录配置验证 应该包含正确的历史记录配置","status":"passed","title":"应该包含正确的历史记录配置","duration":0,"failureMessages":[]},{"ancestorTitles":["","画布初始化基础测试","数据验证逻辑测试"],"fullName":" 画布初始化基础测试 数据验证逻辑测试 应该验证节点数据的完整性","status":"passed","title":"应该验证节点数据的完整性","duration":2,"failureMessages":[]},{"ancestorTitles":["","画布初始化基础测试","初始化流程测试"],"fullName":" 画布初始化基础测试 初始化流程测试 应该按正确顺序执行初始化步骤","status":"passed","title":"应该按正确顺序执行初始化步骤","duration":0,"failureMessages":[]},{"ancestorTitles":["","画布初始化基础测试","错误处理测试"],"fullName":" 画布初始化基础测试 错误处理测试 应该正确处理初始化错误","status":"passed","title":"应该正确处理初始化错误","duration":1,"failureMessages":[]}],"startTime":1761205509642,"endTime":1761205509646,"status":"passed","message":"","name":"/Users/mac/nis_mock/data_comunity/data_comunity/src/pages/marketing/tasks/__tests__/canvas-basic.test.js"},{"assertionResults":[{"ancestorTitles":["","画布初始化测试","基础初始化测试"],"fullName":" 画布初始化测试 基础初始化测试 应该成功创建Graph实例","status":"failed","title":"应该成功创建Graph实例","duration":79,"failureMessages":["expected \"spy\" to be called with arguments: [ ObjectContaining{…} ]\u001b[90m\n\nReceived: \n\n\u001b[1m  1st spy call:\n\n\u001b[22m\u001b[2m  Array [\u001b[22m\n\u001b[32m-   ObjectContaining {\u001b[90m\n\u001b[32m-     \"container\": Any<Object>,\u001b[90m\n\u001b[31m+   Object {\u001b[90m\n\u001b[31m+     \"background\": Object {\u001b[90m\n\u001b[31m+       \"color\": \"#f8f9fa\",\u001b[90m\n\u001b[31m+     },\u001b[90m\n\u001b[31m+     \"clipboard\": true,\u001b[90m\n\u001b[31m+     \"connecting\": Object {\u001b[90m\n\u001b[31m+       \"allowBlank\": false,\u001b[90m\n\u001b[31m+       \"connectionPoint\": Object {\u001b[90m\n\u001b[31m+         \"args\": Object {\u001b[90m\n\u001b[31m+           \"getConnectionPoint\": [Function getConnectionPoint],\u001b[90m\n\u001b[31m+         },\u001b[90m\n\u001b[31m+         \"name\": \"anchor\",\u001b[90m\n\u001b[31m+       },\u001b[90m\n\u001b[31m+       \"connector\": Object {\u001b[90m\n\u001b[31m+         \"args\": Object {\u001b[90m\n\u001b[31m+           \"radius\": 6,\u001b[90m\n\u001b[31m+         },\u001b[90m\n\u001b[31m+         \"name\": \"rounded\",\u001b[90m\n\u001b[31m+       },\u001b[90m\n\u001b[31m+       \"createEdge\": [Function createEdge],\u001b[90m\n\u001b[31m+       \"defaultConnectionPoint\": Object {\u001b[90m\n\u001b[31m+         \"name\": \"anchor\",\u001b[90m\n\u001b[31m+       },\u001b[90m\n\u001b[31m+       \"router\": Object {\u001b[90m\n\u001b[31m+         \"args\": Object {\u001b[90m\n\u001b[31m+           \"endDirections\": Array [\u001b[90m\n\u001b[31m+             \"top\",\u001b[90m\n\u001b[31m+           ],\u001b[90m\n\u001b[31m+           \"padding\": 15,\u001b[90m\n\u001b[31m+           \"startDirections\": Array [\u001b[90m\n\u001b[31m+             \"bottom\",\u001b[90m\n\u001b[31m+           ],\u001b[90m\n\u001b[31m+           \"step\": 15,\u001b[90m\n\u001b[31m+         },\u001b[90m\n\u001b[31m+         \"name\": \"orth\",\u001b[90m\n\u001b[31m+       },\u001b[90m\n\u001b[31m+       \"snap\": Object {\u001b[90m\n\u001b[31m+         \"radius\": 20,\u001b[90m\n\u001b[31m+       },\u001b[90m\n\u001b[31m+       \"validateConnection\": [Function validateConnection],\u001b[90m\n\u001b[31m+     },\u001b[90m\n\u001b[31m+     \"container\": <div\u001b[90m\n\u001b[31m+       class=\"canvas-container\"\u001b[90m\n\u001b[31m+       data-v-763addd6=\"\"\u001b[90m\n\u001b[31m+     />,\u001b[90m\n\u001b[31m+     \"grid\": Object {\u001b[90m\n\u001b[31m+       \"args\": Array [\u001b[90m\n\u001b[31m+         Object {\u001b[90m\n\u001b[31m+           \"color\": \"#eee\",\u001b[90m\n\u001b[31m+           \"size\": 20,\u001b[90m\n\u001b[31m+           \"thickness\": 1,\u001b[90m\n\u001b[31m+         },\u001b[90m\n\u001b[31m+         Object {\u001b[90m\n\u001b[31m+           \"color\": \"#ddd\",\u001b[90m\n\u001b[31m+           \"factor\": 4,\u001b[90m\n\u001b[31m+           \"size\": 80,\u001b[90m\n\u001b[31m+           \"thickness\": 1,\u001b[90m\n\u001b[31m+         },\u001b[90m\n\u001b[31m+       ],\u001b[90m\n\u001b[31m+       \"type\": \"doubleMesh\",\u001b[90m\n\u001b[31m+       \"visible\": true,\u001b[90m\n\u001b[31m+     },\u001b[90m\n\u001b[2m      \"height\": 600,\u001b[22m\n\u001b[32m-     \"history\": ObjectContaining {\u001b[90m\n\u001b[31m+     \"highlighting\": Object {\u001b[90m\n\u001b[31m+       \"magnetAdsorbed\": Object {\u001b[90m\n\u001b[31m+         \"args\": Object {\u001b[90m\n\u001b[31m+           \"attrs\": Object {\u001b[90m\n\u001b[31m+             \"fill\": \"#5F95FF\",\u001b[90m\n\u001b[31m+             \"stroke\": \"#5F95FF\",\u001b[90m\n\u001b[31m+           },\u001b[90m\n\u001b[31m+         },\u001b[90m\n\u001b[31m+         \"name\": \"stroke\",\u001b[90m\n\u001b[31m+       },\u001b[90m\n\u001b[31m+     },\u001b[90m\n\u001b[31m+     \"history\": true,\u001b[90m\n\u001b[31m+     \"interacting\": Object {\u001b[90m\n\u001b[31m+       \"arrowheadMovable\": false,\u001b[90m\n\u001b[31m+       \"edgeLabelMovable\": false,\u001b[90m\n\u001b[31m+       \"edgeMovable\": false,\u001b[90m\n\u001b[31m+       \"nodeMovable\": true,\u001b[90m\n\u001b[31m+       \"useEdgeTools\": false,\u001b[90m\n\u001b[31m+       \"vertexAddable\": false,\u001b[90m\n\u001b[31m+       \"vertexDeletable\": false,\u001b[90m\n\u001b[31m+       \"vertexMovable\": false,\u001b[90m\n\u001b[31m+     },\u001b[90m\n\u001b[31m+     \"keyboard\": true,\u001b[90m\n\u001b[31m+     \"mousewheel\": Object {\u001b[90m\n\u001b[31m+       \"center\": true,\u001b[90m\n\u001b[31m+       \"enabled\": false,\u001b[90m\n\u001b[31m+       \"factor\": 1.1,\u001b[90m\n\u001b[31m+       \"global\": false,\u001b[90m\n\u001b[31m+       \"maxScale\": 3,\u001b[90m\n\u001b[31m+       \"minScale\": 0.2,\u001b[90m\n\u001b[31m+       \"modifiers\": Array [],\u001b[90m\n\u001b[31m+       \"passive\": false,\u001b[90m\n\u001b[31m+     },\u001b[90m\n\u001b[31m+     \"resizing\": true,\u001b[90m\n\u001b[31m+     \"rotating\": false,\u001b[90m\n\u001b[31m+     \"scroller\": Object {\u001b[90m\n\u001b[31m+       \"autoExpand\": true,\u001b[90m\n\u001b[31m+       \"autoResize\": true,\u001b[90m\n\u001b[31m+       \"cursor\": \"grab\",\u001b[90m\n\u001b[31m+       \"enabled\": true,\u001b[90m\n\u001b[31m+       \"expandThreshold\": 100,\u001b[90m\n\u001b[31m+       \"height\": 2000,\u001b[90m\n\u001b[31m+       \"minVisibleHeight\": 50,\u001b[90m\n\u001b[31m+       \"minVisibleWidth\": 50,\u001b[90m\n\u001b[31m+       \"modifiers\": Array [],\u001b[90m\n\u001b[31m+       \"padding\": 100,\u001b[90m\n\u001b[31m+       \"pageBreak\": false,\u001b[90m\n\u001b[31m+       \"pageVisible\": false,\u001b[90m\n\u001b[31m+       \"pannable\": true,\u001b[90m\n\u001b[31m+       \"passive\": false,\u001b[90m\n\u001b[31m+       \"width\": 2000,\u001b[90m\n\u001b[31m+     },\u001b[90m\n\u001b[31m+     \"selecting\": Object {\u001b[90m\n\u001b[2m        \"enabled\": true,\u001b[22m\n\u001b[31m+       \"modifiers\": Array [\u001b[90m\n\u001b[31m+         \"shift\",\u001b[90m\n\u001b[31m+         \"ctrl\",\u001b[90m\n\u001b[31m+       ],\u001b[90m\n\u001b[31m+       \"movable\": true,\u001b[90m\n\u001b[31m+       \"multiple\": true,\u001b[90m\n\u001b[31m+       \"rubberband\": true,\u001b[90m\n\u001b[31m+       \"showNodeSelectionBox\": true,\u001b[90m\n\u001b[31m+       \"strict\": false,\u001b[90m\n\u001b[2m      },\u001b[22m\n\u001b[31m+     \"snapline\": true,\u001b[90m\n\u001b[2m      \"width\": 800,\u001b[22m\n\u001b[2m    },\u001b[22m\n\u001b[2m  ]\u001b[22m\n\u001b[39m\u001b[90m\n\nNumber of calls: \u001b[1m1\u001b[22m\n\u001b[39m","unifiedPreviewLineManager is not defined"],"location":{"line":368,"column":21}},{"ancestorTitles":["","画布初始化测试","基础初始化测试"],"fullName":" 画布初始化测试 基础初始化测试 应该启用历史记录功能","status":"failed","title":"应该启用历史记录功能","duration":5,"failureMessages":["Cannot read properties of undefined (reading '0')","Cannot read properties of null (reading '$')"],"location":{"line":392,"column":46}},{"ancestorTitles":["","画布初始化测试","基础初始化测试"],"fullName":" 画布初始化测试 基础初始化测试 应该正确设置画布容器尺寸","status":"failed","title":"应该正确设置画布容器尺寸","duration":4,"failureMessages":["Cannot read properties of undefined (reading '0')","Cannot read properties of null (reading '$')"],"location":{"line":409,"column":46}},{"ancestorTitles":["","画布初始化测试","节点位置验证测试"],"fullName":" 画布初始化测试 节点位置验证测试 应该正确验证有效的节点位置数据","status":"failed","title":"应该正确验证有效的节点位置数据","duration":3,"failureMessages":["expected \"spy\" to be called with arguments: [ ObjectContaining{…} ]\u001b[90m\n\nReceived: \n\n\u001b[39m\u001b[90m\n\nNumber of calls: \u001b[1m0\u001b[22m\n\u001b[39m","Cannot read properties of null (reading '$')"],"location":{"line":439,"column":50}},{"ancestorTitles":["","画布初始化测试","节点位置验证测试"],"fullName":" 画布初始化测试 节点位置验证测试 应该处理无效的节点位置数据","status":"failed","title":"应该处理无效的节点位置数据","duration":5,"failureMessages":["expected \"spy\" to be called with arguments: [ ObjectContaining{…} ]\u001b[90m\n\nReceived: \n\n\u001b[39m\u001b[90m\n\nNumber of calls: \u001b[1m0\u001b[22m\n\u001b[39m","Cannot read properties of null (reading '$')"],"location":{"line":471,"column":50}},{"ancestorTitles":["","画布初始化测试","节点位置验证测试"],"fullName":" 画布初始化测试 节点位置验证测试 应该处理缺少位置信息的节点","status":"failed","title":"应该处理缺少位置信息的节点","duration":2,"failureMessages":["expected \"spy\" to be called with arguments: [ ObjectContaining{…} ]\u001b[90m\n\nReceived: \n\n\u001b[39m\u001b[90m\n\nNumber of calls: \u001b[1m0\u001b[22m\n\u001b[39m","Cannot read properties of null (reading '$')"],"location":{"line":501,"column":50}},{"ancestorTitles":["","画布初始化测试","初始数据加载测试"],"fullName":" 画布初始化测试 初始数据加载测试 应该正确加载多个初始节点","status":"failed","title":"应该正确加载多个初始节点","duration":8,"failureMessages":["expected \"spy\" to be called 2 times, but got 0 times","Cannot read properties of null (reading '$')"],"location":{"line":544,"column":50}},{"ancestorTitles":["","画布初始化测试","初始数据加载测试"],"fullName":" 画布初始化测试 初始数据加载测试 应该在autoAddStartNode为true且无初始节点时创建默认开始节点","status":"failed","title":"应该在autoAddStartNode为true且无初始节点时创建默认开始节点","duration":15,"failureMessages":["expected \"spy\" to be called with arguments: [ ObjectContaining{…} ]\u001b[90m\n\nReceived: \n\n\u001b[39m\u001b[90m\n\nNumber of calls: \u001b[1m0\u001b[22m\n\u001b[39m","Cannot read properties of null (reading '$')"],"location":{"line":560,"column":50}},{"ancestorTitles":["","画布初始化测试","初始数据加载测试"],"fullName":" 画布初始化测试 初始数据加载测试 应该正确加载初始连接","status":"failed","title":"应该正确加载初始连接","duration":9,"failureMessages":["expected \"spy\" to be called with arguments: [ ObjectContaining{…} ]\u001b[90m\n\nReceived: \n\n\u001b[39m\u001b[90m\n\nNumber of calls: \u001b[1m0\u001b[22m\n\u001b[39m","Cannot read properties of null (reading '$')"],"location":{"line":595,"column":34}},{"ancestorTitles":["","画布初始化测试","历史记录初始化测试"],"fullName":" 画布初始化测试 历史记录初始化测试 应该在Graph配置中启用历史记录","status":"failed","title":"应该在Graph配置中启用历史记录","duration":4,"failureMessages":["Graph is not defined","Cannot read properties of null (reading '$')"],"location":{"line":621,"column":27}},{"ancestorTitles":["","画布初始化测试","历史记录初始化测试"],"fullName":" 画布初始化测试 历史记录初始化测试 应该设置历史记录事件监听器","status":"failed","title":"应该设置历史记录事件监听器","duration":0,"failureMessages":["Graph is not defined","Cannot read properties of null (reading '$')"],"location":{"line":640,"column":7}},{"ancestorTitles":["","画布初始化测试","错误处理测试"],"fullName":" 画布初始化测试 错误处理测试 应该处理Graph实例创建失败的情况","status":"failed","title":"应该处理Graph实例创建失败的情况","duration":1,"failureMessages":["Graph is not defined","Cannot read properties of null (reading '$')"],"location":{"line":661,"column":7}},{"ancestorTitles":["","画布初始化测试","错误处理测试"],"fullName":" 画布初始化测试 错误处理测试 应该处理无效的容器元素","status":"failed","title":"应该处理无效的容器元素","duration":6,"failureMessages":["expected \"error\" to be called at least once","Cannot read properties of null (reading '$')"],"location":{"line":701,"column":26}},{"ancestorTitles":["","画布初始化测试","数据验证集成测试"],"fullName":" 画布初始化测试 数据验证集成测试 应该在加载初始数据时进行完整的数据验证","status":"failed","title":"应该在加载初始数据时进行完整的数据验证","duration":5,"failureMessages":["expected \"spy\" to be called at least once","Cannot read properties of null (reading '$')"],"location":{"line":736,"column":34}}],"startTime":1761205470601,"endTime":1761205470747,"status":"failed","message":"","name":"/Users/mac/nis_mock/data_comunity/data_comunity/src/pages/marketing/tasks/__tests__/canvas-initialization.test.js"},{"assertionResults":[{"ancestorTitles":["","画布迁移验证测试","工具类迁移验证"],"fullName":" 画布迁移验证测试 工具类迁移验证 应该能够正确导入迁移后的工具类","status":"passed","title":"应该能够正确导入迁移后的工具类","duration":40,"failureMessages":[]},{"ancestorTitles":["","画布迁移验证测试","工具类迁移验证"],"fullName":" 画布迁移验证测试 工具类迁移验证 应该验证工具类的核心功能","status":"passed","title":"应该验证工具类的核心功能","duration":0,"failureMessages":[]},{"ancestorTitles":["","画布迁移验证测试","Composables迁移验证"],"fullName":" 画布迁移验证测试 Composables迁移验证 应该验证Composables文件存在","status":"passed","title":"应该验证Composables文件存在","duration":0,"failureMessages":[]},{"ancestorTitles":["","画布迁移验证测试","组件迁移验证"],"fullName":" 画布迁移验证测试 组件迁移验证 应该验证组件文件存在","status":"passed","title":"应该验证组件文件存在","duration":0,"failureMessages":[]},{"ancestorTitles":["","画布迁移验证测试","文件结构验证"],"fullName":" 画布迁移验证测试 文件结构验证 应该验证迁移后的目录结构","status":"passed","title":"应该验证迁移后的目录结构","duration":0,"failureMessages":[]},{"ancestorTitles":["","画布迁移验证测试","功能完整性验证"],"fullName":" 画布迁移验证测试 功能完整性验证 应该验证核心数据转换功能","status":"passed","title":"应该验证核心数据转换功能","duration":9,"failureMessages":[]},{"ancestorTitles":["","画布迁移验证测试","功能完整性验证"],"fullName":" 画布迁移验证测试 功能完整性验证 应该验证数据验证功能","status":"passed","title":"应该验证数据验证功能","duration":0,"failureMessages":[]},{"ancestorTitles":["","画布迁移验证测试","功能完整性验证"],"fullName":" 画布迁移验证测试 功能完整性验证 应该验证坐标转换功能","status":"passed","title":"应该验证坐标转换功能","duration":1,"failureMessages":[]}],"startTime":1761205509960,"endTime":1761205510011,"status":"passed","message":"","name":"/Users/mac/nis_mock/data_comunity/data_comunity/src/pages/marketing/tasks/__tests__/canvas-migration-validation.test.js"},{"assertionResults":[{"ancestorTitles":["","Canvas Initialization Tests","DOM容器检测"],"fullName":" Canvas Initialization Tests DOM容器检测 应该在DOM容器存在时成功初始化","status":"failed","title":"应该在DOM容器存在时成功初始化","duration":348,"failureMessages":["expected \"log\" to be called with arguments: [ StringContaining{…} ]\u001b[90m\n\nReceived: \n\n\u001b[1m  1st log call:\n\n\u001b[22m\u001b[2m  Array [\u001b[22m\n\u001b[32m-   StringContaining \"[useCanvasLifecycle] 容器元素获取成功\",\u001b[90m\n\u001b[31m+   \"[TaskFlowCanvasRefactored] 开始初始化 configDrawers...\",\u001b[90m\n\u001b[2m  ]\u001b[22m\n\n\u001b[1m  2nd log call:\n\n\u001b[22m\u001b[2m  Array [\u001b[22m\n\u001b[32m-   StringContaining \"[useCanvasLifecycle] 容器元素获取成功\",\u001b[90m\n\u001b[31m+   \"[useConfigDrawers] 接收到的getGraph函数:\",\u001b[90m\n\u001b[31m+   \"function\",\u001b[90m\n\u001b[31m+   true,\u001b[90m\n\u001b[2m  ]\u001b[22m\n\n\u001b[1m  3rd log call:\n\n\u001b[22m\u001b[2m  Array [\u001b[22m\n\u001b[32m-   StringContaining \"[useCanvasLifecycle] 容器元素获取成功\",\u001b[90m\n\u001b[31m+   \"[useConfigDrawers] 测试getGraph函数调用:\",\u001b[90m\n\u001b[31m+   \"Graph实例为null\",\u001b[90m\n\u001b[2m  ]\u001b[22m\n\n\u001b[1m  4th log call:\n\n\u001b[22m\u001b[2m  Array [\u001b[22m\n\u001b[32m-   StringContaining \"[useCanvasLifecycle] 容器元素获取成功\",\u001b[90m\n\u001b[31m+   \"[TaskFlowCanvasRefactored] configDrawers 初始化完成:\",\u001b[90m\n\u001b[31m+   Object {\u001b[90m\n\u001b[31m+     \"configDrawersKeys\": Array [\u001b[90m\n\u001b[31m+       \"drawerStates\",\u001b[90m\n\u001b[31m+       \"openConfigDrawer\",\u001b[90m\n\u001b[31m+       \"closeConfigDrawer\",\u001b[90m\n\u001b[31m+       \"closeAllDrawers\",\u001b[90m\n\u001b[31m+       \"handleConfigConfirm\",\u001b[90m\n\u001b[31m+       \"handleConfigCancel\",\u001b[90m\n\u001b[31m+       \"getDrawerType\",\u001b[90m\n\u001b[31m+       \"getNodeTypeFromDrawerType\",\u001b[90m\n\u001b[31m+       \"setEnhancedPreviewManager\",\u001b[90m\n\u001b[31m+       \"nodeConfigManager\",\u001b[90m\n\u001b[31m+       \"structuredLayout\",\u001b[90m\n\u001b[31m+     ],\u001b[90m\n\u001b[31m+     \"hasConfigDrawers\": true,\u001b[90m\n\u001b[31m+     \"hasOpenConfigDrawer\": true,\u001b[90m\n\u001b[31m+   },\u001b[90m\n\u001b[2m  ]\u001b[22m\n\n\u001b[1m  5th log call:\n\n\u001b[22m\u001b[2m  Array [\u001b[22m\n\u001b[32m-   StringContaining \"[useCanvasLifecycle] 容器元素获取成功\",\u001b[90m\n\u001b[31m+   \"[useCanvasLifecycle] 组件挂载，等待父组件调用初始化\",\u001b[90m\n\u001b[2m  ]\u001b[22m\n\n\u001b[1m  6th log call:\n\n\u001b[22m\u001b[2m  Array [\u001b[22m\n\u001b[32m-   StringContaining \"[useCanvasLifecycle] 容器元素获取成功\",\u001b[90m\n\u001b[31m+   \"[TaskFlowCanvas] 组件挂载开始 - 同步初始化\",\u001b[90m\n\u001b[2m  ]\u001b[22m\n\n\u001b[1m  7th log call:\n\n\u001b[22m\u001b[2m  Array [\u001b[22m\n\u001b[32m-   StringContaining \"[useCanvasLifecycle] 容器元素获取成功\",\u001b[90m\n\u001b[31m+   \"[TaskFlowCanvas] 第1步：初始化所有基础系统组件\",\u001b[90m\n\u001b[2m  ]\u001b[22m\n\n\u001b[1m  8th log call:\n\n\u001b[22m\u001b[2m  Array [\u001b[22m\n\u001b[32m-   StringContaining \"[useCanvasLifecycle] 容器元素获取成功\",\u001b[90m\n\u001b[31m+   \"[TaskFlowCanvas] 开始初始化基础系统实例\",\u001b[90m\n\u001b[2m  ]\u001b[22m\n\n\u001b[1m  9th log call:\n\n\u001b[22m\u001b[2m  Array [\u001b[22m\n\u001b[32m-   StringContaining \"[useCanvasLifecycle] 容器元素获取成功\",\u001b[90m\n\u001b[31m+   \"[TaskFlowCanvas] ✅ 基础系统实例初始化完成（无Graph依赖）\",\u001b[90m\n\u001b[2m  ]\u001b[22m\n\n\u001b[1m  10th log call:\n\n\u001b[22m\u001b[2m  Array [\u001b[22m\n\u001b[32m-   StringContaining \"[useCanvasLifecycle] 容器元素获取成功\",\u001b[90m\n\u001b[31m+   \"[TaskFlowCanvas] 第2步：等待DOM完全准备\",\u001b[90m\n\u001b[2m  ]\u001b[22m\n\n\u001b[1m  11th log call:\n\n\u001b[22m\u001b[2m  Array [\u001b[22m\n\u001b[32m-   StringContaining \"[useCanvasLifecycle] 容器元素获取成功\",\u001b[90m\n\u001b[31m+   \"[TaskFlowCanvas] DOM容器状态:\",\u001b[90m\n\u001b[31m+   Object {\u001b[90m\n\u001b[31m+     \"clientHeight\": 0,\u001b[90m\n\u001b[31m+     \"clientWidth\": 0,\u001b[90m\n\u001b[31m+     \"exists\": true,\u001b[90m\n\u001b[31m+     \"offsetHeight\": 0,\u001b[90m\n\u001b[31m+     \"offsetParent\": null,\u001b[90m\n\u001b[31m+     \"offsetWidth\": 0,\u001b[90m\n\u001b[31m+   },\u001b[90m\n\u001b[2m  ]\u001b[22m\n\n\u001b[1m  12th log call:\n\n\u001b[22m\u001b[2m  Array [\u001b[22m\n\u001b[32m-   StringContaining \"[useCanvasLifecycle] 容器元素获取成功\",\u001b[90m\n\u001b[31m+   \"[TaskFlowCanvas] ✓ DOM容器验证通过\",\u001b[90m\n\u001b[2m  ]\u001b[22m\n\n\u001b[1m  13th log call:\n\n\u001b[22m\u001b[2m  Array [\u001b[22m\n\u001b[32m-   StringContaining \"[useCanvasLifecycle] 容器元素获取成功\",\u001b[90m\n\u001b[31m+   \"[TaskFlowCanvas] 第3步：同步初始化画布和Graph实例\",\u001b[90m\n\u001b[2m  ]\u001b[22m\n\n\u001b[1m  14th log call:\n\n\u001b[22m\u001b[2m  Array [\u001b[22m\n\u001b[32m-   StringContaining \"[useCanvasLifecycle] 容器元素获取成功\",\u001b[90m\n\u001b[31m+   \"[useCanvasLifecycle] 开始同步初始化画布\",\u001b[90m\n\u001b[2m  ]\u001b[22m\n\n\u001b[1m  15th log call:\n\n\u001b[22m\u001b[2m  Array [\u001b[22m\n\u001b[32m-   StringContaining \"[useCanvasLifecycle] 容器元素获取成功\",\u001b[90m\n\u001b[31m+   \"[useCanvasLifecycle] 第1步：准备DOM容器\",\u001b[90m\n\u001b[2m  ]\u001b[22m\n\u001b[39m\u001b[90m\n\nNumber of calls: \u001b[1m15\u001b[22m\n\u001b[39m"],"location":{"line":106,"column":26}},{"ancestorTitles":["","Canvas Initialization Tests","DOM容器检测"],"fullName":" Canvas Initialization Tests DOM容器检测 应该在DOM容器不存在时抛出错误","status":"passed","title":"应该在DOM容器不存在时抛出错误","duration":109,"failureMessages":[]},{"ancestorTitles":["","Canvas Initialization Tests","Graph实例初始化"],"fullName":" Canvas Initialization Tests Graph实例初始化 应该在Graph实例创建成功时正确绑定事件","status":"failed","title":"应该在Graph实例创建成功时正确绑定事件","duration":215,"failureMessages":["expected \"log\" to be called with arguments: [ StringContaining{…} ]\u001b[90m\n\nReceived: \n\n\u001b[1m  1st log call:\n\n\u001b[22m\u001b[2m  Array [\u001b[22m\n\u001b[32m-   StringContaining \"[useCanvasLifecycle] X6图实例初始化成功\",\u001b[90m\n\u001b[31m+   \"[TaskFlowCanvasRefactored] 开始初始化 configDrawers...\",\u001b[90m\n\u001b[2m  ]\u001b[22m\n\n\u001b[1m  2nd log call:\n\n\u001b[22m\u001b[2m  Array [\u001b[22m\n\u001b[32m-   StringContaining \"[useCanvasLifecycle] X6图实例初始化成功\",\u001b[90m\n\u001b[31m+   \"[useConfigDrawers] 接收到的getGraph函数:\",\u001b[90m\n\u001b[31m+   \"function\",\u001b[90m\n\u001b[31m+   true,\u001b[90m\n\u001b[2m  ]\u001b[22m\n\n\u001b[1m  3rd log call:\n\n\u001b[22m\u001b[2m  Array [\u001b[22m\n\u001b[32m-   StringContaining \"[useCanvasLifecycle] X6图实例初始化成功\",\u001b[90m\n\u001b[31m+   \"[useConfigDrawers] 测试getGraph函数调用:\",\u001b[90m\n\u001b[31m+   \"Graph实例为null\",\u001b[90m\n\u001b[2m  ]\u001b[22m\n\n\u001b[1m  4th log call:\n\n\u001b[22m\u001b[2m  Array [\u001b[22m\n\u001b[32m-   StringContaining \"[useCanvasLifecycle] X6图实例初始化成功\",\u001b[90m\n\u001b[31m+   \"[TaskFlowCanvasRefactored] configDrawers 初始化完成:\",\u001b[90m\n\u001b[31m+   Object {\u001b[90m\n\u001b[31m+     \"configDrawersKeys\": Array [\u001b[90m\n\u001b[31m+       \"drawerStates\",\u001b[90m\n\u001b[31m+       \"openConfigDrawer\",\u001b[90m\n\u001b[31m+       \"closeConfigDrawer\",\u001b[90m\n\u001b[31m+       \"closeAllDrawers\",\u001b[90m\n\u001b[31m+       \"handleConfigConfirm\",\u001b[90m\n\u001b[31m+       \"handleConfigCancel\",\u001b[90m\n\u001b[31m+       \"getDrawerType\",\u001b[90m\n\u001b[31m+       \"getNodeTypeFromDrawerType\",\u001b[90m\n\u001b[31m+       \"setEnhancedPreviewManager\",\u001b[90m\n\u001b[31m+       \"nodeConfigManager\",\u001b[90m\n\u001b[31m+       \"structuredLayout\",\u001b[90m\n\u001b[31m+     ],\u001b[90m\n\u001b[31m+     \"hasConfigDrawers\": true,\u001b[90m\n\u001b[31m+     \"hasOpenConfigDrawer\": true,\u001b[90m\n\u001b[31m+   },\u001b[90m\n\u001b[2m  ]\u001b[22m\n\n\u001b[1m  5th log call:\n\n\u001b[22m\u001b[2m  Array [\u001b[22m\n\u001b[32m-   StringContaining \"[useCanvasLifecycle] X6图实例初始化成功\",\u001b[90m\n\u001b[31m+   \"[useCanvasLifecycle] 组件挂载，等待父组件调用初始化\",\u001b[90m\n\u001b[2m  ]\u001b[22m\n\n\u001b[1m  6th log call:\n\n\u001b[22m\u001b[2m  Array [\u001b[22m\n\u001b[32m-   StringContaining \"[useCanvasLifecycle] X6图实例初始化成功\",\u001b[90m\n\u001b[31m+   \"[TaskFlowCanvas] 组件挂载开始 - 同步初始化\",\u001b[90m\n\u001b[2m  ]\u001b[22m\n\n\u001b[1m  7th log call:\n\n\u001b[22m\u001b[2m  Array [\u001b[22m\n\u001b[32m-   StringContaining \"[useCanvasLifecycle] X6图实例初始化成功\",\u001b[90m\n\u001b[31m+   \"[TaskFlowCanvas] 第1步：初始化所有基础系统组件\",\u001b[90m\n\u001b[2m  ]\u001b[22m\n\n\u001b[1m  8th log call:\n\n\u001b[22m\u001b[2m  Array [\u001b[22m\n\u001b[32m-   StringContaining \"[useCanvasLifecycle] X6图实例初始化成功\",\u001b[90m\n\u001b[31m+   \"[TaskFlowCanvas] 开始初始化基础系统实例\",\u001b[90m\n\u001b[2m  ]\u001b[22m\n\n\u001b[1m  9th log call:\n\n\u001b[22m\u001b[2m  Array [\u001b[22m\n\u001b[32m-   StringContaining \"[useCanvasLifecycle] X6图实例初始化成功\",\u001b[90m\n\u001b[31m+   \"[TaskFlowCanvas] ✅ 基础系统实例初始化完成（无Graph依赖）\",\u001b[90m\n\u001b[2m  ]\u001b[22m\n\n\u001b[1m  10th log call:\n\n\u001b[22m\u001b[2m  Array [\u001b[22m\n\u001b[32m-   StringContaining \"[useCanvasLifecycle] X6图实例初始化成功\",\u001b[90m\n\u001b[31m+   \"[TaskFlowCanvas] 第2步：等待DOM完全准备\",\u001b[90m\n\u001b[2m  ]\u001b[22m\n\n\u001b[1m  11th log call:\n\n\u001b[22m\u001b[2m  Array [\u001b[22m\n\u001b[32m-   StringContaining \"[useCanvasLifecycle] X6图实例初始化成功\",\u001b[90m\n\u001b[31m+   \"[TaskFlowCanvas] DOM容器状态:\",\u001b[90m\n\u001b[31m+   Object {\u001b[90m\n\u001b[31m+     \"clientHeight\": 0,\u001b[90m\n\u001b[31m+     \"clientWidth\": 0,\u001b[90m\n\u001b[31m+     \"exists\": true,\u001b[90m\n\u001b[31m+     \"offsetHeight\": 0,\u001b[90m\n\u001b[31m+     \"offsetParent\": null,\u001b[90m\n\u001b[31m+     \"offsetWidth\": 0,\u001b[90m\n\u001b[31m+   },\u001b[90m\n\u001b[2m  ]\u001b[22m\n\n\u001b[1m  12th log call:\n\n\u001b[22m\u001b[2m  Array [\u001b[22m\n\u001b[32m-   StringContaining \"[useCanvasLifecycle] X6图实例初始化成功\",\u001b[90m\n\u001b[31m+   \"[TaskFlowCanvas] ✓ DOM容器验证通过\",\u001b[90m\n\u001b[2m  ]\u001b[22m\n\n\u001b[1m  13th log call:\n\n\u001b[22m\u001b[2m  Array [\u001b[22m\n\u001b[32m-   StringContaining \"[useCanvasLifecycle] X6图实例初始化成功\",\u001b[90m\n\u001b[31m+   \"[TaskFlowCanvas] 第3步：同步初始化画布和Graph实例\",\u001b[90m\n\u001b[2m  ]\u001b[22m\n\n\u001b[1m  14th log call:\n\n\u001b[22m\u001b[2m  Array [\u001b[22m\n\u001b[32m-   StringContaining \"[useCanvasLifecycle] X6图实例初始化成功\",\u001b[90m\n\u001b[31m+   \"[useCanvasLifecycle] 开始同步初始化画布\",\u001b[90m\n\u001b[2m  ]\u001b[22m\n\n\u001b[1m  15th log call:\n\n\u001b[22m\u001b[2m  Array [\u001b[22m\n\u001b[32m-   StringContaining \"[useCanvasLifecycle] X6图实例初始化成功\",\u001b[90m\n\u001b[31m+   \"[useCanvasLifecycle] 第1步：准备DOM容器\",\u001b[90m\n\u001b[2m  ]\u001b[22m\n\n\u001b[1m  16th log call:\n\n\u001b[22m\u001b[2m  Array [\u001b[22m\n\u001b[32m-   StringContaining \"[useCanvasLifecycle] X6图实例初始化成功\",\u001b[90m\n\u001b[31m+   \"[useCanvasLifecycle] ✓ DOM容器准备完成:\",\u001b[90m\n\u001b[31m+   Object {\u001b[90m\n\u001b[31m+     \"element\": \"DIV\",\u001b[90m\n\u001b[31m+     \"height\": 0,\u001b[90m\n\u001b[31m+     \"width\": 0,\u001b[90m\n\u001b[31m+   },\u001b[90m\n\u001b[2m  ]\u001b[22m\n\n\u001b[1m  17th log call:\n\n\u001b[22m\u001b[2m  Array [\u001b[22m\n\u001b[32m-   StringContaining \"[useCanvasLifecycle] X6图实例初始化成功\",\u001b[90m\n\u001b[31m+   \"[useCanvasLifecycle] 第2步：创建Graph实例\",\u001b[90m\n\u001b[2m  ]\u001b[22m\n\n\u001b[1m  18th log call:\n\n\u001b[22m\u001b[2m  Array [\u001b[22m\n\u001b[32m-   StringContaining \"[useCanvasLifecycle] X6图实例初始化成功\",\u001b[90m\n\u001b[31m+   \"[useCanvasCore] 开始同步初始化X6图实例\",\u001b[90m\n\u001b[2m  ]\u001b[22m\n\n\u001b[1m  19th log call:\n\n\u001b[22m\u001b[2m  Array [\u001b[22m\n\u001b[32m-   StringContaining \"[useCanvasLifecycle] X6图实例初始化成功\",\u001b[90m\n\u001b[31m+   \"[useCanvasCore] 开始注册自定义边形状\",\u001b[90m\n\u001b[2m  ]\u001b[22m\n\u001b[39m\u001b[90m\n\nNumber of calls: \u001b[1m19\u001b[22m\n\u001b[39m"],"location":{"line":168,"column":26}},{"ancestorTitles":["","Canvas Initialization Tests","Graph实例初始化"],"fullName":" Canvas Initialization Tests Graph实例初始化 应该在Graph实例创建失败时处理错误","status":"passed","title":"应该在Graph实例创建失败时处理错误","duration":106,"failureMessages":[]},{"ancestorTitles":["","Canvas Initialization Tests","事件绑定安全性"],"fullName":" Canvas Initialization Tests 事件绑定安全性 应该在graph实例不存在时安全处理事件绑定","status":"failed","title":"应该在graph实例不存在时安全处理事件绑定","duration":5,"failureMessages":["expected \"error\" to be called with arguments: [ StringContaining{…} ]\u001b[90m\n\nReceived: \n\n\u001b[1m  1st error call:\n\n\u001b[22m\u001b[2m  Array [\u001b[22m\n\u001b[32m-   StringContaining \"[useCanvasEvents] 图形实例不存在，无法绑定事件\",\u001b[90m\n\u001b[31m+   \"[useCanvasLifecycle] 画布初始化失败:\",\u001b[90m\n\u001b[31m+   [Error: 画布容器DOM元素未添加到文档中],\u001b[90m\n\u001b[2m  ]\u001b[22m\n\n\u001b[1m  2nd error call:\n\n\u001b[22m\u001b[2m  Array [\u001b[22m\n\u001b[32m-   StringContaining \"[useCanvasEvents] 图形实例不存在，无法绑定事件\",\u001b[90m\n\u001b[31m+   \"[TaskFlowCanvas] 组件初始化失败:\",\u001b[90m\n\u001b[31m+   [Error: 画布容器DOM元素未添加到文档中],\u001b[90m\n\u001b[2m  ]\u001b[22m\n\u001b[39m\u001b[90m\n\nNumber of calls: \u001b[1m2\u001b[22m\n\u001b[39m"],"location":{"line":225,"column":31}},{"ancestorTitles":["","Canvas Initialization Tests","事件绑定安全性"],"fullName":" Canvas Initialization Tests 事件绑定安全性 应该验证graph实例存在后再调用on方法","status":"failed","title":"应该验证graph实例存在后再调用on方法","duration":110,"failureMessages":["expected \"spy\" to be called at least once"],"location":{"line":260,"column":28}},{"ancestorTitles":["","Canvas Initialization Tests","初始化时序管理"],"fullName":" Canvas Initialization Tests 初始化时序管理 应该按正确顺序执行初始化步骤","status":"failed","title":"应该按正确顺序执行初始化步骤","duration":307,"failureMessages":["expected -1 to be less than -1"],"location":{"line":301,"column":30}},{"ancestorTitles":["","Canvas Initialization Tests","初始化时序管理"],"fullName":" Canvas Initialization Tests 初始化时序管理 应该在初始化失败时正确清理状态","status":"failed","title":"应该在初始化失败时正确清理状态","duration":106,"failureMessages":["expected undefined to be false // Object.is equality"],"location":{"line":324,"column":40}},{"ancestorTitles":["","Canvas Initialization Tests","防御性编程验证"],"fullName":" Canvas Initialization Tests 防御性编程验证 应该在所有关键点进行null检查","status":"failed","title":"应该在所有关键点进行null检查","duration":46,"failureMessages":["expected [Function] to not throw an error but 'TypeError: Cannot set properties of n…' was thrown"],"location":{"line":350,"column":14}},{"ancestorTitles":["","Canvas Initialization Tests","防御性编程验证"],"fullName":" Canvas Initialization Tests 防御性编程验证 应该提供详细的错误信息用于调试","status":"passed","title":"应该提供详细的错误信息用于调试","duration":210,"failureMessages":[]},{"ancestorTitles":["","Canvas Initialization Tests","数据验证集成测试"],"fullName":" Canvas Initialization Tests 数据验证集成测试 应该在加载初始数据时进行完整的数据验证","status":"failed","title":"应该在加载初始数据时进行完整的数据验证","duration":307,"failureMessages":["expected \"spy\" to be called with arguments: [ { nodes: [ { …(4) } ], …(1) } ]\u001b[90m\n\nReceived: \n\n\u001b[39m\u001b[90m\n\nNumber of calls: \u001b[1m0\u001b[22m\n\u001b[39m"],"location":{"line":417,"column":37}}],"startTime":1761205500689,"endTime":1761205502558,"status":"failed","message":"","name":"/Users/mac/nis_mock/data_comunity/data_comunity/src/pages/marketing/tasks/tests/canvas-initialization.test.js"},{"assertionResults":[{"ancestorTitles":["","useCanvasLifecycle Tests","initCanvas 函数"],"fullName":" useCanvasLifecycle Tests initCanvas 函数 应该成功初始化画布","status":"failed","title":"应该成功初始化画布","duration":20,"failureMessages":["Graph实例创建失败或无效"],"location":{"line":92,"column":15}},{"ancestorTitles":["","useCanvasLifecycle Tests","initCanvas 函数"],"fullName":" useCanvasLifecycle Tests initCanvas 函数 应该在容器不存在时抛出错误","status":"failed","title":"应该在容器不存在时抛出错误","duration":1,"failureMessages":["画布容器引用未找到"],"location":{"line":49,"column":15}},{"ancestorTitles":["","useCanvasLifecycle Tests","initCanvas 函数"],"fullName":" useCanvasLifecycle Tests initCanvas 函数 应该在Graph初始化失败时抛出错误","status":"failed","title":"应该在Graph初始化失败时抛出错误","duration":1,"failureMessages":["Graph实例创建失败或无效"],"location":{"line":92,"column":15}},{"ancestorTitles":["","useCanvasLifecycle Tests","destroyCanvas 函数"],"fullName":" useCanvasLifecycle Tests destroyCanvas 函数 应该正确清理所有资源","status":"failed","title":"应该正确清理所有资源","duration":3,"failureMessages":["Graph实例创建失败或无效"],"location":{"line":92,"column":15}},{"ancestorTitles":["","useCanvasLifecycle Tests","resetCanvas 函数"],"fullName":" useCanvasLifecycle Tests resetCanvas 函数 应该正确重置画布状态","status":"failed","title":"应该正确重置画布状态","duration":2,"failureMessages":["Graph实例创建失败或无效"],"location":{"line":92,"column":15}},{"ancestorTitles":["","useCanvasLifecycle Tests","时序管理"],"fullName":" useCanvasLifecycle Tests 时序管理 应该正确管理初始化状态","status":"failed","title":"应该正确管理初始化状态","duration":1,"failureMessages":["Graph实例创建失败或无效"],"location":{"line":92,"column":15}},{"ancestorTitles":["","useCanvasLifecycle Tests","时序管理"],"fullName":" useCanvasLifecycle Tests 时序管理 应该在初始化失败时正确重置状态","status":"passed","title":"应该在初始化失败时正确重置状态","duration":1,"failureMessages":[]},{"ancestorTitles":["","useCanvasLifecycle Tests","错误处理"],"fullName":" useCanvasLifecycle Tests 错误处理 应该正确处理初始化错误","status":"failed","title":"应该正确处理初始化错误","duration":0,"failureMessages":["Graph实例创建失败或无效"],"location":{"line":92,"column":15}}],"startTime":1761205509518,"endTime":1761205509547,"status":"failed","message":"","name":"/Users/mac/nis_mock/data_comunity/data_comunity/src/pages/marketing/tasks/tests/canvas-lifecycle.test.js"},{"assertionResults":[{"ancestorTitles":["","时序管理和异步初始化测试","DOM容器时序验证"],"fullName":" 时序管理和异步初始化测试 DOM容器时序验证 应该在DOM容器准备就绪后才初始化Graph","status":"failed","title":"应该在DOM容器准备就绪后才初始化Graph","duration":534,"failureMessages":["expected -1 to be greater than -1"],"location":{"line":155,"column":35}},{"ancestorTitles":["","时序管理和异步初始化测试","DOM容器时序验证"],"fullName":" 时序管理和异步初始化测试 DOM容器时序验证 应该在DOM容器不存在时正确处理错误","status":"passed","title":"应该在DOM容器不存在时正确处理错误","duration":207,"failureMessages":[]},{"ancestorTitles":["","时序管理和异步初始化测试","Graph实例初始化时序"],"fullName":" 时序管理和异步初始化测试 Graph实例初始化时序 应该在Graph实例创建后才绑定事件","status":"failed","title":"应该在Graph实例创建后才绑定事件","duration":526,"failureMessages":["expected \"spy\" to be called at least once"],"location":{"line":220,"column":36}},{"ancestorTitles":["","时序管理和异步初始化测试","组件生命周期时序"],"fullName":" 时序管理和异步初始化测试 组件生命周期时序 应该在onMounted中按正确顺序执行初始化","status":"passed","title":"应该在onMounted中按正确顺序执行初始化","duration":511,"failureMessages":[]},{"ancestorTitles":["","时序管理和异步初始化测试","异步初始化处理"],"fullName":" 时序管理和异步初始化测试 异步初始化处理 应该正确处理异步初始化过程中的状态管理","status":"failed","title":"应该正确处理异步初始化过程中的状态管理","duration":8,"failureMessages":["expected undefined to be false // Object.is equality"],"location":{"line":313,"column":40}},{"ancestorTitles":["","时序管理和异步初始化测试","异步初始化处理"],"fullName":" 时序管理和异步初始化测试 异步初始化处理 应该在初始化失败时正确重置状态","status":"failed","title":"应该在初始化失败时正确重置状态","duration":205,"failureMessages":["expected undefined to be false // Object.is equality"],"location":{"line":361,"column":40}},{"ancestorTitles":["","时序管理和异步初始化测试","防御性编程验证"],"fullName":" 时序管理和异步初始化测试 防御性编程验证 应该在所有关键点进行null检查","status":"passed","title":"应该在所有关键点进行null检查","duration":505,"failureMessages":[]}],"startTime":1761205500775,"endTime":1761205503271,"status":"failed","message":"","name":"/Users/mac/nis_mock/data_comunity/data_comunity/src/pages/marketing/tasks/tests/timing-management.test.js"},{"assertionResults":[{"ancestorTitles":["","ProductModules","基础渲染"],"fullName":" ProductModules 基础渲染 应该正确渲染所有模块标签","status":"failed","title":"应该正确渲染所有模块标签","duration":41,"failureMessages":["expected false to be true // Object.is equality"],"location":{"line":79,"column":71}},{"ancestorTitles":["","ProductModules","基础渲染"],"fullName":" ProductModules 基础渲染 应该显示正确的模块标签文本","status":"failed","title":"应该显示正确的模块标签文本","duration":9,"failureMessages":["Cannot call text on an empty DOMWrapper."],"location":{"line":1574,"column":27}},{"ancestorTitles":["","ProductModules","基础渲染"],"fullName":" ProductModules 基础渲染 应该默认选中基础信息模块","status":"failed","title":"应该默认选中基础信息模块","duration":4,"failureMessages":["Cannot call classes on an empty DOMWrapper."],"location":{"line":1574,"column":27}},{"ancestorTitles":["","ProductModules","模块切换"],"fullName":" ProductModules 模块切换 点击不同模块应该切换内容","status":"failed","title":"点击不同模块应该切换内容","duration":7,"failureMessages":["expected false to be true // Object.is equality"],"location":{"line":126,"column":75}},{"ancestorTitles":["","ProductModules","模块切换"],"fullName":" ProductModules 模块切换 应该正确传递props到子组件","status":"failed","title":"应该正确传递props到子组件","duration":3,"failureMessages":["Cannot call props on an empty VueWrapper."],"location":{"line":1574,"column":27}},{"ancestorTitles":["","ProductModules","状态记忆功能"],"fullName":" ProductModules 状态记忆功能 应该记住每个产品类型的选中模块","status":"failed","title":"应该记住每个产品类型的选中模块","duration":7,"failureMessages":["Cannot call classes on an empty DOMWrapper."],"location":{"line":1574,"column":27}},{"ancestorTitles":["","ProductModules","状态记忆功能"],"fullName":" ProductModules 状态记忆功能 应该在localStorage中保存状态","status":"failed","title":"应该在localStorage中保存状态","duration":3,"failureMessages":["\"undefined\" is not valid JSON"],"location":{"line":192,"column":31}},{"ancestorTitles":["","ProductModules","状态记忆功能"],"fullName":" ProductModules 状态记忆功能 应该从localStorage恢复状态","status":"failed","title":"应该从localStorage恢复状态","duration":2,"failureMessages":["Cannot call classes on an empty DOMWrapper."],"location":{"line":1574,"column":27}},{"ancestorTitles":["","ProductModules","懒加载功能"],"fullName":" ProductModules 懒加载功能 启用懒加载时只渲染当前选中的模块","status":"failed","title":"启用懒加载时只渲染当前选中的模块","duration":6,"failureMessages":["expected false to be true // Object.is equality"],"location":{"line":228,"column":75}},{"ancestorTitles":["","ProductModules","懒加载功能"],"fullName":" ProductModules 懒加载功能 切换模块时应该渲染新模块","status":"failed","title":"切换模块时应该渲染新模块","duration":3,"failureMessages":["expected false to be true // Object.is equality"],"location":{"line":246,"column":75}},{"ancestorTitles":["","ProductModules","懒加载功能"],"fullName":" ProductModules 懒加载功能 禁用懒加载时应该渲染所有模块","status":"passed","title":"禁用懒加载时应该渲染所有模块","duration":9,"failureMessages":[]},{"ancestorTitles":["","ProductModules","加载状态"],"fullName":" ProductModules 加载状态 loading状态下应该显示加载指示器","status":"passed","title":"loading状态下应该显示加载指示器","duration":12,"failureMessages":[]},{"ancestorTitles":["","ProductModules","加载状态"],"fullName":" ProductModules 加载状态 loading状态下应该禁用tab切换","status":"passed","title":"loading状态下应该禁用tab切换","duration":4,"failureMessages":[]},{"ancestorTitles":["","ProductModules","错误处理"],"fullName":" ProductModules 错误处理 productData为空时应该显示空状态","status":"passed","title":"productData为空时应该显示空状态","duration":8,"failureMessages":[]},{"ancestorTitles":["","ProductModules","错误处理"],"fullName":" ProductModules 错误处理 userInfo为空时应该显示错误状态","status":"passed","title":"userInfo为空时应该显示错误状态","duration":2,"failureMessages":[]},{"ancestorTitles":["","ProductModules","事件发射"],"fullName":" ProductModules 事件发射 切换模块时应该发射tab-change事件","status":"passed","title":"切换模块时应该发射tab-change事件","duration":2,"failureMessages":[]},{"ancestorTitles":["","ProductModules","事件发射"],"fullName":" ProductModules 事件发射 模块加载完成时应该发射module-loaded事件","status":"passed","title":"模块加载完成时应该发射module-loaded事件","duration":3,"failureMessages":[]}],"startTime":1761205481243,"endTime":1761205481368,"status":"failed","message":"","name":"/Users/mac/nis_mock/data_comunity/data_comunity/src/pages/discovery/customer360/components/__tests__/ProductModules.test.js"},{"assertionResults":[{"ancestorTitles":["","ProductSwitcher","基础渲染"],"fullName":" ProductSwitcher 基础渲染 应该正确渲染产品切换器","status":"failed","title":"应该正确渲染产品切换器","duration":37,"failureMessages":["expected false to be true // Object.is equality"],"location":{"line":54,"column":65}},{"ancestorTitles":["","ProductSwitcher","基础渲染"],"fullName":" ProductSwitcher 基础渲染 应该显示正确的tab标签文本","status":"failed","title":"应该显示正确的tab标签文本","duration":4,"failureMessages":["Cannot call text on an empty DOMWrapper."],"location":{"line":1574,"column":27}},{"ancestorTitles":["","ProductSwitcher","基础渲染"],"fullName":" ProductSwitcher 基础渲染 应该正确显示当前选中的tab","status":"failed","title":"应该正确显示当前选中的tab","duration":5,"failureMessages":["Cannot call classes on an empty DOMWrapper."],"location":{"line":1574,"column":27}},{"ancestorTitles":["","ProductSwitcher","交互行为"],"fullName":" ProductSwitcher 交互行为 点击tab应该触发change事件","status":"failed","title":"点击tab应该触发change事件","duration":2,"failureMessages":["Cannot call trigger on an empty DOMWrapper."],"location":{"line":1574,"column":27}},{"ancestorTitles":["","ProductSwitcher","交互行为"],"fullName":" ProductSwitcher 交互行为 点击当前选中的tab不应该触发change事件","status":"failed","title":"点击当前选中的tab不应该触发change事件","duration":3,"failureMessages":["Cannot call trigger on an empty DOMWrapper."],"location":{"line":1574,"column":27}},{"ancestorTitles":["","ProductSwitcher","交互行为"],"fullName":" ProductSwitcher 交互行为 loading状态下应该禁用tab切换","status":"failed","title":"loading状态下应该禁用tab切换","duration":3,"failureMessages":["expected [ 'product-switcher' ] to include 'loading'"],"location":{"line":120,"column":59}},{"ancestorTitles":["","ProductSwitcher","URL同步"],"fullName":" ProductSwitcher URL同步 应该根据URL参数设置初始选中状态","status":"failed","title":"应该根据URL参数设置初始选中状态","duration":1,"failureMessages":["Cannot call classes on an empty DOMWrapper."],"location":{"line":1574,"column":27}},{"ancestorTitles":["","ProductSwitcher","URL同步"],"fullName":" ProductSwitcher URL同步 切换tab时应该更新URL参数","status":"failed","title":"切换tab时应该更新URL参数","duration":15,"failureMessages":["Cannot call classes on an empty DOMWrapper."],"location":{"line":1574,"column":27}},{"ancestorTitles":["","ProductSwitcher","动画效果"],"fullName":" ProductSwitcher 动画效果 应该包含切换动画类","status":"failed","title":"应该包含切换动画类","duration":6,"failureMessages":["expected [ 'product-switcher' ] to include 'animated'"],"location":{"line":169,"column":59}},{"ancestorTitles":["","ProductSwitcher","动画效果"],"fullName":" ProductSwitcher 动画效果 切换时应该触发相应事件","status":"failed","title":"切换时应该触发相应事件","duration":2,"failureMessages":["Cannot call classes on an empty DOMWrapper."],"location":{"line":1574,"column":27}},{"ancestorTitles":["","ProductSwitcher","响应式设计"],"fullName":" ProductSwitcher 响应式设计 移动端应该显示下拉选择器","status":"failed","title":"移动端应该显示下拉选择器","duration":24,"failureMessages":["expected false to be true // Object.is equality"],"location":{"line":203,"column":57}},{"ancestorTitles":["","ProductSwitcher","响应式设计"],"fullName":" ProductSwitcher 响应式设计 桌面端应该显示tab标签","status":"failed","title":"桌面端应该显示tab标签","duration":5,"failureMessages":["expected false to be true // Object.is equality"],"location":{"line":223,"column":54}},{"ancestorTitles":["","ProductSwitcher","可访问性"],"fullName":" ProductSwitcher 可访问性 应该包含正确的ARIA属性","status":"failed","title":"应该包含正确的ARIA属性","duration":3,"failureMessages":["expected false to be true // Object.is equality"],"location":{"line":237,"column":57}},{"ancestorTitles":["","ProductSwitcher","可访问性"],"fullName":" ProductSwitcher 可访问性 应该支持键盘导航","status":"failed","title":"应该支持键盘导航","duration":7,"failureMessages":["expected false to be true // Object.is equality"],"location":{"line":250,"column":32}},{"ancestorTitles":["","ProductSwitcher","数据统计"],"fullName":" ProductSwitcher 数据统计 应该显示产品数量统计","status":"failed","title":"应该显示产品数量统计","duration":4,"failureMessages":["Cannot call text on an empty DOMWrapper."],"location":{"line":1574,"column":27}},{"ancestorTitles":["","ProductSwitcher","数据统计"],"fullName":" ProductSwitcher 数据统计 产品数量为0时应该显示特殊样式","status":"failed","title":"产品数量为0时应该显示特殊样式","duration":2,"failureMessages":["Cannot call classes on an empty DOMWrapper."],"location":{"line":1574,"column":27}}],"startTime":1761205507941,"endTime":1761205508065,"status":"failed","message":"","name":"/Users/mac/nis_mock/data_comunity/data_comunity/src/pages/discovery/customer360/components/__tests__/ProductSwitcher.test.js"},{"assertionResults":[],"startTime":1761205459144,"endTime":1761205459144,"status":"failed","message":"Failed to resolve import \"../workflowNodeTypes.js\" from \"src/pages/marketing/tasks/utils/canvas/workflowNodeTypes.test.js\". Does the file exist?","name":"/Users/mac/nis_mock/data_comunity/data_comunity/src/pages/marketing/tasks/utils/canvas/workflowNodeTypes.test.js"},{"assertionResults":[{"ancestorTitles":["","拖拽状态管理测试","拖拽状态一致性测试"],"fullName":" 拖拽状态管理测试 拖拽状态一致性测试 拖拽开始时应该正确设置初始状态","status":"passed","title":"拖拽开始时应该正确设置初始状态","duration":3,"failureMessages":[]},{"ancestorTitles":["","拖拽状态管理测试","拖拽状态一致性测试"],"fullName":" 拖拽状态管理测试 拖拽状态一致性测试 拖拽过程中位置更新应该保持连续性","status":"passed","title":"拖拽过程中位置更新应该保持连续性","duration":1,"failureMessages":[]},{"ancestorTitles":["","拖拽状态管理测试","拖拽状态一致性测试"],"fullName":" 拖拽状态管理测试 拖拽状态一致性测试 拖拽结束时应该完全重置状态","status":"passed","title":"拖拽结束时应该完全重置状态","duration":4,"failureMessages":[]},{"ancestorTitles":["","拖拽状态管理测试","拖拽状态一致性测试"],"fullName":" 拖拽状态管理测试 拖拽状态一致性测试 多次开始拖拽应该重置之前的状态","status":"passed","title":"多次开始拖拽应该重置之前的状态","duration":0,"failureMessages":[]},{"ancestorTitles":["","拖拽状态管理测试","拖拽并发处理测试"],"fullName":" 拖拽状态管理测试 拖拽并发处理测试 快速连续的拖拽更新应该正确处理","status":"passed","title":"快速连续的拖拽更新应该正确处理","duration":0,"failureMessages":[]},{"ancestorTitles":["","拖拽状态管理测试","拖拽并发处理测试"],"fullName":" 拖拽状态管理测试 拖拽并发处理测试 拖拽过程中的选择操作不应该影响拖拽状态","status":"passed","title":"拖拽过程中的选择操作不应该影响拖拽状态","duration":1,"failureMessages":[]},{"ancestorTitles":["","拖拽状态管理测试","拖拽并发处理测试"],"fullName":" 拖拽状态管理测试 拖拽并发处理测试 拖拽过程中的连接操作应该被阻止或延迟","status":"passed","title":"拖拽过程中的连接操作应该被阻止或延迟","duration":0,"failureMessages":[]},{"ancestorTitles":["","拖拽状态管理测试","拖拽并发处理测试"],"fullName":" 拖拽状态管理测试 拖拽并发处理测试 同时处理多个节点拖拽应该保持状态一致","status":"passed","title":"同时处理多个节点拖拽应该保持状态一致","duration":0,"failureMessages":[]},{"ancestorTitles":["","拖拽状态管理测试","拖拽异常重置测试"],"fullName":" 拖拽状态管理测试 拖拽异常重置测试 传入无效坐标时应该使用安全默认值","status":"passed","title":"传入无效坐标时应该使用安全默认值","duration":0,"failureMessages":[]},{"ancestorTitles":["","拖拽状态管理测试","拖拽异常重置测试"],"fullName":" 拖拽状态管理测试 拖拽异常重置测试 拖拽过程中的异常应该能够恢复","status":"passed","title":"拖拽过程中的异常应该能够恢复","duration":0,"failureMessages":[]},{"ancestorTitles":["","拖拽状态管理测试","拖拽异常重置测试"],"fullName":" 拖拽状态管理测试 拖拽异常重置测试 强制重置拖拽状态应该清除所有相关状态","status":"passed","title":"强制重置拖拽状态应该清除所有相关状态","duration":0,"failureMessages":[]},{"ancestorTitles":["","拖拽状态管理测试","拖拽异常重置测试"],"fullName":" 拖拽状态管理测试 拖拽异常重置测试 拖拽状态异常时的自动恢复机制","status":"passed","title":"拖拽状态异常时的自动恢复机制","duration":0,"failureMessages":[]},{"ancestorTitles":["","拖拽状态管理测试","拖拽性能测试"],"fullName":" 拖拽状态管理测试 拖拽性能测试 大量拖拽更新不应该导致性能问题","status":"passed","title":"大量拖拽更新不应该导致性能问题","duration":1,"failureMessages":[]},{"ancestorTitles":["","拖拽状态管理测试","拖拽性能测试"],"fullName":" 拖拽状态管理测试 拖拽性能测试 拖拽状态变化应该是同步的","status":"passed","title":"拖拽状态变化应该是同步的","duration":0,"failureMessages":[]},{"ancestorTitles":["","拖拽状态管理测试","拖拽边界条件测试"],"fullName":" 拖拽状态管理测试 拖拽边界条件测试 极大坐标值应该被正确处理","status":"passed","title":"极大坐标值应该被正确处理","duration":0,"failureMessages":[]},{"ancestorTitles":["","拖拽状态管理测试","拖拽边界条件测试"],"fullName":" 拖拽状态管理测试 拖拽边界条件测试 负坐标值应该被正确处理","status":"passed","title":"负坐标值应该被正确处理","duration":1,"failureMessages":[]},{"ancestorTitles":["","拖拽状态管理测试","拖拽边界条件测试"],"fullName":" 拖拽状态管理测试 拖拽边界条件测试 零坐标值应该被正确处理","status":"passed","title":"零坐标值应该被正确处理","duration":0,"failureMessages":[]},{"ancestorTitles":["","拖拽状态管理测试","拖拽边界条件测试"],"fullName":" 拖拽状态管理测试 拖拽边界条件测试 小数坐标值应该被正确处理","status":"passed","title":"小数坐标值应该被正确处理","duration":0,"failureMessages":[]}],"startTime":1761205505152,"endTime":1761205505164,"status":"passed","message":"","name":"/Users/mac/nis_mock/data_comunity/data_comunity/src/tests/DragStateManagement.test.js"},{"assertionResults":[{"ancestorTitles":["","修复验证测试","1. 节点类型支持问题修复验证"],"fullName":" 修复验证测试 1. 节点类型支持问题修复验证 应该正确处理defaultStartNode的type和shape字段","status":"passed","title":"应该正确处理defaultStartNode的type和shape字段","duration":5,"failureMessages":[]},{"ancestorTitles":["","修复验证测试","1. 节点类型支持问题修复验证"],"fullName":" 修复验证测试 1. 节点类型支持问题修复验证 应该支持所有节点类型的创建","status":"passed","title":"应该支持所有节点类型的创建","duration":24,"failureMessages":[]},{"ancestorTitles":["","修复验证测试","2. 拖拽状态管理修复验证"],"fullName":" 修复验证测试 2. 拖拽状态管理修复验证 应该正确初始化拖拽状态","status":"passed","title":"应该正确初始化拖拽状态","duration":0,"failureMessages":[]},{"ancestorTitles":["","修复验证测试","2. 拖拽状态管理修复验证"],"fullName":" 修复验证测试 2. 拖拽状态管理修复验证 应该正确切换拖拽状态","status":"passed","title":"应该正确切换拖拽状态","duration":1,"failureMessages":[]},{"ancestorTitles":["","修复验证测试","3. Graph实例可用性修复验证"],"fullName":" 修复验证测试 3. Graph实例可用性修复验证 Graph实例应该可用且具备基本方法","status":"passed","title":"Graph实例应该可用且具备基本方法","duration":1,"failureMessages":[]},{"ancestorTitles":["","修复验证测试","3. Graph实例可用性修复验证"],"fullName":" 修复验证测试 3. Graph实例可用性修复验证 应该能够正常添加和获取节点","status":"passed","title":"应该能够正常添加和获取节点","duration":0,"failureMessages":[]},{"ancestorTitles":["","修复验证测试","4. 历史记录功能修复验证"],"fullName":" 修复验证测试 4. 历史记录功能修复验证 应该支持撤销重做功能","status":"passed","title":"应该支持撤销重做功能","duration":16,"failureMessages":[]},{"ancestorTitles":["","修复验证测试","4. 历史记录功能修复验证"],"fullName":" 修复验证测试 4. 历史记录功能修复验证 应该正确管理历史记录状态","status":"passed","title":"应该正确管理历史记录状态","duration":3,"failureMessages":[]},{"ancestorTitles":["","修复验证测试","5. 布局引擎集成修复验证"],"fullName":" 修复验证测试 5. 布局引擎集成修复验证 布局引擎应该正确初始化","status":"passed","title":"布局引擎应该正确初始化","duration":5,"failureMessages":[]},{"ancestorTitles":["","修复验证测试","5. 布局引擎集成修复验证"],"fullName":" 修复验证测试 5. 布局引擎集成修复验证 应该能够执行布局计算","status":"passed","title":"应该能够执行布局计算","duration":1,"failureMessages":[]},{"ancestorTitles":["","修复验证测试","6. 性能优化修复验证"],"fullName":" 修复验证测试 6. 性能优化修复验证 性能优化器应该可用","status":"passed","title":"性能优化器应该可用","duration":0,"failureMessages":[]},{"ancestorTitles":["","修复验证测试","6. 性能优化修复验证"],"fullName":" 修复验证测试 6. 性能优化修复验证 应该能够获取性能指标","status":"passed","title":"应该能够获取性能指标","duration":9,"failureMessages":[]},{"ancestorTitles":["","修复验证测试","7. 数据验证修复验证"],"fullName":" 修复验证测试 7. 数据验证修复验证 应该正确验证节点数据","status":"passed","title":"应该正确验证节点数据","duration":1,"failureMessages":[]},{"ancestorTitles":["","修复验证测试","7. 数据验证修复验证"],"fullName":" 修复验证测试 7. 数据验证修复验证 应该正确识别无效数据","status":"passed","title":"应该正确识别无效数据","duration":0,"failureMessages":[]},{"ancestorTitles":["","修复验证测试","集成测试"],"fullName":" 修复验证测试 集成测试 所有修复应该协同工作","status":"passed","title":"所有修复应该协同工作","duration":1,"failureMessages":[]}],"startTime":1761205507726,"endTime":1761205507794,"status":"passed","message":"","name":"/Users/mac/nis_mock/data_comunity/data_comunity/src/tests/FixVerification.test.js"},{"assertionResults":[{"ancestorTitles":["","Graph API修复测试","useCanvasNodes Graph API修复"],"fullName":" Graph API修复测试 useCanvasNodes Graph API修复 应该使用addCell而不是addNode添加节点","status":"failed","title":"应该使用addCell而不是addNode添加节点","duration":14,"failureMessages":["expected \"spy\" to be called with arguments: [ ObjectContaining{…} ]\u001b[90m\n\nReceived: \n\n\u001b[1m  1st spy call:\n\n\u001b[22m\u001b[2m  Array [\u001b[22m\n\u001b[32m-   ObjectContaining {\u001b[90m\n\u001b[31m+   Object {\u001b[90m\n\u001b[31m+     \"attrs\": Object {\u001b[90m\n\u001b[31m+       \"body\": Object {\u001b[90m\n\u001b[31m+         \"fill\": \"#5F95FF\",\u001b[90m\n\u001b[31m+         \"rx\": 50,\u001b[90m\n\u001b[31m+         \"ry\": 50,\u001b[90m\n\u001b[31m+         \"stroke\": \"#5F95FF\",\u001b[90m\n\u001b[31m+         \"strokeWidth\": 2,\u001b[90m\n\u001b[31m+       },\u001b[90m\n\u001b[31m+       \"text\": Object {\u001b[90m\n\u001b[31m+         \"fill\": \"#FFFFFF\",\u001b[90m\n\u001b[31m+         \"fontSize\": 14,\u001b[90m\n\u001b[31m+         \"fontWeight\": \"bold\",\u001b[90m\n\u001b[31m+         \"textAnchor\": \"middle\",\u001b[90m\n\u001b[31m+         \"textVerticalAnchor\": \"middle\",\u001b[90m\n\u001b[31m+       },\u001b[90m\n\u001b[31m+     },\u001b[90m\n\u001b[31m+     \"data\": Object {\u001b[90m\n\u001b[31m+       \"config\": Object {},\u001b[90m\n\u001b[31m+       \"type\": \"start\",\u001b[90m\n\u001b[31m+     },\u001b[90m\n\u001b[2m      \"height\": 80,\u001b[22m\n\u001b[32m-     \"shape\": \"circle\",\u001b[90m\n\u001b[31m+     \"id\": \"test-node-1\",\u001b[90m\n\u001b[31m+     \"label\": \"开始\",\u001b[90m\n\u001b[31m+     \"shape\": \"rect\",\u001b[90m\n\u001b[2m      \"width\": 80,\u001b[22m\n\u001b[2m      \"x\": 100,\u001b[22m\n\u001b[2m      \"y\": 100,\u001b[22m\n\u001b[2m    },\u001b[22m\n\u001b[2m  ]\u001b[22m\n\u001b[39m\u001b[90m\n\nNumber of calls: \u001b[1m1\u001b[22m\n\u001b[39m"],"location":{"line":163,"column":33}},{"ancestorTitles":["","Graph API修复测试","useCanvasNodes Graph API修复"],"fullName":" Graph API修复测试 useCanvasNodes Graph API修复 应该使用removeCell而不是removeNode删除节点","status":"passed","title":"应该使用removeCell而不是removeNode删除节点","duration":1,"failureMessages":[]},{"ancestorTitles":["","Graph API修复测试","useCanvasNodes Graph API修复"],"fullName":" Graph API修复测试 useCanvasNodes Graph API修复 添加节点失败时应该抛出正确的错误","status":"passed","title":"添加节点失败时应该抛出正确的错误","duration":1,"failureMessages":[]},{"ancestorTitles":["","Graph API修复测试","useCanvasHistory 历史记录功能修复"],"fullName":" Graph API修复测试 useCanvasHistory 历史记录功能修复 应该正确检测graph实例的历史记录功能","status":"passed","title":"应该正确检测graph实例的历史记录功能","duration":3,"failureMessages":[]},{"ancestorTitles":["","Graph API修复测试","useCanvasHistory 历史记录功能修复"],"fullName":" Graph API修复测试 useCanvasHistory 历史记录功能修复 应该正确处理ref形式的graph实例","status":"passed","title":"应该正确处理ref形式的graph实例","duration":1,"failureMessages":[]},{"ancestorTitles":["","Graph API修复测试","useCanvasHistory 历史记录功能修复"],"fullName":" Graph API修复测试 useCanvasHistory 历史记录功能修复 应该正确清空历史记录","status":"passed","title":"应该正确清空历史记录","duration":1,"failureMessages":[]},{"ancestorTitles":["","Graph API修复测试","useCanvasHistory 历史记录功能修复"],"fullName":" Graph API修复测试 useCanvasHistory 历史记录功能修复 当graph实例不存在时应该正确处理","status":"passed","title":"当graph实例不存在时应该正确处理","duration":0,"failureMessages":[]},{"ancestorTitles":["","Graph API修复测试","useCanvasHistory 历史记录功能修复"],"fullName":" Graph API修复测试 useCanvasHistory 历史记录功能修复 当history功能不存在时应该正确处理","status":"passed","title":"当history功能不存在时应该正确处理","duration":0,"failureMessages":[]},{"ancestorTitles":["","Graph API修复测试","Graph实例初始化验证"],"fullName":" Graph API修复测试 Graph实例初始化验证 Graph构造函数应该包含正确的history配置","status":"passed","title":"Graph构造函数应该包含正确的history配置","duration":1,"failureMessages":[]},{"ancestorTitles":["","Graph API修复测试","错误处理和日志记录"],"fullName":" Graph API修复测试 错误处理和日志记录 应该记录正确的成功日志","status":"passed","title":"应该记录正确的成功日志","duration":1,"failureMessages":[]},{"ancestorTitles":["","Graph API修复测试","错误处理和日志记录"],"fullName":" Graph API修复测试 错误处理和日志记录 应该记录正确的错误日志","status":"passed","title":"应该记录正确的错误日志","duration":0,"failureMessages":[]}],"startTime":1761205500647,"endTime":1761205500670,"status":"failed","message":"","name":"/Users/mac/nis_mock/data_comunity/data_comunity/src/tests/GraphAPIFix.test.js"},{"assertionResults":[{"ancestorTitles":["","节点数据验证测试","位置信息验证"],"fullName":" 节点数据验证测试 位置信息验证 应该接受有效的坐标","status":"passed","title":"应该接受有效的坐标","duration":1,"failureMessages":[]},{"ancestorTitles":["","节点数据验证测试","位置信息验证"],"fullName":" 节点数据验证测试 位置信息验证 应该拒绝无效的坐标","status":"passed","title":"应该拒绝无效的坐标","duration":1,"failureMessages":[]},{"ancestorTitles":["","节点数据验证测试","位置信息验证"],"fullName":" 节点数据验证测试 位置信息验证 应该处理边界值坐标","status":"passed","title":"应该处理边界值坐标","duration":0,"failureMessages":[]},{"ancestorTitles":["","节点数据验证测试","节点ID验证"],"fullName":" 节点数据验证测试 节点ID验证 应该接受有效的节点ID格式","status":"passed","title":"应该接受有效的节点ID格式","duration":0,"failureMessages":[]},{"ancestorTitles":["","节点数据验证测试","节点ID验证"],"fullName":" 节点数据验证测试 节点ID验证 应该拒绝无效的节点ID","status":"passed","title":"应该拒绝无效的节点ID","duration":1,"failureMessages":[]},{"ancestorTitles":["","节点数据验证测试","节点ID验证"],"fullName":" 节点数据验证测试 节点ID验证 应该确保节点ID唯一性","status":"passed","title":"应该确保节点ID唯一性","duration":0,"failureMessages":[]},{"ancestorTitles":["","节点数据验证测试","节点数据结构验证"],"fullName":" 节点数据验证测试 节点数据结构验证 应该验证完整的节点结构","status":"passed","title":"应该验证完整的节点结构","duration":0,"failureMessages":[]},{"ancestorTitles":["","节点数据验证测试","节点数据结构验证"],"fullName":" 节点数据验证测试 节点数据结构验证 应该检测缺少必需字段","status":"passed","title":"应该检测缺少必需字段","duration":0,"failureMessages":[]},{"ancestorTitles":["","节点数据验证测试","节点数据结构验证"],"fullName":" 节点数据验证测试 节点数据结构验证 应该验证数据类型","status":"passed","title":"应该验证数据类型","duration":0,"failureMessages":[]},{"ancestorTitles":["","节点数据验证测试","边界值和极端情况测试"],"fullName":" 节点数据验证测试 边界值和极端情况测试 应该处理空节点数组","status":"passed","title":"应该处理空节点数组","duration":0,"failureMessages":[]},{"ancestorTitles":["","节点数据验证测试","边界值和极端情况测试"],"fullName":" 节点数据验证测试 边界值和极端情况测试 应该处理大量节点","status":"passed","title":"应该处理大量节点","duration":1,"failureMessages":[]},{"ancestorTitles":["","节点数据验证测试","边界值和极端情况测试"],"fullName":" 节点数据验证测试 边界值和极端情况测试 应该处理超长标签","status":"passed","title":"应该处理超长标签","duration":0,"failureMessages":[]},{"ancestorTitles":["","节点数据验证测试","边界值和极端情况测试"],"fullName":" 节点数据验证测试 边界值和极端情况测试 应该处理特殊字符","status":"passed","title":"应该处理特殊字符","duration":0,"failureMessages":[]},{"ancestorTitles":["","节点数据验证测试","useCanvasNodes集成测试"],"fullName":" 节点数据验证测试 useCanvasNodes集成测试 添加节点前应该进行数据验证","status":"passed","title":"添加节点前应该进行数据验证","duration":0,"failureMessages":[]}],"startTime":1761205501442,"endTime":1761205501447,"status":"passed","message":"","name":"/Users/mac/nis_mock/data_comunity/data_comunity/src/tests/NodeDataValidation.test.js"},{"assertionResults":[{"ancestorTitles":["","节点类型支持测试","支持的节点类型"],"fullName":" 节点类型支持测试 支持的节点类型 应该支持所有预定义的节点类型","status":"passed","title":"应该支持所有预定义的节点类型","duration":2,"failureMessages":[]},{"ancestorTitles":["","节点类型支持测试","支持的节点类型"],"fullName":" 节点类型支持测试 支持的节点类型 应该为每个支持的类型提供正确的配置","status":"passed","title":"应该为每个支持的类型提供正确的配置","duration":2,"failureMessages":[]},{"ancestorTitles":["","节点类型支持测试","支持的节点类型"],"fullName":" 节点类型支持测试 支持的节点类型 应该正确映射节点类型到形状","status":"passed","title":"应该正确映射节点类型到形状","duration":1,"failureMessages":[]},{"ancestorTitles":["","节点类型支持测试","不支持的节点类型"],"fullName":" 节点类型支持测试 不支持的节点类型 应该拒绝不支持的节点类型","status":"passed","title":"应该拒绝不支持的节点类型","duration":0,"failureMessages":[]},{"ancestorTitles":["","节点类型支持测试","不支持的节点类型"],"fullName":" 节点类型支持测试 不支持的节点类型 应该为不支持的类型返回undefined配置","status":"passed","title":"应该为不支持的类型返回undefined配置","duration":0,"failureMessages":[]},{"ancestorTitles":["","节点类型支持测试","节点类型兼容性"],"fullName":" 节点类型支持测试 节点类型兼容性 应该支持大小写不敏感的类型匹配","status":"passed","title":"应该支持大小写不敏感的类型匹配","duration":0,"failureMessages":[]},{"ancestorTitles":["","节点类型支持测试","节点类型兼容性"],"fullName":" 节点类型支持测试 节点类型兼容性 应该处理带空格的类型名称","status":"passed","title":"应该处理带空格的类型名称","duration":1,"failureMessages":[]},{"ancestorTitles":["","节点类型支持测试","节点类型兼容性"],"fullName":" 节点类型支持测试 节点类型兼容性 应该支持类型别名","status":"passed","title":"应该支持类型别名","duration":0,"failureMessages":[]},{"ancestorTitles":["","节点类型支持测试","错误处理和边界情况"],"fullName":" 节点类型支持测试 错误处理和边界情况 应该处理null和undefined类型","status":"passed","title":"应该处理null和undefined类型","duration":0,"failureMessages":[]},{"ancestorTitles":["","节点类型支持测试","错误处理和边界情况"],"fullName":" 节点类型支持测试 错误处理和边界情况 应该处理非字符串类型","status":"passed","title":"应该处理非字符串类型","duration":0,"failureMessages":[]},{"ancestorTitles":["","节点类型支持测试","错误处理和边界情况"],"fullName":" 节点类型支持测试 错误处理和边界情况 应该处理空字符串","status":"passed","title":"应该处理空字符串","duration":0,"failureMessages":[]},{"ancestorTitles":["","节点类型支持测试","错误处理和边界情况"],"fullName":" 节点类型支持测试 错误处理和边界情况 应该处理超长字符串","status":"passed","title":"应该处理超长字符串","duration":0,"failureMessages":[]},{"ancestorTitles":["","节点类型支持测试","错误处理和边界情况"],"fullName":" 节点类型支持测试 错误处理和边界情况 应该处理特殊字符","status":"passed","title":"应该处理特殊字符","duration":0,"failureMessages":[]},{"ancestorTitles":["","节点类型支持测试","节点端口配置"],"fullName":" 节点类型支持测试 节点端口配置 开始节点应该只有输出端口","status":"passed","title":"开始节点应该只有输出端口","duration":1,"failureMessages":[]},{"ancestorTitles":["","节点类型支持测试","节点端口配置"],"fullName":" 节点类型支持测试 节点端口配置 结束节点应该只有输入端口","status":"passed","title":"结束节点应该只有输入端口","duration":0,"failureMessages":[]},{"ancestorTitles":["","节点类型支持测试","节点端口配置"],"fullName":" 节点类型支持测试 节点端口配置 中间节点应该有输入和输出端口","status":"passed","title":"中间节点应该有输入和输出端口","duration":0,"failureMessages":[]}],"startTime":1761205507074,"endTime":1761205507082,"status":"passed","message":"","name":"/Users/mac/nis_mock/data_comunity/data_comunity/src/tests/NodeTypeSupport.test.js"},{"assertionResults":[{"ancestorTitles":["","QueryModePanel.vue","组件渲染"],"fullName":" QueryModePanel.vue 组件渲染 正确渲染查询模式面板","status":"failed","title":"正确渲染查询模式面板","duration":71,"failureMessages":["expected '通过可视化画布查询和分析任务流程数据' to be '任务流程查询和画布预览功能' // Object.is equality"],"location":{"line":90,"column":57}},{"ancestorTitles":["","QueryModePanel.vue","组件渲染"],"fullName":" QueryModePanel.vue 组件渲染 渲染查询控制区域","status":"passed","title":"渲染查询控制区域","duration":13,"failureMessages":[]},{"ancestorTitles":["","QueryModePanel.vue","组件渲染"],"fullName":" QueryModePanel.vue 组件渲染 渲染查询条件输入框","status":"failed","title":"渲染查询条件输入框","duration":10,"failureMessages":["expected false to be true // Object.is equality"],"location":{"line":104,"column":36}},{"ancestorTitles":["","QueryModePanel.vue","组件渲染"],"fullName":" QueryModePanel.vue 组件渲染 渲染节点类型筛选区域","status":"failed","title":"渲染节点类型筛选区域","duration":9,"failureMessages":["expected false to be true // Object.is equality"],"location":{"line":111,"column":59}},{"ancestorTitles":["","QueryModePanel.vue","组件渲染"],"fullName":" QueryModePanel.vue 组件渲染 渲染查询结果展示区域","status":"failed","title":"渲染查询结果展示区域","duration":7,"failureMessages":["expected false to be true // Object.is equality"],"location":{"line":120,"column":66}},{"ancestorTitles":["","QueryModePanel.vue","查询参数控制"],"fullName":" QueryModePanel.vue 查询参数控制 默认查询参数正确","status":"failed","title":"默认查询参数正确","duration":16,"failureMessages":["expected undefined to be '' // Object.is equality"],"location":{"line":131,"column":38}},{"ancestorTitles":["","QueryModePanel.vue","查询参数控制"],"fullName":" QueryModePanel.vue 查询参数控制 任务类型选择器包含所有选项","status":"failed","title":"任务类型选择器包含所有选项","duration":9,"failureMessages":["expected 0 to be greater than 0"],"location":{"line":144,"column":32}},{"ancestorTitles":["","QueryModePanel.vue","查询参数控制"],"fullName":" QueryModePanel.vue 查询参数控制 状态选择器包含所有选项","status":"failed","title":"状态选择器包含所有选项","duration":7,"failureMessages":["expected 0 to be greater than 0"],"location":{"line":154,"column":32}},{"ancestorTitles":["","QueryModePanel.vue","查询参数控制"],"fullName":" QueryModePanel.vue 查询参数控制 节点类型筛选器正确渲染","status":"failed","title":"节点类型筛选器正确渲染","duration":13,"failureMessages":["expected false to be true // Object.is equality"],"location":{"line":162,"column":40}},{"ancestorTitles":["","QueryModePanel.vue","查询功能"],"fullName":" QueryModePanel.vue 查询功能 执行基本查询","status":"passed","title":"执行基本查询","duration":6,"failureMessages":[]},{"ancestorTitles":["","QueryModePanel.vue","查询功能"],"fullName":" QueryModePanel.vue 查询功能 按关键词筛选任务","status":"failed","title":"按关键词筛选任务","duration":3,"failureMessages":["vm.filterTasksByKeyword is not a function"],"location":{"line":194,"column":27}},{"ancestorTitles":["","QueryModePanel.vue","查询功能"],"fullName":" QueryModePanel.vue 查询功能 按任务类型筛选任务","status":"failed","title":"按任务类型筛选任务","duration":2,"failureMessages":["vm.filterTasksByType is not a function"],"location":{"line":208,"column":27}},{"ancestorTitles":["","QueryModePanel.vue","查询功能"],"fullName":" QueryModePanel.vue 查询功能 按任务状态筛选任务","status":"failed","title":"按任务状态筛选任务","duration":10,"failureMessages":["vm.filterTasksByStatus is not a function"],"location":{"line":222,"column":27}},{"ancestorTitles":["","QueryModePanel.vue","查询功能"],"fullName":" QueryModePanel.vue 查询功能 按节点类型筛选任务","status":"failed","title":"按节点类型筛选任务","duration":2,"failureMessages":["vm.filterTasksByNodeTypes is not a function"],"location":{"line":245,"column":27}},{"ancestorTitles":["","QueryModePanel.vue","查询功能"],"fullName":" QueryModePanel.vue 查询功能 组合条件筛选任务","status":"passed","title":"组合条件筛选任务","duration":5,"failureMessages":[]},{"ancestorTitles":["","QueryModePanel.vue","查询结果展示"],"fullName":" QueryModePanel.vue 查询结果展示 正确显示查询结果数量","status":"passed","title":"正确显示查询结果数量","duration":11,"failureMessages":[]},{"ancestorTitles":["","QueryModePanel.vue","查询结果展示"],"fullName":" QueryModePanel.vue 查询结果展示 查询结果表格包含正确的列","status":"failed","title":"查询结果表格包含正确的列","duration":4,"failureMessages":["Cannot read properties of undefined (reading 'forEach')"],"location":{"line":286,"column":29}},{"ancestorTitles":["","QueryModePanel.vue","查询结果展示"],"fullName":" QueryModePanel.vue 查询结果展示 显示空结果提示","status":"passed","title":"显示空结果提示","duration":2,"failureMessages":[]},{"ancestorTitles":["","QueryModePanel.vue","画布预览功能"],"fullName":" QueryModePanel.vue 画布预览功能 点击预览按钮打开画布预览","status":"failed","title":"点击预览按钮打开画布预览","duration":1,"failureMessages":["vm.previewCanvas is not a function"],"location":{"line":321,"column":16}},{"ancestorTitles":["","QueryModePanel.vue","画布预览功能"],"fullName":" QueryModePanel.vue 画布预览功能 关闭画布预览","status":"failed","title":"关闭画布预览","duration":2,"failureMessages":["vm.closePreview is not a function"],"location":{"line":332,"column":10}},{"ancestorTitles":["","QueryModePanel.vue","画布预览功能"],"fullName":" QueryModePanel.vue 画布预览功能 预览模态框正确渲染","status":"failed","title":"预览模态框正确渲染","duration":2,"failureMessages":["expected false to be true // Object.is equality"],"location":{"line":349,"column":30}},{"ancestorTitles":["","QueryModePanel.vue","用户交互"],"fullName":" QueryModePanel.vue 用户交互 输入关键词触发搜索","status":"failed","title":"输入关键词触发搜索","duration":9,"failureMessages":["Cannot call setValue on an empty VueWrapper."],"location":{"line":1574,"column":27}},{"ancestorTitles":["","QueryModePanel.vue","用户交互"],"fullName":" QueryModePanel.vue 用户交互 点击搜索按钮执行查询","status":"failed","title":"点击搜索按钮执行查询","duration":3,"failureMessages":["expected \"executeQuery\" to be called at least once"],"location":{"line":382,"column":31}},{"ancestorTitles":["","QueryModePanel.vue","用户交互"],"fullName":" QueryModePanel.vue 用户交互 点击重置按钮清空查询条件","status":"failed","title":"点击重置按钮清空查询条件","duration":3,"failureMessages":["expected '测试' to be '' // Object.is equality"],"location":{"line":395,"column":38}},{"ancestorTitles":["","QueryModePanel.vue","用户交互"],"fullName":" QueryModePanel.vue 用户交互 选择节点类型筛选器","status":"failed","title":"选择节点类型筛选器","duration":2,"failureMessages":["expected [] to deeply equal [ 'input', 'process' ]"],"location":{"line":406,"column":40}},{"ancestorTitles":["","QueryModePanel.vue","数据导出功能"],"fullName":" QueryModePanel.vue 数据导出功能 导出查询结果","status":"failed","title":"导出查询结果","duration":2,"failureMessages":["exportResults does not exist"],"location":{"line":422,"column":28}},{"ancestorTitles":["","QueryModePanel.vue","数据导出功能"],"fullName":" QueryModePanel.vue 数据导出功能 导出空结果时显示警告","status":"failed","title":"导出空结果时显示警告","duration":1,"failureMessages":["vm.exportResults is not a function"],"location":{"line":433,"column":16}},{"ancestorTitles":["","QueryModePanel.vue","工具函数"],"fullName":" QueryModePanel.vue 工具函数 正确格式化时间","status":"failed","title":"正确格式化时间","duration":2,"failureMessages":["vm.formatTime is not a function"],"location":{"line":449,"column":28}},{"ancestorTitles":["","QueryModePanel.vue","工具函数"],"fullName":" QueryModePanel.vue 工具函数 正确获取状态标签颜色","status":"failed","title":"正确获取状态标签颜色","duration":2,"failureMessages":["expected 'blue' to be 'gray' // Object.is equality"],"location":{"line":456,"column":42}},{"ancestorTitles":["","QueryModePanel.vue","工具函数"],"fullName":" QueryModePanel.vue 工具函数 正确获取状态文本","status":"failed","title":"正确获取状态文本","duration":4,"failureMessages":["expected '未知' to be '错误' // Object.is equality"],"location":{"line":468,"column":41}},{"ancestorTitles":["","QueryModePanel.vue","工具函数"],"fullName":" QueryModePanel.vue 工具函数 正确统计节点类型","status":"failed","title":"正确统计节点类型","duration":2,"failureMessages":["vm.getNodeTypeCounts is not a function"],"location":{"line":482,"column":33}},{"ancestorTitles":["","QueryModePanel.vue","边界情况和异常处理"],"fullName":" QueryModePanel.vue 边界情况和异常处理 处理空查询结果","status":"failed","title":"处理空查询结果","duration":2,"failureMessages":["expected undefined to be true // Object.is equality"],"location":{"line":500,"column":30}},{"ancestorTitles":["","QueryModePanel.vue","边界情况和异常处理"],"fullName":" QueryModePanel.vue 边界情况和异常处理 处理数据获取异常","status":"passed","title":"处理数据获取异常","duration":3,"failureMessages":[]},{"ancestorTitles":["","QueryModePanel.vue","边界情况和异常处理"],"fullName":" QueryModePanel.vue 边界情况和异常处理 处理缺失canvasData的任务","status":"failed","title":"处理缺失canvasData的任务","duration":1,"failureMessages":["vm.filterTasksByNodeTypes is not a function"],"location":{"line":524,"column":27}},{"ancestorTitles":["","QueryModePanel.vue","边界情况和异常处理"],"fullName":" QueryModePanel.vue 边界情况和异常处理 处理无效的查询参数","status":"passed","title":"处理无效的查询参数","duration":0,"failureMessages":[]},{"ancestorTitles":["","QueryModePanel.vue","性能测试"],"fullName":" QueryModePanel.vue 性能测试 处理大量查询结果时性能正常","status":"failed","title":"处理大量查询结果时性能正常","duration":3,"failureMessages":["expected 0 to be greater than 0"],"location":{"line":566,"column":38}}],"startTime":1761205471192,"endTime":1761205471438,"status":"failed","message":"","name":"/Users/mac/nis_mock/data_comunity/data_comunity/src/tests/QueryModePanel.test.js"},{"assertionResults":[{"ancestorTitles":["","简化修复验证测试","1. X6 Graph API修复验证"],"fullName":" 简化修复验证测试 1. X6 Graph API修复验证 应该使用addCell而不是addNode","status":"passed","title":"应该使用addCell而不是addNode","duration":6,"failureMessages":[]},{"ancestorTitles":["","简化修复验证测试","1. X6 Graph API修复验证"],"fullName":" 简化修复验证测试 1. X6 Graph API修复验证 应该使用removeCell而不是removeNode","status":"passed","title":"应该使用removeCell而不是removeNode","duration":1,"failureMessages":[]},{"ancestorTitles":["","简化修复验证测试","2. 历史记录功能修复验证"],"fullName":" 简化修复验证测试 2. 历史记录功能修复验证 Graph实例应该启用历史记录","status":"passed","title":"Graph实例应该启用历史记录","duration":1,"failureMessages":[]},{"ancestorTitles":["","简化修复验证测试","3. 节点类型处理修复验证"],"fullName":" 简化修复验证测试 3. 节点类型处理修复验证 节点应该保持type字段不被shape覆盖","status":"passed","title":"节点应该保持type字段不被shape覆盖","duration":0,"failureMessages":[]},{"ancestorTitles":["","简化修复验证测试","4. Vue事件声明修复验证"],"fullName":" 简化修复验证测试 4. Vue事件声明修复验证 canvas-translate事件应该在预期事件列表中","status":"passed","title":"canvas-translate事件应该在预期事件列表中","duration":1,"failureMessages":[]},{"ancestorTitles":["","简化修复验证测试","5. 综合修复验证"],"fullName":" 简化修复验证测试 5. 综合修复验证 所有关键修复应该协同工作","status":"passed","title":"所有关键修复应该协同工作","duration":0,"failureMessages":[]}],"startTime":1761205511092,"endTime":1761205511101,"status":"passed","message":"","name":"/Users/mac/nis_mock/data_comunity/data_comunity/src/tests/SimpleFixVerification.test.js"},{"assertionResults":[],"startTime":1761205459144,"endTime":1761205459144,"status":"failed","message":"Failed to resolve import \"@/utils/CoordinateSystemManager.js\" from \"src/examples/SnapCoordinateSystemExample.js\". Does the file exist?","name":"/Users/mac/nis_mock/data_comunity/data_comunity/src/tests/SnapCoordinateSystem.test.js"},{"assertionResults":[{"ancestorTitles":["","状态管理测试","接口完整性测试"],"fullName":" 状态管理测试 接口完整性测试 应该提供所有必需的状态管理接口","status":"passed","title":"应该提供所有必需的状态管理接口","duration":2,"failureMessages":[]},{"ancestorTitles":["","状态管理测试","接口完整性测试"],"fullName":" 状态管理测试 接口完整性测试 所有方法应该是函数类型","status":"passed","title":"所有方法应该是函数类型","duration":0,"failureMessages":[]},{"ancestorTitles":["","状态管理测试","接口完整性测试"],"fullName":" 状态管理测试 接口完整性测试 初始状态应该正确","status":"passed","title":"初始状态应该正确","duration":1,"failureMessages":[]},{"ancestorTitles":["","状态管理测试","选择状态管理测试"],"fullName":" 状态管理测试 选择状态管理测试 应该能够选择单个节点","status":"passed","title":"应该能够选择单个节点","duration":1,"failureMessages":[]},{"ancestorTitles":["","状态管理测试","选择状态管理测试"],"fullName":" 状态管理测试 选择状态管理测试 应该能够选择多个节点","status":"passed","title":"应该能够选择多个节点","duration":0,"failureMessages":[]},{"ancestorTitles":["","状态管理测试","选择状态管理测试"],"fullName":" 状态管理测试 选择状态管理测试 应该能够清除选择","status":"passed","title":"应该能够清除选择","duration":1,"failureMessages":[]},{"ancestorTitles":["","状态管理测试","选择状态管理测试"],"fullName":" 状态管理测试 选择状态管理测试 重复选择同一节点应该保持唯一性","status":"passed","title":"重复选择同一节点应该保持唯一性","duration":0,"failureMessages":[]},{"ancestorTitles":["","状态管理测试","选择状态管理测试"],"fullName":" 状态管理测试 选择状态管理测试 选择空数组应该清除所有选择","status":"passed","title":"选择空数组应该清除所有选择","duration":0,"failureMessages":[]},{"ancestorTitles":["","状态管理测试","拖拽状态管理测试"],"fullName":" 状态管理测试 拖拽状态管理测试 应该能够开始拖拽","status":"passed","title":"应该能够开始拖拽","duration":1,"failureMessages":[]},{"ancestorTitles":["","状态管理测试","拖拽状态管理测试"],"fullName":" 状态管理测试 拖拽状态管理测试 应该能够更新拖拽位置","status":"passed","title":"应该能够更新拖拽位置","duration":0,"failureMessages":[]},{"ancestorTitles":["","状态管理测试","拖拽状态管理测试"],"fullName":" 状态管理测试 拖拽状态管理测试 应该能够结束拖拽","status":"passed","title":"应该能够结束拖拽","duration":1,"failureMessages":[]},{"ancestorTitles":["","状态管理测试","拖拽状态管理测试"],"fullName":" 状态管理测试 拖拽状态管理测试 未开始拖拽时更新位置应该无效","status":"passed","title":"未开始拖拽时更新位置应该无效","duration":0,"failureMessages":[]},{"ancestorTitles":["","状态管理测试","连接状态管理测试"],"fullName":" 状态管理测试 连接状态管理测试 应该能够开始连接","status":"passed","title":"应该能够开始连接","duration":0,"failureMessages":[]},{"ancestorTitles":["","状态管理测试","连接状态管理测试"],"fullName":" 状态管理测试 连接状态管理测试 应该能够结束连接","status":"passed","title":"应该能够结束连接","duration":0,"failureMessages":[]},{"ancestorTitles":["","状态管理测试","连接状态管理测试"],"fullName":" 状态管理测试 连接状态管理测试 应该能够取消连接","status":"passed","title":"应该能够取消连接","duration":0,"failureMessages":[]},{"ancestorTitles":["","状态管理测试","异常处理测试"],"fullName":" 状态管理测试 异常处理测试 选择无效节点ID应该被忽略","status":"passed","title":"选择无效节点ID应该被忽略","duration":0,"failureMessages":[]},{"ancestorTitles":["","状态管理测试","异常处理测试"],"fullName":" 状态管理测试 异常处理测试 选择包含无效ID的数组应该过滤无效值","status":"passed","title":"选择包含无效ID的数组应该过滤无效值","duration":0,"failureMessages":[]},{"ancestorTitles":["","状态管理测试","异常处理测试"],"fullName":" 状态管理测试 异常处理测试 拖拽时传入无效坐标应该使用默认值","status":"passed","title":"拖拽时传入无效坐标应该使用默认值","duration":0,"failureMessages":[]},{"ancestorTitles":["","状态管理测试","异常处理测试"],"fullName":" 状态管理测试 异常处理测试 连接时传入无效节点应该被忽略","status":"passed","title":"连接时传入无效节点应该被忽略","duration":1,"failureMessages":[]},{"ancestorTitles":["","状态管理测试","异常处理测试"],"fullName":" 状态管理测试 异常处理测试 状态重置应该恢复到初始状态","status":"passed","title":"状态重置应该恢复到初始状态","duration":0,"failureMessages":[]},{"ancestorTitles":["","状态管理测试","状态一致性测试"],"fullName":" 状态管理测试 状态一致性测试 同时进行多个操作应该保持状态一致性","status":"passed","title":"同时进行多个操作应该保持状态一致性","duration":0,"failureMessages":[]},{"ancestorTitles":["","状态管理测试","状态一致性测试"],"fullName":" 状态管理测试 状态一致性测试 结束拖拽不应该影响选择状态","status":"passed","title":"结束拖拽不应该影响选择状态","duration":1,"failureMessages":[]},{"ancestorTitles":["","状态管理测试","状态一致性测试"],"fullName":" 状态管理测试 状态一致性测试 开始新连接应该取消旧连接","status":"passed","title":"开始新连接应该取消旧连接","duration":0,"failureMessages":[]}],"startTime":1761205467146,"endTime":1761205467158,"status":"passed","message":"","name":"/Users/mac/nis_mock/data_comunity/data_comunity/src/tests/StateManagement.test.js"},{"assertionResults":[{"ancestorTitles":["","StatisticsModePanel.vue","组件渲染"],"fullName":" StatisticsModePanel.vue 组件渲染 正确渲染统计模式面板","status":"passed","title":"正确渲染统计模式面板","duration":158,"failureMessages":[]},{"ancestorTitles":["","StatisticsModePanel.vue","组件渲染"],"fullName":" StatisticsModePanel.vue 组件渲染 渲染统计控制区域","status":"passed","title":"渲染统计控制区域","duration":59,"failureMessages":[]},{"ancestorTitles":["","StatisticsModePanel.vue","组件渲染"],"fullName":" StatisticsModePanel.vue 组件渲染 渲染概览统计卡片","status":"failed","title":"渲染概览统计卡片","duration":17,"failureMessages":["expected [] to have a length of 4 but got +0"],"location":{"line":118,"column":26}},{"ancestorTitles":["","StatisticsModePanel.vue","组件渲染"],"fullName":" StatisticsModePanel.vue 组件渲染 渲染详细统计表格","status":"failed","title":"渲染详细统计表格","duration":10,"failureMessages":["expected [] to have a length of 3 but got +0"],"location":{"line":128,"column":24}},{"ancestorTitles":["","StatisticsModePanel.vue","统计参数控制"],"fullName":" StatisticsModePanel.vue 统计参数控制 默认统计参数正确","status":"passed","title":"默认统计参数正确","duration":54,"failureMessages":[]},{"ancestorTitles":["","StatisticsModePanel.vue","统计参数控制"],"fullName":" StatisticsModePanel.vue 统计参数控制 统计维度选择器包含所有选项","status":"failed","title":"统计维度选择器包含所有选项","durati
[...]
":[]},{"ancestorTitles":["","GraphService 边界情况和异常处理测试","数据类型异常处理测试"],"fullName":" GraphService 边界情况和异常处理测试 数据类型异常处理测试 应该处理布尔类型的节点数据","status":"passed","title":"应该处理布尔类型的节点数据","duration":0,"failureMessages":[]},{"ancestorTitles":["","GraphService 边界情况和异常处理测试","数据类型异常处理测试"],"fullName":" GraphService 边界情况和异常处理测试 数据类型异常处理测试 应该处理数组类型的节点数据","status":"failed","title":"应该处理数组类型的节点数据","duration":1,"failureMessages":["expected [Function] to throw error including '节点数据无效：不能是数组类型' but got '节点数据必须是对象类型'"]},{"ancestorTitles":["","GraphService 边界情况和异常处理测试","数据类型异常处理测试"],"fullName":" GraphService 边界情况和异常处理测试 数据类型异常处理测试 应该处理函数类型的节点数据","status":"passed","title":"应该处理函数类型的节点数据","duration":0,"failureMessages":[]},{"ancestorTitles":["","GraphService 边界情况和异常处理测试","节点ID异常处理测试"],"fullName":" GraphService 边界情况和异常处理测试 节点ID异常处理测试 应该处理缺少id字段的节点数据","status":"passed","title":"应该处理缺少id字段的节点数据","duration":5,"failureMessages":[]},{"ancestorTitles":["","GraphService 边界情况和异常处理测试","节点ID异常处理测试"],"fullName":" GraphService 边界情况和异常处理测试 节点ID异常处理测试 应该处理id为空字符串的节点数据","status":"failed","title":"应该处理id为空字符串的节点数据","duration":3,"failureMessages":["promise resolved \"{ success: true, …(2) }\" instead of rejecting"],"location":{"line":183,"column":54}},{"ancestorTitles":["","GraphService 边界情况和异常处理测试","节点ID异常处理测试"],"fullName":" GraphService 边界情况和异常处理测试 节点ID异常处理测试 应该处理id为空白字符串的节点数据","status":"passed","title":"应该处理id为空白字符串的节点数据","duration":1,"failureMessages":[]},{"ancestorTitles":["","GraphService 边界情况和异常处理测试","节点ID异常处理测试"],"fullName":" GraphService 边界情况和异常处理测试 节点ID异常处理测试 应该处理id为数字类型的节点数据","status":"passed","title":"应该处理id为数字类型的节点数据","duration":1,"failureMessages":[]},{"ancestorTitles":["","GraphService 边界情况和异常处理测试","节点ID异常处理测试"],"fullName":" GraphService 边界情况和异常处理测试 节点ID异常处理测试 应该处理id为对象类型的节点数据","status":"passed","title":"应该处理id为对象类型的节点数据","duration":0,"failureMessages":[]},{"ancestorTitles":["","GraphService 边界情况和异常处理测试","坐标数据异常处理测试"],"fullName":" GraphService 边界情况和异常处理测试 坐标数据异常处理测试 应该处理x坐标为字符串的情况","status":"passed","title":"应该处理x坐标为字符串的情况","duration":1,"failureMessages":[]},{"ancestorTitles":["","GraphService 边界情况和异常处理测试","坐标数据异常处理测试"],"fullName":" GraphService 边界情况和异常处理测试 坐标数据异常处理测试 应该处理y坐标为字符串的情况","status":"passed","title":"应该处理y坐标为字符串的情况","duration":1,"failureMessages":[]},{"ancestorTitles":["","GraphService 边界情况和异常处理测试","坐标数据异常处理测试"],"fullName":" GraphService 边界情况和异常处理测试 坐标数据异常处理测试 应该处理x坐标为NaN的情况","status":"failed","title":"应该处理x坐标为NaN的情况","duration":0,"failureMessages":["expected [Function] to throw error including '节点数据无效：x坐标必须为有效数字' but got '节点数据无效：x坐标必须为数字类型，实际为object'"]},{"ancestorTitles":["","GraphService 边界情况和异常处理测试","坐标数据异常处理测试"],"fullName":" GraphService 边界情况和异常处理测试 坐标数据异常处理测试 应该处理y坐标为Infinity的情况","status":"failed","title":"应该处理y坐标为Infinity的情况","duration":2,"failureMessages":["expected [Function] to throw error including '节点数据无效：y坐标必须为有效数字' but got '节点数据无效：y坐标必须为数字类型，实际为object'"]},{"ancestorTitles":["","GraphService 边界情况和异常处理测试","尺寸数据异常处理测试"],"fullName":" GraphService 边界情况和异常处理测试 尺寸数据异常处理测试 应该处理width为字符串的情况","status":"passed","title":"应该处理width为字符串的情况","duration":0,"failureMessages":[]},{"ancestorTitles":["","GraphService 边界情况和异常处理测试","尺寸数据异常处理测试"],"fullName":" GraphService 边界情况和异常处理测试 尺寸数据异常处理测试 应该处理height为负数的情况","status":"passed","title":"应该处理height为负数的情况","duration":1,"failureMessages":[]},{"ancestorTitles":["","GraphService 边界情况和异常处理测试","尺寸数据异常处理测试"],"fullName":" GraphService 边界情况和异常处理测试 尺寸数据异常处理测试 应该处理width为0的情况","status":"failed","title":"应该处理width为0的情况","duration":1,"failureMessages":["promise resolved \"{ success: true, …(2) }\" instead of rejecting"],"location":{"line":320,"column":56}},{"ancestorTitles":["","GraphService 边界情况和异常处理测试","尺寸数据异常处理测试"],"fullName":" GraphService 边界情况和异常处理测试 尺寸数据异常处理测试 应该处理height为NaN的情况","status":"failed","title":"应该处理height为NaN的情况","duration":1,"failureMessages":["promise resolved \"{ success: true, …(2) }\" instead of rejecting"],"location":{"line":335,"column":56}},{"ancestorTitles":["","GraphService 边界情况和异常处理测试","错误信息增强测试"],"fullName":" GraphService 边界情况和异常处理测试 错误信息增强测试 应该提供详细的错误调试信息","status":"passed","title":"应该提供详细的错误调试信息","duration":0,"failureMessages":[]},{"ancestorTitles":["","GraphService 边界情况和异常处理测试","错误信息增强测试"],"fullName":" GraphService 边界情况和异常处理测试 错误信息增强测试 应该为不同类型的错误提供相应的修复建议","status":"passed","title":"应该为不同类型的错误提供相应的修复建议","duration":1,"failureMessages":[]},{"ancestorTitles":["","GraphService 边界情况和异常处理测试","错误信息增强测试"],"fullName":" GraphService 边界情况和异常处理测试 错误信息增强测试 应该为节点数据提供特殊的调试信息","status":"passed","title":"应该为节点数据提供特殊的调试信息","duration":1,"failureMessages":[]},{"ancestorTitles":["","GraphService 边界情况和异常处理测试","服务状态异常处理测试"],"fullName":" GraphService 边界情况和异常处理测试 服务状态异常处理测试 应该处理服务被禁用的情况","status":"passed","title":"应该处理服务被禁用的情况","duration":1,"failureMessages":[]},{"ancestorTitles":["","GraphService 边界情况和异常处理测试","服务状态异常处理测试"],"fullName":" GraphService 边界情况和异常处理测试 服务状态异常处理测试 应该处理图实例不存在的情况","status":"failed","title":"应该处理图实例不存在的情况","duration":1,"failureMessages":["promise resolved \"{ success: true, …(2) }\" instead of rejecting"],"location":{"line":426,"column":10}},{"ancestorTitles":["","GraphService 边界情况和异常处理测试","服务状态异常处理测试"],"fullName":" GraphService 边界情况和异常处理测试 服务状态异常处理测试 应该处理验证被禁用的情况","status":"failed","title":"应该处理验证被禁用的情况","duration":1,"failureMessages":["节点数据必须是对象类型"],"location":{"line":282,"column":27}},{"ancestorTitles":["","GraphService 边界情况和异常处理测试","复杂异常场景测试"],"fullName":" GraphService 边界情况和异常处理测试 复杂异常场景测试 应该处理同时包含多种错误的节点数据","status":"passed","title":"应该处理同时包含多种错误的节点数据","duration":10,"failureMessages":[]},{"ancestorTitles":["","GraphService 边界情况和异常处理测试","复杂异常场景测试"],"fullName":" GraphService 边界情况和异常处理测试 复杂异常场景测试 应该处理嵌套对象中的异常数据","status":"passed","title":"应该处理嵌套对象中的异常数据","duration":0,"failureMessages":[]},{"ancestorTitles":["","GraphService 边界情况和异常处理测试","复杂异常场景测试"],"fullName":" GraphService 边界情况和异常处理测试 复杂异常场景测试 应该处理循环引用的节点数据","status":"failed","title":"应该处理循环引用的节点数据","duration":1,"failureMessages":["Converting circular structure to JSON\n    --> starting at object with constructor 'Object'\n    --- property 'self' closes the circle"],"location":{"line":282,"column":27}}],"startTime":1761205477503,"endTime":1761205477565,"status":"failed","message":"","name":"/Users/mac/nis_mock/data_comunity/data_comunity/src/tests/marketing/services/GraphService.edge-cases.test.js"},{"assertionResults":[{"ancestorTitles":["","GraphService 节点数据验证测试","validateNodeData 方法测试"],"fullName":" GraphService 节点数据验证测试 validateNodeData 方法测试 应该接受有效的节点数据","status":"passed","title":"应该接受有效的节点数据","duration":3,"failureMessages":[]},{"ancestorTitles":["","GraphService 节点数据验证测试","validateNodeData 方法测试"],"fullName":" GraphService 节点数据验证测试 validateNodeData 方法测试 应该拒绝 null 数据","status":"passed","title":"应该拒绝 null 数据","duration":1,"failureMessages":[]},{"ancestorTitles":["","GraphService 节点数据验证测试","validateNodeData 方法测试"],"fullName":" GraphService 节点数据验证测试 validateNodeData 方法测试 应该拒绝 undefined 数据","status":"passed","title":"应该拒绝 undefined 数据","duration":0,"failureMessages":[]},{"ancestorTitles":["","GraphService 节点数据验证测试","validateNodeData 方法测试"],"fullName":" GraphService 节点数据验证测试 validateNodeData 方法测试 应该拒绝非对象类型数据","status":"passed","title":"应该拒绝非对象类型数据","duration":0,"failureMessages":[]},{"ancestorTitles":["","GraphService 节点数据验证测试","validateNodeData 方法测试"],"fullName":" GraphService 节点数据验证测试 validateNodeData 方法测试 应该拒绝数组类型数据","status":"passed","title":"应该拒绝数组类型数据","duration":1,"failureMessages":[]},{"ancestorTitles":["","GraphService 节点数据验证测试","validateNodeData 方法测试"],"fullName":" GraphService 节点数据验证测试 validateNodeData 方法测试 应该要求必需的 id 字段","status":"passed","title":"应该要求必需的 id 字段","duration":1,"failureMessages":[]},{"ancestorTitles":["","GraphService 节点数据验证测试","validateNodeData 方法测试"],"fullName":" GraphService 节点数据验证测试 validateNodeData 方法测试 应该要求 id 为非空字符串","status":"passed","title":"应该要求 id 为非空字符串","duration":0,"failureMessages":[]},{"ancestorTitles":["","GraphService 节点数据验证测试","validateNodeData 方法测试"],"fullName":" GraphService 节点数据验证测试 validateNodeData 方法测试 应该要求必需的 type 字段","status":"passed","title":"应该要求必需的 type 字段","duration":0,"failureMessages":[]},{"ancestorTitles":["","GraphService 节点数据验证测试","validateNodeData 方法测试"],"fullName":" GraphService 节点数据验证测试 validateNodeData 方法测试 应该要求 type 为非空字符串","status":"passed","title":"应该要求 type 为非空字符串","duration":1,"failureMessages":[]},{"ancestorTitles":["","GraphService 节点数据验证测试","validateNodeData 方法测试"],"fullName":" GraphService 节点数据验证测试 validateNodeData 方法测试 应该验证位置信息","status":"passed","title":"应该验证位置信息","duration":0,"failureMessages":[]},{"ancestorTitles":["","GraphService 节点数据验证测试","validateNodeData 方法测试"],"fullName":" GraphService 节点数据验证测试 validateNodeData 方法测试 应该验证直接坐标字段","status":"passed","title":"应该验证直接坐标字段","duration":0,"failureMessages":[]},{"ancestorTitles":["","GraphService 节点数据验证测试","validateNodeData 方法测试"],"fullName":" GraphService 节点数据验证测试 validateNodeData 方法测试 应该验证尺寸信息","status":"passed","title":"应该验证尺寸信息","duration":1,"failureMessages":[]},{"ancestorTitles":["","GraphService 节点数据验证测试","addNode 方法边界情况测试"],"fullName":" GraphService 节点数据验证测试 addNode 方法边界情况测试 应该处理 null 节点数据","status":"passed","title":"应该处理 null 节点数据","duration":12,"failureMessages":[]},{"ancestorTitles":["","GraphService 节点数据验证测试","addNode 方法边界情况测试"],"fullName":" GraphService 节点数据验证测试 addNode 方法边界情况测试 应该处理 undefined 节点数据","status":"passed","title":"应该处理 undefined 节点数据","duration":3,"failureMessages":[]},{"ancestorTitles":["","GraphService 节点数据验证测试","addNode 方法边界情况测试"],"fullName":" GraphService 节点数据验证测试 addNode 方法边界情况测试 应该处理非对象节点数据","status":"passed","title":"应该处理非对象节点数据","duration":3,"failureMessages":[]},{"ancestorTitles":["","GraphService 节点数据验证测试","addNode 方法边界情况测试"],"fullName":" GraphService 节点数据验证测试 addNode 方法边界情况测试 应该处理缺少必需字段的节点数据","status":"passed","title":"应该处理缺少必需字段的节点数据","duration":10,"failureMessages":[]},{"ancestorTitles":["","GraphService 节点数据验证测试","addNode 方法边界情况测试"],"fullName":" GraphService 节点数据验证测试 addNode 方法边界情况测试 应该通过预处理修复部分缺失的数据","status":"passed","title":"应该通过预处理修复部分缺失的数据","duration":4,"failureMessages":[]},{"ancestorTitles":["","GraphService 节点数据验证测试","addNode 方法边界情况测试"],"fullName":" GraphService 节点数据验证测试 addNode 方法边界情况测试 应该生成缺失的节点 ID","status":"passed","title":"应该生成缺失的节点 ID","duration":2,"failureMessages":[]},{"ancestorTitles":["","GraphService 节点数据验证测试","addNode 方法边界情况测试"],"fullName":" GraphService 节点数据验证测试 addNode 方法边界情况测试 应该提供增强的错误信息","status":"passed","title":"应该提供增强的错误信息","duration":2,"failureMessages":[]},{"ancestorTitles":["","GraphService 节点数据验证测试","拖拽操作数据格式测试"],"fullName":" GraphService 节点数据验证测试 拖拽操作数据格式测试 应该处理拖拽操作中的异常数据格式","status":"passed","title":"应该处理拖拽操作中的异常数据格式","duration":1,"failureMessages":[]},{"ancestorTitles":["","GraphService 节点数据验证测试","拖拽操作数据格式测试"],"fullName":" GraphService 节点数据验证测试 拖拽操作数据格式测试 应该处理坐标转换错误","status":"passed","title":"应该处理坐标转换错误","duration":2,"failureMessages":[]},{"ancestorTitles":["","GraphService 节点数据验证测试","拖拽操作数据格式测试"],"fullName":" GraphService 节点数据验证测试 拖拽操作数据格式测试 应该处理非数字类型的坐标","status":"passed","title":"应该处理非数字类型的坐标","duration":10,"failureMessages":[]},{"ancestorTitles":["","GraphService 节点数据验证测试","拖拽操作数据格式测试"],"fullName":" GraphService 节点数据验证测试 拖拽操作数据格式测试 应该处理空的位置对象","status":"passed","title":"应该处理空的位置对象","duration":2,"failureMessages":[]},{"ancestorTitles":["","GraphService 节点数据验证测试","拖拽操作数据格式测试"],"fullName":" GraphService 节点数据验证测试 拖拽操作数据格式测试 应该处理从task-editor传递的拖拽数据","status":"passed","title":"应该处理从task-editor传递的拖拽数据","duration":1,"failureMessages":[]},{"ancestorTitles":["","GraphService 节点数据验证测试","拖拽操作数据格式测试"],"fullName":" GraphService 节点数据验证测试 拖拽操作数据格式测试 应该处理缺少关键字段的拖拽数据","status":"passed","title":"应该处理缺少关键字段的拖拽数据","duration":1,"failureMessages":[]},{"ancestorTitles":["","GraphService 节点数据验证测试","validateOperation 方法测试"],"fullName":" GraphService 节点数据验证测试 validateOperation 方法测试 应该正确验证 addNode 操作","status":"passed","title":"应该正确验证 addNode 操作","duration":1,"failureMessages":[]},{"ancestorTitles":["","GraphService 节点数据验证测试","validateOperation 方法测试"],"fullName":" GraphService 节点数据验证测试 validateOperation 方法测试 应该拒绝无效的 addNode 操作数据","status":"passed","title":"应该拒绝无效的 addNode 操作数据","duration":0,"failureMessages":[]},{"ancestorTitles":["","GraphService 节点数据验证测试","validateOperation 方法测试"],"fullName":" GraphService 节点数据验证测试 validateOperation 方法测试 应该处理其他操作类型","status":"passed","title":"应该处理其他操作类型","duration":0,"failureMessages":[]}],"startTime":1761205476693,"endTime":1761205476755,"status":"passed","message":"","name":"/Users/mac/nis_mock/data_comunity/data_comunity/src/tests/marketing/services/GraphService.validation.test.js"},{"assertionResults":[{"ancestorTitles":["","核心服务集成测试","服务初始化集成"],"fullName":" 核心服务集成测试 服务初始化集成 应该能够成功初始化所有服务","status":"passed","title":"应该能够成功初始化所有服务","duration":13,"failureMessages":[]},{"ancestorTitles":["","核心服务集成测试","服务初始化集成"],"fullName":" 核心服务集成测试 服务初始化集成 应该能够获取所有服务的状态","status":"failed","title":"应该能够获取所有服务的状态","duration":4,"failureMessages":["graphService.getStatus is not a function"],"location":{"line":97,"column":40}},{"ancestorTitles":["","核心服务集成测试","图形操作与状态管理集成"],"fullName":" 核心服务集成测试 图形操作与状态管理集成 应该能够添加节点并同步状态","status":"failed","title":"应该能够添加节点并同步状态","duration":105,"failureMessages":["expected undefined not to be undefined"],"location":{"line":134,"column":20}},{"ancestorTitles":["","核心服务集成测试","图形操作与状态管理集成"],"fullName":" 核心服务集成测试 图形操作与状态管理集成 应该能够添加连线并触发预览线清理","status":"failed","title":"应该能够添加连线并触发预览线清理","duration":4,"failureMessages":["previewLineService.createPreviewLine is not a function"],"location":{"line":163,"column":32}},{"ancestorTitles":["","核心服务集成测试","布局与状态集成"],"fullName":" 核心服务集成测试 布局与状态集成 应该能够执行布局并更新节点位置状态","status":"failed","title":"应该能够执行布局并更新节点位置状态","duration":208,"failureMessages":["expected false to be true // Object.is equality"],"location":{"line":225,"column":30}},{"ancestorTitles":["","核心服务集成测试","布局与状态集成"],"fullName":" 核心服务集成测试 布局与状态集成 应该能够执行自动布局并保持状态一致性","status":"failed","title":"应该能够执行自动布局并保持状态一致性","duration":303,"failureMessages":["expected +0 to be 3 // Object.is equality"],"location":{"line":254,"column":35}},{"ancestorTitles":["","核心服务集成测试","事件处理与服务协作"],"fullName":" 核心服务集成测试 事件处理与服务协作 应该能够处理节点选择事件并更新状态","status":"failed","title":"应该能够处理节点选择事件并更新状态","duration":2,"failureMessages":["graphService.selectNode is not a function"],"location":{"line":279,"column":26}},{"ancestorTitles":["","核心服务集成测试","事件处理与服务协作"],"fullName":" 核心服务集成测试 事件处理与服务协作 应该能够处理拖拽事件并触发预览线","status":"failed","title":"应该能够处理拖拽事件并触发预览线","duration":1,"failureMessages":["graph.getCellById is not a function"],"location":{"line":318,"column":32}},{"ancestorTitles":["","核心服务集成测试","状态持久化与恢复"],"fullName":" 核心服务集成测试 状态持久化与恢复 应该能够创建状态快照并恢复","status":"failed","title":"应该能够创建状态快照并恢复","duration":5,"failureMessages":["Cannot read properties of undefined (reading 'getState')"],"location":{"line":733,"column":36}},{"ancestorTitles":["","核心服务集成测试","性能和错误处理"],"fullName":" 核心服务集成测试 性能和错误处理 应该能够处理大量节点的批量操作","status":"failed","title":"应该能够处理大量节点的批量操作","duration":2,"failureMessages":["expected +0 to be 50 // Object.is equality"],"location":{"line":408,"column":31}},{"ancestorTitles":["","核心服务集成测试","性能和错误处理"],"fullName":" 核心服务集成测试 性能和错误处理 应该能够优雅处理服务错误","status":"failed","title":"应该能够优雅处理服务错误","duration":2,"failureMessages":["graphService.selectNode is not a function"],"location":{"line":413,"column":41}},{"ancestorTitles":["","核心服务集成测试","服务生命周期管理"],"fullName":" 核心服务集成测试 服务生命周期管理 应该能够正确销毁所有服务","status":"failed","title":"应该能够正确销毁所有服务","duration":2,"failureMessages":["graphService.getStatus is not a function"],"location":{"line":433,"column":47}},{"ancestorTitles":["","核心服务集成测试","服务生命周期管理"],"fullName":" 核心服务集成测试 服务生命周期管理 应该能够重新初始化服务","status":"failed","title":"应该能够重新初始化服务","duration":1,"failureMessages":["graphService.getStatus is not a function"],"location":{"line":470,"column":27}},{"ancestorTitles":["","核心服务集成测试","服务间数据流"],"fullName":" 核心服务集成测试 服务间数据流 应该能够维护服务间的数据一致性","status":"failed","title":"应该能够维护服务间的数据一致性","duration":3,"failureMessages":["expected false to be true // Object.is equality"],"location":{"line":496,"column":50}}],"startTime":1761205473375,"endTime":1761205474030,"status":"failed","message":"","name":"/Users/mac/nis_mock/data_comunity/data_comunity/src/tests/marketing/services/services-integration.test.js"},{"assertionResults":[{"ancestorTitles":["","分支节点预览线创建修复验证"],"fullName":" 分支节点预览线创建修复验证 修复验证：已配置的audience-split节点应该创建预览线","status":"failed","title":"修复验证：已配置的audience-split节点应该创建预览线","duration":22,"failureMessages":["PreviewLineManager 需要 graph 参数"],"location":{"line":86,"column":13}},{"ancestorTitles":["","分支节点预览线创建修复验证"],"fullName":" 分支节点预览线创建修复验证 修复验证：部分连接的分支节点应该为未连接分支创建预览线","status":"failed","title":"修复验证：部分连接的分支节点应该为未连接分支创建预览线","duration":1,"failureMessages":["PreviewLineManager 需要 graph 参数"],"location":{"line":86,"column":13}},{"ancestorTitles":["","分支节点预览线创建修复验证"],"fullName":" 分支节点预览线创建修复验证 修复验证：所有分支都已连接的节点不应该创建预览线","status":"failed","title":"修复验证：所有分支都已连接的节点不应该创建预览线","duration":16,"failureMessages":["PreviewLineManager 需要 graph 参数"],"location":{"line":86,"column":13}},{"ancestorTitles":["","分支节点预览线创建修复验证"],"fullName":" 分支节点预览线创建修复验证 修复验证：hasBasicConfiguration对audience-split节点的宽松检查","status":"failed","title":"修复验证：hasBasicConfiguration对audience-split节点的宽松检查","duration":0,"failureMessages":["PreviewLineManager 需要 graph 参数"],"location":{"line":86,"column":13}},{"ancestorTitles":["","分支节点预览线创建修复验证"],"fullName":" 分支节点预览线创建修复验证 修复验证：shouldCreatePreviewLineWithDetails返回详细的分支分析","status":"failed","title":"修复验证：shouldCreatePreviewLineWithDetails返回详细的分支分析","duration":1,"failureMessages":["PreviewLineManager 需要 graph 参数"],"location":{"line":86,"column":13}},{"ancestorTitles":["","分支节点预览线创建修复验证"],"fullName":" 分支节点预览线创建修复验证 修复验证：预览线不应该被计算为真实连接","status":"failed","title":"修复验证：预览线不应该被计算为真实连接","duration":0,"failureMessages":["PreviewLineManager 需要 graph 参数"],"location":{"line":86,"column":13}}],"startTime":1761205482166,"endTime":1761205482206,"status":"failed","message":"","name":"/Users/mac/nis_mock/data_comunity/data_comunity/src/tests/preview-line/node-types/branch-node-preview.test.js"},{"assertionResults":[{"ancestorTitles":["","开始节点预览线测试"],"fullName":" 开始节点预览线测试 开始节点无连接时应该创建预览线","status":"failed","title":"开始节点无连接时应该创建预览线","duration":9,"failureMessages":["PreviewLineManager 需要 graph 参数"],"location":{"line":86,"column":13}},{"ancestorTitles":["","开始节点预览线测试"],"fullName":" 开始节点预览线测试 开始节点有真实连接时不应该创建预览线","status":"failed","title":"开始节点有真实连接时不应该创建预览线","duration":2,"failureMessages":["PreviewLineManager 需要 graph 参数"],"location":{"line":86,"column":13}},{"ancestorTitles":["","开始节点预览线测试"],"fullName":" 开始节点预览线测试 开始节点有预览线连接时应该创建预览线","status":"failed","title":"开始节点有预览线连接时应该创建预览线","duration":0,"failureMessages":["PreviewLineManager 需要 graph 参数"],"location":{"line":86,"column":13}},{"ancestorTitles":["","开始节点预览线测试"],"fullName":" 开始节点预览线测试 开始节点有多个真实连接时不应该创建预览线","status":"failed","title":"开始节点有多个真实连接时不应该创建预览线","duration":1,"failureMessages":["PreviewLineManager 需要 graph 参数"],"location":{"line":86,"column":13}},{"ancestorTitles":["","开始节点预览线测试"],"fullName":" 开始节点预览线测试 开始节点混合连接时的处理","status":"failed","title":"开始节点混合连接时的处理","duration":6,"failureMessages":["PreviewLineManager 需要 graph 参数"],"location":{"line":86,"column":13}},{"ancestorTitles":["","开始节点预览线测试"],"fullName":" 开始节点预览线测试 开始节点未配置时不应该创建预览线","status":"failed","title":"开始节点未配置时不应该创建预览线","duration":2,"failureMessages":["PreviewLineManager 需要 graph 参数"],"location":{"line":86,"column":13}},{"ancestorTitles":["","开始节点预览线测试"],"fullName":" 开始节点预览线测试 开始节点创建单一预览线","status":"failed","title":"开始节点创建单一预览线","duration":2,"failureMessages":["PreviewLineManager 需要 graph 参数"],"location":{"line":86,"column":13}},{"ancestorTitles":["","开始节点预览线测试"],"fullName":" 开始节点预览线测试 开始节点连接检查的日志输出","status":"failed","title":"开始节点连接检查的日志输出","duration":1,"failureMessages":["PreviewLineManager 需要 graph 参数"],"location":{"line":86,"column":13}}],"startTime":1761205504668,"endTime":1761205504691,"status":"failed","message":"","name":"/Users/mac/nis_mock/data_comunity/data_comunity/src/tests/preview-line/node-types/start-node-preview.test.js"}]}