{"numTotalTestSuites":19,"numPassedTestSuites":19,"numFailedTestSuites":0,"numPendingTestSuites":0,"numTotalTests":44,"numPassedTests":13,"numFailedTests":31,"numPendingTests":0,"numTodoTests":0,"startTime":1756175224387,"success":false,"testResults":[{"assertionResults":[{"ancestorTitles":["","Customer360 集成测试","页面初始化和路由"],"fullName":" Customer360 集成测试 页面初始化和路由 应该正确初始化Customer360页面","status":"failed","title":"应该正确初始化Customer360页面","duration":135,"failureMessages":["expected false to be true // Object.is equality"],"location":{"line":204,"column":63}},{"ancestorTitles":["","Customer360 集成测试","页面初始化和路由"],"fullName":" Customer360 集成测试 页面初始化和路由 应该根据路由参数加载正确的用户数据","status":"failed","title":"应该根据路由参数加载正确的用户数据","duration":28,"failureMessages":["expected \"spy\" to be called with arguments: [ '887123' ]\u001b[90m\n\nReceived: \n\n\u001b[39m\u001b[90m\n\nNumber of calls: \u001b[1m0\u001b[22m\n\u001b[39m"],"location":{"line":211,"column":42}},{"ancestorTitles":["","Customer360 集成测试","页面初始化和路由"],"fullName":" Customer360 集成测试 页面初始化和路由 应该支持路由参数变化","status":"failed","title":"应该支持路由参数变化","duration":52,"failureMessages":["expected \"spy\" to be called with arguments: [ '123' ]\u001b[90m\n\nReceived: \n\n\u001b[39m\u001b[90m\n\nNumber of calls: \u001b[1m0\u001b[22m\n\u001b[39m"],"location":{"line":221,"column":42}},{"ancestorTitles":["","Customer360 集成测试","页面初始化和路由"],"fullName":" Customer360 集成测试 页面初始化和路由 应该正确处理无效的用户ID","status":"failed","title":"应该正确处理无效的用户ID","duration":22,"failureMessages":["expected false to be true // Object.is equality"],"location":{"line":230,"column":49}},{"ancestorTitles":["","Customer360 集成测试","数据加载流程"],"fullName":" Customer360 集成测试 数据加载流程 应该按顺序加载所有模块数据","status":"failed","title":"应该按顺序加载所有模块数据","duration":138,"failureMessages":["expected \"spy\" to be called at least once"],"location":{"line":243,"column":42}},{"ancestorTitles":["","Customer360 集成测试","数据加载流程"],"fullName":" Customer360 集成测试 数据加载流程 应该显示加载状态","status":"failed","title":"应该显示加载状态","duration":345,"failureMessages":["expected true to be false // Object.is equality"],"location":{"line":264,"column":48}},{"ancestorTitles":["","Customer360 集成测试","数据加载流程"],"fullName":" Customer360 集成测试 数据加载流程 应该处理部分数据加载失败","status":"failed","title":"应该处理部分数据加载失败","duration":118,"failureMessages":["expected false to be true // Object.is equality"],"location":{"line":276,"column":55}},{"ancestorTitles":["","Customer360 集成测试","模块切换和导航"],"fullName":" Customer360 集成测试 模块切换和导航 应该支持在不同模块间切换","status":"passed","title":"应该支持在不同模块间切换","duration":19,"failureMessages":[]},{"ancestorTitles":["","Customer360 集成测试","模块切换和导航"],"fullName":" Customer360 集成测试 模块切换和导航 应该保持模块状态","status":"passed","title":"应该保持模块状态","duration":21,"failureMessages":[]},{"ancestorTitles":["","Customer360 集成测试","模块切换和导航"],"fullName":" Customer360 集成测试 模块切换和导航 应该支持深度链接","status":"failed","title":"应该支持深度链接","duration":17,"failureMessages":["expected false to be true // Object.is equality"],"location":{"line":335,"column":54}},{"ancestorTitles":["","Customer360 集成测试","用户交互流程"],"fullName":" Customer360 集成测试 用户交互流程 应该支持完整的数据查看流程","status":"failed","title":"应该支持完整的数据查看流程","duration":16,"failureMessages":["expected false to be true // Object.is equality"],"location":{"line":345,"column":52}},{"ancestorTitles":["","Customer360 集成测试","用户交互流程"],"fullName":" Customer360 集成测试 用户交互流程 应该支持数据复制流程","status":"passed","title":"应该支持数据复制流程","duration":34,"failureMessages":[]},{"ancestorTitles":["","Customer360 集成测试","用户交互流程"],"fullName":" Customer360 集成测试 用户交互流程 应该支持数据筛选和搜索","status":"passed","title":"应该支持数据筛选和搜索","duration":19,"failureMessages":[]},{"ancestorTitles":["","Customer360 集成测试","数据更新和同步"],"fullName":" Customer360 集成测试 数据更新和同步 应该支持实时数据刷新","status":"passed","title":"应该支持实时数据刷新","duration":12,"failureMessages":[]},{"ancestorTitles":["","Customer360 集成测试","数据更新和同步"],"fullName":" Customer360 集成测试 数据更新和同步 应该处理数据更新","status":"passed","title":"应该处理数据更新","duration":8,"failureMessages":[]},{"ancestorTitles":["","Customer360 集成测试","数据更新和同步"],"fullName":" Customer360 集成测试 数据更新和同步 应该同步多模块数据变化","status":"failed","title":"应该同步多模块数据变化","duration":12,"failureMessages":["wrapper.vm.updateBasicInfo is not a function"],"location":{"line":443,"column":24}},{"ancestorTitles":["","Customer360 集成测试","错误处理和恢复"],"fullName":" Customer360 集成测试 错误处理和恢复 应该处理网络错误","status":"failed","title":"应该处理网络错误","duration":11,"failureMessages":["expected false to be true // Object.is equality"],"location":{"line":461,"column":55}},{"ancestorTitles":["","Customer360 集成测试","错误处理和恢复"],"fullName":" Customer360 集成测试 错误处理和恢复 应该提供错误恢复机制","status":"passed","title":"应该提供错误恢复机制","duration":18,"failureMessages":[]},{"ancestorTitles":["","Customer360 集成测试","错误处理和恢复"],"fullName":" Customer360 集成测试 错误处理和恢复 应该处理权限错误","status":"failed","title":"应该处理权限错误","duration":11,"failureMessages":["expected false to be true // Object.is equality"],"location":{"line":494,"column":58}},{"ancestorTitles":["","Customer360 集成测试","性能和用户体验"],"fullName":" Customer360 集成测试 性能和用户体验 应该支持懒加载","status":"failed","title":"应该支持懒加载","duration":22,"failureMessages":["expected \"spy\" to be called at least once"],"location":{"line":505,"column":42}},{"ancestorTitles":["","Customer360 集成测试","性能和用户体验"],"fullName":" Customer360 集成测试 性能和用户体验 应该缓存已加载的数据","status":"passed","title":"应该缓存已加载的数据","duration":19,"failureMessages":[]},{"ancestorTitles":["","Customer360 集成测试","性能和用户体验"],"fullName":" Customer360 集成测试 性能和用户体验 应该支持虚拟滚动处理大数据","status":"passed","title":"应该支持虚拟滚动处理大数据","duration":14,"failureMessages":[]},{"ancestorTitles":["","Customer360 集成测试","响应式设计"],"fullName":" Customer360 集成测试 响应式设计 应该在移动端正确显示","status":"failed","title":"应该在移动端正确显示","duration":16,"failureMessages":["expected false to be true // Object.is equality"],"location":{"line":576,"column":55}},{"ancestorTitles":["","Customer360 集成测试","响应式设计"],"fullName":" Customer360 集成测试 响应式设计 应该在平板端正确显示","status":"failed","title":"应该在平板端正确显示","duration":23,"failureMessages":["expected false to be true // Object.is equality"],"location":{"line":590,"column":55}},{"ancestorTitles":["","Customer360 集成测试","响应式设计"],"fullName":" Customer360 集成测试 响应式设计 应该在桌面端正确显示","status":"failed","title":"应该在桌面端正确显示","duration":12,"failureMessages":["expected false to be true // Object.is equality"],"location":{"line":603,"column":56}},{"ancestorTitles":["","Customer360 集成测试","数据完整性验证"],"fullName":" Customer360 集成测试 数据完整性验证 应该验证所有必要数据已加载","status":"passed","title":"应该验证所有必要数据已加载","duration":117,"failureMessages":[]},{"ancestorTitles":["","Customer360 集成测试","数据完整性验证"],"fullName":" Customer360 集成测试 数据完整性验证 应该处理数据不一致的情况","status":"passed","title":"应该处理数据不一致的情况","duration":317,"failureMessages":[]},{"ancestorTitles":["","Customer360 集成测试","用户权限和安全"],"fullName":" Customer360 集成测试 用户权限和安全 应该根据用户权限显示不同内容","status":"passed","title":"应该根据用户权限显示不同内容","duration":13,"failureMessages":[]},{"ancestorTitles":["","Customer360 集成测试","用户权限和安全"],"fullName":" Customer360 集成测试 用户权限和安全 应该保护敏感数据","status":"passed","title":"应该保护敏感数据","duration":16,"failureMessages":[]}],"startTime":1756181871725,"endTime":1756181873331,"status":"failed","message":"","name":"/Users/mac/nis_mock/data_comunity/data_comunity/src/tests/customer360/integration/Customer360.integration.test.ts"},{"assertionResults":[{"ancestorTitles":["","两级Tab架构功能测试","一级Tab架构测试"],"fullName":" 两级Tab架构功能测试 一级Tab架构测试 应该正确渲染一级Tab标签页","status":"failed","title":"应该正确渲染一级Tab标签页","duration":31,"failureMessages":["Cannot read properties of undefined (reading 'params')"],"location":{"line":838,"column":51}},{"ancestorTitles":["","两级Tab架构功能测试","一级Tab架构测试"],"fullName":" 两级Tab架构功能测试 一级Tab架构测试 应该支持一级Tab切换功能","status":"failed","title":"应该支持一级Tab切换功能","duration":4,"failureMessages":["Cannot read properties of undefined (reading 'params')"],"location":{"line":838,"column":51}},{"ancestorTitles":["","两级Tab架构功能测试","一级Tab架构测试"],"fullName":" 两级Tab架构功能测试 一级Tab架构测试 应该正确设置默认激活的一级Tab","status":"failed","title":"应该正确设置默认激活的一级Tab","duration":3,"failureMessages":["Cannot read properties of undefined (reading 'params')"],"location":{"line":838,"column":51}},{"ancestorTitles":["","两级Tab架构功能测试","二级Tab架构测试"],"fullName":" 两级Tab架构功能测试 二级Tab架构测试 应该在客户画像Tab下正确渲染二级Tab","status":"failed","title":"应该在客户画像Tab下正确渲染二级Tab","duration":7,"failureMessages":["Cannot read properties of undefined (reading 'params')"],"location":{"line":838,"column":51}},{"ancestorTitles":["","两级Tab架构功能测试","二级Tab架构测试"],"fullName":" 两级Tab架构功能测试 二级Tab架构测试 应该支持二级Tab切换功能","status":"failed","title":"应该支持二级Tab切换功能","duration":4,"failureMessages":["Cannot read properties of undefined (reading 'params')"],"location":{"line":838,"column":51}},{"ancestorTitles":["","两级Tab架构功能测试","二级Tab架构测试"],"fullName":" 两级Tab架构功能测试 二级Tab架构测试 应该正确显示基础画像二级Tab内容","status":"failed","title":"应该正确显示基础画像二级Tab内容","duration":2,"failureMessages":["Cannot read properties of undefined (reading 'params')"],"location":{"line":838,"column":51}},{"ancestorTitles":["","两级Tab架构功能测试","二级Tab架构测试"],"fullName":" 两级Tab架构功能测试 二级Tab架构测试 应该正确显示风险画像二级Tab内容","status":"failed","title":"应该正确显示风险画像二级Tab内容","duration":2,"failureMessages":["Cannot read properties of undefined (reading 'params')"],"location":{"line":838,"column":51}},{"ancestorTitles":["","两级Tab架构功能测试","二级Tab架构测试"],"fullName":" 两级Tab架构功能测试 二级Tab架构测试 应该正确显示贷后画像二级Tab内容","status":"failed","title":"应该正确显示贷后画像二级Tab内容","duration":1,"failureMessages":["Cannot read properties of undefined (reading 'params')"],"location":{"line":838,"column":51}},{"ancestorTitles":["","两级Tab架构功能测试","Tab架构交互测试"],"fullName":" 两级Tab架构功能测试 Tab架构交互测试 应该在一级Tab切换时保持二级Tab状态","status":"failed","title":"应该在一级Tab切换时保持二级Tab状态","duration":7,"failureMessages":["Cannot read properties of undefined (reading 'params')"],"location":{"line":838,"column":51}},{"ancestorTitles":["","两级Tab架构功能测试","Tab架构交互测试"],"fullName":" 两级Tab架构功能测试 Tab架构交互测试 应该正确处理Tab切换时的数据加载","status":"failed","title":"应该正确处理Tab切换时的数据加载","duration":4,"failureMessages":["Cannot read properties of undefined (reading 'params')"],"location":{"line":838,"column":51}},{"ancestorTitles":["","两级Tab架构功能测试","Tab架构交互测试"],"fullName":" 两级Tab架构功能测试 Tab架构交互测试 应该正确处理Tab切换时的错误状态","status":"failed","title":"应该正确处理Tab切换时的错误状态","duration":3,"failureMessages":["Cannot read properties of undefined (reading 'params')"],"location":{"line":838,"column":51}},{"ancestorTitles":["","两级Tab架构功能测试","Tab架构响应式测试"],"fullName":" 两级Tab架构功能测试 Tab架构响应式测试 应该在不同屏幕尺寸下正确显示Tab","status":"failed","title":"应该在不同屏幕尺寸下正确显示Tab","duration":1,"failureMessages":["Cannot read properties of undefined (reading 'params')"],"location":{"line":838,"column":51}},{"ancestorTitles":["","两级Tab架构功能测试","Tab架构响应式测试"],"fullName":" 两级Tab架构功能测试 Tab架构响应式测试 应该正确处理Tab内容的滚动","status":"failed","title":"应该正确处理Tab内容的滚动","duration":1,"failureMessages":["Cannot read properties of undefined (reading 'params')"],"location":{"line":838,"column":51}},{"ancestorTitles":["","两级Tab架构功能测试","Tab架构性能测试"],"fullName":" 两级Tab架构功能测试 Tab架构性能测试 应该正确实现Tab内容的懒加载","status":"failed","title":"应该正确实现Tab内容的懒加载","duration":2,"failureMessages":["Cannot read properties of undefined (reading 'params')"],"location":{"line":838,"column":51}},{"ancestorTitles":["","两级Tab架构功能测试","Tab架构性能测试"],"fullName":" 两级Tab架构功能测试 Tab架构性能测试 应该正确缓存Tab内容数据","status":"failed","title":"应该正确缓存Tab内容数据","duration":4,"failureMessages":["Cannot read properties of undefined (reading 'params')"],"location":{"line":838,"column":51}}],"startTime":1756181871738,"endTime":1756181871816,"status":"failed","message":"","name":"/Users/mac/nis_mock/data_comunity/data_comunity/src/tests/customer360/tabs/TwoLevelTabs.test.ts"}]}