{"numTotalTestSuites":9,"numPassedTestSuites":9,"numFailedTestSuites":0,"numPendingTestSuites":0,"numTotalTests":16,"numPassedTests":12,"numFailedTests":4,"numPendingTests":0,"numTodoTests":0,"startTime":1755828914666,"success":false,"testResults":[{"assertionResults":[{"ancestorTitles":["","ProductSwitcher","基础渲染"],"fullName":" ProductSwitcher 基础渲染 应该正确渲染产品切换器","status":"passed","title":"应该正确渲染产品切换器","duration":19,"failureMessages":[]},{"ancestorTitles":["","ProductSwitcher","基础渲染"],"fullName":" ProductSwitcher 基础渲染 应该显示正确的tab标签文本","status":"passed","title":"应该显示正确的tab标签文本","duration":2,"failureMessages":[]},{"ancestorTitles":["","ProductSwitcher","基础渲染"],"fullName":" ProductSwitcher 基础渲染 应该正确显示当前选中的tab","status":"passed","title":"应该正确显示当前选中的tab","duration":5,"failureMessages":[]},{"ancestorTitles":["","ProductSwitcher","交互行为"],"fullName":" ProductSwitcher 交互行为 点击tab应该触发change事件","status":"failed","title":"点击tab应该触发change事件","duration":14,"failureMessages":["expected undefined to be truthy"],"location":{"line":94,"column":52}},{"ancestorTitles":["","ProductSwitcher","交互行为"],"fullName":" ProductSwitcher 交互行为 点击当前选中的tab不应该触发change事件","status":"passed","title":"点击当前选中的tab不应该触发change事件","duration":6,"failureMessages":[]},{"ancestorTitles":["","ProductSwitcher","交互行为"],"fullName":" ProductSwitcher 交互行为 loading状态下应该禁用tab切换","status":"passed","title":"loading状态下应该禁用tab切换","duration":7,"failureMessages":[]},{"ancestorTitles":["","ProductSwitcher","URL同步"],"fullName":" ProductSwitcher URL同步 应该根据URL参数设置初始选中状态","status":"passed","title":"应该根据URL参数设置初始选中状态","duration":3,"failureMessages":[]},{"ancestorTitles":["","ProductSwitcher","URL同步"],"fullName":" ProductSwitcher URL同步 切换tab时应该更新URL参数","status":"failed","title":"切换tab时应该更新URL参数","duration":12,"failureMessages":["expected \"spy\" to be called with arguments: [ { query: { productType: 'loan' } } ]\u001b[90m\n\nReceived: \n\n\u001b[39m\u001b[90m\n\nNumber of calls: \u001b[1m0\u001b[22m\n\u001b[39m"],"location":{"line":157,"column":34}},{"ancestorTitles":["","ProductSwitcher","动画效果"],"fullName":" ProductSwitcher 动画效果 应该包含切换动画类","status":"passed","title":"应该包含切换动画类","duration":5,"failureMessages":[]},{"ancestorTitles":["","ProductSwitcher","动画效果"],"fullName":" ProductSwitcher 动画效果 切换时应该触发相应事件","status":"failed","title":"切换时应该触发相应事件","duration":5,"failureMessages":["expected undefined to be truthy"],"location":{"line":187,"column":52}},{"ancestorTitles":["","ProductSwitcher","响应式设计"],"fullName":" ProductSwitcher 响应式设计 移动端应该显示下拉选择器","status":"failed","title":"移动端应该显示下拉选择器","duration":4,"failureMessages":["expected false to be true // Object.is equality"],"location":{"line":209,"column":57}},{"ancestorTitles":["","ProductSwitcher","响应式设计"],"fullName":" ProductSwitcher 响应式设计 桌面端应该显示tab标签","status":"passed","title":"桌面端应该显示tab标签","duration":2,"failureMessages":[]},{"ancestorTitles":["","ProductSwitcher","可访问性"],"fullName":" ProductSwitcher 可访问性 应该包含正确的ARIA属性","status":"passed","title":"应该包含正确的ARIA属性","duration":2,"failureMessages":[]},{"ancestorTitles":["","ProductSwitcher","可访问性"],"fullName":" ProductSwitcher 可访问性 应该支持键盘导航","status":"passed","title":"应该支持键盘导航","duration":1,"failureMessages":[]},{"ancestorTitles":["","ProductSwitcher","数据统计"],"fullName":" ProductSwitcher 数据统计 应该显示产品数量统计","status":"passed","title":"应该显示产品数量统计","duration":1,"failureMessages":[]},{"ancestorTitles":["","ProductSwitcher","数据统计"],"fullName":" ProductSwitcher 数据统计 产品数量为0时应该显示特殊样式","status":"passed","title":"产品数量为0时应该显示特殊样式","duration":2,"failureMessages":[]}],"startTime":1755828915832,"endTime":1755828915923,"status":"failed","message":"","name":"/Users/mac/nis_mock/data_comunity/data_comunity/src/pages/discovery/customer360/components/__tests__/ProductSwitcher.test.js"}]}