{"numTotalTestSuites":2,"numPassedTestSuites":2,"numFailedTestSuites":0,"numPendingTestSuites":0,"numTotalTests":6,"numPassedTests":6,"numFailedTests":0,"numPendingTests":0,"numTodoTests":0,"snapshot":{"added":0,"failure":false,"filesAdded":0,"filesRemoved":0,"filesRemovedList":[],"filesUnmatched":0,"filesUpdated":0,"matched":0,"total":0,"unchecked":0,"uncheckedKeysByFile":[],"unmatched":0,"updated":0,"didUpdate":false},"startTime":1762940020780,"success":true,"testResults":[{"assertionResults":[{"ancestorTitles":["EventService"],"fullName":"EventService node:click 打开抽屉","status":"passed","title":"node:click 打开抽屉","duration":2.6752910000000156,"failureMessages":[],"meta":{}},{"ancestorTitles":["EventService"],"fullName":"EventService edge:contextmenu 删除边","status":"passed","title":"edge:contextmenu 删除边","duration":0.6032910000000129,"failureMessages":[],"meta":{}},{"ancestorTitles":["EventService"],"fullName":"EventService blank:click 打开选择器并设置位置","status":"passed","title":"blank:click 打开选择器并设置位置","duration":0.8530829999999696,"failureMessages":[],"meta":{}},{"ancestorTitles":["EventService"],"fullName":"EventService node:contextmenu 触发级联删除","status":"passed","title":"node:contextmenu 触发级联删除","duration":0.5118329999999105,"failureMessages":[],"meta":{}},{"ancestorTitles":["EventService"],"fullName":"EventService node:mouseenter 显示菜单按钮","status":"passed","title":"node:mouseenter 显示菜单按钮","duration":0.5951249999999391,"failureMessages":[],"meta":{}},{"ancestorTitles":["EventService"],"fullName":"EventService edge:mouseenter 插入按钮触发选择器","status":"passed","title":"edge:mouseenter 插入按钮触发选择器","duration":1.1692909999999301,"failureMessages":[],"meta":{}}],"startTime":1762940021481,"endTime":1762940021488.1692,"status":"passed","message":"","name":"/Users/mac/nis_mock/data_comunity/data_comunity/src/tests/marketing/horizontal/EventService.test.js"}]}