{"numTotalTestSuites":114,"numPassedTestSuites":111,"numFailedTestSuites":3,"numPendingTestSuites":0,"numTotalTests":241,"numPassedTests":175,"numFailedTests":66,"numPendingTests":0,"numTodoTests":0,"startTime":1755145467159,"success":false,"testResults":[{"assertionResults":[{"ancestorTitles":["","workflowNodeTypes 图标导入测试"],"fullName":" workflowNodeTypes 图标导入测试 应该成功导入所有Arco Design Vue图标","status":"passed","title":"应该成功导入所有Arco Design Vue图标","duration":2,"failureMessages":[]},{"ancestorTitles":["","workflowNodeTypes 图标导入测试"],"fullName":" workflowNodeTypes 图标导入测试 NODE_TYPE_ICON_MAP 应该包含所有节点类型的有效图标","status":"failed","title":"NODE_TYPE_ICON_MAP 应该包含所有节点类型的有效图标","duration":6,"failureMessages":["expected undefined to be { name: 'IconFilter', …(5) } // Object.is equality"],"location":{"line":41,"column":49}},{"ancestorTitles":["","workflowNodeTypes 图标导入测试"],"fullName":" workflowNodeTypes 图标导入测试 PROCESSING_TYPE_LIST 应该包含正确的图标名称","status":"failed","title":"PROCESSING_TYPE_LIST 应该包含正确的图标名称","duration":0,"failureMessages":["expected 'IconCode' to be undefined // Object.is equality"],"location":{"line":65,"column":25}},{"ancestorTitles":["","workflowNodeTypes 图标导入测试"],"fullName":" workflowNodeTypes 图标导入测试 getNodeTypeIcon 函数应该返回有效的图标组件","status":"passed","title":"getNodeTypeIcon 函数应该返回有效的图标组件","duration":0,"failureMessages":[]},{"ancestorTitles":["","workflowNodeTypes 图标导入测试"],"fullName":" workflowNodeTypes 图标导入测试 所有工具函数应该正常工作","status":"failed","title":"所有工具函数应该正常工作","duration":1,"failureMessages":["expected undefined to be '数据聚合' // Object.is equality"],"location":{"line":86,"column":43}},{"ancestorTitles":["","workflowNodeTypes 图标导入测试"],"fullName":" workflowNodeTypes 图标导入测试 不应该包含任何不存在的图标引用","status":"passed","title":"不应该包含任何不存在的图标引用","duration":0,"failureMessages":[]}],"startTime":1755145473444,"endTime":1755145473453,"status":"failed","message":"","name":"/Users/mac/nis_mock/data_comunity/data_comunity/src/utils/__tests__/workflowNodeTypes.test.js"},{"assertionResults":[{"ancestorTitles":["","吸附配置测试"],"fullName":" 吸附配置测试 配置验证应该通过","status":"passed","title":"配置验证应该通过","duration":1,"failureMessages":[]},{"ancestorTitles":["","吸附配置测试"],"fullName":" 吸附配置测试 配置管理器应该正确合并配置","status":"passed","title":"配置管理器应该正确合并配置","duration":0,"failureMessages":[]},{"ancestorTitles":["","吸附配置测试"],"fullName":" 吸附配置测试 应该根据上下文调整配置","status":"passed","title":"应该根据上下文调整配置","duration":1,"failureMessages":[]},{"ancestorTitles":["","坐标系转换测试"],"fullName":" 坐标系转换测试 坐标验证缓存应该正常工作","status":"passed","title":"坐标验证缓存应该正常工作","duration":0,"failureMessages":[]},{"ancestorTitles":["","坐标系转换测试"],"fullName":" 坐标系转换测试 坐标验证缓存应该正确过期","status":"passed","title":"坐标验证缓存应该正确过期","duration":62,"failureMessages":[]},{"ancestorTitles":["","节点移动吸附测试"],"fullName":" 节点移动吸附测试 应该正确检测吸附目标","status":"passed","title":"应该正确检测吸附目标","duration":2,"failureMessages":[]},{"ancestorTitles":["","节点移动吸附测试"],"fullName":" 节点移动吸附测试 应该跳过特殊节点","status":"failed","title":"应该跳过特殊节点","duration":6,"failureMessages":["expected true to be false // Object.is equality"],"location":{"line":279,"column":39}},{"ancestorTitles":["","节点移动吸附测试"],"fullName":" 节点移动吸附测试 应该应用坐标修正","status":"passed","title":"应该应用坐标修正","duration":0,"failureMessages":[]},{"ancestorTitles":["","拖拽点吸附测试"],"fullName":" 拖拽点吸附测试 应该正确检测拖拽点吸附","status":"passed","title":"应该正确检测拖拽点吸附","duration":1,"failureMessages":[]},{"ancestorTitles":["","拖拽点吸附测试"],"fullName":" 拖拽点吸附测试 应该在距离超出阈值时不吸附","status":"passed","title":"应该在距离超出阈值时不吸附","duration":1,"failureMessages":[]},{"ancestorTitles":["","拖拽点吸附测试"],"fullName":" 拖拽点吸附测试 应该执行自动连接","status":"passed","title":"应该执行自动连接","duration":0,"failureMessages":[]},{"ancestorTitles":["","预览线坐标管理测试"],"fullName":" 预览线坐标管理测试 应该正确计算预览线终点","status":"passed","title":"应该正确计算预览线终点","duration":1,"failureMessages":[]},{"ancestorTitles":["","预览线坐标管理测试"],"fullName":" 预览线坐标管理测试 应该创建拖拽提示点","status":"passed","title":"应该创建拖拽提示点","duration":0,"failureMessages":[]},{"ancestorTitles":["","性能测试"],"fullName":" 性能测试 坐标验证缓存性能","status":"passed","title":"坐标验证缓存性能","duration":0,"failureMessages":[]},{"ancestorTitles":["","边界情况测试"],"fullName":" 边界情况测试 应该处理空图形","status":"passed","title":"应该处理空图形","duration":0,"failureMessages":[]},{"ancestorTitles":["","边界情况测试"],"fullName":" 边界情况测试 应该处理重叠节点","status":"passed","title":"应该处理重叠节点","duration":0,"failureMessages":[]},{"ancestorTitles":["","边界情况测试"],"fullName":" 边界情况测试 应该处理极大坐标值","status":"passed","title":"应该处理极大坐标值","duration":1,"failureMessages":[]},{"ancestorTitles":["","边界情况测试"],"fullName":" 边界情况测试 应该处理负坐标值","status":"failed","title":"应该处理负坐标值","duration":2,"failureMessages":["expected -52 to be close to -50, received difference is 2, but expected 0.5"],"location":{"line":581,"column":28}},{"ancestorTitles":["","集成测试"],"fullName":" 集成测试 完整的吸附流程","status":"passed","title":"完整的吸附流程","duration":1,"failureMessages":[]},{"ancestorTitles":["","集成测试"],"fullName":" 集成测试 多分支预览线处理","status":"passed","title":"多分支预览线处理","duration":1,"failureMessages":[]}],"startTime":1755145467934,"endTime":1755145468015,"status":"failed","message":"","name":"/Users/mac/nis_mock/data_comunity/data_comunity/src/tests/SnapCoordinateSystem.test.js"},{"assertionResults":[{"ancestorTitles":["","WorkflowNode.vue - 工作流节点组件测试","组件渲染测试"],"fullName":" WorkflowNode.vue - 工作流节点组件测试 组件渲染测试 应该正确渲染节点基本结构","status":"failed","title":"应该正确渲染节点基本结构","duration":39,"failureMessages":["[vitest] No \"getNodeTypeIcon\" export is defined on the \"../utils/workflowNodeTypes.js\" mock. Did you forget to return it from \"vi.mock\"?\nIf you need to partially mock a module, you can use \"importOriginal\" helper inside:\n"],"location":{"line":297,"column":10}},{"ancestorTitles":["","WorkflowNode.vue - 工作流节点组件测试","组件渲染测试"],"fullName":" WorkflowNode.vue - 工作流节点组件测试 组件渲染测试 应该显示节点名称","status":"failed","title":"应该显示节点名称","duration":5,"failureMessages":["[vitest] No \"getNodeTypeIcon\" export is defined on the \"../utils/workflowNodeTypes.js\" mock. Did you forget to return it from \"vi.mock\"?\nIf you need to partially mock a module, you can use \"importOriginal\" helper inside:\n"],"location":{"line":297,"column":10}},{"ancestorTitles":["","WorkflowNode.vue - 工作流节点组件测试","组件渲染测试"],"fullName":" WorkflowNode.vue - 工作流节点组件测试 组件渲染测试 应该显示节点类型图标","status":"failed","title":"应该显示节点类型图标","duration":5,"failureMessages":["[vitest] No \"getNodeTypeIcon\" export is defined on the \"../utils/workflowNodeTypes.js\" mock. Did you forget to return it from \"vi.mock\"?\nIf you need to partially mock a module, you can use \"importOriginal\" helper inside:\n"],"location":{"line":297,"column":10}},{"ancestorTitles":["","WorkflowNode.vue - 工作流节点组件测试","组件渲染测试"],"fullName":" WorkflowNode.vue - 工作流节点组件测试 组件渲染测试 应该根据节点类型应用正确的样式","status":"failed","title":"应该根据节点类型应用正确的样式","duration":2,"failureMessages":["[vitest] No \"getNodeTypeIcon\" export is defined on the \"../utils/workflowNodeTypes.js\" mock. Did you forget to return it from \"vi.mock\"?\nIf you need to partially mock a module, you can use \"importOriginal\" helper inside:\n"],"location":{"line":297,"column":10}},{"ancestorTitles":["","WorkflowNode.vue - 工作流节点组件测试","组件渲染测试"],"fullName":" WorkflowNode.vue - 工作流节点组件测试 组件渲染测试 应该在选中状态下应用选中样式","status":"failed","title":"应该在选中状态下应用选中样式","duration":4,"failureMessages":["[vitest] No \"getNodeTypeIcon\" export is defined on the \"../utils/workflowNodeTypes.js\" mock. Did you forget to return it from \"vi.mock\"?\nIf you need to partially mock a module, you can use \"importOriginal\" helper inside:\n"],"location":{"line":297,"column":10}},{"ancestorTitles":["","WorkflowNode.vue - 工作流节点组件测试","组件渲染测试"],"fullName":" WorkflowNode.vue - 工作流节点组件测试 组件渲染测试 应该显示添加下游节点按钮","status":"failed","title":"应该显示添加下游节点按钮","duration":2,"failureMessages":["[vitest] No \"getNodeTypeIcon\" export is defined on the \"../utils/workflowNodeTypes.js\" mock. Did you forget to return it from \"vi.mock\"?\nIf you need to partially mock a module, you can use \"importOriginal\" helper inside:\n"],"location":{"line":297,"column":10}},{"ancestorTitles":["","WorkflowNode.vue - 工作流节点组件测试","组件渲染测试"],"fullName":" WorkflowNode.vue - 工作流节点组件测试 组件渲染测试 应该显示连接桩","status":"failed","title":"应该显示连接桩","duration":2,"failureMessages":["[vitest] No \"getNodeTypeIcon\" export is defined on the \"../utils/workflowNodeTypes.js\" mock. Did you forget to return it from \"vi.mock\"?\nIf you need to partially mock a module, you can use \"importOriginal\" helper inside:\n"],"location":{"line":297,"column":10}},{"ancestorTitles":["","WorkflowNode.vue - 工作流节点组件测试","节点选择功能测试"],"fullName":" WorkflowNode.vue - 工作流节点组件测试 节点选择功能测试 点击节点应该触发选择","status":"failed","title":"点击节点应该触发选择","duration":3,"failureMessages":["[vitest] No \"getNodeTypeIcon\" export is defined on the \"../utils/workflowNodeTypes.js\" mock. Did you forget to return it from \"vi.mock\"?\nIf you need to partially mock a module, you can use \"importOriginal\" helper inside:\n"],"location":{"line":297,"column":10}},{"ancestorTitles":["","WorkflowNode.vue - 工作流节点组件测试","节点选择功能测试"],"fullName":" WorkflowNode.vue - 工作流节点组件测试 节点选择功能测试 应该阻止事件冒泡","status":"failed","title":"应该阻止事件冒泡","duration":2,"failureMessages":["[vitest] No \"getNodeTypeIcon\" export is defined on the \"../utils/workflowNodeTypes.js\" mock. Did you forget to return it from \"vi.mock\"?\nIf you need to partially mock a module, you can use \"importOriginal\" helper inside:\n"],"location":{"line":297,"column":10}},{"ancestorTitles":["","WorkflowNode.vue - 工作流节点组件测试","下游节点创建功能测试"],"fullName":" WorkflowNode.vue - 工作流节点组件测试 下游节点创建功能测试 应该显示可用的节点类型选项","status":"failed","title":"应该显示可用的节点类型选项","duration":1,"failureMessages":["[vitest] No \"getNodeTypeIcon\" export is defined on the \"../utils/workflowNodeTypes.js\" mock. Did you forget to return it from \"vi.mock\"?\nIf you need to partially mock a module, you can use \"importOriginal\" helper inside:\n"],"location":{"line":297,"column":10}},{"ancestorTitles":["","WorkflowNode.vue - 工作流节点组件测试","下游节点创建功能测试"],"fullName":" WorkflowNode.vue - 工作流节点组件测试 下游节点创建功能测试 应该过滤掉不可用的节点类型","status":"failed","title":"应该过滤掉不可用的节点类型","duration":1,"failureMessages":["[vitest] No \"getNodeTypeIcon\" export is defined on the \"../utils/workflowNodeTypes.js\" mock. Did you forget to return it from \"vi.mock\"?\nIf you need to partially mock a module, you can use \"importOriginal\" helper inside:\n"],"location":{"line":297,"column":10}},{"ancestorTitles":["","WorkflowNode.vue - 工作流节点组件测试","下游节点创建功能测试"],"fullName":" WorkflowNode.vue - 工作流节点组件测试 下游节点创建功能测试 点击节点类型选项应该创建下游节点","status":"failed","title":"点击节点类型选项应该创建下游节点","duration":3,"failureMessages":["[vitest] No \"getNodeTypeIcon\" export is defined on the \"../utils/workflowNodeTypes.js\" mock. Did you forget to return it from \"vi.mock\"?\nIf you need to partially mock a module, you can use \"importOriginal\" helper inside:\n"],"location":{"line":297,"column":10}},{"ancestorTitles":["","WorkflowNode.vue - 工作流节点组件测试","下游节点创建功能测试"],"fullName":" WorkflowNode.vue - 工作流节点组件测试 下游节点创建功能测试 创建下游节点后应该选中新节点","status":"failed","title":"创建下游节点后应该选中新节点","duration":2,"failureMessages":["[vitest] No \"getNodeTypeIcon\" export is defined on the \"../utils/workflowNodeTypes.js\" mock. Did you forget to return it from \"vi.mock\"?\nIf you need to partially mock a module, you can use \"importOriginal\" helper inside:\n"],"location":{"line":297,"column":10}},{"ancestorTitles":["","WorkflowNode.vue - 工作流节点组件测试","下游节点创建功能测试"],"fullName":" WorkflowNode.vue - 工作流节点组件测试 下游节点创建功能测试 创建失败时应该处理错误","status":"failed","title":"创建失败时应该处理错误","duration":2,"failureMessages":["[vitest] No \"getNodeTypeIcon\" export is defined on the \"../utils/workflowNodeTypes.js\" mock. Did you forget to return it from \"vi.mock\"?\nIf you need to partially mock a module, you can use \"importOriginal\" helper inside:\n"],"location":{"line":297,"column":10}},{"ancestorTitles":["","WorkflowNode.vue - 工作流节点组件测试","计算属性测试"],"fullName":" WorkflowNode.vue - 工作流节点组件测试 计算属性测试 availableNodeTypes应该返回可用的节点类型","status":"failed","title":"availableNodeTypes应该返回可用的节点类型","duration":1,"failureMessages":["[vitest] No \"getNodeTypeIcon\" export is defined on the \"../utils/workflowNodeTypes.js\" mock. Did you forget to return it from \"vi.mock\"?\nIf you need to partially mock a module, you can use \"importOriginal\" helper inside:\n"],"location":{"line":297,"column":10}},{"ancestorTitles":["","WorkflowNode.vue - 工作流节点组件测试","计算属性测试"],"fullName":" WorkflowNode.vue - 工作流节点组件测试 计算属性测试 nodeData应该返回节点数据","status":"failed","title":"nodeData应该返回节点数据","duration":1,"failureMessages":["[vitest] No \"getNodeTypeIcon\" export is defined on the \"../utils/workflowNodeTypes.js\" mock. Did you forget to return it from \"vi.mock\"?\nIf you need to partially mock a module, you can use \"importOriginal\" helper inside:\n"],"location":{"line":297,"column":10}},{"ancestorTitles":["","WorkflowNode.vue - 工作流节点组件测试","计算属性测试"],"fullName":" WorkflowNode.vue - 工作流节点组件测试 计算属性测试 isSelected应该正确判断选中状态","status":"failed","title":"isSelected应该正确判断选中状态","duration":1,"failureMessages":["[vitest] No \"getNodeTypeIcon\" export is defined on the \"../utils/workflowNodeTypes.js\" mock. Did you forget to return it from \"vi.mock\"?\nIf you need to partially mock a module, you can use \"importOriginal\" helper inside:\n"],"location":{"line":297,"column":10}},{"ancestorTitles":["","WorkflowNode.vue - 工作流节点组件测试","计算属性测试"],"fullName":" WorkflowNode.vue - 工作流节点组件测试 计算属性测试 nodeTypeClass应该返回正确的CSS类名","status":"failed","title":"nodeTypeClass应该返回正确的CSS类名","duration":2,"failureMessages":["[vitest] No \"getNodeTypeIcon\" export is defined on the \"../utils/workflowNodeTypes.js\" mock. Did you forget to return it from \"vi.mock\"?\nIf you need to partially mock a module, you can use \"importOriginal\" helper inside:\n"],"location":{"line":297,"column":10}},{"ancestorTitles":["","WorkflowNode.vue - 工作流节点组件测试","端口显示逻辑测试"],"fullName":" WorkflowNode.vue - 工作流节点组件测试 端口显示逻辑测试 输入节点应该只显示输出端口","status":"failed","title":"输入节点应该只显示输出端口","duration":2,"failureMessages":["[vitest] No \"getNodeTypeIcon\" export is defined on the \"../utils/workflowNodeTypes.js\" mock. Did you forget to return it from \"vi.mock\"?\nIf you need to partially mock a module, you can use \"importOriginal\" helper inside:\n"],"location":{"line":297,"column":10}},{"ancestorTitles":["","WorkflowNode.vue - 工作流节点组件测试","端口显示逻辑测试"],"fullName":" WorkflowNode.vue - 工作流节点组件测试 端口显示逻辑测试 输出节点应该只显示输入端口","status":"failed","title":"输出节点应该只显示输入端口","duration":5,"failureMessages":["[vitest] No \"getNodeTypeIcon\" export is defined on the \"../utils/workflowNodeTypes.js\" mock. Did you forget to return it from \"vi.mock\"?\nIf you need to partially mock a module, you can use \"importOriginal\" helper inside:\n"],"location":{"line":297,"column":10}},{"ancestorTitles":["","WorkflowNode.vue - 工作流节点组件测试","端口显示逻辑测试"],"fullName":" WorkflowNode.vue - 工作流节点组件测试 端口显示逻辑测试 处理节点应该显示输入和输出端口","status":"failed","title":"处理节点应该显示输入和输出端口","duration":4,"failureMessages":["[vitest] No \"getNodeTypeIcon\" export is defined on the \"../utils/workflowNodeTypes.js\" mock. Did you forget to return it from \"vi.mock\"?\nIf you need to partially mock a module, you can use \"importOriginal\" helper inside:\n"],"location":{"line":297,"column":10}},{"ancestorTitles":["","WorkflowNode.vue - 工作流节点组件测试","错误处理测试"],"fullName":" WorkflowNode.vue - 工作流节点组件测试 错误处理测试 应该处理缺失的graph注入","status":"failed","title":"应该处理缺失的graph注入","duration":1,"failureMessages":["[vitest] No \"getNodeTypeIcon\" export is defined on the \"../utils/workflowNodeTypes.js\" mock. Did you forget to return it from \"vi.mock\"?\nIf you need to partially mock a module, you can use \"importOriginal\" helper inside:\n"],"location":{"line":297,"column":10}},{"ancestorTitles":["","WorkflowNode.vue - 工作流节点组件测试","错误处理测试"],"fullName":" WorkflowNode.vue - 工作流节点组件测试 错误处理测试 应该处理无效的节点数据","status":"failed","title":"应该处理无效的节点数据","duration":5,"failureMessages":["expected [Function] to not throw an error but 'Error: [vitest] No \"getNodeTypeIcon\" …' was thrown"],"location":{"line":393,"column":14}},{"ancestorTitles":["","WorkflowNode.vue - 工作流节点组件测试","错误处理测试"],"fullName":" WorkflowNode.vue - 工作流节点组件测试 错误处理测试 应该处理缺失的setSelectedNode函数","status":"failed","title":"应该处理缺失的setSelectedNode函数","duration":2,"failureMessages":["[vitest] No \"getNodeTypeIcon\" export is defined on the \"../utils/workflowNodeTypes.js\" mock. Did you forget to return it from \"vi.mock\"?\nIf you need to partially mock a module, you can use \"importOriginal\" helper inside:\n"],"location":{"line":297,"column":10}},{"ancestorTitles":["","WorkflowNode.vue - 工作流节点组件测试","响应式更新测试"],"fullName":" WorkflowNode.vue - 工作流节点组件测试 响应式更新测试 节点数据变化时应该更新显示","status":"failed","title":"节点数据变化时应该更新显示","duration":1,"failureMessages":["[vitest] No \"getNodeTypeIcon\" export is defined on the \"../utils/workflowNodeTypes.js\" mock. Did you forget to return it from \"vi.mock\"?\nIf you need to partially mock a module, you can use \"importOriginal\" helper inside:\n"],"location":{"line":297,"column":10}},{"ancestorTitles":["","WorkflowNode.vue - 工作流节点组件测试","响应式更新测试"],"fullName":" WorkflowNode.vue - 工作流节点组件测试 响应式更新测试 选中状态变化时应该更新样式","status":"failed","title":"选中状态变化时应该更新样式","duration":1,"failureMessages":["[vitest] No \"getNodeTypeIcon\" export is defined on the \"../utils/workflowNodeTypes.js\" mock. Did you forget to return it from \"vi.mock\"?\nIf you need to partially mock a module, you can use \"importOriginal\" helper inside:\n"],"location":{"line":297,"column":10}},{"ancestorTitles":["","WorkflowNode.vue - 工作流节点组件测试","性能测试"],"fullName":" WorkflowNode.vue - 工作流节点组件测试 性能测试 应该能够高效渲染大量节点","status":"failed","title":"应该能够高效渲染大量节点","duration":2,"failureMessages":["Cannot read properties of undefined (reading 'toLowerCase')"],"location":{"line":4,"column":108}},{"ancestorTitles":["","WorkflowNode.vue - 工作流节点组件测试","性能测试"],"fullName":" WorkflowNode.vue - 工作流节点组件测试 性能测试 频繁的选中状态切换应该保持流畅","status":"failed","title":"频繁的选中状态切换应该保持流畅","duration":1,"failureMessages":["[vitest] No \"getNodeTypeIcon\" export is defined on the \"../utils/workflowNodeTypes.js\" mock. Did you forget to return it from \"vi.mock\"?\nIf you need to partially mock a module, you can use \"importOriginal\" helper inside:\n"],"location":{"line":297,"column":10}},{"ancestorTitles":["","WorkflowNode.vue - 工作流节点组件测试","可访问性测试"],"fullName":" WorkflowNode.vue - 工作流节点组件测试 可访问性测试 应该有适当的ARIA属性","status":"failed","title":"应该有适当的ARIA属性","duration":4,"failureMessages":["[vitest] No \"getNodeTypeIcon\" export is defined on the \"../utils/workflowNodeTypes.js\" mock. Did you forget to return it from \"vi.mock\"?\nIf you need to partially mock a module, you can use \"importOriginal\" helper inside:\n"],"location":{"line":297,"column":10}},{"ancestorTitles":["","WorkflowNode.vue - 工作流节点组件测试","可访问性测试"],"fullName":" WorkflowNode.vue - 工作流节点组件测试 可访问性测试 应该支持键盘导航","status":"failed","title":"应该支持键盘导航","duration":4,"failureMessages":["[vitest] No \"getNodeTypeIcon\" export is defined on the \"../utils/workflowNodeTypes.js\" mock. Did you forget to return it from \"vi.mock\"?\nIf you need to partially mock a module, you can use \"importOriginal\" helper inside:\n"],"location":{"line":297,"column":10}}],"startTime":1755145469952,"endTime":1755145470068,"status":"failed","message":"","name":"/Users/mac/nis_mock/data_comunity/data_comunity/src/tests/WorkflowNode.test.js"},{"assertionResults":[{"ancestorTitles":["","AI外呼节点预览线生成测试","未配置AI外呼节点测试"],"fullName":" AI外呼节点预览线生成测试 未配置AI外呼节点测试 未配置的AI外呼节点不应生成预览线","status":"passed","title":"未配置的AI外呼节点不应生成预览线","duration":2,"failureMessages":[]},{"ancestorTitles":["","AI外呼节点预览线生成测试","未配置AI外呼节点测试"],"fullName":" AI外呼节点预览线生成测试 未配置AI外呼节点测试 isConfigured为undefined的AI外呼节点不应生成预览线","status":"passed","title":"isConfigured为undefined的AI外呼节点不应生成预览线","duration":1,"failureMessages":[]},{"ancestorTitles":["","AI外呼节点预览线生成测试","未配置AI外呼节点测试"],"fullName":" AI外呼节点预览线生成测试 未配置AI外呼节点测试 空配置对象的AI外呼节点不应生成预览线","status":"passed","title":"空配置对象的AI外呼节点不应生成预览线","duration":0,"failureMessages":[]},{"ancestorTitles":["","AI外呼节点预览线生成测试","已配置AI外呼节点测试"],"fullName":" AI外呼节点预览线生成测试 已配置AI外呼节点测试 已配置的AI外呼节点应正确生成预览线","status":"passed","title":"已配置的AI外呼节点应正确生成预览线","duration":1,"failureMessages":[]},{"ancestorTitles":["","AI外呼节点预览线生成测试","已配置AI外呼节点测试"],"fullName":" AI外呼节点预览线生成测试 已配置AI外呼节点测试 已配置但已有连接的AI外呼节点不应生成预览线","status":"passed","title":"已配置但已有连接的AI外呼节点不应生成预览线","duration":2,"failureMessages":[]},{"ancestorTitles":["","AI外呼节点预览线生成测试","validateNodeConfiguration方法测试"],"fullName":" AI外呼节点预览线生成测试 validateNodeConfiguration方法测试 应该正确验证AI外呼节点的配置状态","status":"passed","title":"应该正确验证AI外呼节点的配置状态","duration":0,"failureMessages":[]},{"ancestorTitles":["","AI外呼节点预览线生成测试","validateNodeConfiguration方法测试"],"fullName":" AI外呼节点预览线生成测试 validateNodeConfiguration方法测试 应该处理isConfigured为undefined的情况","status":"passed","title":"应该处理isConfigured为undefined的情况","duration":1,"failureMessages":[]},{"ancestorTitles":["","AI外呼节点预览线生成测试","边界情况测试"],"fullName":" AI外呼节点预览线生成测试 边界情况测试 应该处理null节点","status":"passed","title":"应该处理null节点","duration":0,"failureMessages":[]},{"ancestorTitles":["","AI外呼节点预览线生成测试","边界情况测试"],"fullName":" AI外呼节点预览线生成测试 边界情况测试 应该处理undefined节点","status":"passed","title":"应该处理undefined节点","duration":1,"failureMessages":[]},{"ancestorTitles":["","AI外呼节点预览线生成测试","边界情况测试"],"fullName":" AI外呼节点预览线生成测试 边界情况测试 应该处理缺少data属性的节点","status":"passed","title":"应该处理缺少data属性的节点","duration":0,"failureMessages":[]}],"startTime":1755145471021,"endTime":1755145471029,"status":"passed","message":"","name":"/Users/mac/nis_mock/data_comunity/data_comunity/src/tests/ai-call-node-preview-line.test.js"},{"assertionResults":[{"ancestorTitles":["","人群分流节点预览线生成综合测试"],"fullName":" 人群分流节点预览线生成综合测试 场景1：新创建的人群分流节点（isConfigured为undefined）","status":"passed","title":"场景1：新创建的人群分流节点（isConfigured为undefined）","duration":4,"failureMessages":[]},{"ancestorTitles":["","人群分流节点预览线生成综合测试"],"fullName":" 人群分流节点预览线生成综合测试 场景2：从保存数据恢复的人群分流节点（已配置）","status":"passed","title":"场景2：从保存数据恢复的人群分流节点（已配置）","duration":0,"failureMessages":[]},{"ancestorTitles":["","人群分流节点预览线生成综合测试"],"fullName":" 人群分流节点预览线生成综合测试 场景3：未配置的人群分流节点","status":"passed","title":"场景3：未配置的人群分流节点","duration":2,"failureMessages":[]},{"ancestorTitles":["","人群分流节点预览线生成综合测试"],"fullName":" 人群分流节点预览线生成综合测试 场景4：人群分流节点已有部分连接","status":"passed","title":"场景4：人群分流节点已有部分连接","duration":0,"failureMessages":[]},{"ancestorTitles":["","人群分流节点预览线生成综合测试"],"fullName":" 人群分流节点预览线生成综合测试 场景5：人群分流节点所有分支已连接","status":"passed","title":"场景5：人群分流节点所有分支已连接","duration":0,"failureMessages":[]},{"ancestorTitles":["","人群分流节点预览线生成综合测试"],"fullName":" 人群分流节点预览线生成综合测试 场景6：修复逻辑的完整性验证","status":"passed","title":"场景6：修复逻辑的完整性验证","duration":0,"failureMessages":[]},{"ancestorTitles":["","人群分流节点预览线生成综合测试"],"fullName":" 人群分流节点预览线生成综合测试 场景7：日志中的实际问题重现","status":"passed","title":"场景7：日志中的实际问题重现","duration":1,"failureMessages":[]}],"startTime":1755145470954,"endTime":1755145470963,"status":"passed","message":"","name":"/Users/mac/nis_mock/data_comunity/data_comunity/src/tests/audience-split-preview-line-comprehensive.test.js"},{"assertionResults":[{"ancestorTitles":["","人群分流节点预览线生成"],"fullName":" 人群分流节点预览线生成 应该为人群分流节点生成3个分支","status":"passed","title":"应该为人群分流节点生成3个分支","duration":3,"failureMessages":[]},{"ancestorTitles":["","人群分流节点预览线生成"],"fullName":" 人群分流节点预览线生成 当前两个分支已连接时，应该为第三个分支生成预览线","status":"passed","title":"当前两个分支已连接时，应该为第三个分支生成预览线","duration":1,"failureMessages":[]},{"ancestorTitles":["","人群分流节点预览线生成"],"fullName":" 人群分流节点预览线生成 应该为未连接的\"未命中人群\"分支创建预览线","status":"passed","title":"应该为未连接的\"未命中人群\"分支创建预览线","duration":14,"failureMessages":[]},{"ancestorTitles":["","人群分流节点预览线生成"],"fullName":" 人群分流节点预览线生成 节点应该被识别为已配置状态","status":"passed","title":"节点应该被识别为已配置状态","duration":1,"failureMessages":[]},{"ancestorTitles":["","人群分流节点预览线生成"],"fullName":" 人群分流节点预览线生成 generateBranchesByType应该正确处理unmatchBranch配置","status":"passed","title":"generateBranchesByType应该正确处理unmatchBranch配置","duration":7,"failureMessages":[]}],"startTime":1755145471540,"endTime":1755145471566,"status":"passed","message":"","name":"/Users/mac/nis_mock/data_comunity/data_comunity/src/tests/audience-split-preview-line.test.js"},{"assertionResults":[{"ancestorTitles":["","ConnectionConfigFactory","createConnectionConfig"],"fullName":" ConnectionConfigFactory createConnectionConfig 应该创建基础连接配置","status":"passed","title":"应该创建基础连接配置","duration":1,"failureMessages":[]},{"ancestorTitles":["","ConnectionConfigFactory","createConnectionConfig"],"fullName":" ConnectionConfigFactory createConnectionConfig 应该支持自定义配置","status":"passed","title":"应该支持自定义配置","duration":0,"failureMessages":[]},{"ancestorTitles":["","ConnectionConfigFactory","createLabeledConnectionConfig"],"fullName":" ConnectionConfigFactory createLabeledConnectionConfig 应该创建带标签的连接配置","status":"passed","title":"应该创建带标签的连接配置","duration":0,"failureMessages":[]},{"ancestorTitles":["","ConnectionConfigFactory","createLabeledConnectionConfig"],"fullName":" ConnectionConfigFactory createLabeledConnectionConfig 应该支持自定义标签样式","status":"passed","title":"应该支持自定义标签样式","duration":1,"failureMessages":[]},{"ancestorTitles":["","ConnectionConfigFactory","createBranchConnectionConfig"],"fullName":" ConnectionConfigFactory createBranchConnectionConfig 应该创建分支连接配置","status":"passed","title":"应该创建分支连接配置","duration":0,"failureMessages":[]},{"ancestorTitles":["","ConnectionConfigFactory","createBranchConnectionConfig"],"fullName":" ConnectionConfigFactory createBranchConnectionConfig 应该处理默认端口","status":"passed","title":"应该处理默认端口","duration":0,"failureMessages":[]},{"ancestorTitles":["","ConnectionConfigFactory","validateConnectionConfig"],"fullName":" ConnectionConfigFactory validateConnectionConfig 应该验证有效配置","status":"passed","title":"应该验证有效配置","duration":0,"failureMessages":[]},{"ancestorTitles":["","ConnectionConfigFactory","validateConnectionConfig"],"fullName":" ConnectionConfigFactory validateConnectionConfig 应该检测无效配置","status":"passed","title":"应该检测无效配置","duration":0,"failureMessages":[]},{"ancestorTitles":["","ConnectionConfigFactory","validateConnectionConfig"],"fullName":" ConnectionConfigFactory validateConnectionConfig 应该检测无效的连接器类型","status":"passed","title":"应该检测无效的连接器类型","duration":1,"failureMessages":[]}],"startTime":1755145472656,"endTime":1755145472659,"status":"passed","message":"","name":"/Users/mac/nis_mock/data_comunity/data_comunity/src/tests/connectionConfig.test.js"},{"assertionResults":[{"ancestorTitles":["","数据源配置测试"],"fullName":" 数据源配置测试 应该正确渲染数据源配置页面","status":"passed","title":"应该正确渲染数据源配置页面","duration":31,"failureMessages":[]},{"ancestorTitles":["","数据源配置测试"],"fullName":" 数据源配置测试 应该显示空状态当没有数据源时","status":"failed","title":"应该显示空状态当没有数据源时","duration":12,"failureMessages":["expected false to be true // Object.is equality"],"location":{"line":136,"column":27}}],"startTime":1755145473557,"endTime":1755145473600,"status":"failed","message":"","name":"/Users/mac/nis_mock/data_comunity/data_comunity/src/tests/datasource-config.test.jsx"},{"assertionResults":[{"ancestorTitles":["","调试人群分流节点预览线问题"],"fullName":" 调试人群分流节点预览线问题 调试createBranchPreviewLines方法","status":"passed","title":"调试createBranchPreviewLines方法","duration":36,"failureMessages":[]}],"startTime":1755145473629,"endTime":1755145473665,"status":"passed","message":"","name":"/Users/mac/nis_mock/data_comunity/data_comunity/src/tests/debug-audience-split.test.js"},{"assertionResults":[{"ancestorTitles":["","Graph实例修复组件测试"],"fullName":" Graph实例修复组件测试 当graph实例为null时，应该将操作加入队列","status":"failed","title":"当graph实例为null时，应该将操作加入队列","duration":30,"failureMessages":["Directory import '/Users/mac/nis_mock/data_comunity/data_comunity/node_modules/@arco-design/web-vue/es/icon' is not supported resolving ES modules imported from /Users/mac/nis_mock/data_comunity/data_comunity/src/utils/workflowNodeTypes.js\nDid you mean to import \"@arco-design/web-vue/es/icon/index.js\"?"]},{"ancestorTitles":["","Graph实例修复组件测试"],"fullName":" Graph实例修复组件测试 当graph实例变为可用时，应该执行队列中的操作","status":"failed","title":"当graph实例变为可用时，应该执行队列中的操作","duration":2,"failureMessages":["Directory import '/Users/mac/nis_mock/data_comunity/data_comunity/node_modules/@arco-design/web-vue/es/icon' is not supported resolving ES modules imported from /Users/mac/nis_mock/data_comunity/data_comunity/src/utils/workflowNodeTypes.js\nDid you mean to import \"@arco-design/web-vue/es/icon/index.js\"?"]}],"startTime":1755145472296,"endTime":1755145472328,"status":"failed","message":"","name":"/Users/mac/nis_mock/data_comunity/data_comunity/src/tests/graph-fix-component.test.js"},{"assertionResults":[{"ancestorTitles":["","Graph实例注入测试"],"fullName":" Graph实例注入测试 应该在initGraph后正确提供graph实例","status":"failed","title":"应该在initGraph后正确提供graph实例","duration":3,"failureMessages":["Cannot set property offsetWidth of #<HTMLElement> which has only a getter"],"location":{"line":58,"column":28}},{"ancestorTitles":["","Graph实例注入测试"],"fullName":" Graph实例注入测试 应该能够正确处理节点点击事件","status":"passed","title":"应该能够正确处理节点点击事件","duration":28,"failureMessages":[]}],"startTime":1755145473411,"endTime":1755145473442,"status":"failed","message":"","name":"/Users/mac/nis_mock/data_comunity/data_comunity/src/tests/graph-injection.test.js"},{"assertionResults":[{"ancestorTitles":["","Graph实例修复测试"],"fullName":" Graph实例修复测试 当graph实例为null时，应该等待初始化后重试","status":"failed","title":"当graph实例为null时，应该等待初始化后重试","duration":11,"failureMessages":["[vitest] No \"consoleLogger\" export is defined on the \"../utils/consoleLogger.js\" mock. Did you forget to return it from \"vi.mock\"?\nIf you need to partially mock a module, you can use \"importOriginal\" helper inside:\n"],"location":{"line":121,"column":1}},{"ancestorTitles":["","Graph实例修复测试"],"fullName":" Graph实例修复测试 当graph实例可用时，应该正常创建下游节点","status":"failed","title":"当graph实例可用时，应该正常创建下游节点","duration":1,"failureMessages":["[vitest] No \"consoleLogger\" export is defined on the \"../utils/consoleLogger.js\" mock. Did you forget to return it from \"vi.mock\"?\nIf you need to partially mock a module, you can use \"importOriginal\" helper inside:\n"],"location":{"line":121,"column":1}}],"startTime":1755145474186,"endTime":1755145474198,"status":"failed","message":"","name":"/Users/mac/nis_mock/data_comunity/data_comunity/src/tests/graph-instance-fix.test.js"},{"assertionResults":[{"ancestorTitles":["","isConfigured字段自动修复测试"],"fullName":" isConfigured字段自动修复测试 isConfigured为undefined且有配置数据时应自动修复","status":"passed","title":"isConfigured为undefined且有配置数据时应自动修复","duration":5,"failureMessages":[]},{"ancestorTitles":["","isConfigured字段自动修复测试"],"fullName":" isConfigured字段自动修复测试 开始节点isConfigured为undefined时应自动修复","status":"passed","title":"开始节点isConfigured为undefined时应自动修复","duration":1,"failureMessages":[]},{"ancestorTitles":["","isConfigured字段自动修复测试"],"fullName":" isConfigured字段自动修复测试 isConfigured为undefined且无配置数据时不应修复","status":"passed","title":"isConfigured为undefined且无配置数据时不应修复","duration":2,"failureMessages":[]},{"ancestorTitles":["","isConfigured字段自动修复测试"],"fullName":" isConfigured字段自动修复测试 isConfigured为false时不应修复","status":"passed","title":"isConfigured为false时不应修复","duration":1,"failureMessages":[]},{"ancestorTitles":["","isConfigured字段自动修复测试"],"fullName":" isConfigured字段自动修复测试 isConfigured为true时正常处理","status":"passed","title":"isConfigured为true时正常处理","duration":1,"failureMessages":[]},{"ancestorTitles":["","isConfigured字段自动修复测试"],"fullName":" isConfigured字段自动修复测试 修复后的节点数据应包含正确的isConfigured值","status":"passed","title":"修复后的节点数据应包含正确的isConfigured值","duration":1,"failureMessages":[]}],"startTime":1755145471933,"endTime":1755145471944,"status":"passed","message":"","name":"/Users/mac/nis_mock/data_comunity/data_comunity/src/tests/is-configured-auto-fix.test.js"},{"assertionResults":[{"ancestorTitles":["","isConfigured字段修复验证"],"fullName":" isConfigured字段修复验证 修复验证：isConfigured字段应该立即生效","status":"passed","title":"修复验证：isConfigured字段应该立即生效","duration":420,"failureMessages":[]},{"ancestorTitles":["","isConfigured字段修复验证"],"fullName":" isConfigured字段修复验证 修复验证：数据更新验证机制工作正常","status":"passed","title":"修复验证：数据更新验证机制工作正常","duration":456,"failureMessages":[]},{"ancestorTitles":["","isConfigured字段修复验证"],"fullName":" isConfigured字段修复验证 修复验证：shouldCreatePreviewLine在配置后返回true","status":"passed","title":"修复验证：shouldCreatePreviewLine在配置后返回true","duration":0,"failureMessages":[]},{"ancestorTitles":["","isConfigured字段修复验证"],"fullName":" isConfigured字段修复验证 修复验证：未配置节点shouldCreatePreviewLine返回false","status":"passed","title":"修复验证：未配置节点shouldCreatePreviewLine返回false","duration":1,"failureMessages":[]}],"startTime":1755145472008,"endTime":1755145472885,"status":"passed","message":"","name":"/Users/mac/nis_mock/data_comunity/data_comunity/src/tests/is-configured-fix-verification.test.js"},{"assertionResults":[{"ancestorTitles":["","isConfigured逻辑测试","audience-split节点配置状态测试"],"fullName":" isConfigured逻辑测试 audience-split节点配置状态测试 未配置的audience-split节点应该跳过预览线创建","status":"passed","title":"未配置的audience-split节点应该跳过预览线创建","duration":4,"failureMessages":[]},{"ancestorTitles":["","isConfigured逻辑测试","audience-split节点配置状态测试"],"fullName":" isConfigured逻辑测试 audience-split节点配置状态测试 已配置的audience-split节点应该创建预览线","status":"passed","title":"已配置的audience-split节点应该创建预览线","duration":0,"failureMessages":[]},{"ancestorTitles":["","isConfigured逻辑测试","audience-split节点配置状态测试"],"fullName":" isConfigured逻辑测试 audience-split节点配置状态测试 NodeConfigManager应该在配置完成后设置isConfigured为true","status":"passed","title":"NodeConfigManager应该在配置完成后设置isConfigured为true","duration":2,"failureMessages":[]},{"ancestorTitles":["","isConfigured逻辑测试","配置流程完整性测试"],"fullName":" isConfigured逻辑测试 配置流程完整性测试 useBaseDrawer的handleSubmit应该触发confirm事件","status":"passed","title":"useBaseDrawer的handleSubmit应该触发confirm事件","duration":1,"failureMessages":[]},{"ancestorTitles":["","isConfigured逻辑测试","配置流程完整性测试"],"fullName":" isConfigured逻辑测试 配置流程完整性测试 useConfigDrawers的handleConfigConfirm应该调用NodeConfigManager","status":"passed","title":"useConfigDrawers的handleConfigConfirm应该调用NodeConfigManager","duration":0,"failureMessages":[]},{"ancestorTitles":["","isConfigured逻辑测试","预览线生成条件测试"],"fullName":" isConfigured逻辑测试 预览线生成条件测试 validateNodeConfiguration应该正确检查isConfigured状态","status":"passed","title":"validateNodeConfiguration应该正确检查isConfigured状态","duration":1,"failureMessages":[]},{"ancestorTitles":["","isConfigured逻辑测试","预览线生成条件测试"],"fullName":" isConfigured逻辑测试 预览线生成条件测试 shouldCreatePreviewLine应该正确判断是否创建预览线","status":"passed","title":"shouldCreatePreviewLine应该正确判断是否创建预览线","duration":0,"failureMessages":[]},{"ancestorTitles":["","isConfigured逻辑测试","边界情况测试"],"fullName":" isConfigured逻辑测试 边界情况测试 节点没有config属性时应该跳过预览线创建","status":"passed","title":"节点没有config属性时应该跳过预览线创建","duration":2,"failureMessages":[]},{"ancestorTitles":["","isConfigured逻辑测试","边界情况测试"],"fullName":" isConfigured逻辑测试 边界情况测试 节点config为空对象时应该跳过预览线创建","status":"passed","title":"节点config为空对象时应该跳过预览线创建","duration":0,"failureMessages":[]},{"ancestorTitles":["","isConfigured逻辑测试","边界情况测试"],"fullName":" isConfigured逻辑测试 边界情况测试 节点数据为null时应该跳过预览线创建","status":"passed","title":"节点数据为null时应该跳过预览线创建","duration":3,"failureMessages":[]}],"startTime":1755145471061,"endTime":1755145471074,"status":"passed","message":"","name":"/Users/mac/nis_mock/data_comunity/data_comunity/src/tests/is-configured-logic.test.js"},{"assertionResults":[{"ancestorTitles":["","isConfigured字段覆盖问题测试"],"fullName":" isConfigured字段覆盖问题测试 NodeConfigManager设置isConfigured后不应被覆盖","status":"passed","title":"NodeConfigManager设置isConfigured后不应被覆盖","duration":3,"failureMessages":[]},{"ancestorTitles":["","isConfigured字段覆盖问题测试"],"fullName":" isConfigured字段覆盖问题测试 UnifiedPreviewLineManager不应覆盖已设置的isConfigured","status":"passed","title":"UnifiedPreviewLineManager不应覆盖已设置的isConfigured","duration":415,"failureMessages":[]},{"ancestorTitles":["","isConfigured字段覆盖问题测试"],"fullName":" isConfigured字段覆盖问题测试 验证完整的配置流程中isConfigured的保持","status":"passed","title":"验证完整的配置流程中isConfigured的保持","duration":403,"failureMessages":[]}],"startTime":1755145471995,"endTime":1755145472817,"status":"passed","message":"","name":"/Users/mac/nis_mock/data_comunity/data_comunity/src/tests/is-configured-override.test.js"},{"assertionResults":[{"ancestorTitles":["","isConfigured字段时序问题测试"],"fullName":" isConfigured字段时序问题测试 createPreviewLineAfterConfig应该正确设置isConfigured字段","status":"passed","title":"createPreviewLineAfterConfig应该正确设置isConfigured字段","duration":429,"failureMessages":[]},{"ancestorTitles":["","isConfigured字段时序问题测试"],"fullName":" isConfigured字段时序问题测试 setData后立即调用shouldCreatePreviewLine应该返回正确结果","status":"passed","title":"setData后立即调用shouldCreatePreviewLine应该返回正确结果","duration":1,"failureMessages":[]},{"ancestorTitles":["","isConfigured字段时序问题测试"],"fullName":" isConfigured字段时序问题测试 数据更新时序问题的重现和修复验证","status":"failed","title":"数据更新时序问题的重现和修复验证","duration":3,"failureMessages":["expected false to be true // Object.is equality"],"location":{"line":184,"column":31}},{"ancestorTitles":["","isConfigured字段时序问题测试"],"fullName":" isConfigured字段时序问题测试 waitForNodeSync应该等待节点数据同步","status":"passed","title":"waitForNodeSync应该等待节点数据同步","duration":103,"failureMessages":[]},{"ancestorTitles":["","isConfigured字段时序问题测试"],"fullName":" isConfigured字段时序问题测试 createPreviewLineAfterConfig的完整流程验证","status":"passed","title":"createPreviewLineAfterConfig的完整流程验证","duration":404,"failureMessages":[]},{"ancestorTitles":["","isConfigured字段时序问题测试"],"fullName":" isConfigured字段时序问题测试 多次调用createPreviewLineAfterConfig应该正确处理","status":"passed","title":"多次调用createPreviewLineAfterConfig应该正确处理","duration":808,"failureMessages":[]}],"startTime":1755145471456,"endTime":1755145473204,"status":"failed","message":"","name":"/Users/mac/nis_mock/data_comunity/data_comunity/src/tests/is-configured-timing.test.js"},{"assertionResults":[{"ancestorTitles":["","开始节点预览线测试"],"fullName":" 开始节点预览线测试 开始节点无连接时应该创建预览线","status":"passed","title":"开始节点无连接时应该创建预览线","duration":2,"failureMessages":[]},{"ancestorTitles":["","开始节点预览线测试"],"fullName":" 开始节点预览线测试 开始节点有真实连接时不应该创建预览线","status":"passed","title":"开始节点有真实连接时不应该创建预览线","duration":1,"failureMessages":[]},{"ancestorTitles":["","开始节点预览线测试"],"fullName":" 开始节点预览线测试 开始节点有预览线连接时应该创建预览线","status":"passed","title":"开始节点有预览线连接时应该创建预览线","duration":0,"failureMessages":[]},{"ancestorTitles":["","开始节点预览线测试"],"fullName":" 开始节点预览线测试 开始节点有多个真实连接时不应该创建预览线","status":"passed","title":"开始节点有多个真实连接时不应该创建预览线","duration":1,"failureMessages":[]},{"ancestorTitles":["","开始节点预览线测试"],"fullName":" 开始节点预览线测试 开始节点混合连接时的处理","status":"passed","title":"开始节点混合连接时的处理","duration":0,"failureMessages":[]},{"ancestorTitles":["","开始节点预览线测试"],"fullName":" 开始节点预览线测试 开始节点未配置时不应该创建预览线","status":"passed","title":"开始节点未配置时不应该创建预览线","duration":1,"failureMessages":[]},{"ancestorTitles":["","开始节点预览线测试"],"fullName":" 开始节点预览线测试 开始节点创建单一预览线","status":"passed","title":"开始节点创建单一预览线","duration":1,"failureMessages":[]},{"ancestorTitles":["","开始节点预览线测试"],"fullName":" 开始节点预览线测试 开始节点连接检查的日志输出","status":"passed","title":"开始节点连接检查的日志输出","duration":2,"failureMessages":[]}],"startTime":1755145471516,"endTime":1755145471524,"status":"passed","message":"","name":"/Users/mac/nis_mock/data_comunity/data_comunity/src/tests/start-node-preview-line.test.js"},{"assertionResults":[{"ancestorTitles":["","第三层中点对齐测试","第三层节点对齐检测"],"fullName":" 第三层中点对齐测试 第三层节点对齐检测 应该检测到第三层节点Y坐标不一致","status":"passed","title":"应该检测到第三层节点Y坐标不一致","duration":2,"failureMessages":[]},{"ancestorTitles":["","第三层中点对齐测试","第三层节点对齐检测"],"fullName":" 第三层中点对齐测试 第三层节点对齐检测 应该计算第三层节点的中点Y坐标","status":"passed","title":"应该计算第三层节点的中点Y坐标","duration":1,"failureMessages":[]},{"ancestorTitles":["","第三层中点对齐测试","第三层节点对齐检测"],"fullName":" 第三层中点对齐测试 第三层节点对齐检测 应该将第三层所有节点对齐到中点","status":"passed","title":"应该将第三层所有节点对齐到中点","duration":1,"failureMessages":[]},{"ancestorTitles":["","第三层中点对齐测试","布局引擎对齐方法测试"],"fullName":" 第三层中点对齐测试 布局引擎对齐方法测试 应该提供层级节点对齐方法","status":"passed","title":"应该提供层级节点对齐方法","duration":0,"failureMessages":[]},{"ancestorTitles":["","第三层中点对齐测试","布局引擎对齐方法测试"],"fullName":" 第三层中点对齐测试 布局引擎对齐方法测试 应该处理空节点列表","status":"passed","title":"应该处理空节点列表","duration":2,"failureMessages":[]},{"ancestorTitles":["","第三层中点对齐测试","布局引擎对齐方法测试"],"fullName":" 第三层中点对齐测试 布局引擎对齐方法测试 应该处理单个节点的情况","status":"passed","title":"应该处理单个节点的情况","duration":0,"failureMessages":[]}],"startTime":1755145471608,"endTime":1755145471614,"status":"passed","message":"","name":"/Users/mac/nis_mock/data_comunity/data_comunity/src/tests/third-layer-alignment.test.js"},{"assertionResults":[{"ancestorTitles":["","统一预览线管理器 - 重构后的分支逻辑测试","checkNodeFullConnections - 统一连接检查逻辑"],"fullName":" 统一预览线管理器 - 重构后的分支逻辑测试 checkNodeFullConnections - 统一连接检查逻辑 无分支节点 - 无连接时返回false","status":"passed","title":"无分支节点 - 无连接时返回false","duration":35,"failureMessages":[]},{"ancestorTitles":["","统一预览线管理器 - 重构后的分支逻辑测试","checkNodeFullConnections - 统一连接检查逻辑"],"fullName":" 统一预览线管理器 - 重构后的分支逻辑测试 checkNodeFullConnections - 统一连接检查逻辑 无分支节点 - 有真实连接时返回true","status":"passed","title":"无分支节点 - 有真实连接时返回true","duration":1,"failureMessages":[]},{"ancestorTitles":["","统一预览线管理器 - 重构后的分支逻辑测试","checkNodeFullConnections - 统一连接检查逻辑"],"fullName":" 统一预览线管理器 - 重构后的分支逻辑测试 checkNodeFullConnections - 统一连接检查逻辑 无分支节点 - 只有预览线连接时返回false","status":"passed","title":"无分支节点 - 只有预览线连接时返回false","duration":0,"failureMessages":[]},{"ancestorTitles":["","统一预览线管理器 - 重构后的分支逻辑测试","checkNodeFullConnections - 统一连接检查逻辑"],"fullName":" 统一预览线管理器 - 重构后的分支逻辑测试 checkNodeFullConnections - 统一连接检查逻辑 分支节点 - 部分分支连接时返回false","status":"passed","title":"分支节点 - 部分分支连接时返回false","duration":1,"failureMessages":[]},{"ancestorTitles":["","统一预览线管理器 - 重构后的分支逻辑测试","checkNodeFullConnections - 统一连接检查逻辑"],"fullName":" 统一预览线管理器 - 重构后的分支逻辑测试 checkNodeFullConnections - 统一连接检查逻辑 分支节点 - 所有分支都连接时返回true","status":"passed","title":"分支节点 - 所有分支都连接时返回true","duration":32,"failureMessages":[]},{"ancestorTitles":["","统一预览线管理器 - 重构后的分支逻辑测试","shouldCreatePreviewLine - 重构后的逻辑测试"],"fullName":" 统一预览线管理器 - 重构后的分支逻辑测试 shouldCreatePreviewLine - 重构后的逻辑测试 开始节点 - 无连接且已配置时应创建预览线","status":"passed","title":"开始节点 - 无连接且已配置时应创建预览线","duration":0,"failureMessages":[]},{"ancestorTitles":["","统一预览线管理器 - 重构后的分支逻辑测试","shouldCreatePreviewLine - 重构后的逻辑测试"],"fullName":" 统一预览线管理器 - 重构后的分支逻辑测试 shouldCreatePreviewLine - 重构后的逻辑测试 开始节点 - 有连接时不应创建预览线","status":"passed","title":"开始节点 - 有连接时不应创建预览线","duration":1,"failureMessages":[]},{"ancestorTitles":["","统一预览线管理器 - 重构后的分支逻辑测试","shouldCreatePreviewLine - 重构后的逻辑测试"],"fullName":" 统一预览线管理器 - 重构后的分支逻辑测试 shouldCreatePreviewLine - 重构后的逻辑测试 分支节点 - 部分分支连接时应创建预览线","status":"passed","title":"分支节点 - 部分分支连接时应创建预览线","duration":9,"failureMessages":[]},{"ancestorTitles":["","统一预览线管理器 - 重构后的分支逻辑测试","shouldCreatePreviewLine - 重构后的逻辑测试"],"fullName":" 统一预览线管理器 - 重构后的分支逻辑测试 shouldCreatePreviewLine - 重构后的逻辑测试 分支节点 - 所有分支都连接时不应创建预览线","status":"passed","title":"分支节点 - 所有分支都连接时不应创建预览线","duration":1,"failureMessages":[]},{"ancestorTitles":["","统一预览线管理器 - 重构后的分支逻辑测试","shouldCreatePreviewLine - 重构后的逻辑测试"],"fullName":" 统一预览线管理器 - 重构后的分支逻辑测试 shouldCreatePreviewLine - 重构后的逻辑测试 未配置节点不应创建预览线","status":"passed","title":"未配置节点不应创建预览线","duration":0,"failureMessages":[]},{"ancestorTitles":["","统一预览线管理器 - 重构后的分支逻辑测试","shouldCreatePreviewLine - 重构后的逻辑测试"],"fullName":" 统一预览线管理器 - 重构后的分支逻辑测试 shouldCreatePreviewLine - 重构后的逻辑测试 结束节点不应创建预览线","status":"passed","title":"结束节点不应创建预览线","duration":1,"failureMessages":[]},{"ancestorTitles":["","统一预览线管理器 - 重构后的分支逻辑测试","统一分类逻辑验证"],"fullName":" 统一预览线管理器 - 重构后的分支逻辑测试 统一分类逻辑验证 验证不同节点类型的分支判断","status":"passed","title":"验证不同节点类型的分支判断","duration":0,"failureMessages":[]},{"ancestorTitles":["","统一预览线管理器 - 重构后的分支逻辑测试","统一分类逻辑验证"],"fullName":" 统一预览线管理器 - 重构后的分支逻辑测试 统一分类逻辑验证 验证分支数量计算的一致性","status":"passed","title":"验证分支数量计算的一致性","duration":0,"failureMessages":[]}],"startTime":1755145468677,"endTime":1755145468758,"status":"passed","message":"","name":"/Users/mac/nis_mock/data_comunity/data_comunity/src/tests/unified-preview-line-refactor.test.js"},{"assertionResults":[],"startTime":1755145467159,"endTime":1755145467159,"status":"failed","message":"Failed to resolve import \"../components/workflow/WorkflowEditor.vue\" from \"src/tests/workflow-editor.test.js\". Does the file exist?","name":"/Users/mac/nis_mock/data_comunity/data_comunity/src/tests/workflow-editor.test.js"},{"assertionResults":[{"ancestorTitles":["","工作流管理功能测试","WorkflowManager 组件"],"fullName":" 工作流管理功能测试 WorkflowManager 组件 应该正确渲染工作流管理页面","status":"passed","title":"应该正确渲染工作流管理页面","duration":31,"failureMessages":[]},{"ancestorTitles":["","工作流管理功能测试","WorkflowManager 组件"],"fullName":" 工作流管理功能测试 WorkflowManager 组件 应该能够创建新流程","status":"passed","title":"应该能够创建新流程","duration":28,"failureMessages":[]},{"ancestorTitles":["","工作流管理功能测试","WorkflowManager 组件"],"fullName":" 工作流管理功能测试 WorkflowManager 组件 应该能够搜索和筛选流程","status":"passed","title":"应该能够搜索和筛选流程","duration":14,"failureMessages":[]},{"ancestorTitles":["","工作流管理功能测试","WorkflowCreate 组件"],"fullName":" 工作流管理功能测试 WorkflowCreate 组件 应该正确渲染创建流程页面","status":"passed","title":"应该正确渲染创建流程页面","duration":5,"failureMessages":[]},{"ancestorTitles":["","工作流管理功能测试","WorkflowCreate 组件"],"fullName":" 工作流管理功能测试 WorkflowCreate 组件 应该验证表单输入","status":"passed","title":"应该验证表单输入","duration":7,"failureMessages":[]},{"ancestorTitles":["","工作流管理功能测试","WorkflowCreate 组件"],"fullName":" 工作流管理功能测试 WorkflowCreate 组件 应该能够选择模板","status":"passed","title":"应该能够选择模板","duration":7,"failureMessages":[]},{"ancestorTitles":["","工作流管理功能测试","WorkflowStorage 工具类"],"fullName":" 工作流管理功能测试 WorkflowStorage 工具类 应该能够保存工作流","status":"passed","title":"应该能够保存工作流","duration":10,"failureMessages":[]},{"ancestorTitles":["","工作流管理功能测试","WorkflowStorage 工具类"],"fullName":" 工作流管理功能测试 WorkflowStorage 工具类 应该能够删除工作流","status":"passed","title":"应该能够删除工作流","duration":0,"failureMessages":[]},{"ancestorTitles":["","工作流管理功能测试","WorkflowStorage 工具类"],"fullName":" 工作流管理功能测试 WorkflowStorage 工具类 应该能够获取工作流列表","status":"passed","title":"应该能够获取工作流列表","duration":1,"failureMessages":[]}],"startTime":1755145471050,"endTime":1755145471154,"status":"passed","message":"","name":"/Users/mac/nis_mock/data_comunity/data_comunity/src/tests/workflow.test.js"},{"assertionResults":[{"ancestorTitles":["","workflowNodeCreator.js - 节点创建器测试","getDownstreamNodePosition 函数测试"],"fullName":" workflowNodeCreator.js - 节点创建器测试 getDownstreamNodePosition 函数测试 应该返回基本的下游位置","status":"passed","title":"应该返回基本的下游位置","duration":1,"failureMessages":[]},{"ancestorTitles":["","workflowNodeCreator.js - 节点创建器测试","getDownstreamNodePosition 函数测试"],"fullName":" workflowNodeCreator.js - 节点创建器测试 getDownstreamNodePosition 函数测试 应该使用默认偏移量计算位置","status":"passed","title":"应该使用默认偏移量计算位置","duration":0,"failureMessages":[]},{"ancestorTitles":["","workflowNodeCreator.js - 节点创建器测试","getDownstreamNodePosition 函数测试"],"fullName":" workflowNodeCreator.js - 节点创建器测试 getDownstreamNodePosition 函数测试 应该使用自定义偏移量","status":"passed","title":"应该使用自定义偏移量","duration":1,"failureMessages":[]},{"ancestorTitles":["","workflowNodeCreator.js - 节点创建器测试","getDownstreamNodePosition 函数测试"],"fullName":" workflowNodeCreator.js - 节点创建器测试 getDownstreamNodePosition 函数测试 应该考虑现有下游节点的位置","status":"passed","title":"应该考虑现有下游节点的位置","duration":1,"failureMessages":[]},{"ancestorTitles":["","workflowNodeCreator.js - 节点创建器测试","getDownstreamNodePosition 函数测试"],"fullName":" workflowNodeCreator.js - 节点创建器测试 getDownstreamNodePosition 函数测试 应该处理多个下游节点","status":"passed","title":"应该处理多个下游节点","duration":1,"failureMessages":[]},{"ancestorTitles":["","workflowNodeCreator.js - 节点创建器测试","getDownstreamNodePosition 函数测试"],"fullName":" workflowNodeCreator.js - 节点创建器测试 getDownstreamNodePosition 函数测试 应该处理无效参数","status":"passed","title":"应该处理无效参数","duration":1,"failureMessages":[]},{"ancestorTitles":["","workflowNodeCreator.js - 节点创建器测试","createNode 函数测试"],"fullName":" workflowNodeCreator.js - 节点创建器测试 createNode 函数测试 应该创建有效的节点","status":"failed","title":"应该创建有效的节点","duration":4,"failureMessages":["Cannot read properties of null (reading 'id')"],"location":{"line":113,"column":19}},{"ancestorTitles":["","workflowNodeCreator.js - 节点创建器测试","createNode 函数测试"],"fullName":" workflowNodeCreator.js - 节点创建器测试 createNode 函数测试 应该使用正确的节点配置","status":"failed","title":"应该使用正确的节点配置","duration":0,"failureMessages":["Cannot read properties of undefined (reading '0')"],"location":{"line":123,"column":58}},{"ancestorTitles":["","workflowNodeCreator.js - 节点创建器测试","createNode 函数测试"],"fullName":" workflowNodeCreator.js - 节点创建器测试 createNode 函数测试 应该生成唯一的节点ID","status":"failed","title":"应该生成唯一的节点ID","duration":1,"failureMessages":["Cannot read properties of null (reading 'id')"],"location":{"line":138,"column":20}},{"ancestorTitles":["","workflowNodeCreator.js - 节点创建器测试","createNode 函数测试"],"fullName":" workflowNodeCreator.js - 节点创建器测试 createNode 函数测试 应该使用提供的节点ID","status":"failed","title":"应该使用提供的节点ID","duration":0,"failureMessages":["Cannot read properties of undefined (reading '0')"],"location":{"line":145,"column":58}},{"ancestorTitles":["","workflowNodeCreator.js - 节点创建器测试","createNode 函数测试"],"fullName":" workflowNodeCreator.js - 节点创建器测试 createNode 函数测试 应该根据节点类型生成正确的名称","status":"failed","title":"应该根据节点类型生成正确的名称","duration":0,"failureMessages":["Cannot read properties of undefined (reading '0')"],"location":{"line":154,"column":56}},{"ancestorTitles":["","workflowNodeCreator.js - 节点创建器测试","createNode 函数测试"],"fullName":" workflowNodeCreator.js - 节点创建器测试 createNode 函数测试 应该设置正确的端口配置","status":"passed","title":"应该设置正确的端口配置","duration":1,"failureMessages":[]},{"ancestorTitles":["","workflowNodeCreator.js - 节点创建器测试","createNode 函数测试"],"fullName":" workflowNodeCreator.js - 节点创建器测试 createNode 函数测试 应该处理无效参数","status":"passed","title":"应该处理无效参数","duration":1,"failureMessages":[]},{"ancestorTitles":["","workflowNodeCreator.js - 节点创建器测试","createNode 函数测试"],"fullName":" workflowNodeCreator.js - 节点创建器测试 createNode 函数测试 应该处理创建错误","status":"failed","title":"应该处理创建错误","duration":1,"failureMessages":["expected \"error\" to be called at least once"],"location":{"line":185,"column":26}},{"ancestorTitles":["","workflowNodeCreator.js - 节点创建器测试","createEdge 函数测试"],"fullName":" workflowNodeCreator.js - 节点创建器测试 createEdge 函数测试 应该创建有效的连接边","status":"passed","title":"应该创建有效的连接边","duration":1,"failureMessages":[]},{"ancestorTitles":["","workflowNodeCreator.js - 节点创建器测试","createEdge 函数测试"],"fullName":" workflowNodeCreator.js - 节点创建器测试 createEdge 函数测试 应该使用正确的边配置","status":"passed","title":"应该使用正确的边配置","duration":0,"failureMessages":[]},{"ancestorTitles":["","workflowNodeCreator.js - 节点创建器测试","createEdge 函数测试"],"fullName":" workflowNodeCreator.js - 节点创建器测试 createEdge 函数测试 应该设置正确的边样式","status":"passed","title":"应该设置正确的边样式","duration":0,"failureMessages":[]},{"ancestorTitles":["","workflowNodeCreator.js - 节点创建器测试","createEdge 函数测试"],"fullName":" workflowNodeCreator.js - 节点创建器测试 createEdge 函数测试 应该生成唯一的边ID","status":"passed","title":"应该生成唯一的边ID","duration":1,"failureMessages":[]},{"ancestorTitles":["","workflowNodeCreator.js - 节点创建器测试","createEdge 函数测试"],"fullName":" workflowNodeCreator.js - 节点创建器测试 createEdge 函数测试 应该处理无效参数","status":"passed","title":"应该处理无效参数","duration":1,"failureMessages":[]},{"ancestorTitles":["","workflowNodeCreator.js - 节点创建器测试","createDownstreamNode 函数测试"],"fullName":" workflowNodeCreator.js - 节点创建器测试 createDownstreamNode 函数测试 应该同时创建节点和边","status":"failed","title":"应该同时创建节点和边","duration":0,"failureMessages":["expected \"spy\" to be called at least once"],"location":{"line":246,"column":33}},{"ancestorTitles":["","workflowNodeCreator.js - 节点创建器测试","createDownstreamNode 函数测试"],"fullName":" workflowNodeCreator.js - 节点创建器测试 createDownstreamNode 函数测试 应该在正确的位置创建下游节点","status":"failed","title":"应该在正确的位置创建下游节点","duration":1,"failureMessages":["Cannot read properties of undefined (reading '0')"],"location":{"line":253,"column":58}},{"ancestorTitles":["","workflowNodeCreator.js - 节点创建器测试","createDownstreamNode 函数测试"],"fullName":" workflowNodeCreator.js - 节点创建器测试 createDownstreamNode 函数测试 应该创建正确的连接","status":"failed","title":"应该创建正确的连接","duration":1,"failureMessages":["Cannot read properties of undefined (reading '0')"],"location":{"line":261,"column":58}},{"ancestorTitles":["","workflowNodeCreator.js - 节点创建器测试","createDownstreamNode 函数测试"],"fullName":" workflowNodeCreator.js - 节点创建器测试 createDownstreamNode 函数测试 应该处理节点创建失败","status":"passed","title":"应该处理节点创建失败","duration":1,"failureMessages":[]},{"ancestorTitles":["","workflowNodeCreator.js - 节点创建器测试","createDownstreamNode 函数测试"],"fullName":" workflowNodeCreator.js - 节点创建器测试 createDownstreamNode 函数测试 应该处理边创建失败并清理节点","status":"failed","title":"应该处理边创建失败并清理节点","duration":1,"failureMessages":["expected \"spy\" to be called at least once"],"location":{"line":284,"column":36}},{"ancestorTitles":["","workflowNodeCreator.js - 节点创建器测试","createDownstreamNode 函数测试"],"fullName":" workflowNodeCreator.js - 节点创建器测试 createDownstreamNode 函数测试 应该处理无效参数","status":"passed","title":"应该处理无效参数","duration":0,"failureMessages":[]},{"ancestorTitles":["","workflowNodeCreator.js - 节点创建器测试","createDownstreamNode 函数测试"],"fullName":" workflowNodeCreator.js - 节点创建器测试 createDownstreamNode 函数测试 应该处理创建过程中的异常","status":"failed","title":"应该处理创建过程中的异常","duration":1,"failureMessages":["expected \"error\" to be called at least once"],"location":{"line":313,"column":26}},{"ancestorTitles":["","workflowNodeCreator.js - 节点创建器测试","createNodes 批量创建节点测试"],"fullName":" workflowNodeCreator.js - 节点创建器测试 createNodes 批量创建节点测试 应该批量创建多个节点","status":"failed","title":"应该批量创建多个节点","duration":2,"failureMessages":["expected [ { …(12) }, { …(12) } ] to have a length of 3 but got 2"],"location":{"line":329,"column":21}},{"ancestorTitles":["","workflowNodeCreator.js - 节点创建器测试","createNodes 批量创建节点测试"],"fullName":" workflowNodeCreator.js - 节点创建器测试 createNodes 批量创建节点测试 应该过滤掉创建失败的节点","status":"failed","title":"应该过滤掉创建失败的节点","duration":1,"failureMessages":["expected [ { id: 'node-1' } ] to have a length of 2 but got 1"],"location":{"line":348,"column":21}},{"ancestorTitles":["","workflowNodeCreator.js - 节点创建器测试","createNodes 批量创建节点测试"],"fullName":" workflowNodeCreator.js - 节点创建器测试 createNodes 批量创建节点测试 应该处理无效参数","status":"passed","title":"应该处理无效参数","duration":0,"failureMessages":[]},{"ancestorTitles":["","workflowNodeCreator.js - 节点创建器测试","createNodes 批量创建节点测试"],"fullName":" workflowNodeCreator.js - 节点创建器测试 createNodes 批量创建节点测试 应该处理空数组","status":"passed","title":"应该处理空数组","duration":0,"failureMessages":[]},{"ancestorTitles":["","workflowNodeCreator.js - 节点创建器测试","createEdges 批量创建边测试"],"fullName":" workflowNodeCreator.js - 节点创建器测试 createEdges 批量创建边测试 应该批量创建多个边","status":"passed","title":"应该批量创建多个边","duration":0,"failureMessages":[]},{"ancestorTitles":["","workflowNodeCreator.js - 节点创建器测试","createEdges 批量创建边测试"],"fullName":" workflowNodeCreator.js - 节点创建器测试 createEdges 批量创建边测试 应该过滤掉创建失败的边","status":"passed","title":"应该过滤掉创建失败的边","duration":1,"failureMessages":[]},{"ancestorTitles":["","workflowNodeCreator.js - 节点创建器测试","createEdges 批量创建边测试"],"fullName":" workflowNodeCreator.js - 节点创建器测试 createEdges 批量创建边测试 应该处理无效参数","status":"passed","title":"应该处理无效参数","duration":0,"failureMessages":[]},{"ancestorTitles":["","workflowNodeCreator.js - 节点创建器测试","createEdges 批量创建边测试"],"fullName":" workflowNodeCreator.js - 节点创建器测试 createEdges 批量创建边测试 应该处理空数组","status":"passed","title":"应该处理空数组","duration":1,"failureMessages":[]},{"ancestorTitles":["","workflowNodeCreator.js - 节点创建器测试","集成测试"],"fullName":" workflowNodeCreator.js - 节点创建器测试 集成测试 应该能够创建完整的工作流","status":"failed","title":"应该能够创建完整的工作流","duration":0,"failureMessages":["expected \"spy\" to be called 3 times, but got 1 times"],"location":{"line":430,"column":33}},{"ancestorTitles":["","workflowNodeCreator.js - 节点创建器测试","集成测试"],"fullName":" workflowNodeCreator.js - 节点创建器测试 集成测试 应该能够处理复杂的节点布局","status":"failed","title":"应该能够处理复杂的节点布局","duration":1,"failureMessages":["Cannot read properties of undefined (reading '0')"],"location":{"line":444,"column":55}},{"ancestorTitles":["","workflowNodeCreator.js - 节点创建器测试","性能测试"],"fullName":" workflowNodeCreator.js - 节点创建器测试 性能测试 应该能够高效处理大量节点创建","status":"passed","title":"应该能够高效处理大量节点创建","duration":1,"failureMessages":[]},{"ancestorTitles":["","workflowNodeCreator.js - 节点创建器测试","性能测试"],"fullName":" workflowNodeCreator.js - 节点创建器测试 性能测试 应该能够高效处理大量边创建","status":"passed","title":"应该能够高效处理大量边创建","duration":6,"failureMessages":[]}],"startTime":1755145469941,"endTime":1755145469977,"status":"failed","message":"","name":"/Users/mac/nis_mock/data_comunity/data_comunity/src/tests/workflowNodeCreator.test.js"},{"assertionResults":[{"ancestorTitles":["","workflowNodeTypes.js - 节点类型定义和工具函数测试","NodeType 枚举测试"],"fullName":" workflowNodeTypes.js - 节点类型定义和工具函数测试 NodeType 枚举测试 应该包含所有必要的节点类型","status":"failed","title":"应该包含所有必要的节点类型","duration":5,"failureMessages":["expected undefined to be 'FILTER' // Object.is equality"],"location":{"line":20,"column":31}},{"ancestorTitles":["","workflowNodeTypes.js - 节点类型定义和工具函数测试","NodeType 枚举测试"],"fullName":" workflowNodeTypes.js - 节点类型定义和工具函数测试 NodeType 枚举测试 应该有6种不同的节点类型","status":"failed","title":"应该有6种不同的节点类型","duration":2,"failureMessages":["expected [ 'INPUT', 'PROCESSING', 'OUTPUT' ] to have a length of 6 but got 3"],"location":{"line":29,"column":25}},{"ancestorTitles":["","workflowNodeTypes.js - 节点类型定义和工具函数测试","NODE_TYPE_ICON_MAP 测试"],"fullName":" workflowNodeTypes.js - 节点类型定义和工具函数测试 NODE_TYPE_ICON_MAP 测试 应该为每个节点类型提供图标映射","status":"passed","title":"应该为每个节点类型提供图标映射","duration":0,"failureMessages":[]},{"ancestorTitles":["","workflowNodeTypes.js - 节点类型定义和工具函数测试","NODE_TYPE_ICON_MAP 测试"],"fullName":" workflowNodeTypes.js - 节点类型定义和工具函数测试 NODE_TYPE_ICON_MAP 测试 图标映射应该包含所有节点类型","status":"passed","title":"图标映射应该包含所有节点类型","duration":1,"failureMessages":[]},{"ancestorTitles":["","workflowNodeTypes.js - 节点类型定义和工具函数测试","CellStatus 枚举测试"],"fullName":" workflowNodeTypes.js - 节点类型定义和工具函数测试 CellStatus 枚举测试 应该包含所有状态类型","status":"passed","title":"应该包含所有状态类型","duration":0,"failureMessages":[]},{"ancestorTitles":["","workflowNodeTypes.js - 节点类型定义和工具函数测试","PROCESSING_TYPE_LIST 测试"],"fullName":" workflowNodeTypes.js - 节点类型定义和工具函数测试 PROCESSING_TYPE_LIST 测试 应该包含所有节点类型的配置","status":"failed","title":"应该包含所有节点类型的配置","duration":0,"failureMessages":["expected [ { type: 'INPUT', …(4) }, …(3) ] to have a length of 6 but got 4"],"location":{"line":59,"column":36}},{"ancestorTitles":["","workflowNodeTypes.js - 节点类型定义和工具函数测试","PROCESSING_TYPE_LIST 测试"],"fullName":" workflowNodeTypes.js - 节点类型定义和工具函数测试 PROCESSING_TYPE_LIST 测试 每个配置项应该包含必要的字段","status":"passed","title":"每个配置项应该包含必要的字段","duration":1,"failureMessages":[]},{"ancestorTitles":["","workflowNodeTypes.js - 节点类型定义和工具函数测试","PROCESSING_TYPE_LIST 测试"],"fullName":" workflowNodeTypes.js - 节点类型定义和工具函数测试 PROCESSING_TYPE_LIST 测试 应该有唯一的节点类型","status":"failed","title":"应该有唯一的节点类型","duration":0,"failureMessages":["expected Set{ 'INPUT', 'PROCESSING', 'OUTPUT' } to have a size of 4 but got 3"],"location":{"line":86,"column":30}},{"ancestorTitles":["","workflowNodeTypes.js - 节点类型定义和工具函数测试","NODE_TYPE_LOGO 测试"],"fullName":" workflowNodeTypes.js - 节点类型定义和工具函数测试 NODE_TYPE_LOGO 测试 应该为每个节点类型提供Logo URL","status":"passed","title":"应该为每个节点类型提供Logo URL","duration":1,"failureMessages":[]},{"ancestorTitles":["","workflowNodeTypes.js - 节点类型定义和工具函数测试","getPortsByType 函数测试"],"fullName":" workflowNodeTypes.js - 节点类型定义和工具函数测试 getPortsByType 函数测试 INPUT节点应该只有输出端口","status":"passed","title":"INPUT节点应该只有输出端口","duration":0,"failureMessages":[]},{"ancestorTitles":["","workflowNodeTypes.js - 节点类型定义和工具函数测试","getPortsByType 函数测试"],"fullName":" workflowNodeTypes.js - 节点类型定义和工具函数测试 getPortsByType 函数测试 OUTPUT节点应该只有输入端口","status":"passed","title":"OUTPUT节点应该只有输入端口","duration":0,"failureMessages":[]},{"ancestorTitles":["","workflowNodeTypes.js - 节点类型定义和工具函数测试","getPortsByType 函数测试"],"fullName":" workflowNodeTypes.js - 节点类型定义和工具函数测试 getPortsByType 函数测试 中间节点应该有输入和输出端口","status":"passed","title":"中间节点应该有输入和输出端口","duration":0,"failureMessages":[]},{"ancestorTitles":["","workflowNodeTypes.js - 节点类型定义和工具函数测试","getPortsByType 函数测试"],"fullName":" workflowNodeTypes.js - 节点类型定义和工具函数测试 getPortsByType 函数测试 应该处理无效的节点类型","status":"passed","title":"应该处理无效的节点类型","duration":0,"failureMessages":[]},{"ancestorTitles":["","workflowNodeTypes.js - 节点类型定义和工具函数测试","getPortsByType 函数测试"],"fullName":" workflowNodeTypes.js - 节点类型定义和工具函数测试 getPortsByType 函数测试 应该处理空的节点ID","status":"passed","title":"应该处理空的节点ID","duration":0,"failureMessages":[]},{"ancestorTitles":["","workflowNodeTypes.js - 节点类型定义和工具函数测试","getNodeTypeName 函数测试"],"fullName":" workflowNodeTypes.js - 节点类型定义和工具函数测试 getNodeTypeName 函数测试 应该返回正确的节点类型名称","status":"failed","title":"应该返回正确的节点类型名称","duration":0,"failureMessages":["expected undefined to be '数据筛选' // Object.is equality"],"location":{"line":157,"column":48}},{"ancestorTitles":["","workflowNodeTypes.js - 节点类型定义和工具函数测试","getNodeTypeName 函数测试"],"fullName":" workflowNodeTypes.js - 节点类型定义和工具函数测试 getNodeTypeName 函数测试 应该处理未知的节点类型","status":"passed","title":"应该处理未知的节点类型","duration":0,"failureMessages":[]},{"ancestorTitles":["","workflowNodeTypes.js - 节点类型定义和工具函数测试","getNodeTypeColor 函数测试"],"fullName":" workflowNodeTypes.js - 节点类型定义和工具函数测试 getNodeTypeColor 函数测试 应该返回正确的节点类型颜色","status":"failed","title":"应该返回正确的节点类型颜色","duration":0,"failureMessages":["expected '#1890ff' to be '#52c41a' // Object.is equality"],"location":{"line":174,"column":49}},{"ancestorTitles":["","workflowNodeTypes.js - 节点类型定义和工具函数测试","getNodeTypeColor 函数测试"],"fullName":" workflowNodeTypes.js - 节点类型定义和工具函数测试 getNodeTypeColor 函数测试 应该为未知类型返回默认颜色","status":"passed","title":"应该为未知类型返回默认颜色","duration":0,"failureMessages":[]},{"ancestorTitles":["","workflowNodeTypes.js - 节点类型定义和工具函数测试","getNodeTypeColor 函数测试"],"fullName":" workflowNodeTypes.js - 节点类型定义和工具函数测试 getNodeTypeColor 函数测试 返回的颜色应该是有效的十六进制格式","status":"passed","title":"返回的颜色应该是有效的十六进制格式","duration":0,"failureMessages":[]},{"ancestorTitles":["","workflowNodeTypes.js - 节点类型定义和工具函数测试","getNodeTypeIcon 函数测试"],"fullName":" workflowNodeTypes.js - 节点类型定义和工具函数测试 getNodeTypeIcon 函数测试 应该返回正确的图标组件","status":"passed","title":"应该返回正确的图标组件","duration":0,"failureMessages":[]},{"ancestorTitles":["","workflowNodeTypes.js - 节点类型定义和工具函数测试","getNodeTypeIcon 函数测试"],"fullName":" workflowNodeTypes.js - 节点类型定义和工具函数测试 getNodeTypeIcon 函数测试 应该为未知类型返回默认图标","status":"passed","title":"应该为未知类型返回默认图标","duration":0,"failureMessages":[]},{"ancestorTitles":["","workflowNodeTypes.js - 节点类型定义和工具函数测试","getNodeTypeIconName 函数测试"],"fullName":" workflowNodeTypes.js - 节点类型定义和工具函数测试 getNodeTypeIconName 函数测试 应该返回正确的图标名称","status":"failed","title":"应该返回正确的图标名称","duration":0,"failureMessages":["expected 'icon-database' to be 'icon-filter' // Object.is equality"],"location":{"line":214,"column":52}},{"ancestorTitles":["","workflowNodeTypes.js - 节点类型定义和工具函数测试","getNodeTypeIconName 函数测试"],"fullName":" workflowNodeTypes.js - 节点类型定义和工具函数测试 getNodeTypeIconName 函数测试 应该为未知类型返回默认图标名称","status":"passed","title":"应该为未知类型返回默认图标名称","duration":0,"failureMessages":[]},{"ancestorTitles":["","workflowNodeTypes.js - 节点类型定义和工具函数测试","getNodeTypeIconName 函数测试"],"fullName":" workflowNodeTypes.js - 节点类型定义和工具函数测试 getNodeTypeIconName 函数测试 返回的图标名称应该以icon-开头","status":"passed","title":"返回的图标名称应该以icon-开头","duration":0,"failureMessages":[]},{"ancestorTitles":["","workflowNodeTypes.js - 节点类型定义和工具函数测试","数据一致性测试"],"fullName":" workflowNodeTypes.js - 节点类型定义和工具函数测试 数据一致性测试 PROCESSING_TYPE_LIST中的类型应该与NodeType枚举一致","status":"failed","title":"PROCESSING_TYPE_LIST中的类型应该与NodeType枚举一致","duration":1,"failureMessages":["expected [ 'INPUT', 'OUTPUT', …(2) ] to deeply equal [ 'INPUT', 'OUTPUT', 'PROCESSING' ]"],"location":{"line":239,"column":25}},{"ancestorTitles":["","workflowNodeTypes.js - 节点类型定义和工具函数测试","数据一致性测试"],"fullName":" workflowNodeTypes.js - 节点类型定义和工具函数测试 数据一致性测试 NODE_TYPE_ICON_MAP的键应该与NodeType枚举一致","status":"passed","title":"NODE_TYPE_ICON_MAP的键应该与NodeType枚举一致","duration":0,"failureMessages":[]},{"ancestorTitles":["","workflowNodeTypes.js - 节点类型定义和工具函数测试","数据一致性测试"],"fullName":" workflowNodeTypes.js - 节点类型定义和工具函数测试 数据一致性测试 NODE_TYPE_LOGO的键应该与NodeType枚举一致","status":"passed","title":"NODE_TYPE_LOGO的键应该与NodeType枚举一致","duration":0,"failureMessages":[]},{"ancestorTitles":["","workflowNodeTypes.js - 节点类型定义和工具函数测试","数据一致性测试"],"fullName":" workflowNodeTypes.js - 节点类型定义和工具函数测试 数据一致性测试 PROCESSING_TYPE_LIST中的颜色应该与getNodeTypeColor返回的颜色一致","status":"failed","title":"PROCESSING_TYPE_LIST中的颜色应该与getNodeTypeColor返回的颜色一致","duration":1,"failureMessages":["expected '#1890ff' to be '#52c41a' // Object.is equality"],"location":{"line":256,"column":45}},{"ancestorTitles":["","workflowNodeTypes.js - 节点类型定义和工具函数测试","边界条件和错误处理测试"],"fullName":" workflowNodeTypes.js - 节点类型定义和工具函数测试 边界条件和错误处理测试 函数应该能处理null和undefined参数","status":"passed","title":"函数应该能处理null和undefined参数","duration":0,"failureMessages":[]},{"ancestorTitles":["","workflowNodeTypes.js - 节点类型定义和工具函数测试","边界条件和错误处理测试"],"fullName":" workflowNodeTypes.js - 节点类型定义和工具函数测试 边界条件和错误处理测试 函数应该能处理空字符串参数","status":"passed","title":"函数应该能处理空字符串参数","duration":0,"failureMessages":[]},{"ancestorTitles":["","workflowNodeTypes.js - 节点类型定义和工具函数测试","边界条件和错误处理测试"],"fullName":" workflowNodeTypes.js - 节点类型定义和工具函数测试 边界条件和错误处理测试 函数应该能处理非字符串参数","status":"passed","title":"函数应该能处理非字符串参数","duration":1,"failureMessages":[]},{"ancestorTitles":["","workflowNodeTypes.js - 节点类型定义和工具函数测试","性能测试"],"fullName":" workflowNodeTypes.js - 节点类型定义和工具函数测试 性能测试 函数调用应该在合理时间内完成","status":"passed","title":"函数调用应该在合理时间内完成","duration":2,"failureMessages":[]}],"startTime":1755145469940,"endTime":1755145469957,"status":"failed","message":"","name":"/Users/mac/nis_mock/data_comunity/data_comunity/src/tests/workflowNodeTypes.test.js"},{"assertionResults":[],"startTime":1755145467159,"endTime":1755145467159,"status":"failed","message":"Failed to parse source for import analysis because the content contains invalid JS syntax. If you are using JSX, make sure to name the file with the .jsx or .tsx extension.","name":"/Users/mac/nis_mock/data_comunity/data_comunity/src/tests/components/WorkflowEditor.test.js"},{"assertionResults":[],"startTime":1755145467159,"endTime":1755145467159,"status":"failed","message":"Failed to parse source for import analysis because the content contains invalid JS syntax. If you are using JSX, make sure to name the file with the .jsx or .tsx extension.","name":"/Users/mac/nis_mock/data_comunity/data_comunity/src/tests/integration/workflow-integration.test.js"},{"assertionResults":[{"ancestorTitles":["","WorkflowEditor 集成测试","1. 组件初始化测试"],"fullName":" WorkflowEditor 集成测试 1. 组件初始化测试 应该正确初始化WorkflowEditor组件","status":"passed","title":"应该正确初始化WorkflowEditor组件","duration":30,"failureMessages":[]},{"ancestorTitles":["","WorkflowEditor 集成测试","1. 组件初始化测试"],"fullName":" WorkflowEditor 集成测试 1. 组件初始化测试 应该正确初始化X6 Graph实例","status":"passed","title":"应该正确初始化X6 Graph实例","duration":8,"failureMessages":[]},{"ancestorTitles":["","WorkflowEditor 集成测试","2. Graph实例依赖注入测试"],"fullName":" WorkflowEditor 集成测试 2. Graph实例依赖注入测试 应该正确provide graph实例给子组件","status":"passed","title":"应该正确provide graph实例给子组件","duration":6,"failureMessages":[]},{"ancestorTitles":["","WorkflowEditor 集成测试","2. Graph实例依赖注入测试"],"fullName":" WorkflowEditor 集成测试 2. Graph实例依赖注入测试 应该provide selectedNodeId和setSelectedNode函数","status":"passed","title":"应该provide selectedNodeId和setSelectedNode函数","duration":7,"failureMessages":[]},{"ancestorTitles":["","WorkflowEditor 集成测试","3. 节点创建功能测试"],"fullName":" WorkflowEditor 集成测试 3. 节点创建功能测试 应该在空工作流时自动创建数据输入节点","status":"passed","title":"应该在空工作流时自动创建数据输入节点","duration":9,"failureMessages":[]},{"ancestorTitles":["","WorkflowEditor 集成测试","3. 节点创建功能测试"],"fullName":" WorkflowEditor 集成测试 3. 节点创建功能测试 应该能够通过API创建不同类型的节点","status":"passed","title":"应该能够通过API创建不同类型的节点","duration":6,"failureMessages":[]},{"ancestorTitles":["","WorkflowEditor 集成测试","4. 属性面板功能测试"],"fullName":" WorkflowEditor 集成测试 4. 属性面板功能测试 应该在选择节点时显示属性面板","status":"passed","title":"应该在选择节点时显示属性面板","duration":4,"failureMessages":[]},{"ancestorTitles":["","WorkflowEditor 集成测试","4. 属性面板功能测试"],"fullName":" WorkflowEditor 集成测试 4. 属性面板功能测试 应该正确处理Form组件的model属性","status":"passed","title":"应该正确处理Form组件的model属性","duration":4,"failureMessages":[]},{"ancestorTitles":["","WorkflowEditor 集成测试","5. 调试功能测试"],"fullName":" WorkflowEditor 集成测试 5. 调试功能测试 应该能够切换调试面板显示状态","status":"passed","title":"应该能够切换调试面板显示状态","duration":13,"failureMessages":[]},{"ancestorTitles":["","WorkflowEditor 集成测试","6. 完整工作流程测试"],"fullName":" WorkflowEditor 集成测试 6. 完整工作流程测试 应该支持完整的节点创建->连接->配置流程","status":"passed","title":"应该支持完整的节点创建->连接->配置流程","duration":6,"failureMessages":[]}],"startTime":1755145469996,"endTime":1755145470090,"status":"passed","message":"","name":"/Users/mac/nis_mock/data_comunity/data_comunity/src/tests/workflow/WorkflowEditor.integration.test.js"}]}