{"numTotalTestSuites":9,"numPassedTestSuites":9,"numFailedTestSuites":0,"numPendingTestSuites":0,"numTotalTests":26,"numPassedTests":26,"numFailedTests":0,"numPendingTests":0,"numTodoTests":0,"startTime":1756949847410,"success":true,"testResults":[{"assertionResults":[{"ancestorTitles":["","系统完整性校验","节点坐标完整性验证"],"fullName":" 系统完整性校验 节点坐标完整性验证 应该验证节点中央坐标的完整性","status":"passed","title":"应该验证节点中央坐标的完整性","duration":2,"failureMessages":[]},{"ancestorTitles":["","系统完整性校验","节点坐标完整性验证"],"fullName":" 系统完整性校验 节点坐标完整性验证 应该验证节点端口坐标的完整性","status":"passed","title":"应该验证节点端口坐标的完整性","duration":0,"failureMessages":[]},{"ancestorTitles":["","系统完整性校验","节点坐标完整性验证"],"fullName":" 系统完整性校验 节点坐标完整性验证 应该验证节点分层信息的完整性","status":"passed","title":"应该验证节点分层信息的完整性","duration":1,"failureMessages":[]},{"ancestorTitles":["","系统完整性校验","节点坐标完整性验证"],"fullName":" 系统完整性校验 节点坐标完整性验证 应该验证所有节点的X坐标有效性","status":"passed","title":"应该验证所有节点的X坐标有效性","duration":0,"failureMessages":[]},{"ancestorTitles":["","系统完整性校验","节点坐标完整性验证"],"fullName":" 系统完整性校验 节点坐标完整性验证 应该验证所有节点的Y坐标有效性","status":"passed","title":"应该验证所有节点的Y坐标有效性","duration":1,"failureMessages":[]},{"ancestorTitles":["","系统完整性校验","节点坐标完整性验证"],"fullName":" 系统完整性校验 节点坐标完整性验证 应该特别检查audience-split节点的坐标","status":"passed","title":"应该特别检查audience-split节点的坐标","duration":0,"failureMessages":[]},{"ancestorTitles":["","系统完整性校验","节点坐标完整性验证"],"fullName":" 系统完整性校验 节点坐标完整性验证 应该检查节点坐标的数据类型","status":"passed","title":"应该检查节点坐标的数据类型","duration":0,"failureMessages":[]},{"ancestorTitles":["","系统完整性校验","连接线完整性验证"],"fullName":" 系统完整性校验 连接线完整性验证 应该验证所有连接线都有源节点和目标节点","status":"passed","title":"应该验证所有连接线都有源节点和目标节点","duration":1,"failureMessages":[]},{"ancestorTitles":["","系统完整性校验","连接线完整性验证"],"fullName":" 系统完整性校验 连接线完整性验证 应该验证连接线的源节点和目标节点都存在于图中","status":"passed","title":"应该验证连接线的源节点和目标节点都存在于图中","duration":0,"failureMessages":[]},{"ancestorTitles":["","系统完整性校验","预览线完整性验证"],"fullName":" 系统完整性校验 预览线完整性验证 应该验证预览线管理器存在","status":"passed","title":"应该验证预览线管理器存在","duration":0,"failureMessages":[]},{"ancestorTitles":["","系统完整性校验","预览线完整性验证"],"fullName":" 系统完整性校验 预览线完整性验证 应该能够调用预览线完整性校验方法","status":"passed","title":"应该能够调用预览线完整性校验方法","duration":1,"failureMessages":[]},{"ancestorTitles":["","系统完整性校验","预览线完整性验证"],"fullName":" 系统完整性校验 预览线完整性验证 应该能够修复NaN坐标","status":"passed","title":"应该能够修复NaN坐标","duration":0,"failureMessages":[]},{"ancestorTitles":["","系统完整性校验","预览线完整性验证"],"fullName":" 系统完整性校验 预览线完整性验证 应该能够执行全面的完整性检查","status":"passed","title":"应该能够执行全面的完整性检查","duration":1,"failureMessages":[]},{"ancestorTitles":["","系统完整性校验","系统组件可用性验证"],"fullName":" 系统完整性校验 系统组件可用性验证 应该验证Graph实例可用","status":"passed","title":"应该验证Graph实例可用","duration":0,"failureMessages":[]},{"ancestorTitles":["","系统完整性校验","系统组件可用性验证"],"fullName":" 系统完整性校验 系统组件可用性验证 应该验证LayoutEngine实例可用","status":"passed","title":"应该验证LayoutEngine实例可用","duration":0,"failureMessages":[]},{"ancestorTitles":["","系统完整性校验","系统组件可用性验证"],"fullName":" 系统完整性校验 系统组件可用性验证 应该验证PreviewLineManager实例可用","status":"passed","title":"应该验证PreviewLineManager实例可用","duration":0,"failureMessages":[]},{"ancestorTitles":["","系统完整性校验","多层复杂图谱统一布局测试"],"fullName":" 系统完整性校验 多层复杂图谱统一布局测试 应该验证多层节点的Y坐标分层正确性","status":"passed","title":"应该验证多层节点的Y坐标分层正确性","duration":1,"failureMessages":[]},{"ancestorTitles":["","系统完整性校验","多层复杂图谱统一布局测试"],"fullName":" 系统完整性校验 多层复杂图谱统一布局测试 应该验证复杂分支节点的布局完整性","status":"passed","title":"应该验证复杂分支节点的布局完整性","duration":0,"failureMessages":[]},{"ancestorTitles":["","系统完整性校验","多层复杂图谱统一布局测试"],"fullName":" 系统完整性校验 多层复杂图谱统一布局测试 应该验证大规模图谱的布局性能和完整性","status":"passed","title":"应该验证大规模图谱的布局性能和完整性","duration":2,"failureMessages":[]},{"ancestorTitles":["","系统完整性校验","多层复杂图谱统一布局测试"],"fullName":" 系统完整性校验 多层复杂图谱统一布局测试 应该验证复杂连接关系的完整性","status":"passed","title":"应该验证复杂连接关系的完整性","duration":2,"failureMessages":[]},{"ancestorTitles":["","系统完整性校验","多层复杂图谱统一布局测试"],"fullName":" 系统完整性校验 多层复杂图谱统一布局测试 应该验证动态布局更新的完整性","status":"passed","title":"应该验证动态布局更新的完整性","duration":2,"failureMessages":[]},{"ancestorTitles":["","系统完整性校验","边界情况测试"],"fullName":" 系统完整性校验 边界情况测试 应该处理空图的情况","status":"passed","title":"应该处理空图的情况","duration":0,"failureMessages":[]},{"ancestorTitles":["","系统完整性校验","边界情况测试"],"fullName":" 系统完整性校验 边界情况测试 应该处理只有节点没有连接线的情况","status":"passed","title":"应该处理只有节点没有连接线的情况","duration":1,"failureMessages":[]},{"ancestorTitles":["","系统完整性校验","边界情况测试"],"fullName":" 系统完整性校验 边界情况测试 应该处理大量节点的性能测试","status":"passed","title":"应该处理大量节点的性能测试","duration":2,"failureMessages":[]},{"ancestorTitles":["","系统完整性校验","修复功能测试"],"fullName":" 系统完整性校验 修复功能测试 应该能够修复NaN坐标并验证修复结果","status":"passed","title":"应该能够修复NaN坐标并验证修复结果","duration":0,"failureMessages":[]},{"ancestorTitles":["","系统完整性校验","修复功能测试"],"fullName":" 系统完整性校验 修复功能测试 应该能够处理修复失败的情况","status":"passed","title":"应该能够处理修复失败的情况","duration":1,"failureMessages":[]}],"startTime":1756949848300,"endTime":1756949848319,"status":"passed","message":"","name":"/Users/mac/nis_mock/data_comunity/data_comunity/src/tests/integrity.test.js"}]}