{"numTotalTestSuites":534,"numPassedTestSuites":524,"numFailedTestSuites":10,"numPendingTestSuites":0,"numTotalTests":1204,"numPassedTests":936,"numFailedTests":268,"numPendingTests":0,"numTodoTests":0,"startTime":1757577082517,"success":false,"testResults":[{"assertionResults":[{"ancestorTitles":["","workflowNodeTypes 图标导入测试"],"fullName":" workflowNodeTypes 图标导入测试 应该成功导入所有Arco Design Vue图标","status":"passed","title":"应该成功导入所有Arco Design Vue图标","duration":2,"failureMessages":[]},{"ancestorTitles":["","workflowNodeTypes 图标导入测试"],"fullName":" workflowNodeTypes 图标导入测试 NODE_TYPE_ICON_MAP 应该包含所有节点类型的有效图标","status":"passed","title":"NODE_TYPE_ICON_MAP 应该包含所有节点类型的有效图标","duration":0,"failureMessages":[]},{"ancestorTitles":["","workflowNodeTypes 图标导入测试"],"fullName":" workflowNodeTypes 图标导入测试 PROCESSING_TYPE_LIST 应该包含正确的图标名称","status":"passed","title":"PROCESSING_TYPE_LIST 应该包含正确的图标名称","duration":1,"failureMessages":[]},{"ancestorTitles":["","workflowNodeTypes 图标导入测试"],"fullName":" workflowNodeTypes 图标导入测试 getNodeTypeIcon 函数应该返回有效的图标组件","status":"passed","title":"getNodeTypeIcon 函数应该返回有效的图标组件","duration":0,"failureMessages":[]},{"ancestorTitles":["","workflowNodeTypes 图标导入测试"],"fullName":" workflowNodeTypes 图标导入测试 所有工具函数应该正常工作","status":"passed","title":"所有工具函数应该正常工作","duration":0,"failureMessages":[]},{"ancestorTitles":["","workflowNodeTypes 图标导入测试"],"fullName":" workflowNodeTypes 图标导入测试 不应该包含任何不存在的图标引用","status":"passed","title":"不应该包含任何不存在的图标引用","duration":1,"failureMessages":[]}],"startTime":1757577106215,"endTime":1757577106220,"status":"passed","message":"","name":"/Users/mac/nis_mock/data_comunity/data_comunity/src/utils/__tests__/workflowNodeTypes.test.js"},{"assertionResults":[{"ancestorTitles":["","ProductModules","基础渲染"],"fullName":" ProductModules 基础渲染 应该正确渲染所有模块标签","status":"failed","title":"应该正确渲染所有模块标签","duration":27,"failureMessages":["expected false to be true // Object.is equality"],"location":{"line":79,"column":71}},{"ancestorTitles":["","ProductModules","基础渲染"],"fullName":" ProductModules 基础渲染 应该显示正确的模块标签文本","status":"failed","title":"应该显示正确的模块标签文本","duration":6,"failureMessages":["Cannot call text on an empty DOMWrapper."],"location":{"line":1574,"column":27}},{"ancestorTitles":["","ProductModules","基础渲染"],"fullName":" ProductModules 基础渲染 应该默认选中基础信息模块","status":"failed","title":"应该默认选中基础信息模块","duration":4,"failureMessages":["Cannot call classes on an empty DOMWrapper."],"location":{"line":1574,"column":27}},{"ancestorTitles":["","ProductModules","模块切换"],"fullName":" ProductModules 模块切换 点击不同模块应该切换内容","status":"failed","title":"点击不同模块应该切换内容","duration":4,"failureMessages":["expected false to be true // Object.is equality"],"location":{"line":126,"column":75}},{"ancestorTitles":["","ProductModules","模块切换"],"fullName":" ProductModules 模块切换 应该正确传递props到子组件","status":"failed","title":"应该正确传递props到子组件","duration":2,"failureMessages":["Cannot call props on an empty VueWrapper."],"location":{"line":1574,"column":27}},{"ancestorTitles":["","ProductModules","状态记忆功能"],"fullName":" ProductModules 状态记忆功能 应该记住每个产品类型的选中模块","status":"failed","title":"应该记住每个产品类型的选中模块","duration":9,"failureMessages":["Cannot call classes on an empty DOMWrapper."],"location":{"line":1574,"column":27}},{"ancestorTitles":["","ProductModules","状态记忆功能"],"fullName":" ProductModules 状态记忆功能 应该在localStorage中保存状态","status":"failed","title":"应该在localStorage中保存状态","duration":3,"failureMessages":["\"undefined\" is not valid JSON"],"location":{"line":192,"column":31}},{"ancestorTitles":["","ProductModules","状态记忆功能"],"fullName":" ProductModules 状态记忆功能 应该从localStorage恢复状态","status":"failed","title":"应该从localStorage恢复状态","duration":3,"failureMessages":["Cannot call classes on an empty DOMWrapper."],"location":{"line":1574,"column":27}},{"ancestorTitles":["","ProductModules","懒加载功能"],"fullName":" ProductModules 懒加载功能 启用懒加载时只渲染当前选中的模块","status":"failed","title":"启用懒加载时只渲染当前选中的模块","duration":3,"failureMessages":["expected false to be true // Object.is equality"],"location":{"line":228,"column":75}},{"ancestorTitles":["","ProductModules","懒加载功能"],"fullName":" ProductModules 懒加载功能 切换模块时应该渲染新模块","status":"failed","title":"切换模块时应该渲染新模块","duration":2,"failureMessages":["expected false to be true // Object.is equality"],"location":{"line":246,"column":75}},{"ancestorTitles":["","ProductModules","懒加载功能"],"fullName":" ProductModules 懒加载功能 禁用懒加载时应该渲染所有模块","status":"passed","title":"禁用懒加载时应该渲染所有模块","duration":11,"failureMessages":[]},{"ancestorTitles":["","ProductModules","加载状态"],"fullName":" ProductModules 加载状态 loading状态下应该显示加载指示器","status":"passed","title":"loading状态下应该显示加载指示器","duration":2,"failureMessages":[]},{"ancestorTitles":["","ProductModules","加载状态"],"fullName":" ProductModules 加载状态 loading状态下应该禁用tab切换","status":"passed","title":"loading状态下应该禁用tab切换","duration":2,"failureMessages":[]},{"ancestorTitles":["","ProductModules","错误处理"],"fullName":" ProductModules 错误处理 productData为空时应该显示空状态","status":"passed","title":"productData为空时应该显示空状态","duration":3,"failureMessages":[]},{"ancestorTitles":["","ProductModules","错误处理"],"fullName":" ProductModules 错误处理 userInfo为空时应该显示错误状态","status":"passed","title":"userInfo为空时应该显示错误状态","duration":1,"failureMessages":[]},{"ancestorTitles":["","ProductModules","事件发射"],"fullName":" ProductModules 事件发射 切换模块时应该发射tab-change事件","status":"passed","title":"切换模块时应该发射tab-change事件","duration":1,"failureMessages":[]},{"ancestorTitles":["","ProductModules","事件发射"],"fullName":" ProductModules 事件发射 模块加载完成时应该发射module-loaded事件","status":"passed","title":"模块加载完成时应该发射module-loaded事件","duration":2,"failureMessages":[]}],"startTime":1757577093395,"endTime":1757577093481,"status":"failed","message":"","name":"/Users/mac/nis_mock/data_comunity/data_comunity/src/pages/discovery/customer360/components/__tests__/ProductModules.test.js"},{"assertionResults":[{"ancestorTitles":["","ProductSwitcher","基础渲染"],"fullName":" ProductSwitcher 基础渲染 应该正确渲染产品切换器","status":"failed","title":"应该正确渲染产品切换器","duration":119,"failureMessages":["expected false to be true // Object.is equality"],"location":{"line":54,"column":65}},{"ancestorTitles":["","ProductSwitcher","基础渲染"],"fullName":" ProductSwitcher 基础渲染 应该显示正确的tab标签文本","status":"failed","title":"应该显示正确的tab标签文本","duration":10,"failureMessages":["Cannot call text on an empty DOMWrapper."],"location":{"line":1574,"column":27}},{"ancestorTitles":["","ProductSwitcher","基础渲染"],"fullName":" ProductSwitcher 基础渲染 应该正确显示当前选中的tab","status":"failed","title":"应该正确显示当前选中的tab","duration":8,"failureMessages":["Cannot call classes on an empty DOMWrapper."],"location":{"line":1574,"column":27}},{"ancestorTitles":["","ProductSwitcher","交互行为"],"fullName":" ProductSwitcher 交互行为 点击tab应该触发change事件","status":"failed","title":"点击tab应该触发change事件","duration":6,"failureMessages":["Cannot call trigger on an empty DOMWrapper."],"location":{"line":1574,"column":27}},{"ancestorTitles":["","ProductSwitcher","交互行为"],"fullName":" ProductSwitcher 交互行为 点击当前选中的tab不应该触发change事件","status":"failed","title":"点击当前选中的tab不应该触发change事件","duration":8,"failureMessages":["Cannot call trigger on an empty DOMWrapper."],"location":{"line":1574,"column":27}},{"ancestorTitles":["","ProductSwitcher","交互行为"],"fullName":" ProductSwitcher 交互行为 loading状态下应该禁用tab切换","status":"failed","title":"loading状态下应该禁用tab切换","duration":13,"failureMessages":["expected [ 'product-switcher' ] to include 'loading'"],"location":{"line":120,"column":59}},{"ancestorTitles":["","ProductSwitcher","URL同步"],"fullName":" ProductSwitcher URL同步 应该根据URL参数设置初始选中状态","status":"failed","title":"应该根据URL参数设置初始选中状态","duration":4,"failureMessages":["Cannot call classes on an empty DOMWrapper."],"location":{"line":1574,"column":27}},{"ancestorTitles":["","ProductSwitcher","URL同步"],"fullName":" ProductSwitcher URL同步 切换tab时应该更新URL参数","status":"failed","title":"切换tab时应该更新URL参数","duration":3,"failureMessages":["Cannot call classes on an empty DOMWrapper."],"location":{"line":1574,"column":27}},{"ancestorTitles":["","ProductSwitcher","动画效果"],"fullName":" ProductSwitcher 动画效果 应该包含切换动画类","status":"failed","title":"应该包含切换动画类","duration":10,"failureMessages":["expected [ 'product-switcher' ] to include 'animated'"],"location":{"line":169,"column":59}},{"ancestorTitles":["","ProductSwitcher","动画效果"],"fullName":" ProductSwitcher 动画效果 切换时应该触发相应事件","status":"failed","title":"切换时应该触发相应事件","duration":2,"failureMessages":["Cannot call classes on an empty DOMWrapper."],"location":{"line":1574,"column":27}},{"ancestorTitles":["","ProductSwitcher","响应式设计"],"fullName":" ProductSwitcher 响应式设计 移动端应该显示下拉选择器","status":"failed","title":"移动端应该显示下拉选择器","duration":4,"failureMessages":["expected false to be true // Object.is equality"],"location":{"line":203,"column":57}},{"ancestorTitles":["","ProductSwitcher","响应式设计"],"fullName":" ProductSwitcher 响应式设计 桌面端应该显示tab标签","status":"failed","title":"桌面端应该显示tab标签","duration":2,"failureMessages":["expected false to be true // Object.is equality"],"location":{"line":223,"column":54}},{"ancestorTitles":["","ProductSwitcher","可访问性"],"fullName":" ProductSwitcher 可访问性 应该包含正确的ARIA属性","status":"failed","title":"应该包含正确的ARIA属性","duration":8,"failureMessages":["expected false to be true // Object.is equality"],"location":{"line":237,"column":57}},{"ancestorTitles":["","ProductSwitcher","可访问性"],"fullName":" ProductSwitcher 可访问性 应该支持键盘导航","status":"failed","title":"应该支持键盘导航","duration":3,"failureMessages":["expected false to be true // Object.is equality"],"location":{"line":250,"column":32}},{"ancestorTitles":["","ProductSwitcher","数据统计"],"fullName":" ProductSwitcher 数据统计 应该显示产品数量统计","status":"failed","title":"应该显示产品数量统计","duration":4,"failureMessages":["Cannot call text on an empty DOMWrapper."],"location":{"line":1574,"column":27}},{"ancestorTitles":["","ProductSwitcher","数据统计"],"fullName":" ProductSwitcher 数据统计 产品数量为0时应该显示特殊样式","status":"failed","title":"产品数量为0时应该显示特殊样式","duration":8,"failureMessages":["Cannot call classes on an empty DOMWrapper."],"location":{"line":1574,"column":27}}],"startTime":1757577104736,"endTime":1757577104954,"status":"failed","message":"","name":"/Users/mac/nis_mock/data_comunity/data_comunity/src/pages/discovery/customer360/components/__tests__/ProductSwitcher.test.js"},{"assertionResults":[],"startTime":1757577082517,"endTime":1757577082517,"status":"failed","message":"Failed to resolve import \"../examples/SnapCoordinateSystemExample.js\" from \"src/tests/SnapCoordinateSystem.test.js\". Does the file exist?","name":"/Users/mac/nis_mock/data_comunity/data_comunity/src/tests/SnapCoordinateSystem.test.js"},{"assertionResults":[{"ancestorTitles":["","WorkflowNode.vue - 工作流节点组件测试","组件渲染测试"],"fullName":" WorkflowNode.vue - 工作流节点组件测试 组件渲染测试 应该正确渲染节点基本结构","status":"passed","title":"应该正确渲染节点基本结构","duration":255,"failureMessages":[]},{"ancestorTitles":["","WorkflowNode.vue - 工作流节点组件测试","组件渲染测试"],"fullName":" WorkflowNode.vue - 工作流节点组件测试 组件渲染测试 应该显示节点名称","status":"passed","title":"应该显示节点名称","duration":13,"failureMessages":[]},{"ancestorTitles":["","WorkflowNode.vue - 工作流节点组件测试","组件渲染测试"],"fullName":" WorkflowNode.vue - 工作流节点组件测试 组件渲染测试 应该显示节点类型图标","status":"passed","title":"应该显示节点类型图标","duration":8,"failureMessages":[]},{"ancestorTitles":["","WorkflowNode.vue - 工作流节点组件测试","组件渲染测试"],"fullName":" WorkflowNode.vue - 工作流节点组件测试 组件渲染测试 应该根据节点类型应用正确的样式","status":"passed","title":"应该根据节点类型应用正确的样式","duration":15,"failureMessages":[]},{"ancestorTitles":["","WorkflowNode.vue - 工作流节点组件测试","组件渲染测试"],"fullName":" WorkflowNode.vue - 工作流节点组件测试 组件渲染测试 应该在选中状态下应用选中样式","status":"passed","title":"应该在选中状态下应用选中样式","duration":7,"failureMessages":[]},{"ancestorTitles":["","WorkflowNode.vue - 工作流节点组件测试","组件渲染测试"],"fullName":" WorkflowNode.vue - 工作流节点组件测试 组件渲染测试 应该显示添加下游节点按钮","status":"passed","title":"应该显示添加下游节点按钮","duration":16,"failureMessages":[]},{"ancestorTitles":["","WorkflowNode.vue - 工作流节点组件测试","组件渲染测试"],"fullName":" WorkflowNode.vue - 工作流节点组件测试 组件渲染测试 应该显示连接桩","status":"passed","title":"应该显示连接桩","duration":3,"failureMessages":[]},{"ancestorTitles":["","WorkflowNode.vue - 工作流节点组件测试","节点选择功能测试"],"fullName":" WorkflowNode.vue - 工作流节点组件测试 节点选择功能测试 点击节点应该触发选择","status":"passed","title":"点击节点应该触发选择","duration":7,"failureMessages":[]},{"ancestorTitles":["","WorkflowNode.vue - 工作流节点组件测试","节点选择功能测试"],"fullName":" WorkflowNode.vue - 工作流节点组件测试 节点选择功能测试 应该阻止事件冒泡","status":"passed","title":"应该阻止事件冒泡","duration":5,"failureMessages":[]},{"ancestorTitles":["","WorkflowNode.vue - 工作流节点组件测试","下游节点创建功能测试"],"fullName":" WorkflowNode.vue - 工作流节点组件测试 下游节点创建功能测试 应该显示可用的节点类型选项","status":"failed","title":"应该显示可用的节点类型选项","duration":44,"failureMessages":["expected 0 to be greater than 0"],"location":{"line":210,"column":32}},{"ancestorTitles":["","WorkflowNode.vue - 工作流节点组件测试","下游节点创建功能测试"],"fullName":" WorkflowNode.vue - 工作流节点组件测试 下游节点创建功能测试 应该过滤掉不可用的节点类型","status":"passed","title":"应该过滤掉不可用的节点类型","duration":8,"failureMessages":[]},{"ancestorTitles":["","WorkflowNode.vue - 工作流节点组件测试","下游节点创建功能测试"],"fullName":" WorkflowNode.vue - 工作流节点组件测试 下游节点创建功能测试 点击节点类型选项应该创建下游节点","status":"passed","title":"点击节点类型选项应该创建下游节点","duration":10,"failureMessages":[]},{"ancestorTitles":["","WorkflowNode.vue - 工作流节点组件测试","下游节点创建功能测试"],"fullName":" WorkflowNode.vue - 工作流节点组件测试 下游节点创建功能测试 创建下游节点后应该选中新节点","status":"passed","title":"创建下游节点后应该选中新节点","duration":22,"failureMessages":[]},{"ancestorTitles":["","WorkflowNode.vue - 工作流节点组件测试","下游节点创建功能测试"],"fullName":" WorkflowNode.vue - 工作流节点组件测试 下游节点创建功能测试 创建失败时应该处理错误","status":"passed","title":"创建失败时应该处理错误","duration":7,"failureMessages":[]},{"ancestorTitles":["","WorkflowNode.vue - 工作流节点组件测试","计算属性测试"],"fullName":" WorkflowNode.vue - 工作流节点组件测试 计算属性测试 availableNodeTypes应该返回可用的节点类型","status":"passed","title":"availableNodeTypes应该返回可用的节点类型","duration":15,"failureMessages":[]},{"ancestorTitles":["","WorkflowNode.vue - 工作流节点组件测试","计算属性测试"],"fullName":" WorkflowNode.vue - 工作流节点组件测试 计算属性测试 nodeData应该返回节点数据","status":"passed","title":"nodeData应该返回节点数据","duration":5,"failureMessages":[]},{"ancestorTitles":["","WorkflowNode.vue - 工作流节点组件测试","计算属性测试"],"fullName":" WorkflowNode.vue - 工作流节点组件测试 计算属性测试 isSelected应该正确判断选中状态","status":"passed","title":"isSelected应该正确判断选中状态","duration":7,"failureMessages":[]},{"ancestorTitles":["","WorkflowNode.vue - 工作流节点组件测试","计算属性测试"],"fullName":" WorkflowNode.vue - 工作流节点组件测试 计算属性测试 nodeTypeClass应该返回正确的CSS类名","status":"passed","title":"nodeTypeClass应该返回正确的CSS类名","duration":9,"failureMessages":[]},{"ancestorTitles":["","WorkflowNode.vue - 工作流节点组件测试","端口显示逻辑测试"],"fullName":" WorkflowNode.vue - 工作流节点组件测试 端口显示逻辑测试 开始节点应该只显示输出端口","status":"passed","title":"开始节点应该只显示输出端口","duration":7,"failureMessages":[]},{"ancestorTitles":["","WorkflowNode.vue - 工作流节点组件测试","端口显示逻辑测试"],"fullName":" WorkflowNode.vue - 工作流节点组件测试 端口显示逻辑测试 结束节点应该只显示输入端口","status":"passed","title":"结束节点应该只显示输入端口","duration":4,"failureMessages":[]},{"ancestorTitles":["","WorkflowNode.vue - 工作流节点组件测试","端口显示逻辑测试"],"fullName":" WorkflowNode.vue - 工作流节点组件测试 端口显示逻辑测试 短信触达节点应该显示输入和输出端口","status":"passed","title":"短信触达节点应该显示输入和输出端口","duration":5,"failureMessages":[]},{"ancestorTitles":["","WorkflowNode.vue - 工作流节点组件测试","错误处理测试"],"fullName":" WorkflowNode.vue - 工作流节点组件测试 错误处理测试 应该处理缺失的graph注入","status":"passed","title":"应该处理缺失的graph注入","duration":40,"failureMessages":[]},{"ancestorTitles":["","WorkflowNode.vue - 工作流节点组件测试","错误处理测试"],"fullName":" WorkflowNode.vue - 工作流节点组件测试 错误处理测试 应该处理无效的节点数据","status":"passed","title":"应该处理无效的节点数据","duration":6,"failureMessages":[]},{"ancestorTitles":["","WorkflowNode.vue - 工作流节点组件测试","错误处理测试"],"fullName":" WorkflowNode.vue - 工作流节点组件测试 错误处理测试 应该处理缺失的setSelectedNode函数","status":"passed","title":"应该处理缺失的setSelectedNode函数","duration":11,"failureMessages":[]},{"ancestorTitles":["","WorkflowNode.vue - 工作流节点组件测试","响应式更新测试"],"fullName":" WorkflowNode.vue - 工作流节点组件测试 响应式更新测试 节点数据变化时应该更新显示","status":"passed","title":"节点数据变化时应该更新显示","duration":23,"failureMessages":[]},{"ancestorTitles":["","WorkflowNode.vue - 工作流节点组件测试","响应式更新测试"],"fullName":" WorkflowNode.vue - 工作流节点组件测试 响应式更新测试 选中状态变化时应该更新样式","status":"passed","title":"选中状态变化时应该更新样式","duration":20,"failureMessages":[]},{"ancestorTitles":["","WorkflowNode.vue - 工作流节点组件测试","性能测试"],"fullName":" WorkflowNode.vue - 工作流节点组件测试 性能测试 应该能够高效渲染大量节点","status":"passed","title":"应该能够高效渲染大量节点","duration":440,"failureMessages":[]},{"ancestorTitles":["","WorkflowNode.vue - 工作流节点组件测试","性能测试"],"fullName":" WorkflowNode.vue - 工作流节点组件测试 性能测试 频繁的选中状态切换应该保持流畅","status":"passed","title":"频繁的选中状态切换应该保持流畅","duration":25,"failureMessages":[]},{"ancestorTitles":["","WorkflowNode.vue - 工作流节点组件测试","可访问性测试"],"fullName":" WorkflowNode.vue - 工作流节点组件测试 可访问性测试 应该有适当的ARIA属性","status":"passed","title":"应该有适当的ARIA属性","duration":4,"failureMessages":[]},{"ancestorTitles":["","WorkflowNode.vue - 工作流节点组件测试","可访问性测试"],"fullName":" WorkflowNode.vue - 工作流节点组件测试 可访问性测试 应该支持键盘导航","status":"passed","title":"应该支持键盘导航","duration":2,"failureMessages":[]}],"startTime":1757577088867,"endTime":1757577089911,"status":"failed","message":"","name":"/Users/mac/nis_mock/data_comunity/data_comunity/src/tests/WorkflowNode.test.js"},{"assertionResults":[{"ancestorTitles":["","ConnectionConfigFactory","createConnectionConfig"],"fullName":" ConnectionConfigFactory createConnectionConfig 应该创建基础连接配置","status":"passed","title":"应该创建基础连接配置","duration":1,"failureMessages":[]},{"ancestorTitles":["","ConnectionConfigFactory","createConnectionConfig"],"fullName":" ConnectionConfigFactory createConnectionConfig 应该支持自定义配置","status":"passed","title":"应该支持自定义配置","duration":0,"failureMessages":[]},{"ancestorTitles":["","ConnectionConfigFactory","createLabeledConnectionConfig"],"fullName":" ConnectionConfigFactory createLabeledConnectionConfig 应该创建带标签的连接配置","status":"passed","title":"应该创建带标签的连接配置","duration":1,"failureMessages":[]},{"ancestorTitles":["","ConnectionConfigFactory","createLabeledConnectionConfig"],"fullName":" ConnectionConfigFactory createLabeledConnectionConfig 应该支持自定义标签样式","status":"passed","title":"应该支持自定义标签样式","duration":0,"failureMessages":[]},{"ancestorTitles":["","ConnectionConfigFactory","createBranchConnectionConfig"],"fullName":" ConnectionConfigFactory createBranchConnectionConfig 应该创建分支连接配置","status":"passed","title":"应该创建分支连接配置","duration":1,"failureMessages":[]},{"ancestorTitles":["","ConnectionConfigFactory","createBranchConnectionConfig"],"fullName":" ConnectionConfigFactory createBranchConnectionConfig 应该处理默认端口","status":"passed","title":"应该处理默认端口","duration":0,"failureMessages":[]},{"ancestorTitles":["","ConnectionConfigFactory","validateConnectionConfig"],"fullName":" ConnectionConfigFactory validateConnectionConfig 应该验证有效配置","status":"passed","title":"应该验证有效配置","duration":0,"failureMessages":[]},{"ancestorTitles":["","ConnectionConfigFactory","validateConnectionConfig"],"fullName":" ConnectionConfigFactory validateConnectionConfig 应该检测无效配置","status":"passed","title":"应该检测无效配置","duration":0,"failureMessages":[]},{"ancestorTitles":["","ConnectionConfigFactory","validateConnectionConfig"],"fullName":" ConnectionConfigFactory validateConnectionConfig 应该检测无效的连接器类型","status":"passed","title":"应该检测无效的连接器类型","duration":0,"failureMessages":[]}],"startTime":1757577105589,"endTime":1757577105593,"status":"passed","message":"","name":"/Users/mac/nis_mock/data_comunity/data_comunity/src/tests/connectionConfig.test.js"},{"assertionResults":[{"ancestorTitles":["","数据源配置测试"],"fullName":" 数据源配置测试 应该正确渲染数据源配置页面","status":"passed","title":"应该正确渲染数据源配置页面","duration":38,"failureMessages":[]},{"ancestorTitles":["","数据源配置测试"],"fullName":" 数据源配置测试 应该显示空状态当没有数据源时","status":"failed","title":"应该显示空状态当没有数据源时","duration":19,"failureMessages":["expected false to be true // Object.is equality"],"location":{"line":136,"column":27}}],"startTime":1757577106247,"endTime":1757577106304,"status":"failed","message":"","name":"/Users/mac/nis_mock/data_comunity/data_comunity/src/tests/datasource-config.test.jsx"},{"assertionResults":[{"ancestorTitles":["","Graph实例修复组件测试"],"fullName":" Graph实例修复组件测试 当graph实例为null时，应该将操作加入队列","status":"failed","title":"当graph实例为null时，应该将操作加入队列","duration":176,"failureMessages":["Directory import '/Users/mac/nis_mock/data_comunity/data_comunity/node_modules/@arco-design/web-vue/es/icon' is not supported resolving ES modules imported from /Users/mac/nis_mock/data_comunity/data_comunity/src/utils/workflowNodeTypes.js\nDid you mean to import \"@arco-design/web-vue/es/icon/index.js\"?"]},{"ancestorTitles":["","Graph实例修复组件测试"],"fullName":" Graph实例修复组件测试 当graph实例变为可用时，应该执行队列中的操作","status":"failed","title":"当graph实例变为可用时，应该执行队列中的操作","duration":2,"failureMessages":["Directory import '/Users/mac/nis_mock/data_comunity/data_comunity/node_modules/@arco-design/web-vue/es/icon' is not supported resolving ES modules imported from /Users/mac/nis_mock/data_comunity/data_comunity/src/utils/workflowNodeTypes.js\nDid you mean to import \"@arco-design/web-vue/es/icon/index.js\"?"]}],"startTime":1757577105109,"endTime":1757577105287,"status":"failed","message":"","name":"/Users/mac/nis_mock/data_comunity/data_comunity/src/tests/graph-fix-component.test.js"},{"assertionResults":[{"ancestorTitles":["","Graph实例注入测试"],"fullName":" Graph实例注入测试 应该在initGraph后正确提供graph实例","status":"failed","title":"应该在initGraph后正确提供graph实例","duration":5,"failureMessages":["Cannot set property offsetWidth of #<HTMLElement> which has only a getter"],"location":{"line":58,"column":28}},{"ancestorTitles":["","Graph实例注入测试"],"fullName":" Graph实例注入测试 应该能够正确处理节点点击事件","status":"failed","title":"应该能够正确处理节点点击事件","duration":48,"failureMessages":["expected \"spy\" to be called with arguments: [ 'node:click', Any<Function> ]\u001b[90m\n\nReceived: \n\n\u001b[39m\u001b[90m\n\nNumber of calls: \u001b[1m0\u001b[22m\n\u001b[39m"],"location":{"line":143,"column":26}}],"startTime":1757577106366,"endTime":1757577106419,"status":"failed","message":"","name":"/Users/mac/nis_mock/data_comunity/data_comunity/src/tests/graph-injection.test.js"},{"assertionResults":[{"ancestorTitles":["","Graph实例修复测试"],"fullName":" Graph实例修复测试 当graph实例为null时，应该等待初始化后重试","status":"failed","title":"当graph实例为null时，应该等待初始化后重试","duration":18,"failureMessages":["[vitest] No \"consoleLogger\" export is defined on the \"../utils/consoleLogger.js\" mock. Did you forget to return it from \"vi.mock\"?\nIf you need to partially mock a module, you can use \"importOriginal\" helper inside:\n"],"location":{"line":131,"column":1}},{"ancestorTitles":["","Graph实例修复测试"],"fullName":" Graph实例修复测试 当graph实例可用时，应该正常创建下游节点","status":"failed","title":"当graph实例可用时，应该正常创建下游节点","duration":2,"failureMessages":["[vitest] No \"consoleLogger\" export is defined on the \"../utils/consoleLogger.js\" mock. Did you forget to return it from \"vi.mock\"?\nIf you need to partially mock a module, you can use \"importOriginal\" helper inside:\n"],"location":{"line":131,"column":1}}],"startTime":1757577106544,"endTime":1757577106564,"status":"failed","message":"","name":"/Users/mac/nis_mock/data_comunity/data_comunity/src/tests/graph-instance-fix.test.js"},{"assertionResults":[{"ancestorTitles":["","系统完整性校验","节点坐标完整性验证"],"fullName":" 系统完整性校验 节点坐标完整性验证 应该验证节点中央坐标的完整性","status":"passed","title":"应该验证节点中央坐标的完整性","duration":2,"failureMessages":[]},{"ancestorTitles":["","系统完整性校验","节点坐标完整性验证"],"fullName":" 系统完整性校验 节点坐标完整性验证 应该验证节点端口坐标的完整性","status":"passed","title":"应该验证节点端口坐标的完整性","duration":1,"failureMessages":[]},{"ancestorTitles":["","系统完整性校验","节点坐标完整性验证"],"fullName":" 系统完整性校验 节点坐标完整性验证 应该验证节点分层信息的完整性","status":"passed","title":"应该验证节点分层信息的完整性","duration":0,"failureMessages":[]},{"ancestorTitles":["","系统完整性校验","节点坐标完整性验证"],"fullName":" 系统完整性校验 节点坐标完整性验证 应该验证所有节点的X坐标有效性","status":"passed","title":"应该验证所有节点的X坐标有效性","duration":1,"failureMessages":[]},{"ancestorTitles":["","系统完整性校验","节点坐标完整性验证"],"fullName":" 系统完整性校验 节点坐标完整性验证 应该验证所有节点的Y坐标有效性","status":"passed","title":"应该验证所有节点的Y坐标有效性","duration":1,"failureMessages":[]},{"ancestorTitles":["","系统完整性校验","节点坐标完整性验证"],"fullName":" 系统完整性校验 节点坐标完整性验证 应该特别检查audience-split节点的坐标","status":"passed","title":"应该特别检查audience-split节点的坐标","duration":0,"failureMessages":[]},{"ancestorTitles":["","系统完整性校验","节点坐标完整性验证"],"fullName":" 系统完整性校验 节点坐标完整性验证 应该检查节点坐标的数据类型","status":"passed","title":"应该检查节点坐标的数据类型","duration":1,"failureMessages":[]},{"ancestorTitles":["","系统完整性校验","连接线完整性验证"],"fullName":" 系统完整性校验 连接线完整性验证 应该验证所有连接线都有源节点和目标节点","status":"passed","title":"应该验证所有连接线都有源节点和目标节点","duration":0,"failureMessages":[]},{"ancestorTitles":["","系统完整性校验","连接线完整性验证"],"fullName":" 系统完整性校验 连接线完整性验证 应该验证连接线的源节点和目标节点都存在于图中","status":"passed","title":"应该验证连接线的源节点和目标节点都存在于图中","duration":1,"failureMessages":[]},{"ancestorTitles":["","系统完整性校验","预览线完整性验证"],"fullName":" 系统完整性校验 预览线完整性验证 应该验证预览线管理器存在","status":"passed","title":"应该验证预览线管理器存在","duration":0,"failureMessages":[]},{"ancestorTitles":["","系统完整性校验","预览线完整性验证"],"fullName":" 系统完整性校验 预览线完整性验证 应该能够调用预览线完整性校验方法","status":"passed","title":"应该能够调用预览线完整性校验方法","duration":1,"failureMessages":[]},{"ancestorTitles":["","系统完整性校验","预览线完整性验证"],"fullName":" 系统完整性校验 预览线完整性验证 应该能够修复NaN坐标","status":"passed","title":"应该能够修复NaN坐标","duration":1,"failureMessages":[]},{"ancestorTitles":["","系统完整性校验","预览线完整性验证"],"fullName":" 系统完整性校验 预览线完整性验证 应该能够执行全面的完整性检查","status":"passed","title":"应该能够执行全面的完整性检查","duration":0,"failureMessages":[]},{"ancestorTitles":["","系统完整性校验","系统组件可用性验证"],"fullName":" 系统完整性校验 系统组件可用性验证 应该验证Graph实例可用","status":"passed","title":"应该验证Graph实例可用","duration":0,"failureMessages":[]},{"ancestorTitles":["","系统完整性校验","系统组件可用性验证"],"fullName":" 系统完整性校验 系统组件可用性验证 应该验证LayoutEngine实例可用","status":"passed","title":"应该验证LayoutEngine实例可用","duration":1,"failureMessages":[]},{"ancestorTitles":["","系统完整性校验","系统组件可用性验证"],"fullName":" 系统完整性校验 系统组件可用性验证 应该验证PreviewLineManager实例可用","status":"passed","title":"应该验证PreviewLineManager实例可用","duration":1,"failureMessages":[]},{"ancestorTitles":["","系统完整性校验","多层复杂图谱统一布局测试"],"fullName":" 系统完整性校验 多层复杂图谱统一布局测试 应该验证多层节点的Y坐标分层正确性","status":"passed","title":"应该验证多层节点的Y坐标分层正确性","duration":1,"failureMessages":[]},{"ancestorTitles":["","系统完整性校验","多层复杂图谱统一布局测试"],"fullName":" 系统完整性校验 多层复杂图谱统一布局测试 应该验证复杂分支节点的布局完整性","status":"passed","title":"应该验证复杂分支节点的布局完整性","duration":1,"failureMessages":[]},{"ancestorTitles":["","系统完整性校验","多层复杂图谱统一布局测试"],"fullName":" 系统完整性校验 多层复杂图谱统一布局测试 应该验证大规模图谱的布局性能和完整性","status":"passed","title":"应该验证大规模图谱的布局性能和完整性","duration":5,"failureMessages":[]},{"ancestorTitles":["","系统完整性校验","多层复杂图谱统一布局测试"],"fullName":" 系统完整性校验 多层复杂图谱统一布局测试 应该验证复杂连接关系的完整性","status":"passed","title":"应该验证复杂连接关系的完整性","duration":1,"failureMessages":[]},{"ancestorTitles":["","系统完整性校验","多层复杂图谱统一布局测试"],"fullName":" 系统完整性校验 多层复杂图谱统一布局测试 应该验证动态布局更新的完整性","status":"passed","title":"应该验证动态布局更新的完整性","duration":0,"failureMessages":[]},{"ancestorTitles":["","系统完整性校验","边界情况测试"],"fullName":" 系统完整性校验 边界情况测试 应该处理空图的情况","status":"passed","title":"应该处理空图的情况","duration":6,"failureMessages":[]},{"ancestorTitles":["","系统完整性校验","边界情况测试"],"fullName":" 系统完整性校验 边界情况测试 应该处理只有节点没有连接线的情况","status":"passed","title":"应该处理只有节点没有连接线的情况","duration":1,"failureMessages":[]},{"ancestorTitles":["","系统完整性校验","边界情况测试"],"fullName":" 系统完整性校验 边界情况测试 应该处理大量节点的性能测试","status":"passed","title":"应该处理大量节点的性能测试","duration":5,"failureMessages":[]},{"ancestorTitles":["","系统完整性校验","修复功能测试"],"fullName":" 系统完整性校验 修复功能测试 应该能够修复NaN坐标并验证修复结果","status":"passed","title":"应该能够修复NaN坐标并验证修复结果","duration":0,"failureMessages":[]},{"ancestorTitles":["","系统完整性校验","修复功能测试"],"fullName":" 系统完整性校验 修复功能测试 应该能够处理修复失败的情况","status":"passed","title":"应该能够处理修复失败的情况","duration":1,"failureMessages":[]}],"startTime":1757577083370,"endTime":1757577083404,"status":"passed","message":"","name":"/Users/mac/nis_mock/data_comunity/data_comunity/src/tests/integrity.test.js"},{"assertionResults":[{"ancestorTitles":["","isConfigured字段自动修复测试"],"fullName":" isConfigured字段自动修复测试 isConfigured为undefined且有配置数据时应自动修复","status":"passed","title":"isConfigured为undefined且有配置数据时应自动修复","duration":13,"failureMessages":[]},{"ancestorTitles":["","isConfigured字段自动修复测试"],"fullName":" isConfigured字段自动修复测试 开始节点isConfigured为undefined时应自动修复","status":"passed","title":"开始节点isConfigured为undefined时应自动修复","duration":3,"failureMessages":[]},{"ancestorTitles":["","isConfigured字段自动修复测试"],"fullName":" isConfigured字段自动修复测试 isConfigured为undefined且无配置数据时不应修复","status":"passed","title":"isConfigured为undefined且无配置数据时不应修复","duration":2,"failureMessages":[]},{"ancestorTitles":["","isConfigured字段自动修复测试"],"fullName":" isConfigured字段自动修复测试 isConfigured为false时不应修复","status":"passed","title":"isConfigured为false时不应修复","duration":1,"failureMessages":[]},{"ancestorTitles":["","isConfigured字段自动修复测试"],"fullName":" isConfigured字段自动修复测试 isConfigured为true时正常处理","status":"passed","title":"isConfigured为true时正常处理","duration":1,"failureMessages":[]},{"ancestorTitles":["","isConfigured字段自动修复测试"],"fullName":" isConfigured字段自动修复测试 修复后的节点数据应包含正确的isConfigured值","status":"passed","title":"修复后的节点数据应包含正确的isConfigured值","duration":1,"failureMessages":[]}],"startTime":1757577105021,"endTime":1757577105043,"status":"passed","message":"","name":"/Users/mac/nis_mock/data_comunity/data_comunity/src/tests/is-configured-auto-fix.test.js"},{"assertionResults":[{"ancestorTitles":["","isConfigured字段覆盖问题测试"],"fullName":" isConfigured字段覆盖问题测试 NodeConfigManager设置isConfigured后不应被覆盖","status":"passed","title":"NodeConfigManager设置isConfigured后不应被覆盖","duration":20,"failureMessages":[]},{"ancestorTitles":["","isConfigured字段覆盖问题测试"],"fullName":" isConfigured字段覆盖问题测试 UnifiedPreviewLineManager不应覆盖已设置的isConfigured","status":"failed","title":"UnifiedPreviewLineManager不应覆盖已设置的isConfigured","duration":2,"failureMessages":["previewManager.createPreviewLineAfterConfig is not a function"],"location":{"line":104,"column":26}},{"ancestorTitles":["","isConfigured字段覆盖问题测试"],"fullName":" isConfigured字段覆盖问题测试 验证完整的配置流程中isConfigured的保持","status":"failed","title":"验证完整的配置流程中isConfigured的保持","duration":2,"failureMessages":["previewManager.createPreviewLineAfterConfig is not a function"],"location":{"line":145,"column":26}}],"startTime":1757577105153,"endTime":1757577105177,"status":"failed","message":"","name":"/Users/mac/nis_mock/data_comunity/data_comunity/src/tests/is-configured-override.test.js"},{"assertionResults":[{"ancestorTitles":["","isConfigured字段时序问题测试"],"fullName":" isConfigured字段时序问题测试 createPreviewLineAfterConfig应该正确设置isConfigured字段","status":"passed","title":"createPreviewLineAfterConfig应该正确设置isConfigured字段","duration":23,"failureMessages":[]},{"ancestorTitles":["","isConfigured字段时序问题测试"],"fullName":" isConfigured字段时序问题测试 setData后立即调用shouldCreatePreviewLine应该返回正确结果","status":"passed","title":"setData后立即调用shouldCreatePreviewLine应该返回正确结果","duration":4,"failureMessages":[]},{"ancestorTitles":["","isConfigured字段时序问题测试"],"fullName":" isConfigured字段时序问题测试 数据更新时序问题的重现和修复验证","status":"passed","title":"数据更新时序问题的重现和修复验证","duration":2,"failureMessages":[]},{"ancestorTitles":["","isConfigured字段时序问题测试"],"fullName":" isConfigured字段时序问题测试 waitForNodeSync应该等待节点数据同步","status":"passed","title":"waitForNodeSync应该等待节点数据同步","duration":104,"failureMessages":[]},{"ancestorTitles":["","isConfigured字段时序问题测试"],"fullName":" isConfigured字段时序问题测试 createPreviewLineAfterConfig的完整流程验证","status":"passed","title":"createPreviewLineAfterConfig的完整流程验证","duration":2,"failureMessages":[]},{"ancestorTitles":["","isConfigured字段时序问题测试"],"fullName":" isConfigured字段时序问题测试 多次调用createPreviewLineAfterConfig应该正确处理","status":"passed","title":"多次调用createPreviewLineAfterConfig应该正确处理","duration":2,"failureMessages":[]}],"startTime":1757577100056,"endTime":1757577100193,"status":"passed","message":"","name":"/Users/mac/nis_mock/data_comunity/data_comunity/src/tests/is-configured-timing.test.js"},{"assertionResults":[{"ancestorTitles":["","开始节点预览线测试"],"fullName":" 开始节点预览线测试 开始节点无连接时应该创建预览线","status":"passed","title":"开始节点无连接时应该创建预览线","duration":11,"failureMessages":[]},{"ancestorTitles":["","开始节点预览线测试"],"fullName":" 开始节点预览线测试 开始节点有真实连接时不应该创建预览线","status":"passed","title":"开始节点有真实连接时不应该创建预览线","duration":2,"failureMessages":[]},{"ancestorTitles":["","开始节点预览线测试"],"fullName":" 开始节点预览线测试 开始节点有预览线连接时应该创建预览线","status":"passed","title":"开始节点有预览线连接时应该创建预览线","duration":1,"failureMessages":[]},{"ancestorTitles":["","开始节点预览线测试"],"fullName":" 开始节点预览线测试 开始节点有多个真实连接时不应该创建预览线","status":"passed","title":"开始节点有多个真实连接时不应该创建预览线","duration":1,"failureMessages":[]},{"ancestorTitles":["","开始节点预览线测试"],"fullName":" 开始节点预览线测试 开始节点混合连接时的处理","status":"passed","title":"开始节点混合连接时的处理","duration":2,"failureMessages":[]},{"ancestorTitles":["","开始节点预览线测试"],"fullName":" 开始节点预览线测试 开始节点未配置时不应该创建预览线","status":"passed","title":"开始节点未配置时不应该创建预览线","duration":0,"failureMessages":[]},{"ancestorTitles":["","开始节点预览线测试"],"fullName":" 开始节点预览线测试 开始节点创建单一预览线","status":"passed","title":"开始节点创建单一预览线","duration":1,"failureMessages":[]},{"ancestorTitles":["","开始节点预览线测试"],"fullName":" 开始节点预览线测试 开始节点连接检查的日志输出","status":"passed","title":"开始节点连接检查的日志输出","duration":4,"failureMessages":[]}],"startTime":1757577097432,"endTime":1757577097454,"status":"passed","message":"","name":"/Users/mac/nis_mock/data_comunity/data_comunity/src/tests/start-node-preview-line.test.js"},{"assertionResults":[{"ancestorTitles":["","TDD: 预览线初始化时机修复","问题1: 未配置节点的预览线创建检查"],"fullName":" TDD: 预览线初始化时机修复 问题1: 未配置节点的预览线创建检查 应该拒绝为未明确配置的audience-split节点创建预览线","status":"passed","title":"应该拒绝为未明确配置的audience-split节点创建预览线","duration":27,"failureMessages":[]},{"ancestorTitles":["","TDD: 预览线初始化时机修复","问题1: 未配置节点的预览线创建检查"],"fullName":" TDD: 预览线初始化时机修复 问题1: 未配置节点的预览线创建检查 应该拒绝为未明确配置的sms节点创建预览线","status":"passed","title":"应该拒绝为未明确配置的sms节点创建预览线","duration":4,"failureMessages":[]},{"ancestorTitles":["","TDD: 预览线初始化时机修复","问题1: 未配置节点的预览线创建检查"],"fullName":" TDD: 预览线初始化时机修复 问题1: 未配置节点的预览线创建检查 应该拒绝为未明确配置的ai-call节点创建预览线","status":"passed","title":"应该拒绝为未明确配置的ai-call节点创建预览线","duration":4,"failureMessages":[]},{"ancestorTitles":["","TDD: 预览线初始化时机修复","问题2: 自动修复逻辑应被移除"],"fullName":" TDD: 预览线初始化时机修复 问题2: 自动修复逻辑应被移除 shouldNodeBeConfigured不应该自动修复audience-split节点的配置状态","status":"passed","title":"shouldNodeBeConfigured不应该自动修复audience-split节点的配置状态","duration":2,"failureMessages":[]},{"ancestorTitles":["","TDD: 预览线初始化时机修复","问题2: 自动修复逻辑应被移除"],"fullName":" TDD: 预览线初始化时机修复 问题2: 自动修复逻辑应被移除 shouldNodeBeConfigured不应该自动修复sms节点的配置状态","status":"passed","title":"shouldNodeBeConfigured不应该自动修复sms节点的配置状态","duration":3,"failureMessages":[]},{"ancestorTitles":["","TDD: 预览线初始化时机修复","问题3: 严格的配置检查逻辑"],"fullName":" TDD: 预览线初始化时机修复 问题3: 严格的配置检查逻辑 只有明确标记为已配置的节点才应该创建预览线","status":"passed","title":"只有明确标记为已配置的节点才应该创建预览线","duration":4,"failureMessages":[]},{"ancestorTitles":["","TDD: 预览线初始化时机修复","问题3: 严格的配置检查逻辑"],"fullName":" TDD: 预览线初始化时机修复 问题3: 严格的配置检查逻辑 isConfigured字段缺失时应该视为未配置","status":"passed","title":"isConfigured字段缺失时应该视为未配置","duration":3,"failureMessages":[]},{"ancestorTitles":["","TDD: 预览线初始化时机修复","问题4: 配置完成事件监听机制"],"fullName":" TDD: 预览线初始化时机修复 问题4: 配置完成事件监听机制 应该提供配置完成事件监听接口","status":"passed","title":"应该提供配置完成事件监听接口","duration":3,"failureMessages":[]},{"ancestorTitles":["","TDD: 预览线初始化时机修复","问题4: 配置完成事件监听机制"],"fullName":" TDD: 预览线初始化时机修复 问题4: 配置完成事件监听机制 配置完成后应该触发预览线重新评估","status":"passed","title":"配置完成后应该触发预览线重新评估","duration":5,"failureMessages":[]}],"startTime":1757577099718,"endTime":1757577099773,"status":"passed","message":"","name":"/Users/mac/nis_mock/data_comunity/data_comunity/src/tests/tdd-preview-line-initialization.test.js"},{"assertionResults":[{"ancestorTitles":["","TDD: 统一布局算法测试","开始节点布局测试"],"fullName":" TDD: 统一布局算法测试 开始节点布局测试 应该将开始节点放置在布局的最顶层（失败测试）","status":"failed","title":"应该将开始节点放置在布局的最顶层（失败测试）","duration":27,"failureMessages":["expected 100 to be less than 100"],"location":{"line":122,"column":34}},{"ancestorTitles":["","TDD: 统一布局算法测试","开始节点布局测试"],"fullName":" TDD: 统一布局算法测试 开始节点布局测试 应该确保开始节点在自上而下布局中的正确层级识别（失败测试）","status":"failed","title":"应该确保开始节点在自上而下布局中的正确层级识别（失败测试）","duration":1,"failureMessages":["expected 100 to be less than 100"],"location":{"line":165,"column":34}},{"ancestorTitles":["","TDD: 统一布局算法测试","开始节点布局测试"],"fullName":" TDD: 统一布局算法测试 开始节点布局测试 应该正确处理开始节点的单一输出端口连接（失败测试）","status":"passed","title":"应该正确处理开始节点的单一输出端口连接（失败测试）","duration":1,"failureMessages":[]},{"ancestorTitles":["","TDD: 统一布局算法测试","开始节点布局测试"],"fullName":" TDD: 统一布局算法测试 开始节点布局测试 应该在模块居中对齐中正确处理开始节点（失败测试）","status":"passed","title":"应该在模块居中对齐中正确处理开始节点（失败测试）","duration":2,"failureMessages":[]},{"ancestorTitles":["","TDD: 统一布局算法测试","开始节点布局测试"],"fullName":" TDD: 统一布局算法测试 开始节点布局测试 应该正确处理只有开始节点的单节点布局（失败测试）","status":"failed","title":"应该正确处理只有开始节点的单节点布局（失败测试）","duration":3,"failureMessages":["expected false to be true // Object.is equality"],"location":{"line":335,"column":28}},{"ancestorTitles":["","TDD: 统一布局算法测试","开始节点布局测试"],"fullName":" TDD: 统一布局算法测试 开始节点布局测试 应该在父子分层中正确识别开始节点为根节点（失败测试）","status":"passed","title":"应该在父子分层中正确识别开始节点为根节点（失败测试）","duration":2,"failureMessages":[]},{"ancestorTitles":["","TDD: 统一布局算法测试","统一布局算法核心功能测试"],"fullName":" TDD: 统一布局算法测试 统一布局算法核心功能测试 应该实现自上而下的层级计算（失败测试）","status":"passed","title":"应该实现自上而下的层级计算（失败测试）","duration":1,"failureMessages":[]},{"ancestorTitles":["","TDD: 统一布局算法测试","统一布局算法核心功能测试"],"fullName":" TDD: 统一布局算法测试 统一布局算法核心功能测试 应该实现模块化的居中对齐算法（失败测试）","status":"failed","title":"应该实现模块化的居中对齐算法（失败测试）","duration":1,"failureMessages":["expected 60 to be less than 30"],"location":{"line":574,"column":55}}],"startTime":1757577084090,"endTime":1757577084129,"status":"failed","message":"","name":"/Users/mac/nis_mock/data_comunity/data_comunity/src/tests/tdd-unified-layout-algorithm.test.js"},{"assertionResults":[{"ancestorTitles":["","第三层中点对齐测试","第三层节点对齐检测"],"fullName":" 第三层中点对齐测试 第三层节点对齐检测 应该检测到第三层节点Y坐标不一致","status":"passed","title":"应该检测到第三层节点Y坐标不一致","duration":2,"failureMessages":[]},{"ancestorTitles":["","第三层中点对齐测试","第三层节点对齐检测"],"fullName":" 第三层中点对齐测试 第三层节点对齐检测 应该计算第三层节点的中点Y坐标","status":"passed","title":"应该计算第三层节点的中点Y坐标","duration":1,"failureMessages":[]},{"ancestorTitles":["","第三层中点对齐测试","第三层节点对齐检测"],"fullName":" 第三层中点对齐测试 第三层节点对齐检测 应该将第三层所有节点对齐到中点","status":"passed","title":"应该将第三层所有节点对齐到中点","duration":2,"failureMessages":[]},{"ancestorTitles":["","第三层中点对齐测试","布局引擎对齐方法测试"],"fullName":" 第三层中点对齐测试 布局引擎对齐方法测试 应该提供层级节点对齐方法","status":"passed","title":"应该提供层级节点对齐方法","duration":1,"failureMessages":[]},{"ancestorTitles":["","第三层中点对齐测试","布局引擎对齐方法测试"],"fullName":" 第三层中点对齐测试 布局引擎对齐方法测试 应该处理空节点列表","status":"passed","title":"应该处理空节点列表","duration":0,"failureMessages":[]},{"ancestorTitles":["","第三层中点对齐测试","布局引擎对齐方法测试"],"fullName":" 第三层中点对齐测试 布局引擎对齐方法测试 应该处理单个节点的情况","status":"passed","title":"应该处理单个节点的情况","duration":2,"failureMessages":[]}],"startTime":1757577103807,"endTime":1757577103815,"status":"passed","message":"","name":"/Users/mac/nis_mock/data_comunity/data_comunity/src/tests/third-layer-alignment.test.js"},{"assertionResults":[{"ancestorTitles":["","统一预览线管理器 - 重构后的分支逻辑测试","checkNodeFullConnections - 统一连接检查逻辑"],"fullName":" 统一预览线管理器 - 重构后的分支逻辑测试 checkNodeFullConnections - 统一连接检查逻辑 无分支节点 - 无连接时返回false","status":"passed","title":"无分支节点 - 无连接时返回false","duration":21,"failureMessages":[]},{"ancestorTitles":["","统一预览线管理器 - 重构后的分支逻辑测试","checkNodeFullConnections - 统一连接检查逻辑"],"fullName":" 统一预览线管理器 - 重构后的分支逻辑测试 checkNodeFullConnections - 统一连接检查逻辑 无分支节点 - 有真实连接时返回true","status":"passed","title":"无分支节点 - 有真实连接时返回true","duration":6,"failureMessages":[]},{"ancestorTitles":["","统一预览线管理器 - 重构后的分支逻辑测试","checkNodeFullConnections - 统一连接检查逻辑"],"fullName":" 统一预览线管理器 - 重构后的分支逻辑测试 checkNodeFullConnections - 统一连接检查逻辑 无分支节点 - 只有预览线连接时返回false","status":"passed","title":"无分支节点 - 只有预览线连接时返回false","duration":3,"failureMessages":[]},{"ancestorTitles":["","统一预览线管理器 - 重构后的分支逻辑测试","checkNodeFullConnections - 统一连接检查逻辑"],"fullName":" 统一预览线管理器 - 重构后的分支逻辑测试 checkNodeFullConnections - 统一连接检查逻辑 分支节点 - 部分分支连接时返回false","status":"passed","title":"分支节点 - 部分分支连接时返回false","duration":2,"failureMessages":[]},{"ancestorTitles":["","统一预览线管理器 - 重构后的分支逻辑测试","checkNodeFullConnections - 统一连接检查逻辑"],"fullName":" 统一预览线管理器 - 重构后的分支逻辑测试 checkNodeFullConnections - 统一连接检查逻辑 分支节点 - 所有分支都连接时返回true","status":"passed","title":"分支节点 - 所有分支都连接时返回true","duration":0,"failureMessages":[]},{"ancestorTitles":["","统一预览线管理器 - 重构后的分支逻辑测试","shouldCreatePreviewLine - 重构后的逻辑测试"],"fullName":" 统一预览线管理器 - 重构后的分支逻辑测试 shouldCreatePreviewLine - 重构后的逻辑测试 开始节点 - 无连接且已配置时应创建预览线","status":"passed","title":"开始节点 - 无连接且已配置时应创建预览线","duration":2,"failureMessages":[]},{"ancestorTitles":["","统一预览线管理器 - 重构后的分支逻辑测试","shouldCreatePreviewLine - 重构后的逻辑测试"],"fullName":" 统一预览线管理器 - 重构后的分支逻辑测试 shouldCreatePreviewLine - 重构后的逻辑测试 开始节点 - 有连接时不应创建预览线","status":"passed","title":"开始节点 - 有连接时不应创建预览线","duration":1,"failureMessages":[]},{"ancestorTitles":["","统一预览线管理器 - 重构后的分支逻辑测试","shouldCreatePreviewLine - 重构后的逻辑测试"],"fullName":" 统一预览线管理器 - 重构后的分支逻辑测试 shouldCreatePreviewLine - 重构后的逻辑测试 分支节点 - 部分分支连接时应创建预览线","status":"passed","title":"分支节点 - 部分分支连接时应创建预览线","duration":2,"failureMessages":[]},{"ancestorTitles":["","统一预览线管理器 - 重构后的分支逻辑测试","shouldCreatePreviewLine - 重构后的逻辑测试"],"fullName":" 统一预览线管理器 - 重构后的分支逻辑测试 shouldCreatePreviewLine - 重构后的逻辑测试 分支节点 - 所有分支都连接时不应创建预览线","status":"passed","title":"分支节点 - 所有分支都连接时不应创建预览线","duration":1,"failureMessages":[]},{"ancestorTitles":["","统一预览线管理器 - 重构后的分支逻辑测试","shouldCreatePreviewLine - 重构后的逻辑测试"],"fullName":" 统一预览线管理器 - 重构后的分支逻辑测试 shouldCreatePreviewLine - 重构后的逻辑测试 未配置节点不应创建预览线","status":"passed","title":"未配置节点不应创建预览线","duration":0,"failureMessages":[]},{"ancestorTitles":["","统一预览线管理器 - 重构后的分支逻辑测试","shouldCreatePreviewLine - 重构后的逻辑测试"],"fullName":" 统一预览线管理器 - 重构后的分支逻辑测试 shouldCreatePreviewLine - 重构后的逻辑测试 结束节点不应创建预览线","status":"passed","title":"结束节点不应创建预览线","duration":1,"failureMessages":[]},{"ancestorTitles":["","统一预览线管理器 - 重构后的分支逻辑测试","统一分类逻辑验证"],"fullName":" 统一预览线管理器 - 重构后的分支逻辑测试 统一分类逻辑验证 验证不同节点类型的分支判断","status":"passed","title":"验证不同节点类型的分支判断","duration":0,"failureMessages":[]},{"ancestorTitles":["","统一预览线管理器 - 重构后的分支逻辑测试","统一分类逻辑验证"],"fullName":" 统一预览线管理器 - 重构后的分支逻辑测试 统一分类逻辑验证 验证分支数量计算的一致性","status":"passed","title":"验证分支数量计算的一致性","duration":0,"failureMessages":[]}],"startTime":1757577092255,"endTime":1757577092295,"status":"passed","message":"","name":"/Users/mac/nis_mock/data_comunity/data_comunity/src/tests/unified-preview-line-refactor.test.js"},{"assertionResults":[],"startTime":1757577082517,"endTime":1757577082517,"status":"failed","message":"Failed to resolve import \"../components/workflow/WorkflowEditor.vue\" from \"src/tests/workflow-editor.test.js\". Does the file exist?","name":"/Users/mac/nis_mock/data_comunity/data_comunity/src/tests/workflow-editor.test.js"},{"assertionResults":[{"ancestorTitles":["","工作流管理功能测试","WorkflowManager 组件"],"fullName":" 工作流管理功能测试 WorkflowManager 组件 应该正确渲染工作流管理页面","status":"passed","title":"应该正确渲染工作流管理页面","duration":51,"failureMessages":[]},{"ancestorTitles":["","工作流管理功能测试","WorkflowManager 组件"],"fullName":" 工作流管理功能测试 WorkflowManager 组件 应该能够创建新流程","status":"passed","title":"应该能够创建新流程","duration":42,"failureMessages":[]},{"ancestorTitles":["","工作流管理功能测试","WorkflowManager 组件"],"fullName":" 工作流管理功能测试 WorkflowManager 组件 应该能够搜索和筛选流程","status":"passed","title":"应该能够搜索和筛选流程","duration":38,"failureMessages":[]},{"ancestorTitles":["","工作流管理功能测试","WorkflowCreate 组件"],"fullName":" 工作流管理功能测试 WorkflowCreate 组件 应该正确渲染创建流程页面","status":"passed","title":"应该正确渲染创建流程页面","duration":2,"failureMessages":[]},{"ancestorTitles":["","工作流管理功能测试","WorkflowCreate 组件"],"fullName":" 工作流管理功能测试 WorkflowCreate 组件 应该验证表单输入","status":"passed","title":"应该验证表单输入","duration":7,"failureMessages":[]},{"ancestorTitles":["","工作流管理功能测试","WorkflowCreate 组件"],"fullName":" 工作流管理功能测试 WorkflowCreate 组件 应该能够选择模板","status":"passed","title":"应该能够选择模板","duration":2,"failureMessages":[]},{"ancestorTitles":["","工作流管理功能测试","WorkflowStorage 工具类"],"fullName":" 工作流管理功能测试 WorkflowStorage 工具类 应该能够保存工作流","status":"passed","title":"应该能够保存工作流","duration":1,"failureMessages":[]},{"ancestorTitles":["","工作流管理功能测试","WorkflowStorage 工具类"],"fullName":" 工作流管理功能测试 WorkflowStorage 工具类 应该能够删除工作流","status":"passed","title":"应该能够删除工作流","duration":0,"failureMessages":[]},{"ancestorTitles":["","工作流管理功能测试","WorkflowStorage 工具类"],"fullName":" 工作流管理功能测试 WorkflowStorage 工具类 应该能够获取工作流列表","status":"passed","title":"应该能够获取工作流列表","duration":0,"failureMessages":[]}],"startTime":1757577104363,"endTime":1757577104508,"status":"passed","message":"","name":"/Users/mac/nis_mock/data_comunity/data_comunity/src/tests/workflow.test.js"},{"assertionResults":[{"ancestorTitles":["","workflowNodeCreator.js - 节点创建器测试","getDownstreamNodePosition 函数测试"],"fullName":" workflowNodeCreator.js - 节点创建器测试 getDownstreamNodePosition 函数测试 应该返回基本的下游位置","status":"passed","title":"应该返回基本的下游位置","duration":3,"failureMessages":[]},{"ancestorTitles":["","workflowNodeCreator.js - 节点创建器测试","getDownstreamNodePosition 函数测试"],"fullName":" workflowNodeCreator.js - 节点创建器测试 getDownstreamNodePosition 函数测试 应该使用默认偏移量计算位置","status":"passed","title":"应该使用默认偏移量计算位置","duration":2,"failureMessages":[]},{"ancestorTitles":["","workflowNodeCreator.js - 节点创建器测试","getDownstreamNodePosition 函数测试"],"fullName":" workflowNodeCreator.js - 节点创建器测试 getDownstreamNodePosition 函数测试 应该使用自定义偏移量","status":"passed","title":"应该使用自定义偏移量","duration":0,"failureMessages":[]},{"ancestorTitles":["","workflowNodeCreator.js - 节点创建器测试","getDownstreamNodePosition 函数测试"],"fullName":" workflowNodeCreator.js - 节点创建器测试 getDownstreamNodePosition 函数测试 应该考虑现有下游节点的位置","status":"passed","title":"应该考虑现有下游节点的位置","duration":2,"failureMessages":[]},{"ancestorTitles":["","workflowNodeCreator.js - 节点创建器测试","getDownstreamNodePosition 函数测试"],"fullName":" workflowNodeCreator.js - 节点创建器测试 getDownstreamNodePosition 函数测试 应该处理多个下游节点","status":"passed","title":"应该处理多个下游节点","duration":1,"failureMessages":[]},{"ancestorTitles":["","workflowNodeCreator.js - 节点创建器测试","getDownstreamNodePosition 函数测试"],"fullName":" workflowNodeCreator.js - 节点创建器测试 getDownstreamNodePosition 函数测试 应该处理无效参数","status":"passed","title":"应该处理无效参数","duration":1,"failureMessages":[]},{"ancestorTitles":["","workflowNodeCreator.js - 节点创建器测试","createNode 函数测试"],"fullName":" workflowNodeCreator.js - 节点创建器测试 createNode 函数测试 应该创建有效的节点","status":"failed","title":"应该创建有效的节点","duration":6,"failureMessages":["Cannot read properties of null (reading 'id')"],"location":{"line":113,"column":19}},{"ancestorTitles":["","workflowNodeCreator.js - 节点创建器测试","createNode 函数测试"],"fullName":" workflowNodeCreator.js - 节点创建器测试 createNode 函数测试 应该使用正确的节点配置","status":"failed","title":"应该使用正确的节点配置","duration":2,"failureMessages":["Cannot read properties of undefined (reading '0')"],"location":{"line":123,"column":58}},{"ancestorTitles":["","workflowNodeCreator.js - 节点创建器测试","createNode 函数测试"],"fullName":" workflowNodeCreator.js - 节点创建器测试 createNode 函数测试 应该生成唯一的节点ID","status":"failed","title":"应该生成唯一的节点ID","duration":1,"failureMessages":["Cannot read properties of null (reading 'id')"],"location":{"line":138,"column":20}},{"ancestorTitles":["","workflowNodeCreator.js - 节点创建器测试","createNode 函数测试"],"fullName":" workflowNodeCreator.js - 节点创建器测试 createNode 函数测试 应该使用提供的节点ID","status":"failed","title":"应该使用提供的节点ID","duration":1,"failureMessages":["Cannot read properties of undefined (reading '0')"],"location":{"line":145,"column":58}},{"ancestorTitles":["","workflowNodeCreator.js - 节点创建器测试","createNode 函数测试"],"fullName":" workflowNodeCreator.js - 节点创建器测试 createNode 函数测试 应该根据节点类型生成正确的名称","status":"passed","title":"应该根据节点类型生成正确的名称","duration":2,"failureMessages":[]},{"ancestorTitles":["","workflowNodeCreator.js - 节点创建器测试","createNode 函数测试"],"fullName":" workflowNodeCreator.js - 节点创建器测试 createNode 函数测试 应该设置正确的端口配置","status":"passed","title":"应该设置正确的端口配置","duration":6,"failureMessages":[]},{"ancestorTitles":["","workflowNodeCreator.js - 节点创建器测试","createNode 函数测试"],"fullName":" workflowNodeCreator.js - 节点创建器测试 createNode 函数测试 应该处理无效参数","status":"passed","title":"应该处理无效参数","duration":2,"failureMessages":[]},{"ancestorTitles":["","workflowNodeCreator.js - 节点创建器测试","createNode 函数测试"],"fullName":" workflowNodeCreator.js - 节点创建器测试 createNode 函数测试 应该处理创建错误","status":"passed","title":"应该处理创建错误","duration":1,"failureMessages":[]},{"ancestorTitles":["","workflowNodeCreator.js - 节点创建器测试","createEdge 函数测试"],"fullName":" workflowNodeCreator.js - 节点创建器测试 createEdge 函数测试 应该创建有效的连接边","status":"passed","title":"应该创建有效的连接边","duration":0,"failureMessages":[]},{"ancestorTitles":["","workflowNodeCreator.js - 节点创建器测试","createEdge 函数测试"],"fullName":" workflowNodeCreator.js - 节点创建器测试 createEdge 函数测试 应该使用正确的边配置","status":"passed","title":"应该使用正确的边配置","duration":5,"failureMessages":[]},{"ancestorTitles":["","workflowNodeCreator.js - 节点创建器测试","createEdge 函数测试"],"fullName":" workflowNodeCreator.js - 节点创建器测试 createEdge 函数测试 应该设置正确的边样式","status":"passed","title":"应该设置正确的边样式","duration":5,"failureMessages":[]},{"ancestorTitles":["","workflowNodeCreator.js - 节点创建器测试","createEdge 函数测试"],"fullName":" workflowNodeCreator.js - 节点创建器测试 createEdge 函数测试 应该生成唯一的边ID","status":"passed","title":"应该生成唯一的边ID","duration":2,"failureMessages":[]},{"ancestorTitles":["","workflowNodeCreator.js - 节点创建器测试","createEdge 函数测试"],"fullName":" workflowNodeCreator.js - 节点创建器测试 createEdge 函数测试 应该处理无效参数","status":"passed","title":"应该处理无效参数","duration":2,"failureMessages":[]},{"ancestorTitles":["","workflowNodeCreator.js - 节点创建器测试","createDownstreamNode 函数测试"],"fullName":" workflowNodeCreator.js - 节点创建器测试 createDownstreamNode 函数测试 应该同时创建节点和边","status":"passed","title":"应该同时创建节点和边","duration":1,"failureMessages":[]},{"ancestorTitles":["","workflowNodeCreator.js - 节点创建器测试","createDownstreamNode 函数测试"],"fullName":" workflowNodeCreator.js - 节点创建器测试 createDownstreamNode 函数测试 应该在正确的位置创建下游节点","status":"passed","title":"应该在正确的位置创建下游节点","duration":0,"failureMessages":[]},{"ancestorTitles":["","workflowNodeCreator.js - 节点创建器测试","createDownstreamNode 函数测试"],"fullName":" workflowNodeCreator.js - 节点创建器测试 createDownstreamNode 函数测试 应该创建正确的连接","status":"passed","title":"应该创建正确的连接","duration":4,"failureMessages":[]},{"ancestorTitles":["","workflowNodeCreator.js - 节点创建器测试","createDownstreamNode 函数测试"],"fullName":" workflowNodeCreator.js - 节点创建器测试 createDownstreamNode 函数测试 应该处理节点创建失败","status":"passed","title":"应该处理节点创建失败","duration":1,"failureMessages":[]},{"ancestorTitles":["","workflowNodeCreator.js - 节点创建器测试","createDownstreamNode 函数测试"],"fullName":" workflowNodeCreator.js - 节点创建器测试 createDownstreamNode 函数测试 应该处理边创建失败并清理节点","status":"passed","title":"应该处理边创建失败并清理节点","duration":2,"failureMessages":[]},{"ancestorTitles":["","workflowNodeCreator.js - 节点创建器测试","createDownstreamNode 函数测试"],"fullName":" workflowNodeCreator.js - 节点创建器测试 createDownstreamNode 函数测试 应该处理无效参数","status":"passed","title":"应该处理无效参数","duration":29,"failureMessages":[]},{"ancestorTitles":["","workflowNodeCreator.js - 节点创建器测试","createDownstreamNode 函数测试"],"fullName":" workflowNodeCreator.js - 节点创建器测试 createDownstreamNode 函数测试 应该处理创建过程中的异常","status":"passed","title":"应该处理创建过程中的异常","duration":1,"failureMessages":[]},{"ancestorTitles":["","workflowNodeCreator.js - 节点创建器测试","createNodes 批量创建节点测试"],"fullName":" workflowNodeCreator.js - 节点创建器测试 createNodes 批量创建节点测试 应该批量创建多个节点","status":"passed","title":"应该批量创建多个节点","duration":1,"failureMessages":[]},{"ancestorTitles":["","workflowNodeCreator.js - 节点创建器测试","createNodes 批量创建节点测试"],"fullName":" workflowNodeCreator.js - 节点创建器测试 createNodes 批量创建节点测试 应该过滤掉创建失败的节点","status":"passed","title":"应该过滤掉创建失败的节点","duration":1,"failureMessages":[]},{"ancestorTitles":["","workflowNodeCreator.js - 节点创建器测试","createNodes 批量创建节点测试"],"fullName":" workflowNodeCreator.js - 节点创建器测试 createNodes 批量创建节点测试 应该处理无效参数","status":"passed","title":"应该处理无效参数","duration":0,"failureMessages":[]},{"ancestorTitles":["","workflowNodeCreator.js - 节点创建器测试","createNodes 批量创建节点测试"],"fullName":" workflowNodeCreator.js - 节点创建器测试 createNodes 批量创建节点测试 应该处理空数组","status":"passed","title":"应该处理空数组","duration":1,"failureMessages":[]},{"ancestorTitles":["","workflowNodeCreator.js - 节点创建器测试","createEdges 批量创建边测试"],"fullName":" workflowNodeCreator.js - 节点创建器测试 createEdges 批量创建边测试 应该批量创建多个边","status":"passed","title":"应该批量创建多个边","duration":2,"failureMessages":[]},{"ancestorTitles":["","workflowNodeCreator.js - 节点创建器测试","createEdges 批量创建边测试"],"fullName":" workflowNodeCreator.js - 节点创建器测试 createEdges 批量创建边测试 应该过滤掉创建失败的边","status":"passed","title":"应该过滤掉创建失败的边","duration":0,"failureMessages":[]},{"ancestorTitles":["","workflowNodeCreator.js - 节点创建器测试","createEdges 批量创建边测试"],"fullName":" workflowNodeCreator.js - 节点创建器测试 createEdges 批量创建边测试 应该处理无效参数","status":"passed","title":"应该处理无效参数","duration":1,"failureMessages":[]},{"ancestorTitles":["","workflowNodeCreator.js - 节点创建器测试","createEdges 批量创建边测试"],"fullName":" workflowNodeCreator.js - 节点创建器测试 createEdges 批量创建边测试 应该处理空数组","status":"passed","title":"应该处理空数组","duration":0,"failureMessages":[]},{"ancestorTitles":["","workflowNodeCreator.js - 节点创建器测试","集成测试"],"fullName":" workflowNodeCreator.js - 节点创建器测试 集成测试 应该能够创建完整的工作流","status":"failed","title":"应该能够创建完整的工作流","duration":1,"failureMessages":["expected \"spy\" to be called 3 times, but got 1 times"],"location":{"line":430,"column":33}},{"ancestorTitles":["","workflowNodeCreator.js - 节点创建器测试","集成测试"],"fullName":" workflowNodeCreator.js - 节点创建器测试 集成测试 应该能够处理复杂的节点布局","status":"failed","title":"应该能够处理复杂的节点布局","duration":1,"failureMessages":["Cannot read properties of undefined (reading '0')"],"location":{"line":444,"column":55}},{"ancestorTitles":["","workflowNodeCreator.js - 节点创建器测试","性能测试"],"fullName":" workflowNodeCreator.js - 节点创建器测试 性能测试 应该能够高效处理大量节点创建","status":"passed","title":"应该能够高效处理大量节点创建","duration":1,"failureMessages":[]},{"ancestorTitles":["","workflowNodeCreator.js - 节点创建器测试","性能测试"],"fullName":" workflowNodeCreator.js - 节点创建器测试 性能测试 应该能够高效处理大量边创建","status":"passed","title":"应该能够高效处理大量边创建","duration":2,"failureMessages":[]}],"startTime":1757577088781,"endTime":1757577088875,"status":"failed","message":"","name":"/Users/mac/nis_mock/data_comunity/data_comunity/src/tests/workflowNodeCreator.test.js"},{"assertionResults":[{"ancestorTitles":["","workflowNodeTypes.js - 节点类型定义和工具函数测试","NodeType 枚举测试"],"fullName":" workflowNodeTypes.js - 节点类型定义和工具函数测试 NodeType 枚举测试 应该包含所有必要的节点类型","status":"failed","title":"应该包含所有必要的节点类型","duration":11,"failureMessages":["expected undefined to be 'FILTER' // Object.is equality"],"location":{"line":20,"column":31}},{"ancestorTitles":["","workflowNodeTypes.js - 节点类型定义和工具函数测试","NodeType 枚举测试"],"fullName":" workflowNodeTypes.js - 节点类型定义和工具函数测试 NodeType 枚举测试 应该有6种不同的节点类型","status":"failed","title":"应该有6种不同的节点类型","duration":3,"failureMessages":["expected [ 'INPUT', 'PROCESSING', 'OUTPUT' ] to have a length of 6 but got 3"],"location":{"line":29,"column":25}},{"ancestorTitles":["","workflowNodeTypes.js - 节点类型定义和工具函数测试","NODE_TYPE_ICON_MAP 测试"],"fullName":" workflowNodeTypes.js - 节点类型定义和工具函数测试 NODE_TYPE_ICON_MAP 测试 应该为每个节点类型提供图标映射","status":"passed","title":"应该为每个节点类型提供图标映射","duration":1,"failureMessages":[]},{"ancestorTitles":["","workflowNodeTypes.js - 节点类型定义和工具函数测试","NODE_TYPE_ICON_MAP 测试"],"fullName":" workflowNodeTypes.js - 节点类型定义和工具函数测试 NODE_TYPE_ICON_MAP 测试 图标映射应该包含所有节点类型","status":"passed","title":"图标映射应该包含所有节点类型","duration":0,"failureMessages":[]},{"ancestorTitles":["","workflowNodeTypes.js - 节点类型定义和工具函数测试","CellStatus 枚举测试"],"fullName":" workflowNodeTypes.js - 节点类型定义和工具函数测试 CellStatus 枚举测试 应该包含所有状态类型","status":"passed","title":"应该包含所有状态类型","duration":0,"failureMessages":[]},{"ancestorTitles":["","workflowNodeTypes.js - 节点类型定义和工具函数测试","PROCESSING_TYPE_LIST 测试"],"fullName":" workflowNodeTypes.js - 节点类型定义和工具函数测试 PROCESSING_TYPE_LIST 测试 应该包含所有节点类型的配置","status":"passed","title":"应该包含所有节点类型的配置","duration":2,"failureMessages":[]},{"ancestorTitles":["","workflowNodeTypes.js - 节点类型定义和工具函数测试","PROCESSING_TYPE_LIST 测试"],"fullName":" workflowNodeTypes.js - 节点类型定义和工具函数测试 PROCESSING_TYPE_LIST 测试 每个配置项应该包含必要的字段","status":"passed","title":"每个配置项应该包含必要的字段","duration":1,"failureMessages":[]},{"ancestorTitles":["","workflowNodeTypes.js - 节点类型定义和工具函数测试","PROCESSING_TYPE_LIST 测试"],"fullName":" workflowNodeTypes.js - 节点类型定义和工具函数测试 PROCESSING_TYPE_LIST 测试 应该有唯一的节点类型","status":"failed","title":"应该有唯一的节点类型","duration":1,"failureMessages":["expected Set{ 'INPUT', 'PROCESSING', 'OUTPUT' } to have a size of 4 but got 3"],"location":{"line":86,"column":30}},{"ancestorTitles":["","workflowNodeTypes.js - 节点类型定义和工具函数测试","NODE_TYPE_LOGO 测试"],"fullName":" workflowNodeTypes.js - 节点类型定义和工具函数测试 NODE_TYPE_LOGO 测试 应该为每个节点类型提供Logo URL","status":"passed","title":"应该为每个节点类型提供Logo URL","duration":0,"failureMessages":[]},{"ancestorTitles":["","workflowNodeTypes.js - 节点类型定义和工具函数测试","getPortsByType 函数测试"],"fullName":" workflowNodeTypes.js - 节点类型定义和工具函数测试 getPortsByType 函数测试 INPUT节点应该只有输出端口","status":"passed","title":"INPUT节点应该只有输出端口","duration":1,"failureMessages":[]},{"ancestorTitles":["","workflowNodeTypes.js - 节点类型定义和工具函数测试","getPortsByType 函数测试"],"fullName":" workflowNodeTypes.js - 节点类型定义和工具函数测试 getPortsByType 函数测试 OUTPUT节点应该只有输入端口","status":"passed","title":"OUTPUT节点应该只有输入端口","duration":0,"failureMessages":[]},{"ancestorTitles":["","workflowNodeTypes.js - 节点类型定义和工具函数测试","getPortsByType 函数测试"],"fullName":" workflowNodeTypes.js - 节点类型定义和工具函数测试 getPortsByType 函数测试 PROCESSING节点应该有输入和输出端口","status":"passed","title":"PROCESSING节点应该有输入和输出端口","duration":0,"failureMessages":[]},{"ancestorTitles":["","workflowNodeTypes.js - 节点类型定义和工具函数测试","getPortsByType 函数测试"],"fullName":" workflowNodeTypes.js - 节点类型定义和工具函数测试 getPortsByType 函数测试 应该处理无效的节点类型","status":"passed","title":"应该处理无效的节点类型","duration":0,"failureMessages":[]},{"ancestorTitles":["","workflowNodeTypes.js - 节点类型定义和工具函数测试","getPortsByType 函数测试"],"fullName":" workflowNodeTypes.js - 节点类型定义和工具函数测试 getPortsByType 函数测试 应该处理空的节点ID","status":"passed","title":"应该处理空的节点ID","duration":0,"failureMessages":[]},{"ancestorTitles":["","workflowNodeTypes.js - 节点类型定义和工具函数测试","getNodeTypeName 函数测试"],"fullName":" workflowNodeTypes.js - 节点类型定义和工具函数测试 getNodeTypeName 函数测试 应该返回正确的节点类型名称","status":"failed","title":"应该返回正确的节点类型名称","duration":1,"failureMessages":["expected 'PROCESSING' to be '数据处理' // Object.is equality"],"location":{"line":153,"column":52}},{"ancestorTitles":["","workflowNodeTypes.js - 节点类型定义和工具函数测试","getNodeTypeName 函数测试"],"fullName":" workflowNodeTypes.js - 节点类型定义和工具函数测试 getNodeTypeName 函数测试 应该处理未知的节点类型","status":"passed","title":"应该处理未知的节点类型","duration":0,"failureMessages":[]},{"ancestorTitles":["","workflowNodeTypes.js - 节点类型定义和工具函数测试","getNodeTypeColor 函数测试"],"fullName":" workflowNodeTypes.js - 节点类型定义和工具函数测试 getNodeTypeColor 函数测试 应该返回正确的节点类型颜色","status":"failed","title":"应该返回正确的节点类型颜色","duration":1,"failureMessages":["expected '#1890ff' to be '#52c41a' // Object.is equality"],"location":{"line":167,"column":53}},{"ancestorTitles":["","workflowNodeTypes.js - 节点类型定义和工具函数测试","getNodeTypeColor 函数测试"],"fullName":" workflowNodeTypes.js - 节点类型定义和工具函数测试 getNodeTypeColor 函数测试 应该为未知类型返回默认颜色","status":"passed","title":"应该为未知类型返回默认颜色","duration":0,"failureMessages":[]},{"ancestorTitles":["","workflowNodeTypes.js - 节点类型定义和工具函数测试","getNodeTypeColor 函数测试"],"fullName":" workflowNodeTypes.js - 节点类型定义和工具函数测试 getNodeTypeColor 函数测试 返回的颜色应该是有效的十六进制格式","status":"passed","title":"返回的颜色应该是有效的十六进制格式","duration":0,"failureMessages":[]},{"ancestorTitles":["","workflowNodeTypes.js - 节点类型定义和工具函数测试","getNodeTypeIcon 函数测试"],"fullName":" workflowNodeTypes.js - 节点类型定义和工具函数测试 getNodeTypeIcon 函数测试 应该返回正确的图标组件","status":"failed","title":"应该返回正确的图标组件","duration":2,"failureMessages":["expected { name: 'IconFile', …(5) } to be 'IconDatabase' // Object.is equality"],"location":{"line":187,"column":47}},{"ancestorTitles":["","workflowNodeTypes.js - 节点类型定义和工具函数测试","getNodeTypeIcon 函数测试"],"fullName":" workflowNodeTypes.js - 节点类型定义和工具函数测试 getNodeTypeIcon 函数测试 应该为未知类型返回默认图标","status":"passed","title":"应该为未知类型返回默认图标","duration":0,"failureMessages":[]},{"ancestorTitles":["","workflowNodeTypes.js - 节点类型定义和工具函数测试","getNodeTypeIconName 函数测试"],"fullName":" workflowNodeTypes.js - 节点类型定义和工具函数测试 getNodeTypeIconName 函数测试 应该返回正确的图标名称","status":"failed","title":"应该返回正确的图标名称","duration":1,"failureMessages":["expected 'icon-database' to be 'icon-filter' // Object.is equality"],"location":{"line":202,"column":52}},{"ancestorTitles":["","workflowNodeTypes.js - 节点类型定义和工具函数测试","getNodeTypeIconName 函数测试"],"fullName":" workflowNodeTypes.js - 节点类型定义和工具函数测试 getNodeTypeIconName 函数测试 应该为未知类型返回默认图标名称","status":"passed","title":"应该为未知类型返回默认图标名称","duration":0,"failureMessages":[]},{"ancestorTitles":["","workflowNodeTypes.js - 节点类型定义和工具函数测试","getNodeTypeIconName 函数测试"],"fullName":" workflowNodeTypes.js - 节点类型定义和工具函数测试 getNodeTypeIconName 函数测试 返回的图标名称应该以icon-开头","status":"passed","title":"返回的图标名称应该以icon-开头","duration":0,"failureMessages":[]},{"ancestorTitles":["","workflowNodeTypes.js - 节点类型定义和工具函数测试","数据一致性测试"],"fullName":" workflowNodeTypes.js - 节点类型定义和工具函数测试 数据一致性测试 PROCESSING_TYPE_LIST中的类型应该与NodeType枚举一致","status":"failed","title":"PROCESSING_TYPE_LIST中的类型应该与NodeType枚举一致","duration":1,"failureMessages":["expected [ 'INPUT', 'OUTPUT', …(2) ] to deeply equal [ 'INPUT', 'OUTPUT', 'PROCESSING' ]"],"location":{"line":227,"column":25}},{"ancestorTitles":["","workflowNodeTypes.js - 节点类型定义和工具函数测试","数据一致性测试"],"fullName":" workflowNodeTypes.js - 节点类型定义和工具函数测试 数据一致性测试 NODE_TYPE_ICON_MAP的键应该与NodeType枚举一致","status":"passed","title":"NODE_TYPE_ICON_MAP的键应该与NodeType枚举一致","duration":0,"failureMessages":[]},{"ancestorTitles":["","workflowNodeTypes.js - 节点类型定义和工具函数测试","数据一致性测试"],"fullName":" workflowNodeTypes.js - 节点类型定义和工具函数测试 数据一致性测试 NODE_TYPE_LOGO的键应该与NodeType枚举一致","status":"passed","title":"NODE_TYPE_LOGO的键应该与NodeType枚举一致","duration":0,"failureMessages":[]},{"ancestorTitles":["","workflowNodeTypes.js - 节点类型定义和工具函数测试","数据一致性测试"],"fullName":" workflowNodeTypes.js - 节点类型定义和工具函数测试 数据一致性测试 PROCESSING_TYPE_LIST中的颜色应该与getNodeTypeColor返回的颜色一致","status":"failed","title":"PROCESSING_TYPE_LIST中的颜色应该与getNodeTypeColor返回的颜色一致","duration":1,"failureMessages":["expected '#1890ff' to be '#52c41a' // Object.is equality"],"location":{"line":244,"column":45}},{"ancestorTitles":["","workflowNodeTypes.js - 节点类型定义和工具函数测试","边界条件和错误处理测试"],"fullName":" workflowNodeTypes.js - 节点类型定义和工具函数测试 边界条件和错误处理测试 函数应该能处理null和undefined参数","status":"passed","title":"函数应该能处理null和undefined参数","duration":0,"failureMessages":[]},{"ancestorTitles":["","workflowNodeTypes.js - 节点类型定义和工具函数测试","边界条件和错误处理测试"],"fullName":" workflowNodeTypes.js - 节点类型定义和工具函数测试 边界条件和错误处理测试 函数应该能处理空字符串参数","status":"passed","title":"函数应该能处理空字符串参数","duration":0,"failureMessages":[]},{"ancestorTitles":["","workflowNodeTypes.js - 节点类型定义和工具函数测试","边界条件和错误处理测试"],"fullName":" workflowNodeTypes.js - 节点类型定义和工具函数测试 边界条件和错误处理测试 函数应该能处理非字符串参数","status":"passed","title":"函数应该能处理非字符串参数","duration":1,"failureMessages":[]},{"ancestorTitles":["","workflowNodeTypes.js - 节点类型定义和工具函数测试","性能测试"],"fullName":" workflowNodeTypes.js - 节点类型定义和工具函数测试 性能测试 函数调用应该在合理时间内完成","status":"passed","title":"函数调用应该在合理时间内完成","duration":5,"failureMessages":[]}],"startTime":1757577104003,"endTime":1757577104036,"status":"failed","message":"","name":"/Users/mac/nis_mock/data_comunity/data_comunity/src/tests/workflowNodeTypes.test.js"},{"assertionResults":[{"ancestorTitles":["","Y坐标一致性测试"],"fullName":" Y坐标一致性测试 应该为所有节点分配有效的Y坐标（非NaN）","status":"passed","title":"应该为所有节点分配有效的Y坐标（非NaN）","duration":676,"failureMessages":[]},{"ancestorTitles":["","Y坐标一致性测试"],"fullName":" Y坐标一致性测试 应该正确处理endpoint节点的Y坐标计算","status":"passed","title":"应该正确处理endpoint节点的Y坐标计算","duration":655,"failureMessages":[]}],"startTime":1757577102354,"endTime":1757577103685,"status":"passed","message":"","name":"/Users/mac/nis_mock/data_comunity/data_comunity/src/tests/yCoordinateConsistency.test.js"},{"assertionResults":[],"startTime":1757577082517,"endTime":1757577082517,"status":"failed","message":"Transform failed with 1 error:\n/Users/mac/nis_mock/data_comunity/data_comunity/src/tests/audience-condition-optimization/ConfigurationValidation.test.ts:136:1: ERROR: Expected \";\" but found \")\"","name":"/Users/mac/nis_mock/data_comunity/data_comunity/src/tests/audience-condition-optimization/ConfigurationValidation.test.ts"},{"assertionResults":[{"ancestorTitles":["","ExcludeConditionGroup 剔除条件组","剔除条件组创建"],"fullName":" ExcludeConditionGroup 剔除条件组 剔除条件组创建 应该能够创建剔除条件组","status":"failed","title":"应该能够创建剔除条件组","duration":35,"failureMessages":["expected undefined to be true // Object.is equality"],"location":{"line":155,"column":48}},{"ancestorTitles":["","ExcludeConditionGroup 剔除条件组","剔除条件组创建"],"fullName":" ExcludeConditionGroup 剔除条件组 剔除条件组创建 剔除条件组应该有正确的初始状态","status":"failed","title":"剔除条件组应该有正确的初始状态","duration":8,"failureMessages":["expected undefined to be '剔除条件组1' // Object.is equality"],"location":{"line":162,"column":26}},{"ancestorTitles":["","ExcludeConditionGroup 剔除条件组","剔除条件组创建"],"fullName":" ExcludeConditionGroup 剔除条件组 剔除条件组创建 应该支持设置剔除条件组名称","status":"failed","title":"应该支持设置剔除条件组名称","duration":10,"failureMessages":["Cannot call setValue on an empty DOMWrapper."],"location":{"line":1574,"column":27}},{"ancestorTitles":["","ExcludeConditionGroup 剔除条件组","剔除条件组样式区分"],"fullName":" ExcludeConditionGroup 剔除条件组 剔除条件组样式区分 剔除条件组应该有红色边框样式","status":"passed","title":"剔除条件组应该有红色边框样式","duration":8,"failureMessages":[]},{"ancestorTitles":["","ExcludeConditionGroup 剔除条件组","剔除条件组样式区分"],"fullName":" ExcludeConditionGroup 剔除条件组 剔除条件组样式区分 剔除条件组应该显示特殊图标","status":"passed","title":"剔除条件组应该显示特殊图标","duration":9,"failureMessages":[]},{"ancestorTitles":["","ExcludeConditionGroup 剔除条件组","剔除条件组样式区分"],"fullName":" ExcludeConditionGroup 剔除条件组 剔除条件组样式区分 剔除条件组标题应该包含\"剔除\"标识","status":"failed","title":"剔除条件组标题应该包含\"剔除\"标识","duration":5,"failureMessages":["expected '' to contain '剔除'"],"location":{"line":193,"column":33}},{"ancestorTitles":["","ExcludeConditionGroup 剔除条件组","剔除条件组样式区分"],"fullName":" ExcludeConditionGroup 剔除条件组 剔除条件组样式区分 剔除条件组应该有特殊的背景色","status":"failed","title":"剔除条件组应该有特殊的背景色","duration":37,"failureMessages":["the given combination of arguments (undefined and string) is invalid for this assertion. You can use an array, a map, an object, a set, a string, or a weakset instead of a string"],"location":{"line":200,"column":45}},{"ancestorTitles":["","ExcludeConditionGroup 剔除条件组","剔除逻辑连接线样式"],"fullName":" ExcludeConditionGroup 剔除条件组 剔除逻辑连接线样式 剔除逻辑连接线应该是虚线样式","status":"passed","title":"剔除逻辑连接线应该是虚线样式","duration":6,"failureMessages":[]},{"ancestorTitles":["","ExcludeConditionGroup 剔除条件组","剔除逻辑连接线样式"],"fullName":" ExcludeConditionGroup 剔除条件组 剔除逻辑连接线样式 剔除逻辑连接线应该使用红色","status":"passed","title":"剔除逻辑连接线应该使用红色","duration":8,"failureMessages":[]},{"ancestorTitles":["","ExcludeConditionGroup 剔除条件组","剔除条件管理"],"fullName":" ExcludeConditionGroup 剔除条件组 剔除条件管理 应该能够添加标签条件到剔除条件组","status":"passed","title":"应该能够添加标签条件到剔除条件组","duration":5,"failureMessages":[]},{"ancestorTitles":["","ExcludeConditionGroup 剔除条件组","剔除条件管理"],"fullName":" ExcludeConditionGroup 剔除条件组 剔除条件管理 应该能够添加行为条件到剔除条件组","status":"passed","title":"应该能够添加行为条件到剔除条件组","duration":4,"failureMessages":[]},{"ancestorTitles":["","ExcludeConditionGroup 剔除条件组","剔除条件管理"],"fullName":" ExcludeConditionGroup 剔除条件组 剔除条件管理 应该能够添加明细数据条件到剔除条件组","status":"passed","title":"应该能够添加明细数据条件到剔除条件组","duration":6,"failureMessages":[]},{"ancestorTitles":["","ExcludeConditionGroup 剔除条件组","剔除条件管理"],"fullName":" ExcludeConditionGroup 剔除条件组 剔除条件管理 应该能够删除剔除条件组中的条件","status":"failed","title":"应该能够删除剔除条件组中的条件","duration":7,"failureMessages":["Cannot read properties of undefined (reading 'filter')"],"location":{"line":308,"column":32}},{"ancestorTitles":["","ExcludeConditionGroup 剔除条件组","剔除逻辑切换"],"fullName":" ExcludeConditionGroup 剔除条件组 剔除逻辑切换 应该能够切换剔除条件组内部逻辑（且/或）","status":"failed","title":"应该能够切换剔除条件组内部逻辑（且/或）","duration":4,"failureMessages":["Cannot read properties of undefined (reading 'filter')"],"location":{"line":308,"column":32}},{"ancestorTitles":["","ExcludeConditionGroup 剔除条件组","剔除逻辑切换"],"fullName":" ExcludeConditionGroup 剔除条件组 剔除逻辑切换 逻辑切换按钮应该存在并可点击","status":"passed","title":"逻辑切换按钮应该存在并可点击","duration":8,"failureMessages":[]},{"ancestorTitles":["","ExcludeConditionGroup 剔除条件组","剔除条件组删除"],"fullName":" ExcludeConditionGroup 剔除条件组 剔除条件组删除 应该能够删除整个剔除条件组","status":"passed","title":"应该能够删除整个剔除条件组","duration":2,"failureMessages":[]},{"ancestorTitles":["","ExcludeConditionGroup 剔除条件组","剔除条件组删除"],"fullName":" ExcludeConditionGroup 剔除条件组 剔除条件组删除 删除按钮应该有确认提示","status":"passed","title":"删除按钮应该有确认提示","duration":1,"failureMessages":[]},{"ancestorTitles":["","ExcludeConditionGroup 剔除条件组","剔除条件组折叠展开"],"fullName":" ExcludeConditionGroup 剔除条件组 剔除条件组折叠展开 应该支持折叠剔除条件组","status":"passed","title":"应该支持折叠剔除条件组","duration":5,"failureMessages":[]},{"ancestorTitles":["","ExcludeConditionGroup 剔除条件组","剔除条件组折叠展开"],"fullName":" ExcludeConditionGroup 剔除条件组 剔除条件组折叠展开 折叠状态下应该隐藏条件列表","status":"passed","title":"折叠状态下应该隐藏条件列表","duration":5,"failureMessages":[]},{"ancestorTitles":["","ExcludeConditionGroup 剔除条件组","剔除条件组验证"],"fullName":" ExcludeConditionGroup 剔除条件组 剔除条件组验证 空的剔除条件组应该显示提示信息","status":"passed","title":"空的剔除条件组应该显示提示信息","duration":2,"failureMessages":[]},{"ancestorTitles":["","ExcludeConditionGroup 剔除条件组","剔除条件组验证"],"fullName":" ExcludeConditionGroup 剔除条件组 剔除条件组验证 有条件的剔除条件组应该隐藏空状态提示","status":"failed","title":"有条件的剔除条件组应该隐藏空状态提示","duration":5,"failureMessages":["Cannot read properties of undefined (reading 'filter')"],"location":{"line":308,"column":32}},{"ancestorTitles":["","ExcludeConditionGroup 剔除条件组","剔除条件组验证"],"fullName":" ExcludeConditionGroup 剔除条件组 剔除条件组验证 应该显示剔除条件组中的条件数量","status":"failed","title":"应该显示剔除条件组中的条件数量","duration":11,"failureMessages":["Cannot read properties of undefined (reading 'filter')"],"location":{"line":308,"column":32}},{"ancestorTitles":["","ExcludeConditionGroup 剔除条件组","剔除条件组交互"],"fullName":" ExcludeConditionGroup 剔除条件组 剔除条件组交互 不可编辑状态下应该禁用所有操作按钮","status":"passed","title":"不可编辑状态下应该禁用所有操作按钮","duration":17,"failureMessages":[]},{"ancestorTitles":["","ExcludeConditionGroup 剔除条件组","剔除条件组交互"],"fullName":" ExcludeConditionGroup 剔除条件组 剔除条件组交互 应该支持键盘快捷键操作","status":"passed","title":"应该支持键盘快捷键操作","duration":6,"failureMessages":[]},{"ancestorTitles":["","ExcludeConditionGroup 剔除条件组","布局优化功能测试"],"fullName":" ExcludeConditionGroup 剔除条件组 布局优化功能测试 应该支持水平布局模式","status":"failed","title":"应该支持水平布局模式","duration":10,"failureMessages":["Cannot read properties of undefined (reading 'filter')"],"location":{"line":308,"column":32}},{"ancestorTitles":["","ExcludeConditionGroup 剔除条件组","布局优化功能测试"],"fullName":" ExcludeConditionGroup 剔除条件组 布局优化功能测试 水平布局下条件应该按比例分配宽度","status":"failed","title":"水平布局下条件应该按比例分配宽度","duration":5,"failureMessages":["Cannot read properties of undefined (reading 'filter')"],"location":{"line":308,"column":32}},{"ancestorTitles":["","ExcludeConditionGroup 剔除条件组","布局优化功能测试"],"fullName":" ExcludeConditionGroup 剔除条件组 布局优化功能测试 应该支持统一逻辑控制","status":"failed","title":"应该支持统一逻辑控制","duration":3,"failureMessages":["Cannot read properties of undefined (reading 'filter')"],"location":{"line":308,"column":32}},{"ancestorTitles":["","ExcludeConditionGroup 剔除条件组","布局优化功能测试"],"fullName":" ExcludeConditionGroup 剔除条件组 布局优化功能测试 统一逻辑控制应该影响所有条件","status":"failed","title":"统一逻辑控制应该影响所有条件","duration":9,"failureMessages":["Cannot read properties of undefined (reading 'filter')"],"location":{"line":308,"column":32}},{"ancestorTitles":["","ExcludeConditionGroup 剔除条件组","布局优化功能测试"],"fullName":" ExcludeConditionGroup 剔除条件组 布局优化功能测试 应该支持树状结构显示","status":"failed","title":"应该支持树状结构显示","duration":5,"failureMessages":["Cannot read properties of undefined (reading 'filter')"],"location":{"line":308,"column":32}},{"ancestorTitles":["","ExcludeConditionGroup 剔除条件组","布局优化功能测试"],"fullName":" ExcludeConditionGroup 剔除条件组 布局优化功能测试 树状结构应该显示连接线","status":"failed","title":"树状结构应该显示连接线","duration":3,"failureMessages":["Cannot read properties of undefined (reading 'filter')"],"location":{"line":308,"column":32}},{"ancestorTitles":["","ExcludeConditionGroup 剔除条件组","布局优化功能测试"],"fullName":" ExcludeConditionGroup 剔除条件组 布局优化功能测试 应该支持响应式布局","status":"failed","title":"应该支持响应式布局","duration":11,"failureMessages":["Cannot read properties of undefined (reading 'filter')"],"location":{"line":308,"column":32}},{"ancestorTitles":["","ExcludeConditionGroup 剔除条件组","布局优化功能测试"],"fullName":" ExcludeConditionGroup 剔除条件组 布局优化功能测试 移动端应该切换到垂直布局","status":"failed","title":"移动端应该切换到垂直布局","duration":12,"failureMessages":["Cannot read properties of undefined (reading 'filter')"],"location":{"line":308,"column":32}},{"ancestorTitles":["","ExcludeLogicCalculation 剔除逻辑计算","剔除条件组人群计算"],"fullName":" ExcludeLogicCalculation 剔除逻辑计算 剔除条件组人群计算 应该正确计算单个剔除条件组的人群数量","status":"passed","title":"应该正确计算单个剔除条件组的人群数量","duration":1,"failureMessages":[]},{"ancestorTitles":["","ExcludeLogicCalculation 剔除逻辑计算","剔除条件组人群计算"],"fullName":" ExcludeLogicCalculation 剔除逻辑计算 剔除条件组人群计算 应该正确计算多个剔除条件的\"且\"逻辑","status":"passed","title":"应该正确计算多个剔除条件的\"且\"逻辑","duration":0,"failureMessages":[]},{"ancestorTitles":["","ExcludeLogicCalculation 剔除逻辑计算","剔除条件组人群计算"],"fullName":" ExcludeLogicCalculation 剔除逻辑计算 剔除条件组人群计算 应该正确计算多个剔除条件的\"或\"逻辑","status":"passed","title":"应该正确计算多个剔除条件的\"或\"逻辑","duration":0,"failureMessages":[]},{"ancestorTitles":["","ExcludeLogicCalculation 剔除逻辑计算","多个剔除条件组计算"],"fullName":" ExcludeLogicCalculation 剔除逻辑计算 多个剔除条件组计算 应该正确计算多个剔除条件组的\"且\"逻辑","status":"passed","title":"应该正确计算多个剔除条件组的\"且\"逻辑","duration":1,"failureMessages":[]},{"ancestorTitles":["","ExcludeLogicCalculation 剔除逻辑计算","多个剔除条件组计算"],"fullName":" ExcludeLogicCalculation 剔除逻辑计算 多个剔除条件组计算 应该正确计算多个剔除条件组的\"或\"逻辑","status":"passed","title":"应该正确计算多个剔除条件组的\"或\"逻辑","duration":0,"failureMessages":[]},{"ancestorTitles":["","ExcludeLogicCalculation 剔除逻辑计算","最终人群数量计算"],"fullName":" ExcludeLogicCalculation 剔除逻辑计算 最终人群数量计算 应该正确计算最终人群数量（包含-剔除）","status":"passed","title":"应该正确计算最终人群数量（包含-剔除）","duration":0,"failureMessages":[]},{"ancestorTitles":["","ExcludeLogicCalculation 剔除逻辑计算","最终人群数量计算"],"fullName":" ExcludeLogicCalculation 剔除逻辑计算 最终人群数量计算 剔除数量大于包含数量时，最终结果应该为0","status":"passed","title":"剔除数量大于包含数量时，最终结果应该为0","duration":0,"failureMessages":[]},{"ancestorTitles":["","ExcludeLogicCalculation 剔除逻辑计算","最终人群数量计算"],"fullName":" ExcludeLogicCalculation 剔除逻辑计算 最终人群数量计算 没有剔除条件时，最终结果应该等于包含数量","status":"passed","title":"没有剔除条件时，最终结果应该等于包含数量","duration":0,"failureMessages":[]}],"startTime":1757577085386,"endTime":1757577085665,"status":"failed","message":"","name":"/Users/mac/nis_mock/data_comunity/data_comunity/src/tests/audience-condition-optimization/ExcludeConditionGroup.test.ts"},{"assertionResults":[],"startTime":1757577082517,"endTime":1757577082517,"status":"failed","message":"Failed to resolve import \"@/components/audience-condition/ConditionGroup.vue\" from \"src/tests/audience-condition-optimization/LayoutOptimization.test.ts\". Does the file exist?","name":"/Users/mac/nis_mock/data_comunity/data_comunity/src/tests/audience-condition-optimization/LayoutOptimization.test.ts"},{"assertionResults":[],"startTime":1757577082517,"endTime":1757577082517,"status":"failed","message":"Failed to resolve import \"@/components/common/LogicRelationshipDisplay.vue\" from \"src/tests/audience-condition-optimization/LogicRelationship.test.ts\". Does the file exist?","name":"/Users/mac/nis_mock/data_comunity/data_comunity/src/tests/audience-condition-optimization/LogicRelationship.test.ts"},{"assertionResults":[{"ancestorTitles":["","PreCalculatePanel 预计算面板","预计算面板渲染"],"fullName":" PreCalculatePanel 预计算面板 预计算面板渲染 应该正确渲染预计算面板","status":"passed","title":"应该正确渲染预计算面板","duration":311,"failureMessages":[]},{"ancestorTitles":["","PreCalculatePanel 预计算面板","预计算面板渲染"],"fullName":" PreCalculatePanel 预计算面板 预计算面板渲染 应该显示预计算按钮","status":"failed","title":"应该显示预计算按钮","duration":23,"failureMessages":["expected '' to contain '预计算'"],"location":{"line":147,"column":38}},{"ancestorTitles":["","PreCalculatePanel 预计算面板","预计算面板渲染"],"fullName":" PreCalculatePanel 预计算面板 预计算面板渲染 应该显示结果统计区域","status":"failed","title":"应该显示结果统计区域","duration":12,"failureMessages":["expected false to be true // Object.is equality"],"location":{"line":152,"column":34}},{"ancestorTitles":["","PreCalculatePanel 预计算面板","预计算面板渲染"],"fullName":" PreCalculatePanel 预计算面板 预计算面板渲染 应该显示配置验证区域","status":"failed","title":"应该显示配置验证区域","duration":4,"failureMessages":["expected false to be true // Object.is equality"],"location":{"line":157,"column":39}},{"ancestorTitles":["","PreCalculatePanel 预计算面板","预计算按钮功能"],"fullName":" PreCalculatePanel 预计算面板 预计算按钮功能 应该能够触发预计算","status":"failed","title":"应该能够触发预计算","duration":8,"failureMessages":["expected \"spy\" to be called at least once"],"location":{"line":166,"column":35}},{"ancestorTitles":["","PreCalculatePanel 预计算面板","预计算按钮功能"],"fullName":" PreCalculatePanel 预计算面板 预计算按钮功能 配置无效时预计算按钮应该被禁用","status":"passed","title":"配置无效时预计算按钮应该被禁用","duration":10,"failureMessages":[]},{"ancestorTitles":["","PreCalculatePanel 预计算面板","预计算按钮功能"],"fullName":" PreCalculatePanel 预计算面板 预计算按钮功能 预计算进行中时按钮应该显示加载状态","status":"failed","title":"预计算进行中时按钮应该显示加载状态","duration":13,"failureMessages":["expected '' to contain '计算中'"],"location":{"line":198,"column":38}},{"ancestorTitles":["","PreCalculatePanel 预计算面板","预计算按钮功能"],"fullName":" PreCalculatePanel 预计算面板 预计算按钮功能 应该支持键盘快捷键触发预计算","status":"failed","title":"应该支持键盘快捷键触发预计算","duration":8,"failureMessages":["expected \"spy\" to be called at least once"],"location":{"line":206,"column":35}},{"ancestorTitles":["","PreCalculatePanel 预计算面板","预计算结果展示"],"fullName":" PreCalculatePanel 预计算面板 预计算结果展示 应该显示包含条件组人群数量","status":"failed","title":"应该显示包含条件组人群数量","duration":5,"failureMessages":["expected false to be true // Object.is equality"],"location":{"line":213,"column":37}},{"ancestorTitles":["","PreCalculatePanel 预计算面板","预计算结果展示"],"fullName":" PreCalculatePanel 预计算面板 预计算结果展示 应该显示剔除条件组人群数量","status":"failed","title":"应该显示剔除条件组人群数量","duration":4,"failureMessages":["expected false to be true // Object.is equality"],"location":{"line":219,"column":37}},{"ancestorTitles":["","PreCalculatePanel 预计算面板","预计算结果展示"],"fullName":" PreCalculatePanel 预计算面板 预计算结果展示 应该显示最终人群数量","status":"failed","title":"应该显示最终人群数量","duration":3,"failureMessages":["expected false to be true // Object.is equality"],"location":{"line":225,"column":35}},{"ancestorTitles":["","PreCalculatePanel 预计算面板","预计算结果展示"],"fullName":" PreCalculatePanel 预计算面板 预计算结果展示 应该显示计算公式说明","status":"failed","title":"应该显示计算公式说明","duration":7,"failureMessages":["expected false to be true // Object.is equality"],"location":{"line":231,"column":32}},{"ancestorTitles":["","PreCalculatePanel 预计算面板","预计算结果展示"],"fullName":" PreCalculatePanel 预计算面板 预计算结果展示 应该显示最后更新时间","status":"failed","title":"应该显示最后更新时间","duration":6,"failureMessages":["expected false to be true // Object.is equality"],"location":{"line":237,"column":36}},{"ancestorTitles":["","PreCalculatePanel 预计算面板","预计算结果展示"],"fullName":" PreCalculatePanel 预计算面板 预计算结果展示 没有预计算结果时应该显示提示信息","status":"failed","title":"没有预计算结果时应该显示提示信息","duration":5,"failureMessages":["expected false to be true // Object.is equality"],"location":{"line":257,"column":41}},{"ancestorTitles":["","PreCalculatePanel 预计算面板","配置验证功能"],"fullName":" PreCalculatePanel 预计算面板 配置验证功能 应该在预计算前自动验证配置","status":"failed","title":"应该在预计算前自动验证配置","duration":4,"failureMessages":["expected \"spy\" to be called at least once"],"location":{"line":267,"column":37}},{"ancestorTitles":["","PreCalculatePanel 预计算面板","配置验证功能"],"fullName":" PreCalculatePanel 预计算面板 配置验证功能 配置有效时应该显示成功状态","status":"failed","title":"配置有效时应该显示成功状态","duration":3,"failureMessages":["expected false to be true // Object.is equality"],"location":{"line":272,"column":41}},{"ancestorTitles":["","PreCalculatePanel 预计算面板","配置验证功能"],"fullName":" PreCalculatePanel 预计算面板 配置验证功能 配置无效时应该显示错误状态","status":"failed","title":"配置无效时应该显示错误状态","duration":6,"failureMessages":["Cannot call classes on an empty DOMWrapper."],"location":{"line":1574,"column":27}},{"ancestorTitles":["","PreCalculatePanel 预计算面板","配置验证功能"],"fullName":" PreCalculatePanel 预计算面板 配置验证功能 应该显示验证错误列表","status":"failed","title":"应该显示验证错误列表","duration":15,"failureMessages":["expected false to be true // Object.is equality"],"location":{"line":307,"column":34}},{"ancestorTitles":["","PreCalculatePanel 预计算面板","配置验证功能"],"fullName":" PreC
[...]
ed","title":"应该同步多模块数据变化","duration":4,"failureMessages":["wrapper.vm.updateBasicInfo is not a function"],"location":{"line":443,"column":24}},{"ancestorTitles":["","Customer360 集成测试","错误处理和恢复"],"fullName":" Customer360 集成测试 错误处理和恢复 应该处理网络错误","status":"failed","title":"应该处理网络错误","duration":3,"failureMessages":["expected false to be true // Object.is equality"],"location":{"line":461,"column":55}},{"ancestorTitles":["","Customer360 集成测试","错误处理和恢复"],"fullName":" Customer360 集成测试 错误处理和恢复 应该提供错误恢复机制","status":"passed","title":"应该提供错误恢复机制","duration":3,"failureMessages":[]},{"ancestorTitles":["","Customer360 集成测试","错误处理和恢复"],"fullName":" Customer360 集成测试 错误处理和恢复 应该处理权限错误","status":"failed","title":"应该处理权限错误","duration":3,"failureMessages":["expected false to be true // Object.is equality"],"location":{"line":494,"column":58}},{"ancestorTitles":["","Customer360 集成测试","性能和用户体验"],"fullName":" Customer360 集成测试 性能和用户体验 应该支持懒加载","status":"failed","title":"应该支持懒加载","duration":3,"failureMessages":["expected \"spy\" to be called at least once"],"location":{"line":505,"column":42}},{"ancestorTitles":["","Customer360 集成测试","性能和用户体验"],"fullName":" Customer360 集成测试 性能和用户体验 应该缓存已加载的数据","status":"passed","title":"应该缓存已加载的数据","duration":3,"failureMessages":[]},{"ancestorTitles":["","Customer360 集成测试","性能和用户体验"],"fullName":" Customer360 集成测试 性能和用户体验 应该支持虚拟滚动处理大数据","status":"passed","title":"应该支持虚拟滚动处理大数据","duration":2,"failureMessages":[]},{"ancestorTitles":["","Customer360 集成测试","响应式设计"],"fullName":" Customer360 集成测试 响应式设计 应该在移动端正确显示","status":"failed","title":"应该在移动端正确显示","duration":2,"failureMessages":["expected false to be true // Object.is equality"],"location":{"line":576,"column":55}},{"ancestorTitles":["","Customer360 集成测试","响应式设计"],"fullName":" Customer360 集成测试 响应式设计 应该在平板端正确显示","status":"failed","title":"应该在平板端正确显示","duration":3,"failureMessages":["expected false to be true // Object.is equality"],"location":{"line":590,"column":55}},{"ancestorTitles":["","Customer360 集成测试","响应式设计"],"fullName":" Customer360 集成测试 响应式设计 应该在桌面端正确显示","status":"failed","title":"应该在桌面端正确显示","duration":3,"failureMessages":["expected false to be true // Object.is equality"],"location":{"line":603,"column":56}},{"ancestorTitles":["","Customer360 集成测试","数据完整性验证"],"fullName":" Customer360 集成测试 数据完整性验证 应该验证所有必要数据已加载","status":"passed","title":"应该验证所有必要数据已加载","duration":111,"failureMessages":[]},{"ancestorTitles":["","Customer360 集成测试","数据完整性验证"],"fullName":" Customer360 集成测试 数据完整性验证 应该处理数据不一致的情况","status":"passed","title":"应该处理数据不一致的情况","duration":321,"failureMessages":[]},{"ancestorTitles":["","Customer360 集成测试","用户权限和安全"],"fullName":" Customer360 集成测试 用户权限和安全 应该根据用户权限显示不同内容","status":"passed","title":"应该根据用户权限显示不同内容","duration":6,"failureMessages":[]},{"ancestorTitles":["","Customer360 集成测试","用户权限和安全"],"fullName":" Customer360 集成测试 用户权限和安全 应该保护敏感数据","status":"passed","title":"应该保护敏感数据","duration":9,"failureMessages":[]}],"startTime":1757577094369,"endTime":1757577095974,"status":"failed","message":"","name":"/Users/mac/nis_mock/data_comunity/data_comunity/src/tests/customer360/integration/Customer360.integration.test.ts"},{"assertionResults":[{"ancestorTitles":["","征信信息在风险画像中的展示测试","征信报告基础信息展示"],"fullName":" 征信信息在风险画像中的展示测试 征信报告基础信息展示 应该正确显示征信评分","status":"failed","title":"应该正确显示征信评分","duration":57,"failureMessages":["expected undefined to be true // Object.is equality"],"location":{"line":179,"column":38}},{"ancestorTitles":["","征信信息在风险画像中的展示测试","征信报告基础信息展示"],"fullName":" 征信信息在风险画像中的展示测试 征信报告基础信息展示 应该正确显示风险等级标签","status":"failed","title":"应该正确显示风险等级标签","duration":18,"failureMessages":["expected undefined to be true // Object.is equality"],"location":{"line":192,"column":33}},{"ancestorTitles":["","征信信息在风险画像中的展示测试","征信报告基础信息展示"],"fullName":" 征信信息在风险画像中的展示测试 征信报告基础信息展示 应该正确显示信用使用率","status":"failed","title":"应该正确显示信用使用率","duration":11,"failureMessages":["expected undefined to be true // Object.is equality"],"location":{"line":204,"column":45}},{"ancestorTitles":["","征信信息在风险画像中的展示测试","征信报告基础信息展示"],"fullName":" 征信信息在风险画像中的展示测试 征信报告基础信息展示 应该正确显示征信查询次数","status":"failed","title":"应该正确显示征信查询次数","duration":13,"failureMessages":["expected '欺诈风险正常设备正常行为身份真实无关联风险信用风险征信正常轻度多头(2-3…' to match /查询.*3.*次|3.*次.*查询/"],"location":{"line":213,"column":23}},{"ancestorTitles":["","征信信息在风险画像中的展示测试","征信账户信息展示"],"fullName":" 征信信息在风险画像中的展示测试 征信账户信息展示 应该正确显示信用账户列表","status":"failed","title":"应该正确显示信用账户列表","duration":5,"failureMessages":["expected 0 to be greater than 0"],"location":{"line":224,"column":29}},{"ancestorTitles":["","征信信息在风险画像中的展示测试","征信账户信息展示"],"fullName":" 征信信息在风险画像中的展示测试 征信账户信息展示 应该正确显示账户状态","status":"failed","title":"应该正确显示账户状态","duration":10,"failureMessages":["expected 0 to be greater than 0"],"location":{"line":243,"column":33}},{"ancestorTitles":["","征信信息在风险画像中的展示测试","征信账户信息展示"],"fullName":" 征信信息在风险画像中的展示测试 征信账户信息展示 应该正确显示信用额度和余额","status":"failed","title":"应该正确显示信用额度和余额","duration":14,"failureMessages":["expected '欺诈风险正常设备正常行为身份真实无关联风险信用风险征信正常轻度多头(2-3…' to match /50,?000|300,?000/"],"location":{"line":252,"column":23}},{"ancestorTitles":["","征信信息在风险画像中的展示测试","征信账户信息展示"],"fullName":" 征信信息在风险画像中的展示测试 征信账户信息展示 应该正确计算和显示总体信用情况","status":"failed","title":"应该正确计算和显示总体信用情况","duration":7,"failureMessages":["expected '欺诈风险正常设备正常行为身份真实无关联风险信用风险征信正常轻度多头(2-3…' to match /500,?000/"],"location":{"line":262,"column":23}},{"ancestorTitles":["","征信信息在风险画像中的展示测试","征信查询记录展示"],"fullName":" 征信信息在风险画像中的展示测试 征信查询记录展示 应该正确显示查询记录列表","status":"failed","title":"应该正确显示查询记录列表","duration":9,"failureMessages":["expected '欺诈风险正常设备正常行为身份真实无关联风险信用风险征信正常轻度多头(2-3…' to match /(贷款审批|信用卡申请)/"],"location":{"line":274,"column":23}},{"ancestorTitles":["","征信信息在风险画像中的展示测试","征信查询记录展示"],"fullName":" 征信信息在风险画像中的展示测试 征信查询记录展示 应该正确显示查询日期","status":"failed","title":"应该正确显示查询日期","duration":25,"failureMessages":["expected '欺诈风险正常设备正常行为身份真实无关联风险信用风险征信正常轻度多头(2-3…' to match /2024-01-10|2023-12-15/"],"location":{"line":284,"column":23}},{"ancestorTitles":["","征信信息在风险画像中的展示测试","征信查询记录展示"],"fullName":" 征信信息在风险画像中的展示测试 征信查询记录展示 应该正确显示查询原因","status":"failed","title":"应该正确显示查询原因","duration":73,"failureMessages":["expected '欺诈风险正常设备正常行为身份真实无关联风险信用风险征信正常轻度多头(2-3…' to match /(贷款审批|信用卡申请|贷后管理)/"],"location":{"line":293,"column":23}},{"ancestorTitles":["","征信信息在风险画像中的展示测试","征信查询记录展示"],"fullName":" 征信信息在风险画像中的展示测试 征信查询记录展示 应该正确统计近期查询次数","status":"failed","title":"应该正确统计近期查询次数","duration":4,"failureMessages":["expected '欺诈风险正常设备正常行为身份真实无关联风险信用风险征信正常轻度多头(2-3…' to match /近.*月.*查询.*2.*次|2.*次.*近.*月/"],"location":{"line":302,"column":23}},{"ancestorTitles":["","征信信息在风险画像中的展示测试","风险指标展示"],"fullName":" 征信信息在风险画像中的展示测试 风险指标展示 应该正确显示欺诈风险评估","status":"failed","title":"应该正确显示欺诈风险评估","duration":108,"failureMessages":["expected undefined to be true // Object.is equality"],"location":{"line":316,"column":38}},{"ancestorTitles":["","征信信息在风险画像中的展示测试","风险指标展示"],"fullName":" 征信信息在风险画像中的展示测试 风险指标展示 应该正确显示信用风险评估","status":"failed","title":"应该正确显示信用风险评估","duration":40,"failureMessages":["expected undefined to be true // Object.is equality"],"location":{"line":328,"column":39}},{"ancestorTitles":["","征信信息在风险画像中的展示测试","风险指标展示"],"fullName":" 征信信息在风险画像中的展示测试 风险指标展示 应该正确显示行为风险评估","status":"failed","title":"应该正确显示行为风险评估","duration":80,"failureMessages":["expected undefined to be true // Object.is equality"],"location":{"line":340,"column":41}},{"ancestorTitles":["","征信信息在风险画像中的展示测试","风险指标展示"],"fullName":" 征信信息在风险画像中的展示测试 风险指标展示 应该正确显示逾期情况","status":"failed","title":"应该正确显示逾期情况","duration":24,"failureMessages":["expected '欺诈风险正常设备正常行为身份真实无关联风险信用风险征信正常轻度多头(2-3…' to match /逾期.*0.*天|0.*天.*逾期/"],"location":{"line":349,"column":23}},{"ancestorTitles":["","征信信息在风险画像中的展示测试","征信评分趋势展示"],"fullName":" 征信信息在风险画像中的展示测试 征信评分趋势展示 应该正确显示评分历史趋势","status":"failed","title":"应该正确显示评分历史趋势","duration":20,"failureMessages":["expected '欺诈风险正常设备正常行为身份真实无关联风险信用风险征信正常轻度多头(2-3…' to match /(评分趋势|历史评分|趋势图)/"],"location":{"line":361,"column":23}},{"ancestorTitles":["","征信信息在风险画像中的展示测试","征信评分趋势展示"],"fullName":" 征信信息在风险画像中的展示测试 征信评分趋势展示 应该正确显示评分影响因素","status":"failed","title":"应该正确显示评分影响因素","duration":13,"failureMessages":["expected '欺诈风险正常设备正常行为身份真实无关联风险信用风险征信正常轻度多头(2-3…' to match /(还款历史|信用使用率|信用历史长度)/"],"location":{"line":370,"column":23}},{"ancestorTitles":["","征信信息在风险画像中的展示测试","征信评分趋势展示"],"fullName":" 征信信息在风险画像中的展示测试 征信评分趋势展示 应该正确显示各因素权重","status":"failed","title":"应该正确显示各因素权重","duration":14,"failureMessages":["expected '欺诈风险正常设备正常行为身份真实无关联风险信用风险征信正常轻度多头(2-3…' to match /35%|30%|15%|10%/"],"location":{"line":380,"column":23}},{"ancestorTitles":["","征信信息在风险画像中的展示测试","征信数据交互功能"],"fullName":" 征信信息在风险画像中的展示测试 征信数据交互功能 应该支持查看详细征信报告","status":"passed","title":"应该支持查看详细征信报告","duration":6,"failureMessages":[]},{"ancestorTitles":["","征信信息在风险画像中的展示测试","征信数据交互功能"],"fullName":" 征信信息在风险画像中的展示测试 征信数据交互功能 应该支持刷新征信数据","status":"passed","title":"应该支持刷新征信数据","duration":3,"failureMessages":[]},{"ancestorTitles":["","征信信息在风险画像中的展示测试","征信数据交互功能"],"fullName":" 征信信息在风险画像中的展示测试 征信数据交互功能 应该正确处理征信数据加载状态","status":"passed","title":"应该正确处理征信数据加载状态","duration":9,"failureMessages":[]},{"ancestorTitles":["","征信信息在风险画像中的展示测试","征信数据交互功能"],"fullName":" 征信信息在风险画像中的展示测试 征信数据交互功能 应该正确处理征信数据加载错误","status":"failed","title":"应该正确处理征信数据加载错误","duration":1,"failureMessages":["Cannot find module '@/services/creditService'\nRequire stack:\n- /Users/mac/nis_mock/data_comunity/data_comunity/src/tests/customer360/credit/CreditIntegration.test.ts"],"location":{"line":322,"column":14}},{"ancestorTitles":["","征信信息在风险画像中的展示测试","征信数据格式化和显示"],"fullName":" 征信信息在风险画像中的展示测试 征信数据格式化和显示 应该正确格式化金额显示","status":"passed","title":"应该正确格式化金额显示","duration":29,"failureMessages":[]},{"ancestorTitles":["","征信信息在风险画像中的展示测试","征信数据格式化和显示"],"fullName":" 征信信息在风险画像中的展示测试 征信数据格式化和显示 应该正确格式化日期显示","status":"passed","title":"应该正确格式化日期显示","duration":7,"failureMessages":[]},{"ancestorTitles":["","征信信息在风险画像中的展示测试","征信数据格式化和显示"],"fullName":" 征信信息在风险画像中的展示测试 征信数据格式化和显示 应该正确显示百分比格式","status":"failed","title":"应该正确显示百分比格式","duration":2,"failureMessages":["expected '欺诈风险正常设备正常行为身份真实无关联风险信用风险征信正常轻度多头(2-3…' to match /\\d+%/"],"location":{"line":476,"column":23}},{"ancestorTitles":["","征信信息在风险画像中的展示测试","征信数据格式化和显示"],"fullName":" 征信信息在风险画像中的展示测试 征信数据格式化和显示 应该根据风险等级显示不同颜色标签","status":"failed","title":"应该根据风险等级显示不同颜色标签","duration":7,"failureMessages":["expected false to be true // Object.is equality"],"location":{"line":493,"column":52}}],"startTime":1757577091315,"endTime":1757577091926,"status":"failed","message":"","name":"/Users/mac/nis_mock/data_comunity/data_comunity/src/tests/customer360/credit/CreditIntegration.test.ts"},{"assertionResults":[{"ancestorTitles":["","两级Tab架构功能测试","一级Tab架构测试"],"fullName":" 两级Tab架构功能测试 一级Tab架构测试 应该正确渲染一级Tab标签页","status":"failed","title":"应该正确渲染一级Tab标签页","duration":25,"failureMessages":["Cannot read properties of undefined (reading 'params')"],"location":{"line":191,"column":51}},{"ancestorTitles":["","两级Tab架构功能测试","一级Tab架构测试"],"fullName":" 两级Tab架构功能测试 一级Tab架构测试 应该支持一级Tab切换功能","status":"failed","title":"应该支持一级Tab切换功能","duration":4,"failureMessages":["Cannot read properties of undefined (reading 'params')"],"location":{"line":191,"column":51}},{"ancestorTitles":["","两级Tab架构功能测试","一级Tab架构测试"],"fullName":" 两级Tab架构功能测试 一级Tab架构测试 应该正确设置默认激活的一级Tab","status":"failed","title":"应该正确设置默认激活的一级Tab","duration":3,"failureMessages":["Cannot read properties of undefined (reading 'params')"],"location":{"line":191,"column":51}},{"ancestorTitles":["","两级Tab架构功能测试","二级Tab架构测试"],"fullName":" 两级Tab架构功能测试 二级Tab架构测试 应该在客户画像Tab下正确渲染二级Tab","status":"failed","title":"应该在客户画像Tab下正确渲染二级Tab","duration":2,"failureMessages":["Cannot read properties of undefined (reading 'params')"],"location":{"line":191,"column":51}},{"ancestorTitles":["","两级Tab架构功能测试","二级Tab架构测试"],"fullName":" 两级Tab架构功能测试 二级Tab架构测试 应该支持二级Tab切换功能","status":"failed","title":"应该支持二级Tab切换功能","duration":2,"failureMessages":["Cannot read properties of undefined (reading 'params')"],"location":{"line":191,"column":51}},{"ancestorTitles":["","两级Tab架构功能测试","二级Tab架构测试"],"fullName":" 两级Tab架构功能测试 二级Tab架构测试 应该正确显示基础画像二级Tab内容","status":"failed","title":"应该正确显示基础画像二级Tab内容","duration":3,"failureMessages":["Cannot read properties of undefined (reading 'params')"],"location":{"line":191,"column":51}},{"ancestorTitles":["","两级Tab架构功能测试","二级Tab架构测试"],"fullName":" 两级Tab架构功能测试 二级Tab架构测试 应该正确显示风险画像二级Tab内容","status":"failed","title":"应该正确显示风险画像二级Tab内容","duration":2,"failureMessages":["Cannot read properties of undefined (reading 'params')"],"location":{"line":191,"column":51}},{"ancestorTitles":["","两级Tab架构功能测试","二级Tab架构测试"],"fullName":" 两级Tab架构功能测试 二级Tab架构测试 应该正确显示贷后画像二级Tab内容","status":"failed","title":"应该正确显示贷后画像二级Tab内容","duration":20,"failureMessages":["Cannot read properties of undefined (reading 'params')"],"location":{"line":191,"column":51}},{"ancestorTitles":["","两级Tab架构功能测试","Tab架构交互测试"],"fullName":" 两级Tab架构功能测试 Tab架构交互测试 应该在一级Tab切换时保持二级Tab状态","status":"failed","title":"应该在一级Tab切换时保持二级Tab状态","duration":3,"failureMessages":["Cannot read properties of undefined (reading 'params')"],"location":{"line":191,"column":51}},{"ancestorTitles":["","两级Tab架构功能测试","Tab架构交互测试"],"fullName":" 两级Tab架构功能测试 Tab架构交互测试 应该正确处理Tab切换时的数据加载","status":"failed","title":"应该正确处理Tab切换时的数据加载","duration":2,"failureMessages":["Cannot read properties of undefined (reading 'params')"],"location":{"line":191,"column":51}},{"ancestorTitles":["","两级Tab架构功能测试","Tab架构交互测试"],"fullName":" 两级Tab架构功能测试 Tab架构交互测试 应该正确处理Tab切换时的错误状态","status":"failed","title":"应该正确处理Tab切换时的错误状态","duration":1,"failureMessages":["Cannot read properties of undefined (reading 'params')"],"location":{"line":191,"column":51}},{"ancestorTitles":["","两级Tab架构功能测试","Tab架构响应式测试"],"fullName":" 两级Tab架构功能测试 Tab架构响应式测试 应该在不同屏幕尺寸下正确显示Tab","status":"failed","title":"应该在不同屏幕尺寸下正确显示Tab","duration":2,"failureMessages":["Cannot read properties of undefined (reading 'params')"],"location":{"line":191,"column":51}},{"ancestorTitles":["","两级Tab架构功能测试","Tab架构响应式测试"],"fullName":" 两级Tab架构功能测试 Tab架构响应式测试 应该正确处理Tab内容的滚动","status":"failed","title":"应该正确处理Tab内容的滚动","duration":1,"failureMessages":["Cannot read properties of undefined (reading 'params')"],"location":{"line":191,"column":51}},{"ancestorTitles":["","两级Tab架构功能测试","Tab架构性能测试"],"fullName":" 两级Tab架构功能测试 Tab架构性能测试 应该正确实现Tab内容的懒加载","status":"failed","title":"应该正确实现Tab内容的懒加载","duration":2,"failureMessages":["Cannot read properties of undefined (reading 'params')"],"location":{"line":191,"column":51}},{"ancestorTitles":["","两级Tab架构功能测试","Tab架构性能测试"],"fullName":" 两级Tab架构功能测试 Tab架构性能测试 应该正确缓存Tab内容数据","status":"failed","title":"应该正确缓存Tab内容数据","duration":2,"failureMessages":["Cannot read properties of undefined (reading 'params')"],"location":{"line":191,"column":51}}],"startTime":1757577098885,"endTime":1757577098960,"status":"failed","message":"","name":"/Users/mac/nis_mock/data_comunity/data_comunity/src/tests/customer360/tabs/TwoLevelTabs.test.ts"},{"assertionResults":[{"ancestorTitles":["","CopyService 测试","基础文本复制"],"fullName":" CopyService 测试 基础文本复制 应该成功复制简单文本","status":"passed","title":"应该成功复制简单文本","duration":3,"failureMessages":[]},{"ancestorTitles":["","CopyService 测试","基础文本复制"],"fullName":" CopyService 测试 基础文本复制 应该处理复制失败的情况","status":"passed","title":"应该处理复制失败的情况","duration":0,"failureMessages":[]},{"ancestorTitles":["","CopyService 测试","基础文本复制"],"fullName":" CopyService 测试 基础文本复制 应该在不支持Clipboard API时使用fallback","status":"passed","title":"应该在不支持Clipboard API时使用fallback","duration":3,"failureMessages":[]},{"ancestorTitles":["","CopyService 测试","JSON数据复制"],"fullName":" CopyService 测试 JSON数据复制 应该成功复制JSON对象","status":"passed","title":"应该成功复制JSON对象","duration":1,"failureMessages":[]},{"ancestorTitles":["","CopyService 测试","JSON数据复制"],"fullName":" CopyService 测试 JSON数据复制 应该处理复杂嵌套对象","status":"passed","title":"应该处理复杂嵌套对象","duration":1,"failureMessages":[]},{"ancestorTitles":["","CopyService 测试","JSON数据复制"],"fullName":" CopyService 测试 JSON数据复制 应该处理包含特殊字符的JSON","status":"passed","title":"应该处理包含特殊字符的JSON","duration":0,"failureMessages":[]},{"ancestorTitles":["","CopyService 测试","JSON数据复制"],"fullName":" CopyService 测试 JSON数据复制 应该处理循环引用对象","status":"passed","title":"应该处理循环引用对象","duration":1,"failureMessages":[]},{"ancestorTitles":["","CopyService 测试","表格数据复制"],"fullName":" CopyService 测试 表格数据复制 应该成功复制表格数据为TSV格式","status":"passed","title":"应该成功复制表格数据为TSV格式","duration":0,"failureMessages":[]},{"ancestorTitles":["","CopyService 测试","表格数据复制"],"fullName":" CopyService 测试 表格数据复制 应该处理空数组","status":"passed","title":"应该处理空数组","duration":1,"failureMessages":[]},{"ancestorTitles":["","CopyService 测试","表格数据复制"],"fullName":" CopyService 测试 表格数据复制 应该支持自定义列顺序","status":"passed","title":"应该支持自定义列顺序","duration":0,"failureMessages":[]},{"ancestorTitles":["","CopyService 测试","用户基本信息复制"],"fullName":" CopyService 测试 用户基本信息复制 应该成功复制用户基本信息","status":"passed","title":"应该成功复制用户基本信息","duration":0,"failureMessages":[]},{"ancestorTitles":["","CopyService 测试","用户基本信息复制"],"fullName":" CopyService 测试 用户基本信息复制 应该格式化用户信息为可读文本","status":"passed","title":"应该格式化用户信息为可读文本","duration":0,"failureMessages":[]},{"ancestorTitles":["","CopyService 测试","产品信息复制"],"fullName":" CopyService 测试 产品信息复制 应该成功复制产品信息","status":"passed","title":"应该成功复制产品信息","duration":0,"failureMessages":[]},{"ancestorTitles":["","CopyService 测试","产品信息复制"],"fullName":" CopyService 测试 产品信息复制 应该处理信贷产品的情况","status":"passed","title":"应该处理信贷产品的情况","duration":0,"failureMessages":[]},{"ancestorTitles":["","CopyService 测试","催收记录复制"],"fullName":" CopyService 测试 催收记录复制 应该成功复制单条催收记录","status":"passed","title":"应该成功复制单条催收记录","duration":1,"failureMessages":[]},{"ancestorTitles":["","CopyService 测试","催收记录复制"],"fullName":" CopyService 测试 催收记录复制 应该成功批量复制催收记录","status":"passed","title":"应该成功批量复制催收记录","duration":0,"failureMessages":[]},{"ancestorTitles":["","CopyService 测试","征信记录复制"],"fullName":" CopyService 测试 征信记录复制 应该成功复制征信记录","status":"passed","title":"应该成功复制征信记录","duration":0,"failureMessages":[]},{"ancestorTitles":["","CopyService 测试","营销记录复制"],"fullName":" CopyService 测试 营销记录复制 应该成功复制营销触达记录","status":"passed","title":"应该成功复制营销触达记录","duration":0,"failureMessages":[]},{"ancestorTitles":["","CopyService 测试","营销记录复制"],"fullName":" CopyService 测试 营销记录复制 应该成功复制权益发放记录","status":"passed","title":"应该成功复制权益发放记录","duration":0,"failureMessages":[]},{"ancestorTitles":["","CopyService 测试","用信记录复制"],"fullName":" CopyService 测试 用信记录复制 应该成功复制用信记录","status":"passed","title":"应该成功复制用信记录","duration":1,"failureMessages":[]},{"ancestorTitles":["","CopyService 测试","历史切片复制"],"fullName":" CopyService 测试 历史切片复制 应该成功复制历史切片数据","status":"passed","title":"应该成功复制历史切片数据","duration":0,"failureMessages":[]},{"ancestorTitles":["","CopyService 测试","批量复制功能"],"fullName":" CopyService 测试 批量复制功能 应该支持批量复制多种数据类型","status":"passed","title":"应该支持批量复制多种数据类型","duration":1,"failureMessages":[]},{"ancestorTitles":["","CopyService 测试","数据验证"],"fullName":" CopyService 测试 数据验证 应该验证数据完整性","status":"passed","title":"应该验证数据完整性","duration":0,"failureMessages":[]},{"ancestorTitles":["","CopyService 测试","数据验证"],"fullName":" CopyService 测试 数据验证 应该处理超大数据","status":"passed","title":"应该处理超大数据","duration":43,"failureMessages":[]},{"ancestorTitles":["","CopyService 测试","数据验证"],"fullName":" CopyService 测试 数据验证 应该处理特殊字符和编码","status":"passed","title":"应该处理特殊字符和编码","duration":2,"failureMessages":[]},{"ancestorTitles":["","CopyService 测试","错误处理和恢复"],"fullName":" CopyService 测试 错误处理和恢复 应该处理JSON序列化错误","status":"passed","title":"应该处理JSON序列化错误","duration":1,"failureMessages":[]},{"ancestorTitles":["","CopyService 测试","性能测试"],"fullName":" CopyService 测试 性能测试 应该在合理时间内完成大数据复制","status":"passed","title":"应该在合理时间内完成大数据复制","duration":6,"failureMessages":[]},{"ancestorTitles":["","CopyService 测试","性能测试"],"fullName":" CopyService 测试 性能测试 应该正确处理内存限制","status":"passed","title":"应该正确处理内存限制","duration":302,"failureMessages":[]}],"startTime":1757577092539,"endTime":1757577092908,"status":"passed","message":"","name":"/Users/mac/nis_mock/data_comunity/data_comunity/src/tests/customer360/services/copyService.test.ts"}]}