{"numTotalTestSuites":7,"numPassedTestSuites":7,"numFailedTestSuites":0,"numPendingTestSuites":0,"numTotalTests":16,"numPassedTests":16,"numFailedTests":0,"numPendingTests":0,"numTodoTests":0,"startTime":1761216876719,"success":true,"testResults":[{"assertionResults":[{"ancestorTitles":["","节点创建功能测试","基础节点创建测试"],"fullName":" 节点创建功能测试 基础节点创建测试 TC_CREATE_001 - 创建开始节点","status":"passed","title":"TC_CREATE_001 - 创建开始节点","duration":16,"failureMessages":[]},{"ancestorTitles":["","节点创建功能测试","基础节点创建测试"],"fullName":" 节点创建功能测试 基础节点创建测试 TC_CREATE_002 - 创建人群分流","status":"passed","title":"TC_CREATE_002 - 创建人群分流","duration":16,"failureMessages":[]},{"ancestorTitles":["","节点创建功能测试","基础节点创建测试"],"fullName":" 节点创建功能测试 基础节点创建测试 TC_CREATE_003 - 创建事件分流","status":"passed","title":"TC_CREATE_003 - 创建事件分流","duration":16,"failureMessages":[]},{"ancestorTitles":["","节点创建功能测试","基础节点创建测试"],"fullName":" 节点创建功能测试 基础节点创建测试 TC_CREATE_004 - 创建短信触达","status":"passed","title":"TC_CREATE_004 - 创建短信触达","duration":16,"failureMessages":[]},{"ancestorTitles":["","节点创建功能测试","基础节点创建测试"],"fullName":" 节点创建功能测试 基础节点创建测试 TC_CREATE_005 - 创建AI外呼","status":"passed","title":"TC_CREATE_005 - 创建AI外呼","duration":16,"failureMessages":[]},{"ancestorTitles":["","节点创建功能测试","基础节点创建测试"],"fullName":" 节点创建功能测试 基础节点创建测试 TC_CREATE_006 - 创建人工外呼","status":"passed","title":"TC_CREATE_006 - 创建人工外呼","duration":4,"failureMessages":[]},{"ancestorTitles":["","节点创建功能测试","基础节点创建测试"],"fullName":" 节点创建功能测试 基础节点创建测试 TC_CREATE_007 - 创建AB测试","status":"passed","title":"TC_CREATE_007 - 创建AB测试","duration":4,"failureMessages":[]},{"ancestorTitles":["","节点创建功能测试","基础节点创建测试"],"fullName":" 节点创建功能测试 基础节点创建测试 TC_CREATE_008 - 创建等待节点","status":"passed","title":"TC_CREATE_008 - 创建等待节点","duration":4,"failureMessages":[]},{"ancestorTitles":["","节点创建功能测试","基础节点创建测试"],"fullName":" 节点创建功能测试 基础节点创建测试 TC_CREATE_009 - 创建权益节点","status":"passed","title":"TC_CREATE_009 - 创建权益节点","duration":4,"failureMessages":[]},{"ancestorTitles":["","节点创建功能测试","节点属性验证测试"],"fullName":" 节点创建功能测试 节点属性验证测试 TC_ATTR_001 - 验证节点颜色配置","status":"passed","title":"TC_ATTR_001 - 验证节点颜色配置","duration":4,"failureMessages":[]},{"ancestorTitles":["","节点创建功能测试","节点属性验证测试"],"fullName":" 节点创建功能测试 节点属性验证测试 TC_ATTR_002 - 验证节点标签配置","status":"passed","title":"TC_ATTR_002 - 验证节点标签配置","duration":4,"failureMessages":[]},{"ancestorTitles":["","节点创建功能测试","节点属性验证测试"],"fullName":" 节点创建功能测试 节点属性验证测试 TC_ATTR_003 - 验证节点输出端口配置","status":"passed","title":"TC_ATTR_003 - 验证节点输出端口配置","duration":4,"failureMessages":[]},{"ancestorTitles":["","节点创建功能测试","节点属性验证测试"],"fullName":" 节点创建功能测试 节点属性验证测试 TC_ATTR_004 - 验证节点复杂度配置","status":"passed","title":"TC_ATTR_004 - 验证节点复杂度配置","duration":4,"failureMessages":[]},{"ancestorTitles":["","节点创建功能测试","节点数据完整性测试"],"fullName":" 节点创建功能测试 节点数据完整性测试 TC_DATA_001 - 验证节点特定配置数据","status":"passed","title":"TC_DATA_001 - 验证节点特定配置数据","duration":1,"failureMessages":[]},{"ancestorTitles":["","节点创建功能测试","批量节点创建测试"],"fullName":" 节点创建功能测试 批量节点创建测试 TC_BATCH_001 - 批量创建所有节点类型","status":"passed","title":"TC_BATCH_001 - 批量创建所有节点类型","duration":1,"failureMessages":[]},{"ancestorTitles":["","节点创建功能测试","节点创建性能测试"],"fullName":" 节点创建功能测试 节点创建性能测试 TC_PERF_001 - 节点创建响应时间测试","status":"passed","title":"TC_PERF_001 - 节点创建响应时间测试","duration":1,"failureMessages":[]}],"startTime":1761216877223,"endTime":1761216877250,"status":"passed","message":"","name":"/Users/mac/nis_mock/data_comunity/data_comunity/src/tests/marketing/canvas/NodeCreationTests.test.js"}]}