{"numTotalTestSuites":8,"numPassedTestSuites":8,"numFailedTestSuites":0,"numPendingTestSuites":0,"numTotalTests":17,"numPassedTests":17,"numFailedTests":0,"numPendingTests":0,"numTodoTests":0,"startTime":1760670862995,"success":true,"testResults":[{"assertionResults":[{"ancestorTitles":["","节点错误处理和边界情况测试","节点创建错误处理"],"fullName":" 节点错误处理和边界情况测试 节点创建错误处理 TC_ERROR_CREATE_001 - 无效节点类型创建","status":"passed","title":"TC_ERROR_CREATE_001 - 无效节点类型创建","duration":20,"failureMessages":[]},{"ancestorTitles":["","节点错误处理和边界情况测试","节点创建错误处理"],"fullName":" 节点错误处理和边界情况测试 节点创建错误处理 TC_ERROR_CREATE_002 - 节点创建内存不足","status":"passed","title":"TC_ERROR_CREATE_002 - 节点创建内存不足","duration":20,"failureMessages":[]},{"ancestorTitles":["","节点错误处理和边界情况测试","节点创建错误处理"],"fullName":" 节点错误处理和边界情况测试 节点创建错误处理 TC_ERROR_CREATE_003 - 重复节点ID创建","status":"passed","title":"TC_ERROR_CREATE_003 - 重复节点ID创建","duration":19,"failureMessages":[]},{"ancestorTitles":["","节点错误处理和边界情况测试","节点配置错误处理"],"fullName":" 节点错误处理和边界情况测试 节点配置错误处理 TC_ERROR_CONFIG_001 - 配置抽屉打开失败","status":"passed","title":"TC_ERROR_CONFIG_001 - 配置抽屉打开失败","duration":4,"failureMessages":[]},{"ancestorTitles":["","节点错误处理和边界情况测试","节点配置错误处理"],"fullName":" 节点错误处理和边界情况测试 节点配置错误处理 TC_ERROR_CONFIG_002 - 配置数据验证失败","status":"passed","title":"TC_ERROR_CONFIG_002 - 配置数据验证失败","duration":4,"failureMessages":[]},{"ancestorTitles":["","节点错误处理和边界情况测试","节点配置错误处理"],"fullName":" 节点错误处理和边界情况测试 节点配置错误处理 TC_ERROR_CONFIG_003 - 配置保存网络错误","status":"passed","title":"TC_ERROR_CONFIG_003 - 配置保存网络错误","duration":4,"failureMessages":[]},{"ancestorTitles":["","节点错误处理和边界情况测试","节点删除错误处理"],"fullName":" 节点错误处理和边界情况测试 节点删除错误处理 TC_ERROR_DELETE_001 - 删除不存在的节点","status":"passed","title":"TC_ERROR_DELETE_001 - 删除不存在的节点","duration":4,"failureMessages":[]},{"ancestorTitles":["","节点错误处理和边界情况测试","节点删除错误处理"],"fullName":" 节点错误处理和边界情况测试 节点删除错误处理 TC_ERROR_DELETE_002 - 删除受保护节点","status":"passed","title":"TC_ERROR_DELETE_002 - 删除受保护节点","duration":4,"failureMessages":[]},{"ancestorTitles":["","节点错误处理和边界情况测试","节点删除错误处理"],"fullName":" 节点错误处理和边界情况测试 节点删除错误处理 TC_ERROR_DELETE_003 - 删除有依赖关系的节点","status":"passed","title":"TC_ERROR_DELETE_003 - 删除有依赖关系的节点","duration":4,"failureMessages":[]},{"ancestorTitles":["","节点错误处理和边界情况测试","预览线错误处理"],"fullName":" 节点错误处理和边界情况测试 预览线错误处理 TC_ERROR_PREVIEW_001 - 无效连接创建","status":"passed","title":"TC_ERROR_PREVIEW_001 - 无效连接创建","duration":4,"failureMessages":[]},{"ancestorTitles":["","节点错误处理和边界情况测试","预览线错误处理"],"fullName":" 节点错误处理和边界情况测试 预览线错误处理 TC_ERROR_PREVIEW_002 - 预览线转换失败","status":"passed","title":"TC_ERROR_PREVIEW_002 - 预览线转换失败","duration":4,"failureMessages":[]},{"ancestorTitles":["","节点错误处理和边界情况测试","边界情况测试"],"fullName":" 节点错误处理和边界情况测试 边界情况测试 TC_BOUNDARY_001 - 最大节点数量限制","status":"passed","title":"TC_BOUNDARY_001 - 最大节点数量限制","duration":18,"failureMessages":["expected false to be true // Object.is equality"],"location":{"line":536,"column":27}},{"ancestorTitles":["","节点错误处理和边界情况测试","边界情况测试"],"fullName":" 节点错误处理和边界情况测试 边界情况测试 TC_BOUNDARY_002 - 极长配置数据处理","status":"passed","title":"TC_BOUNDARY_002 - 极长配置数据处理","duration":9,"failureMessages":[]},{"ancestorTitles":["","节点错误处理和边界情况测试","边界情况测试"],"fullName":" 节点错误处理和边界情况测试 边界情况测试 TC_BOUNDARY_003 - 空数据处理","status":"passed","title":"TC_BOUNDARY_003 - 空数据处理","duration":9,"failureMessages":[]},{"ancestorTitles":["","节点错误处理和边界情况测试","边界情况测试"],"fullName":" 节点错误处理和边界情况测试 边界情况测试 TC_BOUNDARY_004 - 并发操作处理","status":"passed","title":"TC_BOUNDARY_004 - 并发操作处理","duration":11,"failureMessages":["expected \"spy\" to be called 10 times, but got 0 times"],"location":{"line":702,"column":30}},{"ancestorTitles":["","节点错误处理和边界情况测试","系统稳定性测试"],"fullName":" 节点错误处理和边界情况测试 系统稳定性测试 TC_STABILITY_001 - 内存泄漏检测","status":"passed","title":"TC_STABILITY_001 - 内存泄漏检测","duration":3,"failureMessages":["expected \"spy\" to be called 100 times, but got 95 times"],"location":{"line":757,"column":30}},{"ancestorTitles":["","节点错误处理和边界情况测试","系统稳定性测试"],"fullName":" 节点错误处理和边界情况测试 系统稳定性测试 TC_STABILITY_002 - 异常恢复测试","status":"passed","title":"TC_STABILITY_002 - 异常恢复测试","duration":2,"failureMessages":[]}],"startTime":1760670863435,"endTime":1760670863489,"status":"passed","message":"","name":"/Users/mac/nis_mock/data_comunity/data_comunity/src/tests/marketing/canvas/NodeErrorHandlingTests.test.js"}]}